-- Found ament_cmake: 1.3.5 (/opt/ros/humble/share/ament_cmake/cmake)
-- Override CMake install command with custom implementation using symlinks instead of copying resources
-- Found rclcpp: 16.0.6 (/opt/ros/humble/share/rclcpp/cmake)
-- Found rosidl_generator_c: 3.1.5 (/opt/ros/humble/share/rosidl_generator_c/cmake)
-- Found rosidl_adapter: 3.1.5 (/opt/ros/humble/share/rosidl_adapter/cmake)
-- Found rosidl_generator_cpp: 3.1.5 (/opt/ros/humble/share/rosidl_generator_cpp/cmake)
-- Using all available rosidl_typesupport_c: rosidl_typesupport_fastrtps_c;rosidl_typesupport_introspection_c
-- Using all available rosidl_typesupport_cpp: rosidl_typesupport_fastrtps_cpp;rosidl_typesupport_introspection_cpp
-- Found rmw_implementation_cmake: 6.1.1 (/opt/ros/humble/share/rmw_implementation_cmake/cmake)
-- Found rmw_fastrtps_cpp: 6.2.4 (/opt/ros/humble/share/rmw_fastrtps_cpp/cmake)
-- Using RMW implementation 'rmw_fastrtps_cpp' as default
-- Found rosidl_default_generators: 1.2.0 (/opt/ros/humble/share/rosidl_default_generators/cmake)
-- Found ament_cmake_ros: 0.10.0 (/opt/ros/humble/share/ament_cmake_ros/cmake)
-- Using all available rosidl_typesupport_c: rosidl_typesupport_fastrtps_c;rosidl_typesupport_introspection_c
-- Using all available rosidl_typesupport_cpp: rosidl_typesupport_fastrtps_cpp;rosidl_typesupport_introspection_cpp
-- Found python_cmake_module: 0.10.0 (/opt/ros/humble/share/python_cmake_module/cmake)
-- Using PYTHON_EXECUTABLE: /usr/bin/python3
-- Using PYTHON_INCLUDE_DIRS: /usr/include/python3.10
-- Using PYTHON_LIBRARIES: /usr/lib/aarch64-linux-gnu/libpython3.10.so
-- Found ament_lint_auto: 0.12.8 (/opt/ros/humble/share/ament_lint_auto/cmake)
-- Added test 'cppcheck' to perform static code analysis on C / C++ code
-- Configured cppcheck include dirs: $<BUILD_INTERFACE:/ros2_ws/src/digipot/include>
-- Configured cppcheck exclude dirs and/or files: 
-- Added test 'lint_cmake' to check CMake code style
-- Added test 'uncrustify' to check C / C++ code style
-- Configured uncrustify additional arguments: 
-- Added test 'xmllint' to check XML markup files
-- Configuring done
-- Generating done
-- Build files have been written to: /ros2_ws/build/digipot
[  2%] [34m[1mGenerating C code for ROS interfaces[0m
[  5%] [34m[1mGenerating C++ code for ROS interfaces[0m
[  8%] [32mBuilding CXX object CMakeFiles/digipot_node.dir/src/digipot.cpp.o[0m
[  8%] Built target ament_cmake_python_symlink_digipot
[ 11%] [32mBuilding CXX object CMakeFiles/digipot_node.dir/src/DigiPot.cpp.o[0m
[ 11%] Built target digipot__cpp
[ 14%] [32mBuilding C object CMakeFiles/digipot__rosidl_generator_c.dir/rosidl_generator_c/digipot/msg/detail/digipot__functions.c.o[0m
[ 17%] [32m[1mLinking C shared library libdigipot__rosidl_generator_c.so[0m
running egg_info
creating digipot.egg-info
writing digipot.egg-info/PKG-INFO
writing dependency_links to digipot.egg-info/dependency_links.txt
writing top-level names to digipot.egg-info/top_level.txt
writing manifest file 'digipot.egg-info/SOURCES.txt'
reading manifest file 'digipot.egg-info/SOURCES.txt'
writing manifest file 'digipot.egg-info/SOURCES.txt'
[ 17%] Built target digipot__rosidl_generator_c
[ 17%] Built target ament_cmake_python_build_digipot_egg
[ 20%] [34m[1mGenerating C++ type support dispatch for ROS interfaces[0m
[ 23%] [34m[1mGenerating C type support for eProsima Fast-RTPS[0m
[ 26%] [34m[1mGenerating C++ type support for eProsima Fast-RTPS[0m
[ 29%] [32mBuilding CXX object CMakeFiles/digipot__rosidl_typesupport_cpp.dir/rosidl_typesupport_cpp/digipot/msg/digipot__type_support.cpp.o[0m
[ 32%] [32mBuilding CXX object CMakeFiles/digipot__rosidl_typesupport_fastrtps_c.dir/rosidl_typesupport_fastrtps_c/digipot/msg/detail/digipot__type_support_c.cpp.o[0m
[ 35%] [32mBuilding CXX object CMakeFiles/digipot__rosidl_typesupport_fastrtps_cpp.dir/rosidl_typesupport_fastrtps_cpp/digipot/msg/detail/dds_fastrtps/digipot__type_support.cpp.o[0m
[ 38%] [32m[1mLinking CXX shared library libdigipot__rosidl_typesupport_cpp.so[0m
[ 38%] Built target digipot__rosidl_typesupport_cpp
[ 41%] [34m[1mGenerating C introspection for ROS interfaces[0m
[ 44%] [32m[1mLinking CXX shared library libdigipot__rosidl_typesupport_fastrtps_c.so[0m
[ 44%] Built target digipot__rosidl_typesupport_fastrtps_c
[ 47%] [34m[1mGenerating C type support dispatch for ROS interfaces[0m
[ 50%] [32m[1mLinking CXX shared library libdigipot__rosidl_typesupport_fastrtps_cpp.so[0m
[ 50%] Built target digipot__rosidl_typesupport_fastrtps_cpp
[ 52%] [34m[1mGenerating C++ introspection for ROS interfaces[0m
[ 55%] [32mBuilding C object CMakeFiles/digipot__rosidl_typesupport_introspection_c.dir/rosidl_typesupport_introspection_c/digipot/msg/detail/digipot__type_support.c.o[0m
[ 58%] [32m[1mLinking C shared library libdigipot__rosidl_typesupport_introspection_c.so[0m
[ 61%] [32mBuilding CXX object CMakeFiles/digipot__rosidl_typesupport_c.dir/rosidl_typesupport_c/digipot/msg/digipot__type_support.cpp.o[0m
[ 61%] Built target digipot__rosidl_typesupport_introspection_c
[ 64%] [32m[1mLinking CXX shared library libdigipot__rosidl_typesupport_c.so[0m
[ 64%] Built target digipot__rosidl_typesupport_c
[ 67%] [32mBuilding CXX object CMakeFiles/digipot__rosidl_typesupport_introspection_cpp.dir/rosidl_typesupport_introspection_cpp/digipot/msg/detail/digipot__type_support.cpp.o[0m
[ 70%] [32m[1mLinking CXX shared library libdigipot__rosidl_typesupport_introspection_cpp.so[0m
[ 70%] Built target digipot__rosidl_typesupport_introspection_cpp
[ 70%] Built target digipot
[ 73%] [34m[1mGenerating Python code for ROS interfaces[0m
[ 73%] Built target digipot__py
[ 76%] [32mBuilding C object CMakeFiles/digipot__rosidl_generator_py.dir/rosidl_generator_py/digipot/msg/_digipot_s.c.o[0m
[ 79%] [32m[1mLinking C shared library rosidl_generator_py/digipot/libdigipot__rosidl_generator_py.so[0m
[ 79%] Built target digipot__rosidl_generator_py
[ 82%] [32mBuilding C object CMakeFiles/digipot__rosidl_typesupport_fastrtps_c__pyext.dir/rosidl_generator_py/digipot/_digipot_s.ep.rosidl_typesupport_fastrtps_c.c.o[0m
[ 88%] [32mBuilding C object CMakeFiles/digipot__rosidl_typesupport_introspection_c__pyext.dir/rosidl_generator_py/digipot/_digipot_s.ep.rosidl_typesupport_introspection_c.c.o[0m
[ 88%] [32mBuilding C object CMakeFiles/digipot__rosidl_typesupport_c__pyext.dir/rosidl_generator_py/digipot/_digipot_s.ep.rosidl_typesupport_c.c.o[0m
[ 91%] [32m[1mLinking C shared library rosidl_generator_py/digipot/digipot_s__rosidl_typesupport_c.cpython-310-aarch64-linux-gnu.so[0m
[ 94%] [32m[1mLinking C shared library rosidl_generator_py/digipot/digipot_s__rosidl_typesupport_introspection_c.cpython-310-aarch64-linux-gnu.so[0m
[ 97%] [32m[1mLinking C shared library rosidl_generator_py/digipot/digipot_s__rosidl_typesupport_fastrtps_c.cpython-310-aarch64-linux-gnu.so[0m
[ 97%] Built target digipot__rosidl_typesupport_c__pyext
[ 97%] Built target digipot__rosidl_typesupport_introspection_c__pyext
[ 97%] Built target digipot__rosidl_typesupport_fastrtps_c__pyext
[100%] [32m[1mLinking CXX executable digipot_node[0m
[100%] Built target digipot_node
-- Install configuration: ""
-- Execute custom install script
-- Symlinking: /ros2_ws/install/digipot/share/ament_index/resource_index/rosidl_interfaces/digipot
-- Symlinking: /ros2_ws/install/digipot/include/digipot/digipot/msg/detail/digipot__functions.h
-- Symlinking: /ros2_ws/install/digipot/include/digipot/digipot/msg/detail/digipot__struct.h
-- Symlinking: /ros2_ws/install/digipot/include/digipot/digipot/msg/detail/digipot__type_support.h
-- Symlinking: /ros2_ws/install/digipot/include/digipot/digipot/msg/digipot.h
-- Symlinking: /ros2_ws/install/digipot/include/digipot/digipot/msg/rosidl_generator_c__visibility_control.h
-- Symlinking: /ros2_ws/install/digipot/share/digipot/environment/library_path.sh
-- Symlinking: /ros2_ws/install/digipot/share/digipot/environment/library_path.dsv
-- Symlinking: /ros2_ws/install/digipot/include/digipot/digipot/msg/detail/digipot__rosidl_typesupport_fastrtps_c.h
-- Symlinking: /ros2_ws/install/digipot/include/digipot/digipot/msg/rosidl_typesupport_fastrtps_c__visibility_control.h
-- Symlinking: /ros2_ws/install/digipot/include/digipot/digipot/msg/detail/digipot__builder.hpp
-- Symlinking: /ros2_ws/install/digipot/include/digipot/digipot/msg/detail/digipot__struct.hpp
-- Symlinking: /ros2_ws/install/digipot/include/digipot/digipot/msg/detail/digipot__traits.hpp
-- Symlinking: /ros2_ws/install/digipot/include/digipot/digipot/msg/digipot.hpp
-- Symlinking: /ros2_ws/install/digipot/include/digipot/digipot/msg/detail/digipot__rosidl_typesupport_fastrtps_cpp.hpp
-- Symlinking: /ros2_ws/install/digipot/include/digipot/digipot/msg/rosidl_typesupport_fastrtps_cpp__visibility_control.h
-- Symlinking: /ros2_ws/install/digipot/include/digipot/digipot/msg/detail/digipot__rosidl_typesupport_introspection_c.h
-- Symlinking: /ros2_ws/install/digipot/include/digipot/digipot/msg/rosidl_typesupport_introspection_c__visibility_control.h
-- Symlinking: /ros2_ws/install/digipot/include/digipot/digipot/msg/detail/digipot__rosidl_typesupport_introspection_cpp.hpp
-- Symlinking: /ros2_ws/install/digipot/share/digipot/environment/pythonpath.sh
-- Symlinking: /ros2_ws/install/digipot/share/digipot/environment/pythonpath.dsv
-- Symlinking: /ros2_ws/install/digipot/local/lib/python3.10/dist-packages/digipot-0.0.0-py3.10.egg-info/PKG-INFO
-- Symlinking: /ros2_ws/install/digipot/local/lib/python3.10/dist-packages/digipot-0.0.0-py3.10.egg-info/SOURCES.txt
-- Symlinking: /ros2_ws/install/digipot/local/lib/python3.10/dist-packages/digipot-0.0.0-py3.10.egg-info/dependency_links.txt
-- Symlinking: /ros2_ws/install/digipot/local/lib/python3.10/dist-packages/digipot-0.0.0-py3.10.egg-info/top_level.txt
-- Symlinking: /ros2_ws/install/digipot/local/lib/python3.10/dist-packages/digipot/__init__.py
-- Symlinking: /ros2_ws/install/digipot/local/lib/python3.10/dist-packages/digipot/_digipot_s.ep.rosidl_typesupport_c.c
-- Symlinking: /ros2_ws/install/digipot/local/lib/python3.10/dist-packages/digipot/_digipot_s.ep.rosidl_typesupport_fastrtps_c.c
-- Symlinking: /ros2_ws/install/digipot/local/lib/python3.10/dist-packages/digipot/_digipot_s.ep.rosidl_typesupport_introspection_c.c
-- Symlinking: /ros2_ws/install/digipot/local/lib/python3.10/dist-packages/digipot/digipot_s__rosidl_typesupport_c.cpython-310-aarch64-linux-gnu.so
-- Symlinking: /ros2_ws/install/digipot/local/lib/python3.10/dist-packages/digipot/digipot_s__rosidl_typesupport_fastrtps_c.cpython-310-aarch64-linux-gnu.so
-- Symlinking: /ros2_ws/install/digipot/local/lib/python3.10/dist-packages/digipot/digipot_s__rosidl_typesupport_introspection_c.cpython-310-aarch64-linux-gnu.so
-- Symlinking: /ros2_ws/install/digipot/local/lib/python3.10/dist-packages/digipot/libdigipot__rosidl_generator_py.so
-- Symlinking: /ros2_ws/install/digipot/local/lib/python3.10/dist-packages/digipot/msg/__init__.py
-- Symlinking: /ros2_ws/install/digipot/local/lib/python3.10/dist-packages/digipot/msg/_digipot.py
-- Symlinking: /ros2_ws/install/digipot/local/lib/python3.10/dist-packages/digipot/msg/_digipot_s.c
-- Up-to-date symlink: /ros2_ws/install/digipot/local/lib/python3.10/dist-packages/digipot/digipot_s__rosidl_typesupport_fastrtps_c.cpython-310-aarch64-linux-gnu.so
-- Up-to-date symlink: /ros2_ws/install/digipot/local/lib/python3.10/dist-packages/digipot/digipot_s__rosidl_typesupport_introspection_c.cpython-310-aarch64-linux-gnu.so
-- Up-to-date symlink: /ros2_ws/install/digipot/local/lib/python3.10/dist-packages/digipot/digipot_s__rosidl_typesupport_c.cpython-310-aarch64-linux-gnu.so
-- Symlinking: /ros2_ws/install/digipot/share/digipot/msg/Digipot.idl
-- Symlinking: /ros2_ws/install/digipot/share/digipot/msg/Digipot.msg
-- Symlinking: /ros2_ws/install/digipot/lib/digipot/digipot_node
-- Up-to-date symlink: /ros2_ws/install/digipot/share/ament_index/resource_index/package_run_dependencies/digipot
-- Up-to-date symlink: /ros2_ws/install/digipot/share/ament_index/resource_index/parent_prefix_path/digipot
-- Up-to-date symlink: /ros2_ws/install/digipot/share/digipot/environment/ament_prefix_path.sh
-- Up-to-date symlink: /ros2_ws/install/digipot/share/digipot/environment/ament_prefix_path.dsv
-- Up-to-date symlink: /ros2_ws/install/digipot/share/digipot/environment/path.sh
-- Up-to-date symlink: /ros2_ws/install/digipot/share/digipot/environment/path.dsv
-- Up-to-date symlink: /ros2_ws/install/digipot/share/digipot/local_setup.bash
-- Up-to-date symlink: /ros2_ws/install/digipot/share/digipot/local_setup.sh
-- Up-to-date symlink: /ros2_ws/install/digipot/share/digipot/local_setup.zsh
-- Up-to-date symlink: /ros2_ws/install/digipot/share/digipot/local_setup.dsv
-- Symlinking: /ros2_ws/install/digipot/share/digipot/package.dsv
-- Up-to-date symlink: /ros2_ws/install/digipot/share/ament_index/resource_index/packages/digipot
-- Symlinking: /ros2_ws/install/digipot/share/digipot/cmake/rosidl_cmake-extras.cmake
-- Symlinking: /ros2_ws/install/digipot/share/digipot/cmake/ament_cmake_export_include_directories-extras.cmake
-- Symlinking: /ros2_ws/install/digipot/share/digipot/cmake/ament_cmake_export_libraries-extras.cmake
-- Symlinking: /ros2_ws/install/digipot/share/digipot/cmake/ament_cmake_export_targets-extras.cmake
-- Symlinking: /ros2_ws/install/digipot/share/digipot/cmake/rosidl_cmake_export_typesupport_targets-extras.cmake
-- Symlinking: /ros2_ws/install/digipot/share/digipot/cmake/ament_cmake_export_dependencies-extras.cmake
-- Symlinking: /ros2_ws/install/digipot/share/digipot/cmake/rosidl_cmake_export_typesupport_libraries-extras.cmake
-- Up-to-date symlink: /ros2_ws/install/digipot/share/digipot/cmake/digipotConfig.cmake
-- Up-to-date symlink: /ros2_ws/install/digipot/share/digipot/cmake/digipotConfig-version.cmake
-- Up-to-date symlink: /ros2_ws/install/digipot/share/digipot/package.xml
-- Installing: /ros2_ws/install/digipot/lib/libdigipot__rosidl_generator_c.so
-- Set runtime path of "/ros2_ws/install/digipot/lib/libdigipot__rosidl_generator_c.so" to ""
-- Installing: /ros2_ws/install/digipot/lib/libdigipot__rosidl_typesupport_fastrtps_c.so
-- Set runtime path of "/ros2_ws/install/digipot/lib/libdigipot__rosidl_typesupport_fastrtps_c.so" to ""
-- Installing: /ros2_ws/install/digipot/lib/libdigipot__rosidl_typesupport_fastrtps_cpp.so
-- Set runtime path of "/ros2_ws/install/digipot/lib/libdigipot__rosidl_typesupport_fastrtps_cpp.so" to ""
-- Installing: /ros2_ws/install/digipot/lib/libdigipot__rosidl_typesupport_introspection_c.so
-- Set runtime path of "/ros2_ws/install/digipot/lib/libdigipot__rosidl_typesupport_introspection_c.so" to ""
-- Installing: /ros2_ws/install/digipot/lib/libdigipot__rosidl_typesupport_c.so
-- Set runtime path of "/ros2_ws/install/digipot/lib/libdigipot__rosidl_typesupport_c.so" to ""
-- Installing: /ros2_ws/install/digipot/lib/libdigipot__rosidl_typesupport_introspection_cpp.so
-- Set runtime path of "/ros2_ws/install/digipot/lib/libdigipot__rosidl_typesupport_introspection_cpp.so" to ""
-- Installing: /ros2_ws/install/digipot/lib/libdigipot__rosidl_typesupport_cpp.so
-- Set runtime path of "/ros2_ws/install/digipot/lib/libdigipot__rosidl_typesupport_cpp.so" to ""
Listing '/ros2_ws/install/digipot/local/lib/python3.10/dist-packages/digipot'...
Compiling '/ros2_ws/install/digipot/local/lib/python3.10/dist-packages/digipot/__init__.py'...
Listing '/ros2_ws/install/digipot/local/lib/python3.10/dist-packages/digipot/msg'...
Compiling '/ros2_ws/install/digipot/local/lib/python3.10/dist-packages/digipot/msg/__init__.py'...
Compiling '/ros2_ws/install/digipot/local/lib/python3.10/dist-packages/digipot/msg/_digipot.py'...
-- Installing: /ros2_ws/install/digipot/lib/libdigipot__rosidl_generator_py.so
-- Set runtime path of "/ros2_ws/install/digipot/lib/libdigipot__rosidl_generator_py.so" to ""
-- Installing: /ros2_ws/install/digipot/share/digipot/cmake/export_digipot__rosidl_generator_cExport.cmake
-- Installing: /ros2_ws/install/digipot/share/digipot/cmake/export_digipot__rosidl_generator_cExport-noconfig.cmake
-- Installing: /ros2_ws/install/digipot/share/digipot/cmake/export_digipot__rosidl_typesupport_fastrtps_cExport.cmake
-- Installing: /ros2_ws/install/digipot/share/digipot/cmake/export_digipot__rosidl_typesupport_fastrtps_cExport-noconfig.cmake
-- Installing: /ros2_ws/install/digipot/share/digipot/cmake/export_digipot__rosidl_generator_cppExport.cmake
-- Installing: /ros2_ws/install/digipot/share/digipot/cmake/export_digipot__rosidl_typesupport_fastrtps_cppExport.cmake
-- Installing: /ros2_ws/install/digipot/share/digipot/cmake/export_digipot__rosidl_typesupport_fastrtps_cppExport-noconfig.cmake
-- Installing: /ros2_ws/install/digipot/share/digipot/cmake/digipot__rosidl_typesupport_introspection_cExport.cmake
-- Installing: /ros2_ws/install/digipot/share/digipot/cmake/digipot__rosidl_typesupport_introspection_cExport-noconfig.cmake
-- Installing: /ros2_ws/install/digipot/share/digipot/cmake/digipot__rosidl_typesupport_cExport.cmake
-- Installing: /ros2_ws/install/digipot/share/digipot/cmake/digipot__rosidl_typesupport_cExport-noconfig.cmake
-- Installing: /ros2_ws/install/digipot/share/digipot/cmake/digipot__rosidl_typesupport_introspection_cppExport.cmake
-- Installing: /ros2_ws/install/digipot/share/digipot/cmake/digipot__rosidl_typesupport_introspection_cppExport-noconfig.cmake
-- Installing: /ros2_ws/install/digipot/share/digipot/cmake/digipot__rosidl_typesupport_cppExport.cmake
-- Installing: /ros2_ws/install/digipot/share/digipot/cmake/digipot__rosidl_typesupport_cppExport-noconfig.cmake
-- Installing: /ros2_ws/install/digipot/share/digipot/cmake/export_digipot__rosidl_generator_pyExport.cmake
-- Installing: /ros2_ws/install/digipot/share/digipot/cmake/export_digipot__rosidl_generator_pyExport-noconfig.cmake
