[0.248s] Invoking command in '/ros2_ws/build/digipot': CMAKE_PREFIX_PATH=${CMAKE_PREFIX_PATH}:/ros2_ws/install/ws_server:/ros2_ws/install/vision:/ros2_ws/install/rtcbot_adapter:/ros2_ws/install/motion_control:/opt/ros/humble /usr/bin/cmake --build /ros2_ws/build/digipot -- -j4 -l4
[0.335s] -- Found ament_cmake: 1.3.5 (/opt/ros/humble/share/ament_cmake/cmake)
[0.927s] -- Override CMake install command with custom implementation using symlinks instead of copying resources
[0.955s] -- Found rclcpp: 16.0.6 (/opt/ros/humble/share/rclcpp/cmake)
[1.066s] -- Found rosidl_generator_c: 3.1.5 (/opt/ros/humble/share/rosidl_generator_c/cmake)
[1.078s] -- Found rosidl_adapter: 3.1.5 (/opt/ros/humble/share/rosidl_adapter/cmake)
[1.104s] -- Found rosidl_generator_cpp: 3.1.5 (/opt/ros/humble/share/rosidl_generator_cpp/cmake)
[1.156s] -- Using all available rosidl_typesupport_c: rosidl_typesupport_fastrtps_c;rosidl_typesupport_introspection_c
[1.230s] -- Using all available rosidl_typesupport_cpp: rosidl_typesupport_fastrtps_cpp;rosidl_typesupport_introspection_cpp
[1.500s] -- Found rmw_implementation_cmake: 6.1.1 (/opt/ros/humble/share/rmw_implementation_cmake/cmake)
[1.507s] -- Found rmw_fastrtps_cpp: 6.2.4 (/opt/ros/humble/share/rmw_fastrtps_cpp/cmake)
[1.906s] -- Using RMW implementation 'rmw_fastrtps_cpp' as default
[2.623s] -- Found rosidl_default_generators: 1.2.0 (/opt/ros/humble/share/rosidl_default_generators/cmake)
[3.639s] -- Found ament_cmake_ros: 0.10.0 (/opt/ros/humble/share/ament_cmake_ros/cmake)
[4.841s] -- Using all available rosidl_typesupport_c: rosidl_typesupport_fastrtps_c;rosidl_typesupport_introspection_c
[5.300s] -- Using all available rosidl_typesupport_cpp: rosidl_typesupport_fastrtps_cpp;rosidl_typesupport_introspection_cpp
[5.369s] -- Found python_cmake_module: 0.10.0 (/opt/ros/humble/share/python_cmake_module/cmake)
[5.437s] -- Using PYTHON_EXECUTABLE: /usr/bin/python3
[5.438s] -- Using PYTHON_INCLUDE_DIRS: /usr/include/python3.10
[5.440s] -- Using PYTHON_LIBRARIES: /usr/lib/aarch64-linux-gnu/libpython3.10.so
[5.500s] -- Found ament_lint_auto: 0.12.8 (/opt/ros/humble/share/ament_lint_auto/cmake)
[5.541s] -- Added test 'cppcheck' to perform static code analysis on C / C++ code
[5.543s] -- Configured cppcheck include dirs: $<BUILD_INTERFACE:/ros2_ws/src/digipot/include>
[5.544s] -- Configured cppcheck exclude dirs and/or files: 
[5.546s] -- Added test 'lint_cmake' to check CMake code style
[5.550s] -- Added test 'uncrustify' to check C / C++ code style
[5.551s] -- Configured uncrustify additional arguments: 
[5.552s] -- Added test 'xmllint' to check XML markup files
[5.563s] -- Configuring done
[5.714s] -- Generating done
[5.724s] -- Build files have been written to: /ros2_ws/build/digipot
[5.810s] [  2%] [34m[1mGenerating C code for ROS interfaces[0m
[5.844s] [  5%] [34m[1mGenerating C++ code for ROS interfaces[0m
[5.862s] [  8%] [32mBuilding CXX object CMakeFiles/digipot_node.dir/src/digipot.cpp.o[0m
[5.890s] [  8%] Built target ament_cmake_python_symlink_digipot
[5.917s] [ 11%] [32mBuilding CXX object CMakeFiles/digipot_node.dir/src/DigiPot.cpp.o[0m
[7.234s] [ 11%] Built target digipot__cpp
[7.560s] [ 14%] [32mBuilding C object CMakeFiles/digipot__rosidl_generator_c.dir/rosidl_generator_c/digipot/msg/detail/digipot__functions.c.o[0m
[8.315s] [ 17%] [32m[1mLinking C shared library libdigipot__rosidl_generator_c.so[0m
[8.636s] running egg_info
[8.640s] creating digipot.egg-info
[8.641s] writing digipot.egg-info/PKG-INFO
[8.644s] writing dependency_links to digipot.egg-info/dependency_links.txt
[8.655s] writing top-level names to digipot.egg-info/top_level.txt
[8.658s] writing manifest file 'digipot.egg-info/SOURCES.txt'
[8.680s] reading manifest file 'digipot.egg-info/SOURCES.txt'
[8.689s] writing manifest file 'digipot.egg-info/SOURCES.txt'
[8.828s] [ 17%] Built target digipot__rosidl_generator_c
[8.830s] [ 17%] Built target ament_cmake_python_build_digipot_egg
[8.864s] [ 20%] [34m[1mGenerating C++ type support dispatch for ROS interfaces[0m
[8.870s] [ 23%] [34m[1mGenerating C type support for eProsima Fast-RTPS[0m
[8.959s] [01m[K/ros2_ws/src/digipot/src/DigiPot.cpp:[m[K In member function ‘[01m[Kvoid DigiPot::increase(int)[m[K’:
[8.961s] [01m[K/ros2_ws/src/digipot/src/DigiPot.cpp:37:28:[m[K [01;35m[Kwarning: [m[Kunused parameter ‘[01m[Kamount[m[K’ [[01;35m[K-Wunused-parameter[m[K]
[8.963s]    37 | void DigiPot::increase([01;35m[Kint amount[m[K) {
[8.965s]       |                        [01;35m[K~~~~^~~~~~[m[K
[8.967s] [01m[K/ros2_ws/src/digipot/src/DigiPot.cpp:[m[K In member function ‘[01m[Kvoid DigiPot::decrease(int)[m[K’:
[8.968s] [01m[K/ros2_ws/src/digipot/src/DigiPot.cpp:48:28:[m[K [01;35m[Kwarning: [m[Kunused parameter ‘[01m[Kamount[m[K’ [[01;35m[K-Wunused-parameter[m[K]
[8.970s]    48 | void DigiPot::decrease([01;35m[Kint amount[m[K) {
[8.972s]       |                        [01;35m[K~~~~^~~~~~[m[K
[9.212s] [ 26%] [34m[1mGenerating C++ type support for eProsima Fast-RTPS[0m
[10.126s] [ 29%] [32mBuilding CXX object CMakeFiles/digipot__rosidl_typesupport_cpp.dir/rosidl_typesupport_cpp/digipot/msg/digipot__type_support.cpp.o[0m
[10.248s] [ 32%] [32mBuilding CXX object CMakeFiles/digipot__rosidl_typesupport_fastrtps_c.dir/rosidl_typesupport_fastrtps_c/digipot/msg/detail/digipot__type_support_c.cpp.o[0m
[10.816s] [ 35%] [32mBuilding CXX object CMakeFiles/digipot__rosidl_typesupport_fastrtps_cpp.dir/rosidl_typesupport_fastrtps_cpp/digipot/msg/detail/dds_fastrtps/digipot__type_support.cpp.o[0m
[12.088s] [ 38%] [32m[1mLinking CXX shared library libdigipot__rosidl_typesupport_cpp.so[0m
[12.335s] [ 38%] Built target digipot__rosidl_typesupport_cpp
[12.375s] [ 41%] [34m[1mGenerating C introspection for ROS interfaces[0m
[12.511s] [ 44%] [32m[1mLinking CXX shared library libdigipot__rosidl_typesupport_fastrtps_c.so[0m
[12.847s] [ 44%] Built target digipot__rosidl_typesupport_fastrtps_c
[12.886s] [ 47%] [34m[1mGenerating C type support dispatch for ROS interfaces[0m
[13.166s] [ 50%] [32m[1mLinking CXX shared library libdigipot__rosidl_typesupport_fastrtps_cpp.so[0m
[13.499s] [ 50%] Built target digipot__rosidl_typesupport_fastrtps_cpp
[13.535s] [ 52%] [34m[1mGenerating C++ introspection for ROS interfaces[0m
[13.903s] [ 55%] [32mBuilding C object CMakeFiles/digipot__rosidl_typesupport_introspection_c.dir/rosidl_typesupport_introspection_c/digipot/msg/detail/digipot__type_support.c.o[0m
[14.155s] [ 58%] [32m[1mLinking C shared library libdigipot__rosidl_typesupport_introspection_c.so[0m
[14.270s] [ 61%] [32mBuilding CXX object CMakeFiles/digipot__rosidl_typesupport_c.dir/rosidl_typesupport_c/digipot/msg/digipot__type_support.cpp.o[0m
[14.423s] [ 61%] Built target digipot__rosidl_typesupport_introspection_c
[14.490s] [ 64%] [32m[1mLinking CXX shared library libdigipot__rosidl_typesupport_c.so[0m
[14.641s] [ 64%] Built target digipot__rosidl_typesupport_c
[14.955s] [ 67%] [32mBuilding CXX object CMakeFiles/digipot__rosidl_typesupport_introspection_cpp.dir/rosidl_typesupport_introspection_cpp/digipot/msg/detail/digipot__type_support.cpp.o[0m
[16.627s] [ 70%] [32m[1mLinking CXX shared library libdigipot__rosidl_typesupport_introspection_cpp.so[0m
[16.754s] [ 70%] Built target digipot__rosidl_typesupport_introspection_cpp
[16.832s] [ 70%] Built target digipot
[16.892s] [ 73%] [34m[1mGenerating Python code for ROS interfaces[0m
[18.529s] [ 73%] Built target digipot__py
[18.591s] [ 76%] [32mBuilding C object CMakeFiles/digipot__rosidl_generator_py.dir/rosidl_generator_py/digipot/msg/_digipot_s.c.o[0m
[19.193s] [ 79%] [32m[1mLinking C shared library rosidl_generator_py/digipot/libdigipot__rosidl_generator_py.so[0m
[19.333s] [ 79%] Built target digipot__rosidl_generator_py
[19.399s] [ 82%] [32mBuilding C object CMakeFiles/digipot__rosidl_typesupport_fastrtps_c__pyext.dir/rosidl_generator_py/digipot/_digipot_s.ep.rosidl_typesupport_fastrtps_c.c.o[0m
[19.410s] [ 88%] [32mBuilding C object CMakeFiles/digipot__rosidl_typesupport_introspection_c__pyext.dir/rosidl_generator_py/digipot/_digipot_s.ep.rosidl_typesupport_introspection_c.c.o[0m
[19.412s] [ 88%] [32mBuilding C object CMakeFiles/digipot__rosidl_typesupport_c__pyext.dir/rosidl_generator_py/digipot/_digipot_s.ep.rosidl_typesupport_c.c.o[0m
[19.820s] [ 91%] [32m[1mLinking C shared library rosidl_generator_py/digipot/digipot_s__rosidl_typesupport_c.cpython-310-aarch64-linux-gnu.so[0m
[19.867s] [ 94%] [32m[1mLinking C shared library rosidl_generator_py/digipot/digipot_s__rosidl_typesupport_introspection_c.cpython-310-aarch64-linux-gnu.so[0m
[19.891s] [ 97%] [32m[1mLinking C shared library rosidl_generator_py/digipot/digipot_s__rosidl_typesupport_fastrtps_c.cpython-310-aarch64-linux-gnu.so[0m
[19.968s] [ 97%] Built target digipot__rosidl_typesupport_c__pyext
[19.997s] [ 97%] Built target digipot__rosidl_typesupport_introspection_c__pyext
[20.023s] [ 97%] Built target digipot__rosidl_typesupport_fastrtps_c__pyext
[47.104s] [100%] [32m[1mLinking CXX executable digipot_node[0m
[49.204s] [100%] Built target digipot_node
[49.312s] Invoked command in '/ros2_ws/build/digipot' returned '0': CMAKE_PREFIX_PATH=${CMAKE_PREFIX_PATH}:/ros2_ws/install/ws_server:/ros2_ws/install/vision:/ros2_ws/install/rtcbot_adapter:/ros2_ws/install/motion_control:/opt/ros/humble /usr/bin/cmake --build /ros2_ws/build/digipot -- -j4 -l4
[49.516s] Invoking command in '/ros2_ws/build/digipot': CMAKE_PREFIX_PATH=${CMAKE_PREFIX_PATH}:/ros2_ws/install/ws_server:/ros2_ws/install/vision:/ros2_ws/install/rtcbot_adapter:/ros2_ws/install/motion_control:/opt/ros/humble /usr/bin/cmake --install /ros2_ws/build/digipot
[49.542s] -- Install configuration: ""
[49.545s] -- Execute custom install script
[49.546s] -- Symlinking: /ros2_ws/install/digipot/share/ament_index/resource_index/rosidl_interfaces/digipot
[49.577s] -- Symlinking: /ros2_ws/install/digipot/include/digipot/digipot/msg/detail/digipot__functions.h
[49.602s] -- Symlinking: /ros2_ws/install/digipot/include/digipot/digipot/msg/detail/digipot__struct.h
[49.628s] -- Symlinking: /ros2_ws/install/digipot/include/digipot/digipot/msg/detail/digipot__type_support.h
[49.653s] -- Symlinking: /ros2_ws/install/digipot/include/digipot/digipot/msg/digipot.h
[49.679s] -- Symlinking: /ros2_ws/install/digipot/include/digipot/digipot/msg/rosidl_generator_c__visibility_control.h
[49.709s] -- Symlinking: /ros2_ws/install/digipot/share/digipot/environment/library_path.sh
[49.736s] -- Symlinking: /ros2_ws/install/digipot/share/digipot/environment/library_path.dsv
[49.762s] -- Symlinking: /ros2_ws/install/digipot/include/digipot/digipot/msg/detail/digipot__rosidl_typesupport_fastrtps_c.h
[49.789s] -- Symlinking: /ros2_ws/install/digipot/include/digipot/digipot/msg/rosidl_typesupport_fastrtps_c__visibility_control.h
[49.815s] -- Symlinking: /ros2_ws/install/digipot/include/digipot/digipot/msg/detail/digipot__builder.hpp
[49.841s] -- Symlinking: /ros2_ws/install/digipot/include/digipot/digipot/msg/detail/digipot__struct.hpp
[49.865s] -- Symlinking: /ros2_ws/install/digipot/include/digipot/digipot/msg/detail/digipot__traits.hpp
[49.891s] -- Symlinking: /ros2_ws/install/digipot/include/digipot/digipot/msg/digipot.hpp
[49.917s] -- Symlinking: /ros2_ws/install/digipot/include/digipot/digipot/msg/detail/digipot__rosidl_typesupport_fastrtps_cpp.hpp
[49.943s] -- Symlinking: /ros2_ws/install/digipot/include/digipot/digipot/msg/rosidl_typesupport_fastrtps_cpp__visibility_control.h
[49.968s] -- Symlinking: /ros2_ws/install/digipot/include/digipot/digipot/msg/detail/digipot__rosidl_typesupport_introspection_c.h
[49.993s] -- Symlinking: /ros2_ws/install/digipot/include/digipot/digipot/msg/rosidl_typesupport_introspection_c__visibility_control.h
[50.019s] -- Symlinking: /ros2_ws/install/digipot/include/digipot/digipot/msg/detail/digipot__rosidl_typesupport_introspection_cpp.hpp
[50.045s] -- Symlinking: /ros2_ws/install/digipot/share/digipot/environment/pythonpath.sh
[50.073s] -- Symlinking: /ros2_ws/install/digipot/share/digipot/environment/pythonpath.dsv
[50.097s] -- Symlinking: /ros2_ws/install/digipot/local/lib/python3.10/dist-packages/digipot-0.0.0-py3.10.egg-info/PKG-INFO
[50.122s] -- Symlinking: /ros2_ws/install/digipot/local/lib/python3.10/dist-packages/digipot-0.0.0-py3.10.egg-info/SOURCES.txt
[50.147s] -- Symlinking: /ros2_ws/install/digipot/local/lib/python3.10/dist-packages/digipot-0.0.0-py3.10.egg-info/dependency_links.txt
[50.172s] -- Symlinking: /ros2_ws/install/digipot/local/lib/python3.10/dist-packages/digipot-0.0.0-py3.10.egg-info/top_level.txt
[50.200s] -- Symlinking: /ros2_ws/install/digipot/local/lib/python3.10/dist-packages/digipot/__init__.py
[50.225s] -- Symlinking: /ros2_ws/install/digipot/local/lib/python3.10/dist-packages/digipot/_digipot_s.ep.rosidl_typesupport_c.c
[50.251s] -- Symlinking: /ros2_ws/install/digipot/local/lib/python3.10/dist-packages/digipot/_digipot_s.ep.rosidl_typesupport_fastrtps_c.c
[50.276s] -- Symlinking: /ros2_ws/install/digipot/local/lib/python3.10/dist-packages/digipot/_digipot_s.ep.rosidl_typesupport_introspection_c.c
[50.300s] -- Symlinking: /ros2_ws/install/digipot/local/lib/python3.10/dist-packages/digipot/digipot_s__rosidl_typesupport_c.cpython-310-aarch64-linux-gnu.so
[50.326s] -- Symlinking: /ros2_ws/install/digipot/local/lib/python3.10/dist-packages/digipot/digipot_s__rosidl_typesupport_fastrtps_c.cpython-310-aarch64-linux-gnu.so
[50.352s] -- Symlinking: /ros2_ws/install/digipot/local/lib/python3.10/dist-packages/digipot/digipot_s__rosidl_typesupport_introspection_c.cpython-310-aarch64-linux-gnu.so
[50.376s] -- Symlinking: /ros2_ws/install/digipot/local/lib/python3.10/dist-packages/digipot/libdigipot__rosidl_generator_py.so
[50.401s] -- Symlinking: /ros2_ws/install/digipot/local/lib/python3.10/dist-packages/digipot/msg/__init__.py
[50.427s] -- Symlinking: /ros2_ws/install/digipot/local/lib/python3.10/dist-packages/digipot/msg/_digipot.py
[50.452s] -- Symlinking: /ros2_ws/install/digipot/local/lib/python3.10/dist-packages/digipot/msg/_digipot_s.c
[50.481s] -- Up-to-date symlink: /ros2_ws/install/digipot/local/lib/python3.10/dist-packages/digipot/digipot_s__rosidl_typesupport_fastrtps_c.cpython-310-aarch64-linux-gnu.so
[50.483s] -- Up-to-date symlink: /ros2_ws/install/digipot/local/lib/python3.10/dist-packages/digipot/digipot_s__rosidl_typesupport_introspection_c.cpython-310-aarch64-linux-gnu.so
[50.485s] -- Up-to-date symlink: /ros2_ws/install/digipot/local/lib/python3.10/dist-packages/digipot/digipot_s__rosidl_typesupport_c.cpython-310-aarch64-linux-gnu.so
[50.487s] -- Symlinking: /ros2_ws/install/digipot/share/digipot/msg/Digipot.idl
[50.512s] -- Symlinking: /ros2_ws/install/digipot/share/digipot/msg/Digipot.msg
[50.540s] -- Symlinking: /ros2_ws/install/digipot/lib/digipot/digipot_node
[50.568s] -- Up-to-date symlink: /ros2_ws/install/digipot/share/ament_index/resource_index/package_run_dependencies/digipot
[50.570s] -- Up-to-date symlink: /ros2_ws/install/digipot/share/ament_index/resource_index/parent_prefix_path/digipot
[50.571s] -- Up-to-date symlink: /ros2_ws/install/digipot/share/digipot/environment/ament_prefix_path.sh
[50.574s] -- Up-to-date symlink: /ros2_ws/install/digipot/share/digipot/environment/ament_prefix_path.dsv
[50.575s] -- Up-to-date symlink: /ros2_ws/install/digipot/share/digipot/environment/path.sh
[50.575s] -- Up-to-date symlink: /ros2_ws/install/digipot/share/digipot/environment/path.dsv
[50.576s] -- Up-to-date symlink: /ros2_ws/install/digipot/share/digipot/local_setup.bash
[50.577s] -- Up-to-date symlink: /ros2_ws/install/digipot/share/digipot/local_setup.sh
[50.578s] -- Up-to-date symlink: /ros2_ws/install/digipot/share/digipot/local_setup.zsh
[50.579s] -- Up-to-date symlink: /ros2_ws/install/digipot/share/digipot/local_setup.dsv
[50.579s] -- Symlinking: /ros2_ws/install/digipot/share/digipot/package.dsv
[50.611s] -- Up-to-date symlink: /ros2_ws/install/digipot/share/ament_index/resource_index/packages/digipot
[50.612s] -- Symlinking: /ros2_ws/install/digipot/share/digipot/cmake/rosidl_cmake-extras.cmake
[50.638s] -- Symlinking: /ros2_ws/install/digipot/share/digipot/cmake/ament_cmake_export_include_directories-extras.cmake
[50.664s] -- Symlinking: /ros2_ws/install/digipot/share/digipot/cmake/ament_cmake_export_libraries-extras.cmake
[50.689s] -- Symlinking: /ros2_ws/install/digipot/share/digipot/cmake/ament_cmake_export_targets-extras.cmake
[50.715s] -- Symlinking: /ros2_ws/install/digipot/share/digipot/cmake/rosidl_cmake_export_typesupport_targets-extras.cmake
[50.740s] -- Symlinking: /ros2_ws/install/digipot/share/digipot/cmake/ament_cmake_export_dependencies-extras.cmake
[50.764s] -- Symlinking: /ros2_ws/install/digipot/share/digipot/cmake/rosidl_cmake_export_typesupport_libraries-extras.cmake
[50.788s] -- Up-to-date symlink: /ros2_ws/install/digipot/share/digipot/cmake/digipotConfig.cmake
[50.792s] -- Up-to-date symlink: /ros2_ws/install/digipot/share/digipot/cmake/digipotConfig-version.cmake
[50.794s] -- Up-to-date symlink: /ros2_ws/install/digipot/share/digipot/package.xml
[50.794s] -- Installing: /ros2_ws/install/digipot/lib/libdigipot__rosidl_generator_c.so
[50.795s] -- Set runtime path of "/ros2_ws/install/digipot/lib/libdigipot__rosidl_generator_c.so" to ""
[50.795s] -- Installing: /ros2_ws/install/digipot/lib/libdigipot__rosidl_typesupport_fastrtps_c.so
[50.796s] -- Set runtime path of "/ros2_ws/install/digipot/lib/libdigipot__rosidl_typesupport_fastrtps_c.so" to ""
[50.796s] -- Installing: /ros2_ws/install/digipot/lib/libdigipot__rosidl_typesupport_fastrtps_cpp.so
[50.798s] -- Set runtime path of "/ros2_ws/install/digipot/lib/libdigipot__rosidl_typesupport_fastrtps_cpp.so" to ""
[50.798s] -- Installing: /ros2_ws/install/digipot/lib/libdigipot__rosidl_typesupport_introspection_c.so
[50.799s] -- Set runtime path of "/ros2_ws/install/digipot/lib/libdigipot__rosidl_typesupport_introspection_c.so" to ""
[50.800s] -- Installing: /ros2_ws/install/digipot/lib/libdigipot__rosidl_typesupport_c.so
[50.801s] -- Set runtime path of "/ros2_ws/install/digipot/lib/libdigipot__rosidl_typesupport_c.so" to ""
[50.801s] -- Installing: /ros2_ws/install/digipot/lib/libdigipot__rosidl_typesupport_introspection_cpp.so
[50.802s] -- Set runtime path of "/ros2_ws/install/digipot/lib/libdigipot__rosidl_typesupport_introspection_cpp.so" to ""
[50.802s] -- Installing: /ros2_ws/install/digipot/lib/libdigipot__rosidl_typesupport_cpp.so
[50.803s] -- Set runtime path of "/ros2_ws/install/digipot/lib/libdigipot__rosidl_typesupport_cpp.so" to ""
[50.978s] Listing '/ros2_ws/install/digipot/local/lib/python3.10/dist-packages/digipot'...
[50.979s] Compiling '/ros2_ws/install/digipot/local/lib/python3.10/dist-packages/digipot/__init__.py'...
[50.979s] Listing '/ros2_ws/install/digipot/local/lib/python3.10/dist-packages/digipot/msg'...
[50.980s] Compiling '/ros2_ws/install/digipot/local/lib/python3.10/dist-packages/digipot/msg/__init__.py'...
[50.980s] Compiling '/ros2_ws/install/digipot/local/lib/python3.10/dist-packages/digipot/msg/_digipot.py'...
[51.002s] -- Installing: /ros2_ws/install/digipot/lib/libdigipot__rosidl_generator_py.so
[51.003s] -- Set runtime path of "/ros2_ws/install/digipot/lib/libdigipot__rosidl_generator_py.so" to ""
[51.004s] -- Installing: /ros2_ws/install/digipot/share/digipot/cmake/export_digipot__rosidl_generator_cExport.cmake
[51.007s] -- Installing: /ros2_ws/install/digipot/share/digipot/cmake/export_digipot__rosidl_generator_cExport-noconfig.cmake
[51.009s] -- Installing: /ros2_ws/install/digipot/share/digipot/cmake/export_digipot__rosidl_typesupport_fastrtps_cExport.cmake
[51.009s] -- Installing: /ros2_ws/install/digipot/share/digipot/cmake/export_digipot__rosidl_typesupport_fastrtps_cExport-noconfig.cmake
[51.011s] -- Installing: /ros2_ws/install/digipot/share/digipot/cmake/export_digipot__rosidl_generator_cppExport.cmake
[51.011s] -- Installing: /ros2_ws/install/digipot/share/digipot/cmake/export_digipot__rosidl_typesupport_fastrtps_cppExport.cmake
[51.012s] -- Installing: /ros2_ws/install/digipot/share/digipot/cmake/export_digipot__rosidl_typesupport_fastrtps_cppExport-noconfig.cmake
[51.013s] -- Installing: /ros2_ws/install/digipot/share/digipot/cmake/digipot__rosidl_typesupport_introspection_cExport.cmake
[51.014s] -- Installing: /ros2_ws/install/digipot/share/digipot/cmake/digipot__rosidl_typesupport_introspection_cExport-noconfig.cmake
[51.015s] -- Installing: /ros2_ws/install/digipot/share/digipot/cmake/digipot__rosidl_typesupport_cExport.cmake
[51.016s] -- Installing: /ros2_ws/install/digipot/share/digipot/cmake/digipot__rosidl_typesupport_cExport-noconfig.cmake
[51.017s] -- Installing: /ros2_ws/install/digipot/share/digipot/cmake/digipot__rosidl_typesupport_introspection_cppExport.cmake
[51.018s] -- Installing: /ros2_ws/install/digipot/share/digipot/cmake/digipot__rosidl_typesupport_introspection_cppExport-noconfig.cmake
[51.019s] -- Installing: /ros2_ws/install/digipot/share/digipot/cmake/digipot__rosidl_typesupport_cppExport.cmake
[51.020s] -- Installing: /ros2_ws/install/digipot/share/digipot/cmake/digipot__rosidl_typesupport_cppExport-noconfig.cmake
[51.021s] -- Installing: /ros2_ws/install/digipot/share/digipot/cmake/export_digipot__rosidl_generator_pyExport.cmake
[51.022s] -- Installing: /ros2_ws/install/digipot/share/digipot/cmake/export_digipot__rosidl_generator_pyExport-noconfig.cmake
[51.031s] Invoked command in '/ros2_ws/build/digipot' returned '0': CMAKE_PREFIX_PATH=${CMAKE_PREFIX_PATH}:/ros2_ws/install/ws_server:/ros2_ws/install/vision:/ros2_ws/install/rtcbot_adapter:/ros2_ws/install/motion_control:/opt/ros/humble /usr/bin/cmake --install /ros2_ws/build/digipot
