[4.493s] DEBUG:colcon:Command line arguments: ['/usr/bin/colcon', 'build']
[4.494s] DEBUG:colcon:Parsed command line arguments: Namespace(log_base=None, log_level=None, verb_name='build', build_base='build', install_base='install', merge_install=False, symlink_install=False, test_result_base=None, continue_on_error=False, executor='parallel', parallel_workers=4, event_handlers=None, ignore_user_meta=False, metas=['./colcon.meta'], base_paths=['.'], packages_ignore=None, packages_ignore_regex=None, paths=None, packages_up_to=None, packages_up_to_regex=None, packages_above=None, packages_above_and_dependencies=None, packages_above_depth=None, packages_select_by_dep=None, packages_skip_by_dep=None, packages_skip_up_to=None, packages_select_build_failed=False, packages_skip_build_finished=False, packages_select_test_failures=False, packages_skip_test_passed=False, packages_select=None, packages_skip=None, packages_select_regex=None, packages_skip_regex=None, packages_start=None, packages_end=None, cmake_args=None, cmake_target=None, cmake_target_skip_unavailable=False, cmake_clean_cache=False, cmake_clean_first=False, cmake_force_configure=False, ament_cmake_args=None, catkin_cmake_args=None, catkin_skip_building_tests=False, mixin_files=None, mixin=None, verb_parser=<colcon_mixin.mixin.mixin_argument.MixinArgumentDecorator object at 0x7f8a7f1d20>, verb_extension=<colcon_core.verb.build.BuildVerb object at 0x7f8a81b1f0>, main=<bound method BuildVerb.main of <colcon_core.verb.build.BuildVerb object at 0x7f8a81b1f0>>, mixin_verb=('build',))
[4.770s] Level 1:colcon.colcon_core.package_discovery:discover_packages(colcon_meta) check parameters
[4.784s] INFO:colcon.colcon_metadata.package_discovery.colcon_meta:Using configuration from '/root/.colcon/metadata/default/Gazebo.meta'
[4.789s] INFO:colcon.colcon_metadata.package_discovery.colcon_meta:Using configuration from '/root/.colcon/metadata/default/fastrtps.meta'
[4.790s] Level 1:colcon.colcon_core.package_discovery:discover_packages(recursive) check parameters
[4.790s] Level 1:colcon.colcon_core.package_discovery:discover_packages(ignore) check parameters
[4.790s] Level 1:colcon.colcon_core.package_discovery:discover_packages(path) check parameters
[4.790s] Level 1:colcon.colcon_core.package_discovery:discover_packages(colcon_meta) discover
[4.790s] Level 1:colcon.colcon_core.package_discovery:discover_packages(recursive) discover
[4.791s] INFO:colcon.colcon_core.package_discovery:Crawling recursively for packages in '/ros2_ws'
[4.791s] Level 1:colcon.colcon_core.package_identification:_identify(.) by extensions ['ignore', 'ignore_ament_install']
[4.791s] Level 1:colcon.colcon_core.package_identification:_identify(.) by extension 'ignore'
[4.792s] Level 1:colcon.colcon_core.package_identification:_identify(.) by extension 'ignore_ament_install'
[4.792s] Level 1:colcon.colcon_core.package_identification:_identify(.) by extensions ['colcon_pkg']
[4.792s] Level 1:colcon.colcon_core.package_identification:_identify(.) by extension 'colcon_pkg'
[4.792s] Level 1:colcon.colcon_core.package_identification:_identify(.) by extensions ['colcon_meta']
[4.792s] Level 1:colcon.colcon_core.package_identification:_identify(.) by extension 'colcon_meta'
[4.793s] Level 1:colcon.colcon_core.package_identification:_identify(.) by extensions ['ros']
[4.793s] Level 1:colcon.colcon_core.package_identification:_identify(.) by extension 'ros'
[4.869s] Level 1:colcon.colcon_core.package_identification:_identify(.) by extensions ['cmake', 'python']
[4.869s] Level 1:colcon.colcon_core.package_identification:_identify(.) by extension 'cmake'
[4.869s] Level 1:colcon.colcon_core.package_identification:_identify(.) by extension 'python'
[4.870s] Level 1:colcon.colcon_core.package_identification:_identify(.) by extensions ['python_setup_py']
[4.870s] Level 1:colcon.colcon_core.package_identification:_identify(.) by extension 'python_setup_py'
[4.870s] Level 1:colcon.colcon_core.package_identification:_identify(build) by extensions ['ignore', 'ignore_ament_install']
[4.871s] Level 1:colcon.colcon_core.package_identification:_identify(build) by extension 'ignore'
[4.871s] Level 1:colcon.colcon_core.package_identification:_identify(build) ignored
[4.871s] Level 1:colcon.colcon_core.package_identification:_identify(install) by extensions ['ignore', 'ignore_ament_install']
[4.872s] Level 1:colcon.colcon_core.package_identification:_identify(install) by extension 'ignore'
[4.872s] Level 1:colcon.colcon_core.package_identification:_identify(install) ignored
[4.873s] Level 1:colcon.colcon_core.package_identification:_identify(log) by extensions ['ignore', 'ignore_ament_install']
[4.873s] Level 1:colcon.colcon_core.package_identification:_identify(log) by extension 'ignore'
[4.873s] Level 1:colcon.colcon_core.package_identification:_identify(log) ignored
[4.874s] Level 1:colcon.colcon_core.package_identification:_identify(src) by extensions ['ignore', 'ignore_ament_install']
[4.874s] Level 1:colcon.colcon_core.package_identification:_identify(src) by extension 'ignore'
[4.874s] Level 1:colcon.colcon_core.package_identification:_identify(src) by extension 'ignore_ament_install'
[4.874s] Level 1:colcon.colcon_core.package_identification:_identify(src) by extensions ['colcon_pkg']
[4.874s] Level 1:colcon.colcon_core.package_identification:_identify(src) by extension 'colcon_pkg'
[4.875s] Level 1:colcon.colcon_core.package_identification:_identify(src) by extensions ['colcon_meta']
[4.875s] Level 1:colcon.colcon_core.package_identification:_identify(src) by extension 'colcon_meta'
[4.875s] Level 1:colcon.colcon_core.package_identification:_identify(src) by extensions ['ros']
[4.875s] Level 1:colcon.colcon_core.package_identification:_identify(src) by extension 'ros'
[4.876s] Level 1:colcon.colcon_core.package_identification:_identify(src) by extensions ['cmake', 'python']
[4.876s] Level 1:colcon.colcon_core.package_identification:_identify(src) by extension 'cmake'
[4.876s] Level 1:colcon.colcon_core.package_identification:_identify(src) by extension 'python'
[4.876s] Level 1:colcon.colcon_core.package_identification:_identify(src) by extensions ['python_setup_py']
[4.876s] Level 1:colcon.colcon_core.package_identification:_identify(src) by extension 'python_setup_py'
[4.877s] Level 1:colcon.colcon_core.package_identification:_identify(src/delivery_bot_package) by extensions ['ignore', 'ignore_ament_install']
[4.877s] Level 1:colcon.colcon_core.package_identification:_identify(src/delivery_bot_package) by extension 'ignore'
[4.877s] Level 1:colcon.colcon_core.package_identification:_identify(src/delivery_bot_package) by extension 'ignore_ament_install'
[4.877s] Level 1:colcon.colcon_core.package_identification:_identify(src/delivery_bot_package) by extensions ['colcon_pkg']
[4.878s] Level 1:colcon.colcon_core.package_identification:_identify(src/delivery_bot_package) by extension 'colcon_pkg'
[4.878s] Level 1:colcon.colcon_core.package_identification:_identify(src/delivery_bot_package) by extensions ['colcon_meta']
[4.878s] Level 1:colcon.colcon_core.package_identification:_identify(src/delivery_bot_package) by extension 'colcon_meta'
[4.878s] Level 1:colcon.colcon_core.package_identification:_identify(src/delivery_bot_package) by extensions ['ros']
[4.878s] Level 1:colcon.colcon_core.package_identification:_identify(src/delivery_bot_package) by extension 'ros'
[4.895s] DEBUG:colcon.colcon_core.package_identification:Package 'src/delivery_bot_package' with type 'ros.ament_cmake' and name 'delivery_bot_package'
[4.896s] Level 1:colcon.colcon_core.package_identification:_identify(src/digipot) by extensions ['ignore', 'ignore_ament_install']
[4.896s] Level 1:colcon.colcon_core.package_identification:_identify(src/digipot) by extension 'ignore'
[4.897s] Level 1:colcon.colcon_core.package_identification:_identify(src/digipot) by extension 'ignore_ament_install'
[4.897s] Level 1:colcon.colcon_core.package_identification:_identify(src/digipot) by extensions ['colcon_pkg']
[4.897s] Level 1:colcon.colcon_core.package_identification:_identify(src/digipot) by extension 'colcon_pkg'
[4.897s] Level 1:colcon.colcon_core.package_identification:_identify(src/digipot) by extensions ['colcon_meta']
[4.897s] Level 1:colcon.colcon_core.package_identification:_identify(src/digipot) by extension 'colcon_meta'
[4.898s] Level 1:colcon.colcon_core.package_identification:_identify(src/digipot) by extensions ['ros']
[4.898s] Level 1:colcon.colcon_core.package_identification:_identify(src/digipot) by extension 'ros'
[4.903s] DEBUG:colcon.colcon_core.package_identification:Package 'src/digipot' with type 'ros.ament_cmake' and name 'digipot'
[4.903s] Level 1:colcon.colcon_core.package_identification:_identify(src/digipot_interfaces) by extensions ['ignore', 'ignore_ament_install']
[4.904s] Level 1:colcon.colcon_core.package_identification:_identify(src/digipot_interfaces) by extension 'ignore'
[4.904s] Level 1:colcon.colcon_core.package_identification:_identify(src/digipot_interfaces) by extension 'ignore_ament_install'
[4.904s] Level 1:colcon.colcon_core.package_identification:_identify(src/digipot_interfaces) by extensions ['colcon_pkg']
[4.904s] Level 1:colcon.colcon_core.package_identification:_identify(src/digipot_interfaces) by extension 'colcon_pkg'
[4.904s] Level 1:colcon.colcon_core.package_identification:_identify(src/digipot_interfaces) by extensions ['colcon_meta']
[4.905s] Level 1:colcon.colcon_core.package_identification:_identify(src/digipot_interfaces) by extension 'colcon_meta'
[4.905s] Level 1:colcon.colcon_core.package_identification:_identify(src/digipot_interfaces) by extensions ['ros']
[4.905s] Level 1:colcon.colcon_core.package_identification:_identify(src/digipot_interfaces) by extension 'ros'
[4.913s] DEBUG:colcon.colcon_core.package_identification:Package 'src/digipot_interfaces' with type 'ros.ament_cmake' and name 'digipot_interfaces'
[4.913s] Level 1:colcon.colcon_core.package_identification:_identify(src/motion_control) by extensions ['ignore', 'ignore_ament_install']
[4.914s] Level 1:colcon.colcon_core.package_identification:_identify(src/motion_control) by extension 'ignore'
[4.914s] Level 1:colcon.colcon_core.package_identification:_identify(src/motion_control) by extension 'ignore_ament_install'
[4.914s] Level 1:colcon.colcon_core.package_identification:_identify(src/motion_control) by extensions ['colcon_pkg']
[4.914s] Level 1:colcon.colcon_core.package_identification:_identify(src/motion_control) by extension 'colcon_pkg'
[4.915s] Level 1:colcon.colcon_core.package_identification:_identify(src/motion_control) by extensions ['colcon_meta']
[4.915s] Level 1:colcon.colcon_core.package_identification:_identify(src/motion_control) by extension 'colcon_meta'
[4.915s] Level 1:colcon.colcon_core.package_identification:_identify(src/motion_control) by extensions ['ros']
[4.915s] Level 1:colcon.colcon_core.package_identification:_identify(src/motion_control) by extension 'ros'
[4.921s] DEBUG:colcon.colcon_core.package_identification:Package 'src/motion_control' with type 'ros.ament_python' and name 'motion_control'
[4.922s] Level 1:colcon.colcon_core.package_identification:_identify(src/rtcbot_adapter) by extensions ['ignore', 'ignore_ament_install']
[4.922s] Level 1:colcon.colcon_core.package_identification:_identify(src/rtcbot_adapter) by extension 'ignore'
[4.922s] Level 1:colcon.colcon_core.package_identification:_identify(src/rtcbot_adapter) by extension 'ignore_ament_install'
[4.922s] Level 1:colcon.colcon_core.package_identification:_identify(src/rtcbot_adapter) by extensions ['colcon_pkg']
[4.923s] Level 1:colcon.colcon_core.package_identification:_identify(src/rtcbot_adapter) by extension 'colcon_pkg'
[4.923s] Level 1:colcon.colcon_core.package_identification:_identify(src/rtcbot_adapter) by extensions ['colcon_meta']
[4.923s] Level 1:colcon.colcon_core.package_identification:_identify(src/rtcbot_adapter) by extension 'colcon_meta'
[4.923s] Level 1:colcon.colcon_core.package_identification:_identify(src/rtcbot_adapter) by extensions ['ros']
[4.923s] Level 1:colcon.colcon_core.package_identification:_identify(src/rtcbot_adapter) by extension 'ros'
[4.929s] DEBUG:colcon.colcon_core.package_identification:Package 'src/rtcbot_adapter' with type 'ros.ament_python' and name 'rtcbot_adapter'
[4.930s] Level 1:colcon.colcon_core.package_identification:_identify(src/sllidar_ros2) by extensions ['ignore', 'ignore_ament_install']
[4.930s] Level 1:colcon.colcon_core.package_identification:_identify(src/sllidar_ros2) by extension 'ignore'
[4.930s] Level 1:colcon.colcon_core.package_identification:_identify(src/sllidar_ros2) by extension 'ignore_ament_install'
[4.930s] Level 1:colcon.colcon_core.package_identification:_identify(src/sllidar_ros2) by extensions ['colcon_pkg']
[4.931s] Level 1:colcon.colcon_core.package_identification:_identify(src/sllidar_ros2) by extension 'colcon_pkg'
[4.931s] Level 1:colcon.colcon_core.package_identification:_identify(src/sllidar_ros2) by extensions ['colcon_meta']
[4.931s] Level 1:colcon.colcon_core.package_identification:_identify(src/sllidar_ros2) by extension 'colcon_meta'
[4.931s] Level 1:colcon.colcon_core.package_identification:_identify(src/sllidar_ros2) by extensions ['ros']
[4.931s] Level 1:colcon.colcon_core.package_identification:_identify(src/sllidar_ros2) by extension 'ros'
[4.938s] DEBUG:colcon.colcon_core.package_identification:Package 'src/sllidar_ros2' with type 'ros.ament_cmake' and name 'sllidar_ros2'
[4.939s] Level 1:colcon.colcon_core.package_identification:_identify(src/vision) by extensions ['ignore', 'ignore_ament_install']
[4.939s] Level 1:colcon.colcon_core.package_identification:_identify(src/vision) by extension 'ignore'
[4.939s] Level 1:colcon.colcon_core.package_identification:_identify(src/vision) by extension 'ignore_ament_install'
[4.940s] Level 1:colcon.colcon_core.package_identification:_identify(src/vision) by extensions ['colcon_pkg']
[4.940s] Level 1:colcon.colcon_core.package_identification:_identify(src/vision) by extension 'colcon_pkg'
[4.940s] Level 1:colcon.colcon_core.package_identification:_identify(src/vision) by extensions ['colcon_meta']
[4.940s] Level 1:colcon.colcon_core.package_identification:_identify(src/vision) by extension 'colcon_meta'
[4.940s] Level 1:colcon.colcon_core.package_identification:_identify(src/vision) by extensions ['ros']
[4.941s] Level 1:colcon.colcon_core.package_identification:_identify(src/vision) by extension 'ros'
[4.945s] DEBUG:colcon.colcon_core.package_identification:Package 'src/vision' with type 'ros.ament_python' and name 'vision'
[4.945s] Level 1:colcon.colcon_core.package_identification:_identify(src/ws_server) by extensions ['ignore', 'ignore_ament_install']
[4.946s] Level 1:colcon.colcon_core.package_identification:_identify(src/ws_server) by extension 'ignore'
[4.946s] Level 1:colcon.colcon_core.package_identification:_identify(src/ws_server) by extension 'ignore_ament_install'
[4.946s] Level 1:colcon.colcon_core.package_identification:_identify(src/ws_server) by extensions ['colcon_pkg']
[4.946s] Level 1:colcon.colcon_core.package_identification:_identify(src/ws_server) by extension 'colcon_pkg'
[4.946s] Level 1:colcon.colcon_core.package_identification:_identify(src/ws_server) by extensions ['colcon_meta']
[4.947s] Level 1:colcon.colcon_core.package_identification:_identify(src/ws_server) by extension 'colcon_meta'
[4.947s] Level 1:colcon.colcon_core.package_identification:_identify(src/ws_server) by extensions ['ros']
[4.947s] Level 1:colcon.colcon_core.package_identification:_identify(src/ws_server) by extension 'ros'
[4.953s] DEBUG:colcon.colcon_core.package_identification:Package 'src/ws_server' with type 'ros.ament_python' and name 'ws_server'
[4.953s] Level 1:colcon.colcon_core.package_discovery:discover_packages(recursive) using defaults
[4.953s] Level 1:colcon.colcon_core.package_discovery:discover_packages(ignore) discover
[4.954s] Level 1:colcon.colcon_core.package_discovery:discover_packages(ignore) using defaults
[4.954s] Level 1:colcon.colcon_core.package_discovery:discover_packages(path) discover
[4.954s] Level 1:colcon.colcon_core.package_discovery:discover_packages(path) using defaults
[5.284s] Level 5:colcon.colcon_core.verb:set package 'delivery_bot_package' build argument 'cmake_args' from command line to 'None'
[5.284s] Level 5:colcon.colcon_core.verb:set package 'delivery_bot_package' build argument 'cmake_target' from command line to 'None'
[5.284s] Level 5:colcon.colcon_core.verb:set package 'delivery_bot_package' build argument 'cmake_target_skip_unavailable' from command line to 'False'
[5.284s] Level 5:colcon.colcon_core.verb:set package 'delivery_bot_package' build argument 'cmake_clean_cache' from command line to 'False'
[5.284s] Level 5:colcon.colcon_core.verb:set package 'delivery_bot_package' build argument 'cmake_clean_first' from command line to 'False'
[5.285s] Level 5:colcon.colcon_core.verb:set package 'delivery_bot_package' build argument 'cmake_force_configure' from command line to 'False'
[5.285s] Level 5:colcon.colcon_core.verb:set package 'delivery_bot_package' build argument 'ament_cmake_args' from command line to 'None'
[5.285s] Level 5:colcon.colcon_core.verb:set package 'delivery_bot_package' build argument 'catkin_cmake_args' from command line to 'None'
[5.285s] Level 5:colcon.colcon_core.verb:set package 'delivery_bot_package' build argument 'catkin_skip_building_tests' from command line to 'False'
[5.285s] DEBUG:colcon.colcon_core.verb:Building package 'delivery_bot_package' with the following arguments: {'ament_cmake_args': None, 'build_base': '/ros2_ws/build/delivery_bot_package', 'catkin_cmake_args': None, 'catkin_skip_building_tests': False, 'cmake_args': None, 'cmake_clean_cache': False, 'cmake_clean_first': False, 'cmake_force_configure': False, 'cmake_target': None, 'cmake_target_skip_unavailable': False, 'install_base': '/ros2_ws/install/delivery_bot_package', 'merge_install': False, 'path': '/ros2_ws/src/delivery_bot_package', 'symlink_install': False, 'test_result_base': None}
[5.327s] Level 5:colcon.colcon_core.verb:set package 'digipot_interfaces' build argument 'cmake_args' from command line to 'None'
[5.327s] Level 5:colcon.colcon_core.verb:set package 'digipot_interfaces' build argument 'cmake_target' from command line to 'None'
[5.327s] Level 5:colcon.colcon_core.verb:set package 'digipot_interfaces' build argument 'cmake_target_skip_unavailable' from command line to 'False'
[5.328s] Level 5:colcon.colcon_core.verb:set package 'digipot_interfaces' build argument 'cmake_clean_cache' from command line to 'False'
[5.328s] Level 5:colcon.colcon_core.verb:set package 'digipot_interfaces' build argument 'cmake_clean_first' from command line to 'False'
[5.328s] Level 5:colcon.colcon_core.verb:set package 'digipot_interfaces' build argument 'cmake_force_configure' from command line to 'False'
[5.328s] Level 5:colcon.colcon_core.verb:set package 'digipot_interfaces' build argument 'ament_cmake_args' from command line to 'None'
[5.328s] Level 5:colcon.colcon_core.verb:set package 'digipot_interfaces' build argument 'catkin_cmake_args' from command line to 'None'
[5.328s] Level 5:colcon.colcon_core.verb:set package 'digipot_interfaces' build argument 'catkin_skip_building_tests' from command line to 'False'
[5.328s] DEBUG:colcon.colcon_core.verb:Building package 'digipot_interfaces' with the following arguments: {'ament_cmake_args': None, 'build_base': '/ros2_ws/build/digipot_interfaces', 'catkin_cmake_args': None, 'catkin_skip_building_tests': False, 'cmake_args': None, 'cmake_clean_cache': False, 'cmake_clean_first': False, 'cmake_force_configure': False, 'cmake_target': None, 'cmake_target_skip_unavailable': False, 'install_base': '/ros2_ws/install/digipot_interfaces', 'merge_install': False, 'path': '/ros2_ws/src/digipot_interfaces', 'symlink_install': False, 'test_result_base': None}
[5.370s] Level 5:colcon.colcon_core.verb:set package 'motion_control' build argument 'cmake_args' from command line to 'None'
[5.371s] Level 5:colcon.colcon_core.verb:set package 'motion_control' build argument 'cmake_target' from command line to 'None'
[5.371s] Level 5:colcon.colcon_core.verb:set package 'motion_control' build argument 'cmake_target_skip_unavailable' from command line to 'False'
[5.371s] Level 5:colcon.colcon_core.verb:set package 'motion_control' build argument 'cmake_clean_cache' from command line to 'False'
[5.371s] Level 5:colcon.colcon_core.verb:set package 'motion_control' build argument 'cmake_clean_first' from command line to 'False'
[5.371s] Level 5:colcon.colcon_core.verb:set package 'motion_control' build argument 'cmake_force_configure' from command line to 'False'
[5.371s] Level 5:colcon.colcon_core.verb:set package 'motion_control' build argument 'ament_cmake_args' from command line to 'None'
[5.371s] Level 5:colcon.colcon_core.verb:set package 'motion_control' build argument 'catkin_cmake_args' from command line to 'None'
[5.372s] Level 5:colcon.colcon_core.verb:set package 'motion_control' build argument 'catkin_skip_building_tests' from command line to 'False'
[5.372s] DEBUG:colcon.colcon_core.verb:Building package 'motion_control' with the following arguments: {'ament_cmake_args': None, 'build_base': '/ros2_ws/build/motion_control', 'catkin_cmake_args': None, 'catkin_skip_building_tests': False, 'cmake_args': None, 'cmake_clean_cache': False, 'cmake_clean_first': False, 'cmake_force_configure': False, 'cmake_target': None, 'cmake_target_skip_unavailable': False, 'install_base': '/ros2_ws/install/motion_control', 'merge_install': False, 'path': '/ros2_ws/src/motion_control', 'symlink_install': False, 'test_result_base': None}
[5.413s] Level 5:colcon.colcon_core.verb:set package 'rtcbot_adapter' build argument 'cmake_args' from command line to 'None'
[5.414s] Level 5:colcon.colcon_core.verb:set package 'rtcbot_adapter' build argument 'cmake_target' from command line to 'None'
[5.414s] Level 5:colcon.colcon_core.verb:set package 'rtcbot_adapter' build argument 'cmake_target_skip_unavailable' from command line to 'False'
[5.414s] Level 5:colcon.colcon_core.verb:set package 'rtcbot_adapter' build argument 'cmake_clean_cache' from command line to 'False'
[5.414s] Level 5:colcon.colcon_core.verb:set package 'rtcbot_adapter' build argument 'cmake_clean_first' from command line to 'False'
[5.414s] Level 5:colcon.colcon_core.verb:set package 'rtcbot_adapter' build argument 'cmake_force_configure' from command line to 'False'
[5.414s] Level 5:colcon.colcon_core.verb:set package 'rtcbot_adapter' build argument 'ament_cmake_args' from command line to 'None'
[5.414s] Level 5:colcon.colcon_core.verb:set package 'rtcbot_adapter' build argument 'catkin_cmake_args' from command line to 'None'
[5.415s] Level 5:colcon.colcon_core.verb:set package 'rtcbot_adapter' build argument 'catkin_skip_building_tests' from command line to 'False'
[5.415s] DEBUG:colcon.colcon_core.verb:Building package 'rtcbot_adapter' with the following arguments: {'ament_cmake_args': None, 'build_base': '/ros2_ws/build/rtcbot_adapter', 'catkin_cmake_args': None, 'catkin_skip_building_tests': False, 'cmake_args': None, 'cmake_clean_cache': False, 'cmake_clean_first': False, 'cmake_force_configure': False, 'cmake_target': None, 'cmake_target_skip_unavailable': False, 'install_base': '/ros2_ws/install/rtcbot_adapter', 'merge_install': False, 'path': '/ros2_ws/src/rtcbot_adapter', 'symlink_install': False, 'test_result_base': None}
[5.457s] Level 5:colcon.colcon_core.verb:set package 'sllidar_ros2' build argument 'cmake_args' from command line to 'None'
[5.457s] Level 5:colcon.colcon_core.verb:set package 'sllidar_ros2' build argument 'cmake_target' from command line to 'None'
[5.457s] Level 5:colcon.colcon_core.verb:set package 'sllidar_ros2' build argument 'cmake_target_skip_unavailable' from command line to 'False'
[5.457s] Level 5:colcon.colcon_core.verb:set package 'sllidar_ros2' build argument 'cmake_clean_cache' from command line to 'False'
[5.457s] Level 5:colcon.colcon_core.verb:set package 'sllidar_ros2' build argument 'cmake_clean_first' from command line to 'False'
[5.458s] Level 5:colcon.colcon_core.verb:set package 'sllidar_ros2' build argument 'cmake_force_configure' from command line to 'False'
[5.458s] Level 5:colcon.colcon_core.verb:set package 'sllidar_ros2' build argument 'ament_cmake_args' from command line to 'None'
[5.458s] Level 5:colcon.colcon_core.verb:set package 'sllidar_ros2' build argument 'catkin_cmake_args' from command line to 'None'
[5.458s] Level 5:colcon.colcon_core.verb:set package 'sllidar_ros2' build argument 'catkin_skip_building_tests' from command line to 'False'
[5.458s] DEBUG:colcon.colcon_core.verb:Building package 'sllidar_ros2' with the following arguments: {'ament_cmake_args': None, 'build_base': '/ros2_ws/build/sllidar_ros2', 'catkin_cmake_args': None, 'catkin_skip_building_tests': False, 'cmake_args': None, 'cmake_clean_cache': False, 'cmake_clean_first': False, 'cmake_force_configure': False, 'cmake_target': None, 'cmake_target_skip_unavailable': False, 'install_base': '/ros2_ws/install/sllidar_ros2', 'merge_install': False, 'path': '/ros2_ws/src/sllidar_ros2', 'symlink_install': False, 'test_result_base': None}
[5.500s] Level 5:colcon.colcon_core.verb:set package 'vision' build argument 'cmake_args' from command line to 'None'
[5.500s] Level 5:colcon.colcon_core.verb:set package 'vision' build argument 'cmake_target' from command line to 'None'
[5.501s] Level 5:colcon.colcon_core.verb:set package 'vision' build argument 'cmake_target_skip_unavailable' from command line to 'False'
[5.501s] Level 5:colcon.colcon_core.verb:set package 'vision' build argument 'cmake_clean_cache' from command line to 'False'
[5.501s] Level 5:colcon.colcon_core.verb:set package 'vision' build argument 'cmake_clean_first' from command line to 'False'
[5.501s] Level 5:colcon.colcon_core.verb:set package 'vision' build argument 'cmake_force_configure' from command line to 'False'
[5.501s] Level 5:colcon.colcon_core.verb:set package 'vision' build argument 'ament_cmake_args' from command line to 'None'
[5.501s] Level 5:colcon.colcon_core.verb:set package 'vision' build argument 'catkin_cmake_args' from command line to 'None'
[5.501s] Level 5:colcon.colcon_core.verb:set package 'vision' build argument 'catkin_skip_building_tests' from command line to 'False'
[5.502s] DEBUG:colcon.colcon_core.verb:Building package 'vision' with the following arguments: {'ament_cmake_args': None, 'build_base': '/ros2_ws/build/vision', 'catkin_cmake_args': None, 'catkin_skip_building_tests': False, 'cmake_args': None, 'cmake_clean_cache': False, 'cmake_clean_first': False, 'cmake_force_configure': False, 'cmake_target': None, 'cmake_target_skip_unavailable': False, 'install_base': '/ros2_ws/install/vision', 'merge_install': False, 'path': '/ros2_ws/src/vision', 'symlink_install': False, 'test_result_base': None}
[5.543s] Level 5:colcon.colcon_core.verb:set package 'ws_server' build argument 'cmake_args' from command line to 'None'
[5.543s] Level 5:colcon.colcon_core.verb:set package 'ws_server' build argument 'cmake_target' from command line to 'None'
[5.543s] Level 5:colcon.colcon_core.verb:set package 'ws_server' build argument 'cmake_target_skip_unavailable' from command line to 'False'
[5.543s] Level 5:colcon.colcon_core.verb:set package 'ws_server' build argument 'cmake_clean_cache' from command line to 'False'
[5.543s] Level 5:colcon.colcon_core.verb:set package 'ws_server' build argument 'cmake_clean_first' from command line to 'False'
[5.544s] Level 5:colcon.colcon_core.verb:set package 'ws_server' build argument 'cmake_force_configure' from command line to 'False'
[5.544s] Level 5:colcon.colcon_core.verb:set package 'ws_server' build argument 'ament_cmake_args' from command line to 'None'
[5.544s] Level 5:colcon.colcon_core.verb:set package 'ws_server' build argument 'catkin_cmake_args' from command line to 'None'
[5.544s] Level 5:colcon.colcon_core.verb:set package 'ws_server' build argument 'catkin_skip_building_tests' from command line to 'False'
[5.544s] DEBUG:colcon.colcon_core.verb:Building package 'ws_server' with the following arguments: {'ament_cmake_args': None, 'build_base': '/ros2_ws/build/ws_server', 'catkin_cmake_args': None, 'catkin_skip_building_tests': False, 'cmake_args': None, 'cmake_clean_cache': False, 'cmake_clean_first': False, 'cmake_force_configure': False, 'cmake_target': None, 'cmake_target_skip_unavailable': False, 'install_base': '/ros2_ws/install/ws_server', 'merge_install': False, 'path': '/ros2_ws/src/ws_server', 'symlink_install': False, 'test_result_base': None}
[5.586s] Level 5:colcon.colcon_core.verb:set package 'digipot' build argument 'cmake_args' from command line to 'None'
[5.586s] Level 5:colcon.colcon_core.verb:set package 'digipot' build argument 'cmake_target' from command line to 'None'
[5.586s] Level 5:colcon.colcon_core.verb:set package 'digipot' build argument 'cmake_target_skip_unavailable' from command line to 'False'
[5.586s] Level 5:colcon.colcon_core.verb:set package 'digipot' build argument 'cmake_clean_cache' from command line to 'False'
[5.587s] Level 5:colcon.colcon_core.verb:set package 'digipot' build argument 'cmake_clean_first' from command line to 'False'
[5.587s] Level 5:colcon.colcon_core.verb:set package 'digipot' build argument 'cmake_force_configure' from command line to 'False'
[5.587s] Level 5:colcon.colcon_core.verb:set package 'digipot' build argument 'ament_cmake_args' from command line to 'None'
[5.587s] Level 5:colcon.colcon_core.verb:set package 'digipot' build argument 'catkin_cmake_args' from command line to 'None'
[5.587s] Level 5:colcon.colcon_core.verb:set package 'digipot' build argument 'catkin_skip_building_tests' from command line to 'False'
[5.587s] DEBUG:colcon.colcon_core.verb:Building package 'digipot' with the following arguments: {'ament_cmake_args': None, 'build_base': '/ros2_ws/build/digipot', 'catkin_cmake_args': None, 'catkin_skip_building_tests': False, 'cmake_args': None, 'cmake_clean_cache': False, 'cmake_clean_first': False, 'cmake_force_configure': False, 'cmake_target': None, 'cmake_target_skip_unavailable': False, 'install_base': '/ros2_ws/install/digipot', 'merge_install': False, 'path': '/ros2_ws/src/digipot', 'symlink_install': False, 'test_result_base': None}
[5.628s] INFO:colcon.colcon_core.executor:Executing jobs using 'parallel' executor
[5.673s] DEBUG:colcon.colcon_parallel_executor.executor.parallel:run_until_complete
[5.676s] INFO:colcon.colcon_ros.task.ament_cmake.build:Building ROS package in '/ros2_ws/src/digipot_interfaces' with build type 'ament_cmake'
[5.677s] INFO:colcon.colcon_cmake.task.cmake.build:Building CMake package in '/ros2_ws/src/digipot_interfaces'
[5.746s] INFO:colcon.colcon_core.plugin_system:Skipping extension 'colcon_core.shell.bat': Not used on non-Windows systems
[5.747s] INFO:colcon.colcon_core.shell:Skip shell extension 'powershell' for command environment: Not usable outside of PowerShell
[5.747s] DEBUG:colcon.colcon_core.shell:Skip shell extension 'dsv' for command environment
[5.857s] INFO:colcon.colcon_ros.task.ament_cmake.build:Building ROS package in '/ros2_ws/src/delivery_bot_package' with build type 'ament_cmake'
[5.858s] INFO:colcon.colcon_cmake.task.cmake.build:Building CMake package in '/ros2_ws/src/delivery_bot_package'
[5.904s] INFO:colcon.colcon_core.shell:Skip shell extension 'powershell' for command environment: Not usable outside of PowerShell
[5.905s] DEBUG:colcon.colcon_core.shell:Skip shell extension 'dsv' for command environment
[5.998s] INFO:colcon.colcon_ros.task.ament_python.build:Building ROS package in '/ros2_ws/src/motion_control' with build type 'ament_python'
[5.999s] Level 1:colcon.colcon_core.shell:create_environment_hook('motion_control', 'ament_prefix_path')
[6.043s] INFO:colcon.colcon_core.shell:Creating environment hook '/ros2_ws/install/motion_control/share/motion_control/hook/ament_prefix_path.ps1'
[6.050s] INFO:colcon.colcon_core.shell:Creating environment descriptor '/ros2_ws/install/motion_control/share/motion_control/hook/ament_prefix_path.dsv'
[6.053s] INFO:colcon.colcon_core.shell:Creating environment hook '/ros2_ws/install/motion_control/share/motion_control/hook/ament_prefix_path.sh'
[6.100s] INFO:colcon.colcon_core.shell:Skip shell extension 'powershell' for command environment: Not usable outside of PowerShell
[6.100s] DEBUG:colcon.colcon_core.shell:Skip shell extension 'dsv' for command environment
[6.192s] INFO:colcon.colcon_ros.task.ament_python.build:Building ROS package in '/ros2_ws/src/rtcbot_adapter' with build type 'ament_python'
[6.193s] Level 1:colcon.colcon_core.shell:create_environment_hook('rtcbot_adapter', 'ament_prefix_path')
[6.237s] INFO:colcon.colcon_core.shell:Creating environment hook '/ros2_ws/install/rtcbot_adapter/share/rtcbot_adapter/hook/ament_prefix_path.ps1'
[6.241s] INFO:colcon.colcon_core.shell:Creating environment descriptor '/ros2_ws/install/rtcbot_adapter/share/rtcbot_adapter/hook/ament_prefix_path.dsv'
[6.242s] INFO:colcon.colcon_core.shell:Creating environment hook '/ros2_ws/install/rtcbot_adapter/share/rtcbot_adapter/hook/ament_prefix_path.sh'
[6.288s] INFO:colcon.colcon_core.shell:Skip shell extension 'powershell' for command environment: Not usable outside of PowerShell
[6.289s] DEBUG:colcon.colcon_core.shell:Skip shell extension 'dsv' for command environment
[6.396s] DEBUG:colcon.colcon_core.event_handler.log_command:Invoking command in '/ros2_ws/build/digipot_interfaces': CMAKE_PREFIX_PATH=/opt/ros/humble /usr/bin/cmake /ros2_ws/src/digipot_interfaces -DCMAKE_INSTALL_PREFIX=/ros2_ws/install/digipot_interfaces
[6.455s] DEBUG:colcon.colcon_core.event_handler.log_command:Invoking command in '/ros2_ws/build/delivery_bot_package': CMAKE_PREFIX_PATH=/opt/ros/humble /usr/bin/cmake /ros2_ws/src/delivery_bot_package -DCMAKE_INSTALL_PREFIX=/ros2_ws/install/delivery_bot_package
[7.435s] INFO:colcon.colcon_core.task.python.build:Building Python package in '/ros2_ws/src/motion_control'
[7.513s] INFO:colcon.colcon_core.shell:Skip shell extension 'powershell' for command environment: Not usable outside of PowerShell
[7.514s] DEBUG:colcon.colcon_core.shell:Skip shell extension 'dsv' for command environment
[8.585s] INFO:colcon.colcon_core.task.python.build:Building Python package in '/ros2_ws/src/rtcbot_adapter'
[8.637s] INFO:colcon.colcon_core.shell:Skip shell extension 'powershell' for command environment: Not usable outside of PowerShell
[8.637s] DEBUG:colcon.colcon_core.shell:Skip shell extension 'dsv' for command environment
[10.300s] DEBUG:colcon.colcon_core.event_handler.log_command:Invoking command in '/ros2_ws/build/rtcbot_adapter': PYTHONPATH=/ros2_ws/build/rtcbot_adapter/prefix_override:/ros2_ws/install/rtcbot_adapter/lib/python3.10/site-packages:${PYTHONPATH} /usr/bin/python3 setup.py develop --uninstall --editable --build-directory /ros2_ws/build/rtcbot_adapter/build
[10.311s] DEBUG:colcon.colcon_core.event_handler.log_command:Invoking command in '/ros2_ws/build/motion_control': PYTHONPATH=/ros2_ws/build/motion_control/prefix_override:/ros2_ws/install/motion_control/lib/python3.10/site-packages:${PYTHONPATH} /usr/bin/python3 setup.py develop --uninstall --editable --build-directory /ros2_ws/build/motion_control/build
[10.431s] DEBUG:colcon.colcon_core.event_handler.log_command:Invoked command in '/ros2_ws/build/delivery_bot_package' returned '0': CMAKE_PREFIX_PATH=/opt/ros/humble /usr/bin/cmake /ros2_ws/src/delivery_bot_package -DCMAKE_INSTALL_PREFIX=/ros2_ws/install/delivery_bot_package
[10.432s] DEBUG:colcon.colcon_core.event_handler.log_command:Invoking command in '/ros2_ws/build/delivery_bot_package': CMAKE_PREFIX_PATH=/opt/ros/humble /usr/bin/cmake --build /ros2_ws/build/delivery_bot_package -- -j4 -l4
[10.779s] DEBUG:colcon.colcon_core.event_handler.log_command:Invoked command in '/ros2_ws/build/delivery_bot_package' returned '0': CMAKE_PREFIX_PATH=/opt/ros/humble /usr/bin/cmake --build /ros2_ws/build/delivery_bot_package -- -j4 -l4
[10.894s] DEBUG:colcon.colcon_core.event_handler.log_command:Invoking command in '/ros2_ws/build/delivery_bot_package': CMAKE_PREFIX_PATH=/opt/ros/humble /usr/bin/cmake --install /ros2_ws/build/delivery_bot_package
[10.995s] Level 1:colcon.colcon_core.environment:create_environment_scripts_only(delivery_bot_package)
[11.004s] DEBUG:colcon.colcon_core.event_handler.log_command:Invoked command in '/ros2_ws/build/delivery_bot_package' returned '0': CMAKE_PREFIX_PATH=/opt/ros/humble /usr/bin/cmake --install /ros2_ws/build/delivery_bot_package
[11.076s] Level 1:colcon.colcon_core.environment:checking '/ros2_ws/install/delivery_bot_package' for CMake module files
[11.079s] Level 1:colcon.colcon_core.environment:checking '/ros2_ws/install/delivery_bot_package' for CMake config files
[11.082s] Level 1:colcon.colcon_core.shell:create_environment_hook('delivery_bot_package', 'cmake_prefix_path')
[11.138s] INFO:colcon.colcon_core.shell:Creating environment hook '/ros2_ws/install/delivery_bot_package/share/delivery_bot_package/hook/cmake_prefix_path.ps1'
[11.141s] INFO:colcon.colcon_core.shell:Creating environment descriptor '/ros2_ws/install/delivery_bot_package/share/delivery_bot_package/hook/cmake_prefix_path.dsv'
[11.142s] INFO:colcon.colcon_core.shell:Creating environment hook '/ros2_ws/install/delivery_bot_package/share/delivery_bot_package/hook/cmake_prefix_path.sh'
[11.145s] Level 1:colcon.colcon_core.environment:checking '/ros2_ws/install/delivery_bot_package/lib'
[11.146s] Level 1:colcon.colcon_core.environment:checking '/ros2_ws/install/delivery_bot_package/bin'
[11.146s] Level 1:colcon.colcon_core.environment:checking '/ros2_ws/install/delivery_bot_package/lib/pkgconfig/delivery_bot_package.pc'
[11.149s] Level 1:colcon.colcon_core.environment:checking '/ros2_ws/install/delivery_bot_package/lib/python3.10/site-packages'
[11.150s] Level 1:colcon.colcon_core.environment:checking '/ros2_ws/install/delivery_bot_package/bin'
[11.202s] INFO:colcon.colcon_core.shell:Creating package script '/ros2_ws/install/delivery_bot_package/share/delivery_bot_package/package.ps1'
[11.207s] INFO:colcon.colcon_core.shell:Creating package descriptor '/ros2_ws/install/delivery_bot_package/share/delivery_bot_package/package.dsv'
[11.213s] INFO:colcon.colcon_core.shell:Creating package script '/ros2_ws/install/delivery_bot_package/share/delivery_bot_package/package.sh'
[11.219s] INFO:colcon.colcon_core.shell:Creating package script '/ros2_ws/install/delivery_bot_package/share/delivery_bot_package/package.bash'
[11.225s] INFO:colcon.colcon_core.shell:Creating package script '/ros2_ws/install/delivery_bot_package/share/delivery_bot_package/package.zsh'
[11.238s] Level 1:colcon.colcon_core.environment:create_file_with_runtime_dependencies(/ros2_ws/install/delivery_bot_package/share/colcon-core/packages/delivery_bot_package)
[11.414s] Level 1:colcon.colcon_core.environment:create_environment_scripts_only(delivery_bot_package)
[11.476s] Level 1:colcon.colcon_core.environment:checking '/ros2_ws/install/delivery_bot_package' for CMake module files
[11.479s] Level 1:colcon.colcon_core.environment:checking '/ros2_ws/install/delivery_bot_package' for CMake config files
[11.480s] Level 1:colcon.colcon_core.shell:create_environment_hook('delivery_bot_package', 'cmake_prefix_path')
[11.525s] INFO:colcon.colcon_core.shell:Creating environment hook '/ros2_ws/install/delivery_bot_package/share/delivery_bot_package/hook/cmake_prefix_path.ps1'
[11.528s] INFO:colcon.colcon_core.shell:Creating environment descriptor '/ros2_ws/install/delivery_bot_package/share/delivery_bot_package/hook/cmake_prefix_path.dsv'
[11.530s] INFO:colcon.colcon_core.shell:Creating environment hook '/ros2_ws/install/delivery_bot_package/share/delivery_bot_package/hook/cmake_prefix_path.sh'
[11.532s] Level 1:colcon.colcon_core.environment:checking '/ros2_ws/install/delivery_bot_package/lib'
[11.532s] Level 1:colcon.colcon_core.environment:checking '/ros2_ws/install/delivery_bot_package/bin'
[11.532s] Level 1:colcon.colcon_core.environment:checking '/ros2_ws/install/delivery_bot_package/lib/pkgconfig/delivery_bot_package.pc'
[11.534s] Level 1:colcon.colcon_core.environment:checking '/ros2_ws/install/delivery_bot_package/lib/python3.10/site-packages'
[11.535s] Level 1:colcon.colcon_core.environment:checking '/ros2_ws/install/delivery_bot_package/bin'
[11.582s] INFO:colcon.colcon_core.shell:Creating package script '/ros2_ws/install/delivery_bot_package/share/delivery_bot_package/package.ps1'
[11.585s] INFO:colcon.colcon_core.shell:Creating package descriptor '/ros2_ws/install/delivery_bot_package/share/delivery_bot_package/package.dsv'
[11.587s] INFO:colcon.colcon_core.shell:Creating package script '/ros2_ws/install/delivery_bot_package/share/delivery_bot_package/package.sh'
[11.589s] INFO:colcon.colcon_core.shell:Creating package script '/ros2_ws/install/delivery_bot_package/share/delivery_bot_package/package.bash'
[11.591s] INFO:colcon.colcon_core.shell:Creating package script '/ros2_ws/install/delivery_bot_package/share/delivery_bot_package/package.zsh'
[11.593s] Level 1:colcon.colcon_core.environment:create_file_with_runtime_dependencies(/ros2_ws/install/delivery_bot_package/share/colcon-core/packages/delivery_bot_package)
[11.595s] INFO:colcon.colcon_ros.task.ament_cmake.build:Building ROS package in '/ros2_ws/src/sllidar_ros2' with build type 'ament_cmake'
[11.596s] INFO:colcon.colcon_cmake.task.cmake.build:Building CMake package in '/ros2_ws/src/sllidar_ros2'
[11.646s] INFO:colcon.colcon_core.shell:Skip shell extension 'powershell' for command environment: Not usable outside of PowerShell
[11.646s] DEBUG:colcon.colcon_core.shell:Skip shell extension 'dsv' for command environment
[11.748s] DEBUG:colcon.colcon_core.event_handler.log_command:Invoked command in '/ros2_ws/build/digipot_interfaces' returned '0': CMAKE_PREFIX_PATH=/opt/ros/humble /usr/bin/cmake /ros2_ws/src/digipot_interfaces -DCMAKE_INSTALL_PREFIX=/ros2_ws/install/digipot_interfaces
[11.754s] DEBUG:colcon.colcon_core.event_handler.log_command:Invoking command in '/ros2_ws/build/digipot_interfaces': CMAKE_PREFIX_PATH=/opt/ros/humble /usr/bin/cmake --build /ros2_ws/build/digipot_interfaces -- -j4 -l4
[11.779s] DEBUG:colcon.colcon_core.event_handler.log_command:Invoking command in '/ros2_ws/build/sllidar_ros2': CMAKE_PREFIX_PATH=/opt/ros/humble /usr/bin/cmake /ros2_ws/src/sllidar_ros2 -DCMAKE_INSTALL_PREFIX=/ros2_ws/install/sllidar_ros2
[11.929s] DEBUG:colcon.colcon_core.event_handler.log_command:Invoked command in '/ros2_ws/build/rtcbot_adapter' returned '0': PYTHONPATH=/ros2_ws/build/rtcbot_adapter/prefix_override:/ros2_ws/install/rtcbot_adapter/lib/python3.10/site-packages:${PYTHONPATH} /usr/bin/python3 setup.py develop --uninstall --editable --build-directory /ros2_ws/build/rtcbot_adapter/build
[11.935s] DEBUG:colcon.colcon_core.event_handler.log_command:Invoking command in '/ros2_ws/src/rtcbot_adapter': PYTHONPATH=/ros2_ws/build/rtcbot_adapter/prefix_override:/ros2_ws/install/rtcbot_adapter/lib/python3.10/site-packages:${PYTHONPATH} /usr/bin/python3 setup.py egg_info --egg-base ../../build/rtcbot_adapter build --build-base /ros2_ws/build/rtcbot_adapter/build install --record /ros2_ws/build/rtcbot_adapter/install.log --single-version-externally-managed
[11.967s] DEBUG:colcon.colcon_core.event_handler.log_command:Invoked command in '/ros2_ws/build/motion_control' returned '0': PYTHONPATH=/ros2_ws/build/motion_control/prefix_override:/ros2_ws/install/motion_control/lib/python3.10/site-packages:${PYTHONPATH} /usr/bin/python3 setup.py develop --uninstall --editable --build-directory /ros2_ws/build/motion_control/build
[11.968s] DEBUG:colcon.colcon_core.event_handler.log_command:Invoking command in '/ros2_ws/src/motion_control': PYTHONPATH=/ros2_ws/build/motion_control/prefix_override:/ros2_ws/install/motion_control/lib/python3.10/site-packages:${PYTHONPATH} /usr/bin/python3 setup.py egg_info --egg-base ../../build/motion_control build --build-base /ros2_ws/build/motion_control/build install --record /ros2_ws/build/motion_control/install.log --install-scripts $base/lib/motion_control --single-version-externally-managed
[13.277s] DEBUG:colcon.colcon_core.event_handler.log_command:Invoked command in '/ros2_ws/src/rtcbot_adapter' returned '0': PYTHONPATH=/ros2_ws/build/rtcbot_adapter/prefix_override:/ros2_ws/install/rtcbot_adapter/lib/python3.10/site-packages:${PYTHONPATH} /usr/bin/python3 setup.py egg_info --egg-base ../../build/rtcbot_adapter build --build-base /ros2_ws/build/rtcbot_adapter/build install --record /ros2_ws/build/rtcbot_adapter/install.log --single-version-externally-managed
[13.336s] Level 1:colcon.colcon_core.environment:checking '/ros2_ws/install/rtcbot_adapter' for CMake module files
[13.339s] Level 1:colcon.colcon_core.environment:checking '/ros2_ws/install/rtcbot_adapter' for CMake config files
[13.346s] Level 1:colcon.colcon_core.environment:checking '/ros2_ws/install/rtcbot_adapter/lib'
[13.347s] Level 1:colcon.colcon_core.environment:checking '/ros2_ws/install/rtcbot_adapter/bin'
[13.347s] Level 1:colcon.colcon_core.environment:checking '/ros2_ws/install/rtcbot_adapter/lib/pkgconfig/rtcbot_adapter.pc'
[13.349s] Level 1:colcon.colcon_core.environment:checking '/ros2_ws/install/rtcbot_adapter/lib/python3.10/site-packages'
[13.349s] Level 1:colcon.colcon_core.shell:create_environment_hook('rtcbot_adapter', 'pythonpath')
[13.402s] INFO:colcon.colcon_core.shell:Creating environment hook '/ros2_ws/install/rtcbot_adapter/share/rtcbot_adapter/hook/pythonpath.ps1'
[13.404s] INFO:colcon.colcon_core.shell:Creating environment descriptor '/ros2_ws/install/rtcbot_adapter/share/rtcbot_adapter/hook/pythonpath.dsv'
[13.405s] INFO:colcon.colcon_core.shell:Creating environment hook '/ros2_ws/install/rtcbot_adapter/share/rtcbot_adapter/hook/pythonpath.sh'
[13.408s] Level 1:colcon.colcon_core.environment:checking '/ros2_ws/install/rtcbot_adapter/bin'
[13.408s] Level 1:colcon.colcon_core.environment:create_environment_scripts_only(rtcbot_adapter)
[13.454s] INFO:colcon.colcon_core.shell:Creating package script '/ros2_ws/install/rtcbot_adapter/share/rtcbot_adapter/package.ps1'
[13.457s] INFO:colcon.colcon_core.shell:Creating package descriptor '/ros2_ws/install/rtcbot_adapter/share/rtcbot_adapter/package.dsv'
[13.460s] INFO:colcon.colcon_core.shell:Creating package script '/ros2_ws/install/rtcbot_adapter/share/rtcbot_adapter/package.sh'
[13.462s] INFO:colcon.colcon_core.shell:Creating package script '/ros2_ws/install/rtcbot_adapter/share/rtcbot_adapter/package.bash'
[13.464s] INFO:colcon.colcon_core.shell:Creating package script '/ros2_ws/install/rtcbot_adapter/share/rtcbot_adapter/package.zsh'
[13.465s] Level 1:colcon.colcon_core.environment:create_file_with_runtime_dependencies(/ros2_ws/install/rtcbot_adapter/share/colcon-core/packages/rtcbot_adapter)
[13.467s] INFO:colcon.colcon_ros.task.ament_python.build:Building ROS package in '/ros2_ws/src/vision' with build type 'ament_python'
[13.468s] Level 1:colcon.colcon_core.shell:create_environment_hook('vision', 'ament_prefix_path')
[13.520s] INFO:colcon.colcon_core.shell:Creating environment hook '/ros2_ws/install/vision/share/vision/hook/ament_prefix_path.ps1'
[13.525s] INFO:colcon.colcon_core.shell:Creating environment descriptor '/ros2_ws/install/vision/share/vision/hook/ament_prefix_path.dsv'
[13.526s] INFO:colcon.colcon_core.shell:Creating environment hook '/ros2_ws/install/vision/share/vision/hook/ament_prefix_path.sh'
[13.575s] INFO:colcon.colcon_core.shell:Skip shell extension 'powershell' for command environment: Not usable outside of PowerShell
[13.575s] DEBUG:colcon.colcon_core.shell:Skip shell extension 'dsv' for command environment
[13.706s] DEBUG:colcon.colcon_core.event_handler.log_command:Invoked command in '/ros2_ws/src/motion_control' returned '0': PYTHONPATH=/ros2_ws/build/motion_control/prefix_override:/ros2_ws/install/motion_control/lib/python3.10/site-packages:${PYTHONPATH} /usr/bin/python3 setup.py egg_info --egg-base ../../build/motion_control build --build-base /ros2_ws/build/motion_control/build install --record /ros2_ws/build/motion_control/install.log --install-scripts $base/lib/motion_control --single-version-externally-managed
[13.759s] Level 1:colcon.colcon_core.environment:checking '/ros2_ws/install/motion_control' for CMake module files
[13.766s] Level 1:colcon.colcon_core.environment:checking '/ros2_ws/install/motion_control' for CMake config files
[13.770s] Level 1:colcon.colcon_core.environment:checking '/ros2_ws/install/motion_control/lib'
[13.770s] Level 1:colcon.colcon_core.environment:checking '/ros2_ws/install/motion_control/bin'
[13.770s] Level 1:colcon.colcon_core.environment:checking '/ros2_ws/install/motion_control/lib/pkgconfig/motion_control.pc'
[13.772s] Level 1:colcon.colcon_core.environment:checking '/ros2_ws/install/motion_control/lib/python3.10/site-packages'
[13.772s] Level 1:colcon.colcon_core.shell:create_environment_hook('motion_control', 'pythonpath')
[13.819s] INFO:colcon.colcon_core.shell:Creating environment hook '/ros2_ws/install/motion_control/share/motion_control/hook/pythonpath.ps1'
[13.822s] INFO:colcon.colcon_core.shell:Creating environment descriptor '/ros2_ws/install/motion_control/share/motion_control/hook/pythonpath.dsv'
[13.823s] INFO:colcon.colcon_core.shell:Creating environment hook '/ros2_ws/install/motion_control/share/motion_control/hook/pythonpath.sh'
[13.826s] Level 1:colcon.colcon_core.environment:checking '/ros2_ws/install/motion_control/bin'
[13.826s] Level 1:colcon.colcon_core.environment:create_environment_scripts_only(motion_control)
[13.872s] INFO:colcon.colcon_core.shell:Creating package script '/ros2_ws/install/motion_control/share/motion_control/package.ps1'
[13.874s] INFO:colcon.colcon_core.shell:Creating package descriptor '/ros2_ws/install/motion_control/share/motion_control/package.dsv'
[13.876s] INFO:colcon.colcon_core.shell:Creating package script '/ros2_ws/install/motion_control/share/motion_control/package.sh'
[13.878s] INFO:colcon.colcon_core.shell:Creating package script '/ros2_ws/install/motion_control/share/motion_control/package.bash'
[13.879s] INFO:colcon.colcon_core.shell:Creating package script '/ros2_ws/install/motion_control/share/motion_control/package.zsh'
[13.880s] Level 1:colcon.colcon_core.environment:create_file_with_runtime_dependencies(/ros2_ws/install/motion_control/share/colcon-core/packages/motion_control)
[13.883s] INFO:colcon.colcon_ros.task.ament_python.build:Building ROS package in '/ros2_ws/src/ws_server' with build type 'ament_python'
[13.883s] Level 1:colcon.colcon_core.shell:create_environment_hook('ws_server', 'ament_prefix_path')
[13.929s] INFO:colcon.colcon_core.shell:Creating environment hook '/ros2_ws/install/ws_server/share/ws_server/hook/ament_prefix_path.ps1'
[13.935s] INFO:colcon.colcon_core.shell:Creating environment descriptor '/ros2_ws/install/ws_server/share/ws_server/hook/ament_prefix_path.dsv'
[13.937s] INFO:colcon.colcon_core.shell:Creating environment hook '/ros2_ws/install/ws_server/share/ws_server/hook/ament_prefix_path.sh'
[13.983s] INFO:colcon.colcon_core.shell:Skip shell extension 'powershell' for command environment: Not usable outside of PowerShell
[13.983s] DEBUG:colcon.colcon_core.shell:Skip shell extension 'dsv' for command environment
[14.962s] INFO:colcon.colcon_core.task.python.build:Building Python package in '/ros2_ws/src/vision'
[15.007s] INFO:colcon.colcon_core.shell:Skip shell extension 'powershell' for command environment: Not usable outside of PowerShell
[15.007s] DEBUG:colcon.colcon_core.shell:Skip shell extension 'dsv' for command environment
[15.102s] DEBUG:colcon.colcon_core.event_handler.log_command:Invoked command in '/ros2_ws/build/digipot_interfaces' returned '0': CMAKE_PREFIX_PATH=/opt/ros/humble /usr/bin/cmake --build /ros2_ws/build/digipot_interfaces -- -j4 -l4
[16.059s] INFO:colcon.colcon_core.task.python.build:Building Python package in '/ros2_ws/src/ws_server'
[16.103s] INFO:colcon.colcon_core.shell:Skip shell extension 'powershell' for command environment: Not usable outside of PowerShell
[16.103s] DEBUG:colcon.colcon_core.shell:Skip shell extension 'dsv' for command environment
[16.249s] DEBUG:colcon.colcon_core.event_handler.log_command:Invoked command in '/ros2_ws/build/sllidar_ros2' returned '0': CMAKE_PREFIX_PATH=/opt/ros/humble /usr/bin/cmake /ros2_ws/src/sllidar_ros2 -DCMAKE_INSTALL_PREFIX=/ros2_ws/install/sllidar_ros2
[16.254s] DEBUG:colcon.colcon_core.event_handler.log_command:Invoking command in '/ros2_ws/build/sllidar_ros2': CMAKE_PREFIX_PATH=/opt/ros/humble /usr/bin/cmake --build /ros2_ws/build/sllidar_ros2 -- -j4 -l4
[16.260s] DEBUG:colcon.colcon_core.event_handler.log_command:Invoking command in '/ros2_ws/build/digipot_interfaces': CMAKE_PREFIX_PATH=/opt/ros/humble /usr/bin/cmake --install /ros2_ws/build/digipot_interfaces
[16.703s] Level 1:colcon.colcon_core.environment:create_environment_scripts_only(digipot_interfaces)
[16.709s] DEBUG:colcon.colcon_core.event_handler.log_command:Invoked command in '/ros2_ws/build/digipot_interfaces' returned '0': CMAKE_PREFIX_PATH=/opt/ros/humble /usr/bin/cmake --install /ros2_ws/build/digipot_interfaces
[16.757s] Level 1:colcon.colcon_core.environment:checking '/ros2_ws/install/digipot_interfaces' for CMake module files
[16.761s] Level 1:colcon.colcon_core.environment:checking '/ros2_ws/install/digipot_interfaces' for CMake config files
[16.767s] Level 1:colcon.colcon_core.shell:create_environment_hook('digipot_interfaces', 'cmake_prefix_path')
[16.812s] INFO:colcon.colcon_core.shell:Creating environment hook '/ros2_ws/install/digipot_interfaces/share/digipot_interfaces/hook/cmake_prefix_path.ps1'
[16.817s] INFO:colcon.colcon_core.shell:Creating environment descriptor '/ros2_ws/install/digipot_interfaces/share/digipot_interfaces/hook/cmake_prefix_path.dsv'
[16.819s] INFO:colcon.colcon_core.shell:Creating environment hook '/ros2_ws/install/digipot_interfaces/share/digipot_interfaces/hook/cmake_prefix_path.sh'
[16.821s] Level 1:colcon.colcon_core.environment:checking '/ros2_ws/install/digipot_interfaces/lib'
[16.821s] Level 1:colcon.colcon_core.shell:create_environment_hook('digipot_interfaces', 'ld_library_path_lib')
[16.867s] INFO:colcon.colcon_core.shell:Creating environment hook '/ros2_ws/install/digipot_interfaces/share/digipot_interfaces/hook/ld_library_path_lib.ps1'
[16.869s] INFO:colcon.colcon_core.shell:Creating environment descriptor '/ros2_ws/install/digipot_interfaces/share/digipot_interfaces/hook/ld_library_path_lib.dsv'
[16.870s] INFO:colcon.colcon_core.shell:Creating environment hook '/ros2_ws/install/digipot_interfaces/share/digipot_interfaces/hook/ld_library_path_lib.sh'
[16.872s] Level 1:colcon.colcon_core.environment:checking '/ros2_ws/install/digipot_interfaces/bin'
[16.872s] Level 1:colcon.colcon_core.environment:checking '/ros2_ws/install/digipot_interfaces/lib/pkgconfig/digipot_interfaces.pc'
[16.873s] Level 1:colcon.colcon_core.environment:checking '/ros2_ws/install/digipot_interfaces/lib/python3.10/site-packages'
[16.874s] Level 1:colcon.colcon_core.environment:checking '/ros2_ws/install/digipot_interfaces/bin'
[16.919s] INFO:colcon.colcon_core.shell:Creating package script '/ros2_ws/install/digipot_interfaces/share/digipot_interfaces/package.ps1'
[16.921s] INFO:colcon.colcon_core.shell:Creating package descriptor '/ros2_ws/install/digipot_interfaces/share/digipot_interfaces/package.dsv'
[16.923s] INFO:colcon.colcon_core.shell:Creating package script '/ros2_ws/install/digipot_interfaces/share/digipot_interfaces/package.sh'
[16.924s] INFO:colcon.colcon_core.shell:Creating package script '/ros2_ws/install/digipot_interfaces/share/digipot_interfaces/package.bash'
[16.926s] INFO:colcon.colcon_core.shell:Creating package script '/ros2_ws/install/digipot_interfaces/share/digipot_interfaces/package.zsh'
[16.928s] Level 1:colcon.colcon_core.environment:create_file_with_runtime_dependencies(/ros2_ws/install/digipot_interfaces/share/colcon-core/packages/digipot_interfaces)
[16.935s] DEBUG:colcon.colcon_core.event_handler.log_command:Invoked command in '/ros2_ws/build/sllidar_ros2' returned '0': CMAKE_PREFIX_PATH=/opt/ros/humble /usr/bin/cmake --build /ros2_ws/build/sllidar_ros2 -- -j4 -l4
[17.204s] Level 1:colcon.colcon_core.environment:create_environment_scripts_only(digipot_interfaces)
[17.261s] Level 1:colcon.colcon_core.environment:checking '/ros2_ws/install/digipot_interfaces' for CMake module files
[17.264s] Level 1:colcon.colcon_core.environment:checking '/ros2_ws/install/digipot_interfaces' for CMake config files
[17.268s] Level 1:colcon.colcon_core.shell:create_environment_hook('digipot_interfaces', 'cmake_prefix_path')
[17.317s] INFO:colcon.colcon_core.shell:Creating environment hook '/ros2_ws/install/digipot_interfaces/share/digipot_interfaces/hook/cmake_prefix_path.ps1'
[17.319s] INFO:colcon.colcon_core.shell:Creating environment descriptor '/ros2_ws/install/digipot_interfaces/share/digipot_interfaces/hook/cmake_prefix_path.dsv'
[17.321s] INFO:colcon.colcon_core.shell:Creating environment hook '/ros2_ws/install/digipot_interfaces/share/digipot_interfaces/hook/cmake_prefix_path.sh'
[17.323s] Level 1:colcon.colcon_core.environment:checking '/ros2_ws/install/digipot_interfaces/lib'
[17.323s] Level 1:colcon.colcon_core.shell:create_environment_hook('digipot_interfaces', 'ld_library_path_lib')
[17.375s] INFO:colcon.colcon_core.shell:Creating environment hook '/ros2_ws/install/digipot_interfaces/share/digipot_interfaces/hook/ld_library_path_lib.ps1'
[17.376s] INFO:colcon.colcon_core.shell:Creating environment descriptor '/ros2_ws/install/digipot_interfaces/share/digipot_interfaces/hook/ld_library_path_lib.dsv'
[17.378s] INFO:colcon.colcon_core.shell:Creating environment hook '/ros2_ws/install/digipot_interfaces/share/digipot_interfaces/hook/ld_library_path_lib.sh'
[17.379s] Level 1:colcon.colcon_core.environment:checking '/ros2_ws/install/digipot_interfaces/bin'
[17.379s] Level 1:colcon.colcon_core.environment:checking '/ros2_ws/install/digipot_interfaces/lib/pkgconfig/digipot_interfaces.pc'
[17.381s] Level 1:colcon.colcon_core.environment:checking '/ros2_ws/install/digipot_interfaces/lib/python3.10/site-packages'
[17.382s] Level 1:colcon.colcon_core.environment:checking '/ros2_ws/install/digipot_interfaces/bin'
[17.445s] INFO:colcon.colcon_core.shell:Creating package script '/ros2_ws/install/digipot_interfaces/share/digipot_interfaces/package.ps1'
[17.448s] INFO:colcon.colcon_core.shell:Creating package descriptor '/ros2_ws/install/digipot_interfaces/share/digipot_interfaces/package.dsv'
[17.451s] INFO:colcon.colcon_core.shell:Creating package script '/ros2_ws/install/digipot_interfaces/share/digipot_interfaces/package.sh'
[17.454s] INFO:colcon.colcon_core.shell:Creating package script '/ros2_ws/install/digipot_interfaces/share/digipot_interfaces/package.bash'
[17.456s] INFO:colcon.colcon_core.shell:Creating package script '/ros2_ws/install/digipot_interfaces/share/digipot_interfaces/package.zsh'
[17.458s] Level 1:colcon.colcon_core.environment:create_file_with_runtime_dependencies(/ros2_ws/install/digipot_interfaces/share/colcon-core/packages/digipot_interfaces)
[17.462s] INFO:colcon.colcon_ros.task.ament_cmake.build:Building ROS package in '/ros2_ws/src/digipot' with build type 'ament_cmake'
[17.463s] INFO:colcon.colcon_cmake.task.cmake.build:Building CMake package in '/ros2_ws/src/digipot'
[17.530s] INFO:colcon.colcon_core.shell:Skip shell extension 'powershell' for command environment: Not usable outside of PowerShell
[17.531s] DEBUG:colcon.colcon_core.shell:Skip shell extension 'dsv' for command environment
[17.646s] DEBUG:colcon.colcon_core.event_handler.log_command:Invoking command in '/ros2_ws/build/sllidar_ros2': CMAKE_PREFIX_PATH=/opt/ros/humble /usr/bin/cmake --install /ros2_ws/build/sllidar_ros2
[17.652s] DEBUG:colcon.colcon_core.event_handler.log_command:Invoking command in '/ros2_ws/build/vision': PYTHONPATH=/ros2_ws/build/vision/prefix_override:/ros2_ws/install/vision/lib/python3.10/site-packages:${PYTHONPATH} /usr/bin/python3 setup.py develop --uninstall --editable --build-directory /ros2_ws/build/vision/build
[17.662s] DEBUG:colcon.colcon_core.event_handler.log_command:Invoking command in '/ros2_ws/build/ws_server': PYTHONPATH=/ros2_ws/build/ws_server/prefix_override:/ros2_ws/install/ws_server/lib/python3.10/site-packages:${PYTHONPATH} /usr/bin/python3 setup.py develop --uninstall --editable --build-directory /ros2_ws/build/ws_server/build
[17.698s] DEBUG:colcon.colcon_core.event_handler.log_command:Invoking command in '/ros2_ws/build/digipot': AMENT_PREFIX_PATH=/ros2_ws/install/digipot_interfaces:${AMENT_PREFIX_PATH} CMAKE_PREFIX_PATH=/ros2_ws/install/digipot_interfaces:/opt/ros/humble LD_LIBRARY_PATH=/ros2_ws/install/digipot_interfaces/lib:${LD_LIBRARY_PATH} PYTHONPATH=/ros2_ws/install/digipot_interfaces/local/lib/python3.10/dist-packages:${PYTHONPATH} /usr/bin/cmake /ros2_ws/src/digipot -DCMAKE_INSTALL_PREFIX=/ros2_ws/install/digipot
[17.755s] Level 1:colcon.colcon_core.environment:create_environment_scripts_only(sllidar_ros2)
[17.769s] DEBUG:colcon.colcon_core.event_handler.log_command:Invoked command in '/ros2_ws/build/sllidar_ros2' returned '0': CMAKE_PREFIX_PATH=/opt/ros/humble /usr/bin/cmake --install /ros2_ws/build/sllidar_ros2
[17.813s] Level 1:colcon.colcon_core.environment:checking '/ros2_ws/install/sllidar_ros2' for CMake module files
[17.819s] Level 1:colcon.colcon_core.environment:checking '/ros2_ws/install/sllidar_ros2' for CMake config files
[17.823s] Level 1:colcon.colcon_core.shell:create_environment_hook('sllidar_ros2', 'cmake_prefix_path')
[17.881s] INFO:colcon.colcon_core.shell:Creating environment hook '/ros2_ws/install/sllidar_ros2/share/sllidar_ros2/hook/cmake_prefix_path.ps1'
[17.886s] INFO:colcon.colcon_core.shell:Creating environment descriptor '/ros2_ws/install/sllidar_ros2/share/sllidar_ros2/hook/cmake_prefix_path.dsv'
[17.888s] INFO:colcon.colcon_core.shell:Creating environment hook '/ros2_ws/install/sllidar_ros2/share/sllidar_ros2/hook/cmake_prefix_path.sh'
[17.891s] Level 1:colcon.colcon_core.environment:checking '/ros2_ws/install/sllidar_ros2/lib'
[17.891s] Level 1:colcon.colcon_core.environment:checking '/ros2_ws/install/sllidar_ros2/bin'
[17.891s] Level 1:colcon.colcon_core.environment:checking '/ros2_ws/install/sllidar_ros2/lib/pkgconfig/sllidar_ros2.pc'
[17.893s] Level 1:colcon.colcon_core.environment:checking '/ros2_ws/install/sllidar_ros2/lib/python3.10/site-packages'
[17.894s] Level 1:colcon.colcon_core.environment:checking '/ros2_ws/install/sllidar_ros2/bin'
[17.953s] INFO:colcon.colcon_core.shell:Creating package script '/ros2_ws/install/sllidar_ros2/share/sllidar_ros2/package.ps1'
[17.955s] INFO:colcon.colcon_core.shell:Creating package descriptor '/ros2_ws/install/sllidar_ros2/share/sllidar_ros2/package.dsv'
[17.957s] INFO:colcon.colcon_core.shell:Creating package script '/ros2_ws/install/sllidar_ros2/share/sllidar_ros2/package.sh'
[17.959s] INFO:colcon.colcon_core.shell:Creating package script '/ros2_ws/install/sllidar_ros2/share/sllidar_ros2/package.bash'
[17.961s] INFO:colcon.colcon_core.shell:Creating package script '/ros2_ws/install/sllidar_ros2/share/sllidar_ros2/package.zsh'
[17.963s] Level 1:colcon.colcon_core.environment:create_file_with_runtime_dependencies(/ros2_ws/install/sllidar_ros2/share/colcon-core/packages/sllidar_ros2)
[18.245s] Level 1:colcon.colcon_core.environment:create_environment_scripts_only(sllidar_ros2)
[18.301s] Level 1:colcon.colcon_core.environment:checking '/ros2_ws/install/sllidar_ros2' for CMake module files
[18.304s] Level 1:colcon.colcon_core.environment:checking '/ros2_ws/install/sllidar_ros2' for CMake config files
[18.307s] Level 1:colcon.colcon_core.shell:create_environment_hook('sllidar_ros2', 'cmake_prefix_path')
[18.361s] INFO:colcon.colcon_core.shell:Creating environment hook '/ros2_ws/install/sllidar_ros2/share/sllidar_ros2/hook/cmake_prefix_path.ps1'
[18.363s] INFO:colcon.colcon_core.shell:Creating environment descriptor '/ros2_ws/install/sllidar_ros2/share/sllidar_ros2/hook/cmake_prefix_path.dsv'
[18.365s] INFO:colcon.colcon_core.shell:Creating environment hook '/ros2_ws/install/sllidar_ros2/share/sllidar_ros2/hook/cmake_prefix_path.sh'
[18.368s] Level 1:colcon.colcon_core.environment:checking '/ros2_ws/install/sllidar_ros2/lib'
[18.368s] Level 1:colcon.colcon_core.environment:checking '/ros2_ws/install/sllidar_ros2/bin'
[18.368s] Level 1:colcon.colcon_core.environment:checking '/ros2_ws/install/sllidar_ros2/lib/pkgconfig/sllidar_ros2.pc'
[18.370s] Level 1:colcon.colcon_core.environment:checking '/ros2_ws/install/sllidar_ros2/lib/python3.10/site-packages'
[18.371s] Level 1:colcon.colcon_core.environment:checking '/ros2_ws/install/sllidar_ros2/bin'
[18.419s] INFO:colcon.colcon_core.shell:Creating package script '/ros2_ws/install/sllidar_ros2/share/sllidar_ros2/package.ps1'
[18.421s] INFO:colcon.colcon_core.shell:Creating package descriptor '/ros2_ws/install/sllidar_ros2/share/sllidar_ros2/package.dsv'
[18.423s] INFO:colcon.colcon_core.shell:Creating package script '/ros2_ws/install/sllidar_ros2/share/sllidar_ros2/package.sh'
[18.425s] INFO:colcon.colcon_core.shell:Creating package script '/ros2_ws/install/sllidar_ros2/share/sllidar_ros2/package.bash'
[18.427s] INFO:colcon.colcon_core.shell:Creating package script '/ros2_ws/install/sllidar_ros2/share/sllidar_ros2/package.zsh'
[18.429s] Level 1:colcon.colcon_core.environment:create_file_with_runtime_dependencies(/ros2_ws/install/sllidar_ros2/share/colcon-core/packages/sllidar_ros2)
[19.260s] DEBUG:colcon.colcon_core.event_handler.log_command:Invoked command in '/ros2_ws/build/ws_server' returned '0': PYTHONPATH=/ros2_ws/build/ws_server/prefix_override:/ros2_ws/install/ws_server/lib/python3.10/site-packages:${PYTHONPATH} /usr/bin/python3 setup.py develop --uninstall --editable --build-directory /ros2_ws/build/ws_server/build
[19.261s] DEBUG:colcon.colcon_core.event_handler.log_command:Invoking command in '/ros2_ws/src/ws_server': PYTHONPATH=/ros2_ws/build/ws_server/prefix_override:/ros2_ws/install/ws_server/lib/python3.10/site-packages:${PYTHONPATH} /usr/bin/python3 setup.py egg_info --egg-base ../../build/ws_server build --build-base /ros2_ws/build/ws_server/build install --record /ros2_ws/build/ws_server/install.log --install-scripts $base/lib/ws_server --single-version-externally-managed
[19.315s] DEBUG:colcon.colcon_core.event_handler.log_command:Invoked command in '/ros2_ws/build/vision' returned '0': PYTHONPATH=/ros2_ws/build/vision/prefix_override:/ros2_ws/install/vision/lib/python3.10/site-packages:${PYTHONPATH} /usr/bin/python3 setup.py develop --uninstall --editable --build-directory /ros2_ws/build/vision/build
[19.321s] DEBUG:colcon.colcon_core.event_handler.log_command:Invoking command in '/ros2_ws/src/vision': PYTHONPATH=/ros2_ws/build/vision/prefix_override:/ros2_ws/install/vision/lib/python3.10/site-packages:${PYTHONPATH} /usr/bin/python3 setup.py egg_info --egg-base ../../build/vision build --build-base /ros2_ws/build/vision/build install --record /ros2_ws/build/vision/install.log --install-scripts $base/lib/vision --single-version-externally-managed
[20.374s] DEBUG:colcon.colcon_core.event_handler.log_command:Invoked command in '/ros2_ws/src/ws_server' returned '0': PYTHONPATH=/ros2_ws/build/ws_server/prefix_override:/ros2_ws/install/ws_server/lib/python3.10/site-packages:${PYTHONPATH} /usr/bin/python3 setup.py egg_info --egg-base ../../build/ws_server build --build-base /ros2_ws/build/ws_server/build install --record /ros2_ws/build/ws_server/install.log --install-scripts $base/lib/ws_server --single-version-externally-managed
[20.431s] Level 1:colcon.colcon_core.environment:checking '/ros2_ws/install/ws_server' for CMake module files
[20.438s] Level 1:colcon.colcon_core.environment:checking '/ros2_ws/install/ws_server' for CMake config files
[20.441s] Level 1:colcon.colcon_core.environment:checking '/ros2_ws/install/ws_server/lib'
[20.442s] Level 1:colcon.colcon_core.environment:checking '/ros2_ws/install/ws_server/bin'
[20.442s] Level 1:colcon.colcon_core.environment:checking '/ros2_ws/install/ws_server/lib/pkgconfig/ws_server.pc'
[20.443s] Level 1:colcon.colcon_core.environment:checking '/ros2_ws/install/ws_server/lib/python3.10/site-packages'
[20.443s] Level 1:colcon.colcon_core.shell:create_environment_hook('ws_server', 'pythonpath')
[20.486s] INFO:colcon.colcon_core.shell:Creating environment hook '/ros2_ws/install/ws_server/share/ws_server/hook/pythonpath.ps1'
[20.488s] INFO:colcon.colcon_core.shell:Creating environment descriptor '/ros2_ws/install/ws_server/share/ws_server/hook/pythonpath.dsv'
[20.489s] INFO:colcon.colcon_core.shell:Creating environment hook '/ros2_ws/install/ws_server/share/ws_server/hook/pythonpath.sh'
[20.491s] Level 1:colcon.colcon_core.environment:checking '/ros2_ws/install/ws_server/bin'
[20.492s] Level 1:colcon.colcon_core.environment:create_environment_scripts_only(ws_server)
[20.536s] INFO:colcon.colcon_core.shell:Creating package script '/ros2_ws/install/ws_server/share/ws_server/package.ps1'
[20.538s] INFO:colcon.colcon_core.shell:Creating package descriptor '/ros2_ws/install/ws_server/share/ws_server/package.dsv'
[20.540s] INFO:colcon.colcon_core.shell:Creating package script '/ros2_ws/install/ws_server/share/ws_server/package.sh'
[20.541s] INFO:colcon.colcon_core.shell:Creating package script '/ros2_ws/install/ws_server/share/ws_server/package.bash'
[20.543s] INFO:colcon.colcon_core.shell:Creating package script '/ros2_ws/install/ws_server/share/ws_server/package.zsh'
[20.544s] Level 1:colcon.colcon_core.environment:create_file_with_runtime_dependencies(/ros2_ws/install/ws_server/share/colcon-core/packages/ws_server)
[20.549s] DEBUG:colcon.colcon_core.event_handler.log_command:Invoked command in '/ros2_ws/src/vision' returned '0': PYTHONPATH=/ros2_ws/build/vision/prefix_override:/ros2_ws/install/vision/lib/python3.10/site-packages:${PYTHONPATH} /usr/bin/python3 setup.py egg_info --egg-base ../../build/vision build --build-base /ros2_ws/build/vision/build install --record /ros2_ws/build/vision/install.log --install-scripts $base/lib/vision --single-version-externally-managed
[20.592s] Level 1:colcon.colcon_core.environment:checking '/ros2_ws/install/vision' for CMake module files
[20.595s] Level 1:colcon.colcon_core.environment:checking '/ros2_ws/install/vision' for CMake config files
[20.600s] Level 1:colcon.colcon_core.environment:checking '/ros2_ws/install/vision/lib'
[20.601s] Level 1:colcon.colcon_core.environment:checking '/ros2_ws/install/vision/bin'
[20.601s] Level 1:colcon.colcon_core.environment:checking '/ros2_ws/install/vision/lib/pkgconfig/vision.pc'
[20.602s] Level 1:colcon.colcon_core.environment:checking '/ros2_ws/install/vision/lib/python3.10/site-packages'
[20.602s] Level 1:colcon.colcon_core.shell:create_environment_hook('vision', 'pythonpath')
[20.646s] INFO:colcon.colcon_core.shell:Creating environment hook '/ros2_ws/install/vision/share/vision/hook/pythonpath.ps1'
[20.647s] INFO:colcon.colcon_core.shell:Creating environment descriptor '/ros2_ws/install/vision/share/vision/hook/pythonpath.dsv'
[20.649s] INFO:colcon.colcon_core.shell:Creating environment hook '/ros2_ws/install/vision/share/vision/hook/pythonpath.sh'
[20.651s] Level 1:colcon.colcon_core.environment:checking '/ros2_ws/install/vision/bin'
[20.652s] Level 1:colcon.colcon_core.environment:create_environment_scripts_only(vision)
[20.695s] INFO:colcon.colcon_core.shell:Creating package script '/ros2_ws/install/vision/share/vision/package.ps1'
[20.698s] INFO:colcon.colcon_core.shell:Creating package descriptor '/ros2_ws/install/vision/share/vision/package.dsv'
[20.700s] INFO:colcon.colcon_core.shell:Creating package script '/ros2_ws/install/vision/share/vision/package.sh'
[20.702s] INFO:colcon.colcon_core.shell:Creating package script '/ros2_ws/install/vision/share/vision/package.bash'
[20.703s] INFO:colcon.colcon_core.shell:Creating package script '/ros2_ws/install/vision/share/vision/package.zsh'
[20.704s] Level 1:colcon.colcon_core.environment:create_file_with_runtime_dependencies(/ros2_ws/install/vision/share/colcon-core/packages/vision)
[21.260s] DEBUG:colcon.colcon_core.event_handler.log_command:Invoked command in '/ros2_ws/build/digipot' returned '0': AMENT_PREFIX_PATH=/ros2_ws/install/digipot_interfaces:${AMENT_PREFIX_PATH} CMAKE_PREFIX_PATH=/ros2_ws/install/digipot_interfaces:/opt/ros/humble LD_LIBRARY_PATH=/ros2_ws/install/digipot_interfaces/lib:${LD_LIBRARY_PATH} PYTHONPATH=/ros2_ws/install/digipot_interfaces/local/lib/python3.10/dist-packages:${PYTHONPATH} /usr/bin/cmake /ros2_ws/src/digipot -DCMAKE_INSTALL_PREFIX=/ros2_ws/install/digipot
[21.265s] DEBUG:colcon.colcon_core.event_handler.log_command:Invoking command in '/ros2_ws/build/digipot': AMENT_PREFIX_PATH=/ros2_ws/install/digipot_interfaces:${AMENT_PREFIX_PATH} CMAKE_PREFIX_PATH=/ros2_ws/install/digipot_interfaces:/opt/ros/humble LD_LIBRARY_PATH=/ros2_ws/install/digipot_interfaces/lib:${LD_LIBRARY_PATH} PYTHONPATH=/ros2_ws/install/digipot_interfaces/local/lib/python3.10/dist-packages:${PYTHONPATH} /usr/bin/cmake --build /ros2_ws/build/digipot -- -j4 -l4
[85.229s] DEBUG:colcon.colcon_core.event_handler.log_command:Invoked command in '/ros2_ws/build/digipot' returned '0': AMENT_PREFIX_PATH=/ros2_ws/install/digipot_interfaces:${AMENT_PREFIX_PATH} CMAKE_PREFIX_PATH=/ros2_ws/install/digipot_interfaces:/opt/ros/humble LD_LIBRARY_PATH=/ros2_ws/install/digipot_interfaces/lib:${LD_LIBRARY_PATH} PYTHONPATH=/ros2_ws/install/digipot_interfaces/local/lib/python3.10/dist-packages:${PYTHONPATH} /usr/bin/cmake --build /ros2_ws/build/digipot -- -j4 -l4
[85.305s] DEBUG:colcon.colcon_core.event_handler.log_command:Invoking command in '/ros2_ws/build/digipot': AMENT_PREFIX_PATH=/ros2_ws/install/digipot_interfaces:${AMENT_PREFIX_PATH} CMAKE_PREFIX_PATH=/ros2_ws/install/digipot_interfaces:/opt/ros/humble LD_LIBRARY_PATH=/ros2_ws/install/digipot_interfaces/lib:${LD_LIBRARY_PATH} PYTHONPATH=/ros2_ws/install/digipot_interfaces/local/lib/python3.10/dist-packages:${PYTHONPATH} /usr/bin/cmake --install /ros2_ws/build/digipot
[85.385s] Level 1:colcon.colcon_core.environment:create_environment_scripts_only(digipot)
[85.386s] DEBUG:colcon.colcon_core.event_handler.log_command:Invoked command in '/ros2_ws/build/digipot' returned '0': AMENT_PREFIX_PATH=/ros2_ws/install/digipot_interfaces:${AMENT_PREFIX_PATH} CMAKE_PREFIX_PATH=/ros2_ws/install/digipot_interfaces:/opt/ros/humble LD_LIBRARY_PATH=/ros2_ws/install/digipot_interfaces/lib:${LD_LIBRARY_PATH} PYTHONPATH=/ros2_ws/install/digipot_interfaces/local/lib/python3.10/dist-packages:${PYTHONPATH} /usr/bin/cmake --install /ros2_ws/build/digipot
[85.459s] Level 1:colcon.colcon_core.environment:checking '/ros2_ws/install/digipot' for CMake module files
[85.474s] Level 1:colcon.colcon_core.environment:checking '/ros2_ws/install/digipot' for CMake config files
[85.499s] Level 1:colcon.colcon_core.shell:create_environment_hook('digipot', 'cmake_prefix_path')
[85.545s] INFO:colcon.colcon_core.shell:Creating environment hook '/ros2_ws/install/digipot/share/digipot/hook/cmake_prefix_path.ps1'
[85.550s] INFO:colcon.colcon_core.shell:Creating environment descriptor '/ros2_ws/install/digipot/share/digipot/hook/cmake_prefix_path.dsv'
[85.551s] INFO:colcon.colcon_core.shell:Creating environment hook '/ros2_ws/install/digipot/share/digipot/hook/cmake_prefix_path.sh'
[85.553s] Level 1:colcon.colcon_core.environment:checking '/ros2_ws/install/digipot/lib'
[85.554s] Level 1:colcon.colcon_core.shell:create_environment_hook('digipot', 'ld_library_path_lib')
[85.595s] INFO:colcon.colcon_core.shell:Creating environment hook '/ros2_ws/install/digipot/share/digipot/hook/ld_library_path_lib.ps1'
[85.597s] INFO:colcon.colcon_core.shell:Creating environment descriptor '/ros2_ws/install/digipot/share/digipot/hook/ld_library_path_lib.dsv'
[85.598s] INFO:colcon.colcon_core.shell:Creating environment hook '/ros2_ws/install/digipot/share/digipot/hook/ld_library_path_lib.sh'
[85.599s] Level 1:colcon.colcon_core.environment:checking '/ros2_ws/install/digipot/bin'
[85.599s] Level 1:colcon.colcon_core.environment:checking '/ros2_ws/install/digipot/lib/pkgconfig/digipot.pc'
[85.601s] Level 1:colcon.colcon_core.environment:checking '/ros2_ws/install/digipot/lib/python3.10/site-packages'
[85.602s] Level 1:colcon.colcon_core.environment:checking '/ros2_ws/install/digipot/bin'
[85.645s] INFO:colcon.colcon_core.shell:Creating package script '/ros2_ws/install/digipot/share/digipot/package.ps1'
[85.647s] INFO:colcon.colcon_core.shell:Creating package descriptor '/ros2_ws/install/digipot/share/digipot/package.dsv'
[85.649s] INFO:colcon.colcon_core.shell:Creating package script '/ros2_ws/install/digipot/share/digipot/package.sh'
[85.650s] INFO:colcon.colcon_core.shell:Creating package script '/ros2_ws/install/digipot/share/digipot/package.bash'
[85.651s] INFO:colcon.colcon_core.shell:Creating package script '/ros2_ws/install/digipot/share/digipot/package.zsh'
[85.653s] Level 1:colcon.colcon_core.environment:create_file_with_runtime_dependencies(/ros2_ws/install/digipot/share/colcon-core/packages/digipot)
[85.758s] Level 1:colcon.colcon_core.environment:create_environment_scripts_only(digipot)
[85.799s] Level 1:colcon.colcon_core.environment:checking '/ros2_ws/install/digipot' for CMake module files
[85.802s] Level 1:colcon.colcon_core.environment:checking '/ros2_ws/install/digipot' for CMake config files
[85.805s] Level 1:colcon.colcon_core.shell:create_environment_hook('digipot', 'cmake_prefix_path')
[85.849s] INFO:colcon.colcon_core.shell:Creating environment hook '/ros2_ws/install/digipot/share/digipot/hook/cmake_prefix_path.ps1'
[85.850s] INFO:colcon.colcon_core.shell:Creating environment descriptor '/ros2_ws/install/digipot/share/digipot/hook/cmake_prefix_path.dsv'
[85.851s] INFO:colcon.colcon_core.shell:Creating environment hook '/ros2_ws/install/digipot/share/digipot/hook/cmake_prefix_path.sh'
[85.853s] Level 1:colcon.colcon_core.environment:checking '/ros2_ws/install/digipot/lib'
[85.854s] Level 1:colcon.colcon_core.shell:create_environment_hook('digipot', 'ld_library_path_lib')
[85.895s] INFO:colcon.colcon_core.shell:Creating environment hook '/ros2_ws/install/digipot/share/digipot/hook/ld_library_path_lib.ps1'
[85.897s] INFO:colcon.colcon_core.shell:Creating environment descriptor '/ros2_ws/install/digipot/share/digipot/hook/ld_library_path_lib.dsv'
[85.898s] INFO:colcon.colcon_core.shell:Creating environment hook '/ros2_ws/install/digipot/share/digipot/hook/ld_library_path_lib.sh'
[85.899s] Level 1:colcon.colcon_core.environment:checking '/ros2_ws/install/digipot/bin'
[85.899s] Level 1:colcon.colcon_core.environment:checking '/ros2_ws/install/digipot/lib/pkgconfig/digipot.pc'
[85.901s] Level 1:colcon.colcon_core.environment:checking '/ros2_ws/install/digipot/lib/python3.10/site-packages'
[85.901s] Level 1:colcon.colcon_core.environment:checking '/ros2_ws/install/digipot/bin'
[85.943s] INFO:colcon.colcon_core.shell:Creating package script '/ros2_ws/install/digipot/share/digipot/package.ps1'
[85.946s] INFO:colcon.colcon_core.shell:Creating package descriptor '/ros2_ws/install/digipot/share/digipot/package.dsv'
[85.949s] INFO:colcon.colcon_core.shell:Creating package script '/ros2_ws/install/digipot/share/digipot/package.sh'
[85.950s] INFO:colcon.colcon_core.shell:Creating package script '/ros2_ws/install/digipot/share/digipot/package.bash'
[85.952s] INFO:colcon.colcon_core.shell:Creating package script '/ros2_ws/install/digipot/share/digipot/package.zsh'
[85.953s] Level 1:colcon.colcon_core.environment:create_file_with_runtime_dependencies(/ros2_ws/install/digipot/share/colcon-core/packages/digipot)
[85.954s] DEBUG:colcon.colcon_parallel_executor.executor.parallel:closing loop
[85.955s] DEBUG:colcon.colcon_parallel_executor.executor.parallel:loop closed
[85.956s] DEBUG:colcon.colcon_parallel_executor.executor.parallel:run_until_complete finished with '0'
[85.956s] DEBUG:colcon.colcon_core.event_reactor:joining thread
[86.075s] INFO:colcon.colcon_core.plugin_system:Skipping extension 'colcon_notification.desktop_notification.notify_send': Could not find 'notify-send'
[86.075s] INFO:colcon.colcon_core.plugin_system:Skipping extension 'colcon_notification.desktop_notification.terminal_notifier': Not used on non-Darwin systems
[86.075s] INFO:colcon.colcon_core.plugin_system:Skipping extension 'colcon_notification.desktop_notification.win32': Not used on non-Windows systems
[86.076s] INFO:colcon.colcon_notification.desktop_notification:Sending desktop notification using 'notify2'
[86.076s] DEBUG:colcon.colcon_notification.desktop_notification.notify2:Failed to initialize notify2: org.freedesktop.DBus.Error.NotSupported: Unable to autolaunch a dbus-daemon without a $DISPLAY for X11
[86.076s] DEBUG:colcon.colcon_core.event_reactor:joined thread
[86.118s] INFO:colcon.colcon_core.shell:Creating prefix script '/ros2_ws/install/local_setup.ps1'
[86.127s] INFO:colcon.colcon_core.shell:Creating prefix util module '/ros2_ws/install/_local_setup_util_ps1.py'
[86.137s] INFO:colcon.colcon_core.shell:Creating prefix chain script '/ros2_ws/install/setup.ps1'
[86.185s] INFO:colcon.colcon_core.shell:Creating prefix script '/ros2_ws/install/local_setup.sh'
[86.199s] INFO:colcon.colcon_core.shell:Creating prefix util module '/ros2_ws/install/_local_setup_util_sh.py'
[86.202s] INFO:colcon.colcon_core.shell:Creating prefix chain script '/ros2_ws/install/setup.sh'
[86.252s] INFO:colcon.colcon_core.shell:Creating prefix script '/ros2_ws/install/local_setup.bash'
[86.255s] INFO:colcon.colcon_core.shell:Creating prefix chain script '/ros2_ws/install/setup.bash'
[86.302s] INFO:colcon.colcon_core.shell:Creating prefix script '/ros2_ws/install/local_setup.zsh'
[86.305s] INFO:colcon.colcon_core.shell:Creating prefix chain script '/ros2_ws/install/setup.zsh'
