[4.886s] Invoking command in '/ros2_ws/build/vision': PYTHONPATH=/ros2_ws/build/vision/prefix_override:/ros2_ws/install/vision/lib/python3.10/site-packages:${PYTHONPATH} /usr/bin/python3 setup.py develop --editable --build-directory /ros2_ws/build/vision/build --no-deps install_data
[5.810s] /usr/lib/python3/dist-packages/setuptools/dist.py:723: UserWarning: Usage of dash-separated 'script-dir' will not be supported in future versions. Please use the underscore name 'script_dir' instead
[5.811s]   warnings.warn(
[5.949s] running develop
[5.952s] /usr/lib/python3/dist-packages/setuptools/command/easy_install.py:158: EasyInstallDeprecationWarning: easy_install command is deprecated. Use build and pip and other standards-based tools.
[5.952s]   warnings.warn(
[5.959s] /usr/lib/python3/dist-packages/setuptools/command/install.py:34: SetuptoolsDeprecationWarning: setup.py install is deprecated. Use build and pip and other standards-based tools.
[5.959s]   warnings.warn(
[6.486s] running egg_info
[6.486s] creating vision.egg-info
[6.487s] writing vision.egg-info/PKG-INFO
[6.488s] writing dependency_links to vision.egg-info/dependency_links.txt
[6.488s] writing entry points to vision.egg-info/entry_points.txt
[6.489s] writing requirements to vision.egg-info/requires.txt
[6.489s] writing top-level names to vision.egg-info/top_level.txt
[6.490s] writing manifest file 'vision.egg-info/SOURCES.txt'
[6.501s] reading manifest file 'vision.egg-info/SOURCES.txt'
[6.506s] writing manifest file 'vision.egg-info/SOURCES.txt'
[6.511s] running build_ext
[6.512s] Creating /ros2_ws/install/vision/lib/python3.10/site-packages/vision.egg-link (link to .)
[6.517s] Installing vision_node script to /ros2_ws/install/vision/lib/vision
[6.518s] 
[6.519s] Installed /ros2_ws/build/vision
[6.520s] running install_data
[6.520s] creating /ros2_ws/install/vision/share/ament_index
[6.520s] creating /ros2_ws/install/vision/share/ament_index/resource_index
[6.521s] creating /ros2_ws/install/vision/share/ament_index/resource_index/packages
[6.522s] copying resource/vision -> /ros2_ws/install/vision/share/ament_index/resource_index/packages
[6.523s] copying package.xml -> /ros2_ws/install/vision/share/vision
[6.872s] Invoked command in '/ros2_ws/build/vision' returned '0': PYTHONPATH=/ros2_ws/build/vision/prefix_override:/ros2_ws/install/vision/lib/python3.10/site-packages:${PYTHONPATH} /usr/bin/python3 setup.py develop --editable --build-directory /ros2_ws/build/vision/build --no-deps install_data
