[4.998s] Invoking command in '/ros2_ws/build/rtcbot_adapter': PYTHONPATH=/ros2_ws/build/rtcbot_adapter/prefix_override:/ros2_ws/install/rtcbot_adapter/lib/python3.10/site-packages:${PYTHONPATH} /usr/bin/python3 setup.py develop --editable --build-directory /ros2_ws/build/rtcbot_adapter/build --no-deps install_data
[6.026s] running develop
[6.031s] /usr/lib/python3/dist-packages/setuptools/command/easy_install.py:158: EasyInstallDeprecationWarning: easy_install command is deprecated. Use build and pip and other standards-based tools.
[6.033s]   warnings.warn(
[6.037s] /usr/lib/python3/dist-packages/setuptools/command/install.py:34: SetuptoolsDeprecationWarning: setup.py install is deprecated. Use build and pip and other standards-based tools.
[6.039s]   warnings.warn(
[6.562s] running egg_info
[6.564s] writing rtcbot_adapter.egg-info/PKG-INFO
[6.565s] writing dependency_links to rtcbot_adapter.egg-info/dependency_links.txt
[6.567s] writing entry points to rtcbot_adapter.egg-info/entry_points.txt
[6.572s] writing requirements to rtcbot_adapter.egg-info/requires.txt
[6.574s] writing top-level names to rtcbot_adapter.egg-info/top_level.txt
[6.580s] reading manifest file 'rtcbot_adapter.egg-info/SOURCES.txt'
[6.596s] writing manifest file 'rtcbot_adapter.egg-info/SOURCES.txt'
[6.601s] running build_ext
[6.604s] Creating /ros2_ws/install/rtcbot_adapter/lib/python3.10/site-packages/rtcbot-adapter.egg-link (link to .)
[6.609s] Installing rtcbot_adpter script to /ros2_ws/install/rtcbot_adapter/lib/rtcbot_adapter
[6.612s] 
[6.614s] Installed /ros2_ws/build/rtcbot_adapter
[6.616s] running install_data
[7.510s] Invoked command in '/ros2_ws/build/rtcbot_adapter' returned '0': PYTHONPATH=/ros2_ws/build/rtcbot_adapter/prefix_override:/ros2_ws/install/rtcbot_adapter/lib/python3.10/site-packages:${PYTHONPATH} /usr/bin/python3 setup.py develop --editable --build-directory /ros2_ws/build/rtcbot_adapter/build --no-deps install_data
