[3.758s] DEBUG:colcon:Command line arguments: ['/usr/bin/colcon', 'build', '--symlink-install', '--packages-select', 'digipot']
[3.759s] DEBUG:colcon:Parsed command line arguments: Namespace(log_base=None, log_level=None, verb_name='build', build_base='build', install_base='install', merge_install=False, symlink_install=True, test_result_base=None, continue_on_error=False, executor='parallel', parallel_workers=4, event_handlers=None, ignore_user_meta=False, metas=['./colcon.meta'], base_paths=['.'], packages_ignore=None, packages_ignore_regex=None, paths=None, packages_up_to=None, packages_up_to_regex=None, packages_above=None, packages_above_and_dependencies=None, packages_above_depth=None, packages_select_by_dep=None, packages_skip_by_dep=None, packages_skip_up_to=None, packages_select_build_failed=False, packages_skip_build_finished=False, packages_select_test_failures=False, packages_skip_test_passed=False, packages_select=['digipot'], packages_skip=None, packages_select_regex=None, packages_skip_regex=None, packages_start=None, packages_end=None, cmake_args=None, cmake_target=None, cmake_target_skip_unavailable=False, cmake_clean_cache=False, cmake_clean_first=False, cmake_force_configure=False, ament_cmake_args=None, catkin_cmake_args=None, catkin_skip_building_tests=False, mixin_files=None, mixin=None, verb_parser=<colcon_mixin.mixin.mixin_argument.MixinArgumentDecorator object at 0x7fb1051cc0>, verb_extension=<colcon_core.verb.build.BuildVerb object at 0x7fb104d8d0>, main=<bound method BuildVerb.main of <colcon_core.verb.build.BuildVerb object at 0x7fb104d8d0>>, mixin_verb=('build',))
[3.917s] Level 1:colcon.colcon_core.package_discovery:discover_packages(colcon_meta) check parameters
[3.920s] INFO:colcon.colcon_metadata.package_discovery.colcon_meta:Using configuration from '/root/.colcon/metadata/default/Gazebo.meta'
[3.922s] INFO:colcon.colcon_metadata.package_discovery.colcon_meta:Using configuration from '/root/.colcon/metadata/default/fastrtps.meta'
[3.922s] Level 1:colcon.colcon_core.package_discovery:discover_packages(recursive) check parameters
[3.922s] Level 1:colcon.colcon_core.package_discovery:discover_packages(ignore) check parameters
[3.923s] Level 1:colcon.colcon_core.package_discovery:discover_packages(path) check parameters
[3.923s] Level 1:colcon.colcon_core.package_discovery:discover_packages(colcon_meta) discover
[3.923s] Level 1:colcon.colcon_core.package_discovery:discover_packages(recursive) discover
[3.923s] INFO:colcon.colcon_core.package_discovery:Crawling recursively for packages in '/ros2_ws'
[3.923s] Level 1:colcon.colcon_core.package_identification:_identify(.) by extensions ['ignore', 'ignore_ament_install']
[3.924s] Level 1:colcon.colcon_core.package_identification:_identify(.) by extension 'ignore'
[3.924s] Level 1:colcon.colcon_core.package_identification:_identify(.) by extension 'ignore_ament_install'
[3.924s] Level 1:colcon.colcon_core.package_identification:_identify(.) by extensions ['colcon_pkg']
[3.925s] Level 1:colcon.colcon_core.package_identification:_identify(.) by extension 'colcon_pkg'
[3.925s] Level 1:colcon.colcon_core.package_identification:_identify(.) by extensions ['colcon_meta']
[3.925s] Level 1:colcon.colcon_core.package_identification:_identify(.) by extension 'colcon_meta'
[3.925s] Level 1:colcon.colcon_core.package_identification:_identify(.) by extensions ['ros']
[3.925s] Level 1:colcon.colcon_core.package_identification:_identify(.) by extension 'ros'
[3.971s] Level 1:colcon.colcon_core.package_identification:_identify(.) by extensions ['cmake', 'python']
[3.972s] Level 1:colcon.colcon_core.package_identification:_identify(.) by extension 'cmake'
[3.972s] Level 1:colcon.colcon_core.package_identification:_identify(.) by extension 'python'
[3.972s] Level 1:colcon.colcon_core.package_identification:_identify(.) by extensions ['python_setup_py']
[3.972s] Level 1:colcon.colcon_core.package_identification:_identify(.) by extension 'python_setup_py'
[3.973s] Level 1:colcon.colcon_core.package_identification:_identify(build) by extensions ['ignore', 'ignore_ament_install']
[3.973s] Level 1:colcon.colcon_core.package_identification:_identify(build) by extension 'ignore'
[3.973s] Level 1:colcon.colcon_core.package_identification:_identify(build) ignored
[3.974s] Level 1:colcon.colcon_core.package_identification:_identify(install) by extensions ['ignore', 'ignore_ament_install']
[3.975s] Level 1:colcon.colcon_core.package_identification:_identify(install) by extension 'ignore'
[3.975s] Level 1:colcon.colcon_core.package_identification:_identify(install) ignored
[3.975s] Level 1:colcon.colcon_core.package_identification:_identify(log) by extensions ['ignore', 'ignore_ament_install']
[3.976s] Level 1:colcon.colcon_core.package_identification:_identify(log) by extension 'ignore'
[3.976s] Level 1:colcon.colcon_core.package_identification:_identify(log) ignored
[3.976s] Level 1:colcon.colcon_core.package_identification:_identify(src) by extensions ['ignore', 'ignore_ament_install']
[3.977s] Level 1:colcon.colcon_core.package_identification:_identify(src) by extension 'ignore'
[3.977s] Level 1:colcon.colcon_core.package_identification:_identify(src) by extension 'ignore_ament_install'
[3.977s] Level 1:colcon.colcon_core.package_identification:_identify(src) by extensions ['colcon_pkg']
[3.977s] Level 1:colcon.colcon_core.package_identification:_identify(src) by extension 'colcon_pkg'
[3.978s] Level 1:colcon.colcon_core.package_identification:_identify(src) by extensions ['colcon_meta']
[3.978s] Level 1:colcon.colcon_core.package_identification:_identify(src) by extension 'colcon_meta'
[3.978s] Level 1:colcon.colcon_core.package_identification:_identify(src) by extensions ['ros']
[3.978s] Level 1:colcon.colcon_core.package_identification:_identify(src) by extension 'ros'
[3.979s] Level 1:colcon.colcon_core.package_identification:_identify(src) by extensions ['cmake', 'python']
[3.979s] Level 1:colcon.colcon_core.package_identification:_identify(src) by extension 'cmake'
[3.979s] Level 1:colcon.colcon_core.package_identification:_identify(src) by extension 'python'
[3.979s] Level 1:colcon.colcon_core.package_identification:_identify(src) by extensions ['python_setup_py']
[3.979s] Level 1:colcon.colcon_core.package_identification:_identify(src) by extension 'python_setup_py'
[3.980s] Level 1:colcon.colcon_core.package_identification:_identify(src/delivery_bot_package) by extensions ['ignore', 'ignore_ament_install']
[3.980s] Level 1:colcon.colcon_core.package_identification:_identify(src/delivery_bot_package) by extension 'ignore'
[3.980s] Level 1:colcon.colcon_core.package_identification:_identify(src/delivery_bot_package) by extension 'ignore_ament_install'
[3.980s] Level 1:colcon.colcon_core.package_identification:_identify(src/delivery_bot_package) by extensions ['colcon_pkg']
[3.981s] Level 1:colcon.colcon_core.package_identification:_identify(src/delivery_bot_package) by extension 'colcon_pkg'
[3.981s] Level 1:colcon.colcon_core.package_identification:_identify(src/delivery_bot_package) by extensions ['colcon_meta']
[3.981s] Level 1:colcon.colcon_core.package_identification:_identify(src/delivery_bot_package) by extension 'colcon_meta'
[3.981s] Level 1:colcon.colcon_core.package_identification:_identify(src/delivery_bot_package) by extensions ['ros']
[3.981s] Level 1:colcon.colcon_core.package_identification:_identify(src/delivery_bot_package) by extension 'ros'
[3.991s] DEBUG:colcon.colcon_core.package_identification:Package 'src/delivery_bot_package' with type 'ros.ament_cmake' and name 'delivery_bot_package'
[3.992s] Level 1:colcon.colcon_core.package_identification:_identify(src/digipot) by extensions ['ignore', 'ignore_ament_install']
[3.992s] Level 1:colcon.colcon_core.package_identification:_identify(src/digipot) by extension 'ignore'
[3.992s] Level 1:colcon.colcon_core.package_identification:_identify(src/digipot) by extension 'ignore_ament_install'
[3.993s] Level 1:colcon.colcon_core.package_identification:_identify(src/digipot) by extensions ['colcon_pkg']
[3.993s] Level 1:colcon.colcon_core.package_identification:_identify(src/digipot) by extension 'colcon_pkg'
[3.993s] Level 1:colcon.colcon_core.package_identification:_identify(src/digipot) by extensions ['colcon_meta']
[3.993s] Level 1:colcon.colcon_core.package_identification:_identify(src/digipot) by extension 'colcon_meta'
[3.993s] Level 1:colcon.colcon_core.package_identification:_identify(src/digipot) by extensions ['ros']
[3.994s] Level 1:colcon.colcon_core.package_identification:_identify(src/digipot) by extension 'ros'
[3.996s] DEBUG:colcon.colcon_core.package_identification:Package 'src/digipot' with type 'ros.ament_cmake' and name 'digipot'
[3.997s] Level 1:colcon.colcon_core.package_identification:_identify(src/motion_control) by extensions ['ignore', 'ignore_ament_install']
[3.997s] Level 1:colcon.colcon_core.package_identification:_identify(src/motion_control) by extension 'ignore'
[3.997s] Level 1:colcon.colcon_core.package_identification:_identify(src/motion_control) by extension 'ignore_ament_install'
[3.998s] Level 1:colcon.colcon_core.package_identification:_identify(src/motion_control) by extensions ['colcon_pkg']
[3.998s] Level 1:colcon.colcon_core.package_identification:_identify(src/motion_control) by extension 'colcon_pkg'
[3.998s] Level 1:colcon.colcon_core.package_identification:_identify(src/motion_control) by extensions ['colcon_meta']
[3.998s] Level 1:colcon.colcon_core.package_identification:_identify(src/motion_control) by extension 'colcon_meta'
[3.998s] Level 1:colcon.colcon_core.package_identification:_identify(src/motion_control) by extensions ['ros']
[3.998s] Level 1:colcon.colcon_core.package_identification:_identify(src/motion_control) by extension 'ros'
[4.000s] DEBUG:colcon.colcon_core.package_identification:Package 'src/motion_control' with type 'ros.ament_python' and name 'motion_control'
[4.001s] Level 1:colcon.colcon_core.package_identification:_identify(src/rtcbot_adapter) by extensions ['ignore', 'ignore_ament_install']
[4.001s] Level 1:colcon.colcon_core.package_identification:_identify(src/rtcbot_adapter) by extension 'ignore'
[4.001s] Level 1:colcon.colcon_core.package_identification:_identify(src/rtcbot_adapter) by extension 'ignore_ament_install'
[4.001s] Level 1:colcon.colcon_core.package_identification:_identify(src/rtcbot_adapter) by extensions ['colcon_pkg']
[4.001s] Level 1:colcon.colcon_core.package_identification:_identify(src/rtcbot_adapter) by extension 'colcon_pkg'
[4.002s] Level 1:colcon.colcon_core.package_identification:_identify(src/rtcbot_adapter) by extensions ['colcon_meta']
[4.002s] Level 1:colcon.colcon_core.package_identification:_identify(src/rtcbot_adapter) by extension 'colcon_meta'
[4.002s] Level 1:colcon.colcon_core.package_identification:_identify(src/rtcbot_adapter) by extensions ['ros']
[4.002s] Level 1:colcon.colcon_core.package_identification:_identify(src/rtcbot_adapter) by extension 'ros'
[4.005s] DEBUG:colcon.colcon_core.package_identification:Package 'src/rtcbot_adapter' with type 'ros.ament_python' and name 'rtcbot_adapter'
[4.005s] Level 1:colcon.colcon_core.package_identification:_identify(src/sllidar_ros2) by extensions ['ignore', 'ignore_ament_install']
[4.006s] Level 1:colcon.colcon_core.package_identification:_identify(src/sllidar_ros2) by extension 'ignore'
[4.006s] Level 1:colcon.colcon_core.package_identification:_identify(src/sllidar_ros2) by extension 'ignore_ament_install'
[4.006s] Level 1:colcon.colcon_core.package_identification:_identify(src/sllidar_ros2) by extensions ['colcon_pkg']
[4.007s] Level 1:colcon.colcon_core.package_identification:_identify(src/sllidar_ros2) by extension 'colcon_pkg'
[4.007s] Level 1:colcon.colcon_core.package_identification:_identify(src/sllidar_ros2) by extensions ['colcon_meta']
[4.007s] Level 1:colcon.colcon_core.package_identification:_identify(src/sllidar_ros2) by extension 'colcon_meta'
[4.007s] Level 1:colcon.colcon_core.package_identification:_identify(src/sllidar_ros2) by extensions ['ros']
[4.008s] Level 1:colcon.colcon_core.package_identification:_identify(src/sllidar_ros2) by extension 'ros'
[4.011s] DEBUG:colcon.colcon_core.package_identification:Package 'src/sllidar_ros2' with type 'ros.ament_cmake' and name 'sllidar_ros2'
[4.012s] Level 1:colcon.colcon_core.package_identification:_identify(src/vision) by extensions ['ignore', 'ignore_ament_install']
[4.012s] Level 1:colcon.colcon_core.package_identification:_identify(src/vision) by extension 'ignore'
[4.013s] Level 1:colcon.colcon_core.package_identification:_identify(src/vision) by extension 'ignore_ament_install'
[4.013s] Level 1:colcon.colcon_core.package_identification:_identify(src/vision) by extensions ['colcon_pkg']
[4.013s] Level 1:colcon.colcon_core.package_identification:_identify(src/vision) by extension 'colcon_pkg'
[4.014s] Level 1:colcon.colcon_core.package_identification:_identify(src/vision) by extensions ['colcon_meta']
[4.014s] Level 1:colcon.colcon_core.package_identification:_identify(src/vision) by extension 'colcon_meta'
[4.014s] Level 1:colcon.colcon_core.package_identification:_identify(src/vision) by extensions ['ros']
[4.014s] Level 1:colcon.colcon_core.package_identification:_identify(src/vision) by extension 'ros'
[4.020s] DEBUG:colcon.colcon_core.package_identification:Package 'src/vision' with type 'ros.ament_python' and name 'vision'
[4.021s] Level 1:colcon.colcon_core.package_identification:_identify(src/ws_server) by extensions ['ignore', 'ignore_ament_install']
[4.021s] Level 1:colcon.colcon_core.package_identification:_identify(src/ws_server) by extension 'ignore'
[4.022s] Level 1:colcon.colcon_core.package_identification:_identify(src/ws_server) by extension 'ignore_ament_install'
[4.022s] Level 1:colcon.colcon_core.package_identification:_identify(src/ws_server) by extensions ['colcon_pkg']
[4.022s] Level 1:colcon.colcon_core.package_identification:_identify(src/ws_server) by extension 'colcon_pkg'
[4.023s] Level 1:colcon.colcon_core.package_identification:_identify(src/ws_server) by extensions ['colcon_meta']
[4.023s] Level 1:colcon.colcon_core.package_identification:_identify(src/ws_server) by extension 'colcon_meta'
[4.023s] Level 1:colcon.colcon_core.package_identification:_identify(src/ws_server) by extensions ['ros']
[4.023s] Level 1:colcon.colcon_core.package_identification:_identify(src/ws_server) by extension 'ros'
[4.025s] DEBUG:colcon.colcon_core.package_identification:Package 'src/ws_server' with type 'ros.ament_python' and name 'ws_server'
[4.026s] Level 1:colcon.colcon_core.package_discovery:discover_packages(recursive) using defaults
[4.026s] Level 1:colcon.colcon_core.package_discovery:discover_packages(ignore) discover
[4.026s] Level 1:colcon.colcon_core.package_discovery:discover_packages(ignore) using defaults
[4.026s] Level 1:colcon.colcon_core.package_discovery:discover_packages(path) discover
[4.027s] Level 1:colcon.colcon_core.package_discovery:discover_packages(path) using defaults
[4.238s] INFO:colcon.colcon_core.package_selection:Skipping not selected package 'delivery_bot_package' in 'src/delivery_bot_package'
[4.238s] INFO:colcon.colcon_core.package_selection:Skipping not selected package 'motion_control' in 'src/motion_control'
[4.238s] INFO:colcon.colcon_core.package_selection:Skipping not selected package 'rtcbot_adapter' in 'src/rtcbot_adapter'
[4.239s] INFO:colcon.colcon_core.package_selection:Skipping not selected package 'sllidar_ros2' in 'src/sllidar_ros2'
[4.239s] INFO:colcon.colcon_core.package_selection:Skipping not selected package 'vision' in 'src/vision'
[4.239s] INFO:colcon.colcon_core.package_selection:Skipping not selected package 'ws_server' in 'src/ws_server'
[4.281s] Level 5:colcon.colcon_core.verb:set package 'digipot' build argument 'cmake_args' from command line to 'None'
[4.281s] Level 5:colcon.colcon_core.verb:set package 'digipot' build argument 'cmake_target' from command line to 'None'
[4.281s] Level 5:colcon.colcon_core.verb:set package 'digipot' build argument 'cmake_target_skip_unavailable' from command line to 'False'
[4.281s] Level 5:colcon.colcon_core.verb:set package 'digipot' build argument 'cmake_clean_cache' from command line to 'False'
[4.281s] Level 5:colcon.colcon_core.verb:set package 'digipot' build argument 'cmake_clean_first' from command line to 'False'
[4.282s] Level 5:colcon.colcon_core.verb:set package 'digipot' build argument 'cmake_force_configure' from command line to 'False'
[4.282s] Level 5:colcon.colcon_core.verb:set package 'digipot' build argument 'ament_cmake_args' from command line to 'None'
[4.282s] Level 5:colcon.colcon_core.verb:set package 'digipot' build argument 'catkin_cmake_args' from command line to 'None'
[4.282s] Level 5:colcon.colcon_core.verb:set package 'digipot' build argument 'catkin_skip_building_tests' from command line to 'False'
[4.282s] DEBUG:colcon.colcon_core.verb:Building package 'digipot' with the following arguments: {'ament_cmake_args': None, 'build_base': '/ros2_ws/build/digipot', 'catkin_cmake_args': None, 'catkin_skip_building_tests': False, 'cmake_args': None, 'cmake_clean_cache': False, 'cmake_clean_first': False, 'cmake_force_configure': False, 'cmake_target': None, 'cmake_target_skip_unavailable': False, 'install_base': '/ros2_ws/install/digipot', 'merge_install': False, 'path': '/ros2_ws/src/digipot', 'symlink_install': True, 'test_result_base': None}
[4.323s] INFO:colcon.colcon_core.executor:Executing jobs using 'parallel' executor
[4.368s] DEBUG:colcon.colcon_parallel_executor.executor.parallel:run_until_complete
[4.369s] INFO:colcon.colcon_ros.task.ament_cmake.build:Building ROS package in '/ros2_ws/src/digipot' with build type 'ament_cmake'
[4.369s] INFO:colcon.colcon_cmake.task.cmake.build:Building CMake package in '/ros2_ws/src/digipot'
[4.420s] INFO:colcon.colcon_core.plugin_system:Skipping extension 'colcon_core.shell.bat': Not used on non-Windows systems
[4.420s] INFO:colcon.colcon_core.shell:Skip shell extension 'powershell' for command environment: Not usable outside of PowerShell
[4.421s] DEBUG:colcon.colcon_core.shell:Skip shell extension 'dsv' for command environment
[4.577s] DEBUG:colcon.colcon_core.event_handler.log_command:Invoking command in '/ros2_ws/build/digipot': CMAKE_PREFIX_PATH=${CMAKE_PREFIX_PATH}:/ros2_ws/install/ws_server:/ros2_ws/install/vision:/ros2_ws/install/rtcbot_adapter:/ros2_ws/install/motion_control:/opt/ros/humble /usr/bin/cmake --build /ros2_ws/build/digipot -- -j4 -l4
[40.445s] DEBUG:colcon.colcon_core.event_handler.log_command:Invoked command in '/ros2_ws/build/digipot' returned '0': CMAKE_PREFIX_PATH=${CMAKE_PREFIX_PATH}:/ros2_ws/install/ws_server:/ros2_ws/install/vision:/ros2_ws/install/rtcbot_adapter:/ros2_ws/install/motion_control:/opt/ros/humble /usr/bin/cmake --build /ros2_ws/build/digipot -- -j4 -l4
[40.537s] DEBUG:colcon.colcon_core.event_handler.log_command:Invoking command in '/ros2_ws/build/digipot': CMAKE_PREFIX_PATH=${CMAKE_PREFIX_PATH}:/ros2_ws/install/ws_server:/ros2_ws/install/vision:/ros2_ws/install/rtcbot_adapter:/ros2_ws/install/motion_control:/opt/ros/humble /usr/bin/cmake --install /ros2_ws/build/digipot
[40.595s] Level 1:colcon.colcon_core.environment:create_environment_scripts_only(digipot)
[40.596s] DEBUG:colcon.colcon_core.event_handler.log_command:Invoked command in '/ros2_ws/build/digipot' returned '0': CMAKE_PREFIX_PATH=${CMAKE_PREFIX_PATH}:/ros2_ws/install/ws_server:/ros2_ws/install/vision:/ros2_ws/install/rtcbot_adapter:/ros2_ws/install/motion_control:/opt/ros/humble /usr/bin/cmake --install /ros2_ws/build/digipot
[40.647s] Level 1:colcon.colcon_core.environment:checking '/ros2_ws/install/digipot' for CMake module files
[40.650s] Level 1:colcon.colcon_core.environment:checking '/ros2_ws/install/digipot' for CMake config files
[40.651s] Level 1:colcon.colcon_core.shell:create_environment_hook('digipot', 'cmake_prefix_path')
[40.692s] INFO:colcon.colcon_core.shell:Creating environment hook '/ros2_ws/install/digipot/share/digipot/hook/cmake_prefix_path.ps1'
[40.694s] INFO:colcon.colcon_core.shell:Creating environment descriptor '/ros2_ws/install/digipot/share/digipot/hook/cmake_prefix_path.dsv'
[40.696s] INFO:colcon.colcon_core.shell:Creating environment hook '/ros2_ws/install/digipot/share/digipot/hook/cmake_prefix_path.sh'
[40.699s] Level 1:colcon.colcon_core.environment:checking '/ros2_ws/install/digipot/lib'
[40.700s] Level 1:colcon.colcon_core.environment:checking '/ros2_ws/install/digipot/bin'
[40.700s] Level 1:colcon.colcon_core.environment:checking '/ros2_ws/install/digipot/lib/pkgconfig/digipot.pc'
[40.706s] Level 1:colcon.colcon_core.environment:checking '/ros2_ws/install/digipot/lib/python3.10/site-packages'
[40.707s] Level 1:colcon.colcon_core.environment:checking '/ros2_ws/install/digipot/bin'
[40.753s] INFO:colcon.colcon_core.shell:Creating package script '/ros2_ws/install/digipot/share/digipot/package.ps1'
[40.756s] INFO:colcon.colcon_core.shell:Creating package descriptor '/ros2_ws/install/digipot/share/digipot/package.dsv'
[40.758s] INFO:colcon.colcon_core.shell:Creating package script '/ros2_ws/install/digipot/share/digipot/package.sh'
[40.761s] INFO:colcon.colcon_core.shell:Creating package script '/ros2_ws/install/digipot/share/digipot/package.bash'
[40.764s] INFO:colcon.colcon_core.shell:Creating package script '/ros2_ws/install/digipot/share/digipot/package.zsh'
[40.767s] Level 1:colcon.colcon_core.environment:create_file_with_runtime_dependencies(/ros2_ws/install/digipot/share/colcon-core/packages/digipot)
[40.875s] Level 1:colcon.colcon_core.environment:create_environment_scripts_only(digipot)
[40.917s] Level 1:colcon.colcon_core.environment:checking '/ros2_ws/install/digipot' for CMake module files
[40.920s] Level 1:colcon.colcon_core.environment:checking '/ros2_ws/install/digipot' for CMake config files
[40.921s] Level 1:colcon.colcon_core.shell:create_environment_hook('digipot', 'cmake_prefix_path')
[40.963s] INFO:colcon.colcon_core.shell:Creating environment hook '/ros2_ws/install/digipot/share/digipot/hook/cmake_prefix_path.ps1'
[40.965s] INFO:colcon.colcon_core.shell:Creating environment descriptor '/ros2_ws/install/digipot/share/digipot/hook/cmake_prefix_path.dsv'
[40.966s] INFO:colcon.colcon_core.shell:Creating environment hook '/ros2_ws/install/digipot/share/digipot/hook/cmake_prefix_path.sh'
[40.968s] Level 1:colcon.colcon_core.environment:checking '/ros2_ws/install/digipot/lib'
[40.968s] Level 1:colcon.colcon_core.environment:checking '/ros2_ws/install/digipot/bin'
[40.968s] Level 1:colcon.colcon_core.environment:checking '/ros2_ws/install/digipot/lib/pkgconfig/digipot.pc'
[40.969s] Level 1:colcon.colcon_core.environment:checking '/ros2_ws/install/digipot/lib/python3.10/site-packages'
[40.970s] Level 1:colcon.colcon_core.environment:checking '/ros2_ws/install/digipot/bin'
[41.016s] INFO:colcon.colcon_core.shell:Creating package script '/ros2_ws/install/digipot/share/digipot/package.ps1'
[41.018s] INFO:colcon.colcon_core.shell:Creating package descriptor '/ros2_ws/install/digipot/share/digipot/package.dsv'
[41.020s] INFO:colcon.colcon_core.shell:Creating package script '/ros2_ws/install/digipot/share/digipot/package.sh'
[41.021s] INFO:colcon.colcon_core.shell:Creating package script '/ros2_ws/install/digipot/share/digipot/package.bash'
[41.023s] INFO:colcon.colcon_core.shell:Creating package script '/ros2_ws/install/digipot/share/digipot/package.zsh'
[41.024s] Level 1:colcon.colcon_core.environment:create_file_with_runtime_dependencies(/ros2_ws/install/digipot/share/colcon-core/packages/digipot)
[41.025s] DEBUG:colcon.colcon_parallel_executor.executor.parallel:closing loop
[41.026s] DEBUG:colcon.colcon_parallel_executor.executor.parallel:loop closed
[41.026s] DEBUG:colcon.colcon_parallel_executor.executor.parallel:run_until_complete finished with '0'
[41.027s] DEBUG:colcon.colcon_core.event_reactor:joining thread
[41.087s] INFO:colcon.colcon_core.plugin_system:Skipping extension 'colcon_notification.desktop_notification.notify_send': Could not find 'notify-send'
[41.088s] INFO:colcon.colcon_core.plugin_system:Skipping extension 'colcon_notification.desktop_notification.terminal_notifier': Not used on non-Darwin systems
[41.088s] INFO:colcon.colcon_core.plugin_system:Skipping extension 'colcon_notification.desktop_notification.win32': Not used on non-Windows systems
[41.088s] INFO:colcon.colcon_notification.desktop_notification:Sending desktop notification using 'notify2'
[41.089s] DEBUG:colcon.colcon_notification.desktop_notification.notify2:Failed to initialize notify2: org.freedesktop.DBus.Error.NotSupported: Unable to autolaunch a dbus-daemon without a $DISPLAY for X11
[41.089s] DEBUG:colcon.colcon_core.event_reactor:joined thread
[41.132s] INFO:colcon.colcon_core.shell:Creating prefix script '/ros2_ws/install/local_setup.ps1'
[41.135s] INFO:colcon.colcon_core.shell:Creating prefix util module '/ros2_ws/install/_local_setup_util_ps1.py'
[41.141s] INFO:colcon.colcon_core.shell:Creating prefix chain script '/ros2_ws/install/setup.ps1'
[41.188s] INFO:colcon.colcon_core.shell:Creating prefix script '/ros2_ws/install/local_setup.sh'
[41.190s] INFO:colcon.colcon_core.shell:Creating prefix util module '/ros2_ws/install/_local_setup_util_sh.py'
[41.192s] INFO:colcon.colcon_core.shell:Creating prefix chain script '/ros2_ws/install/setup.sh'
[41.238s] INFO:colcon.colcon_core.shell:Creating prefix script '/ros2_ws/install/local_setup.bash'
[41.240s] INFO:colcon.colcon_core.shell:Creating prefix chain script '/ros2_ws/install/setup.bash'
[41.285s] INFO:colcon.colcon_core.shell:Creating prefix script '/ros2_ws/install/local_setup.zsh'
[41.287s] INFO:colcon.colcon_core.shell:Creating prefix chain script '/ros2_ws/install/setup.zsh'
