[0.229s] Invoking command in '/ros2_ws/build/digipot': CMAKE_PREFIX_PATH=${CMAKE_PREFIX_PATH}:/ros2_ws/install/ws_server:/ros2_ws/install/vision:/ros2_ws/install/rtcbot_adapter:/ros2_ws/install/motion_control:/opt/ros/humble /usr/bin/cmake --build /ros2_ws/build/digipot -- -j4 -l4
[0.367s] [35m[1mConsolidate compiler generated dependencies of target digipot[0m
[0.435s] [ 33%] [32mBuilding CXX object CMakeFiles/digipot.dir/src/digipot.cpp.o[0m
[37.183s] [ 66%] [32m[1mLinking CXX executable digipot[0m
[39.072s] [100%] Built target digipot
[39.107s] Invoked command in '/ros2_ws/build/digipot' returned '0': CMAKE_PREFIX_PATH=${CMAKE_PREFIX_PATH}:/ros2_ws/install/ws_server:/ros2_ws/install/vision:/ros2_ws/install/rtcbot_adapter:/ros2_ws/install/motion_control:/opt/ros/humble /usr/bin/cmake --build /ros2_ws/build/digipot -- -j4 -l4
[39.216s] Invoking command in '/ros2_ws/build/digipot': CMAKE_PREFIX_PATH=${CMAKE_PREFIX_PATH}:/ros2_ws/install/ws_server:/ros2_ws/install/vision:/ros2_ws/install/rtcbot_adapter:/ros2_ws/install/motion_control:/opt/ros/humble /usr/bin/cmake --install /ros2_ws/build/digipot
[39.239s] -- Install configuration: ""
[39.240s] -- Execute custom install script
[39.241s] -- Up-to-date symlink: /ros2_ws/install/digipot/lib/digipot/digipot
[39.242s] -- Up-to-date symlink: /ros2_ws/install/digipot/share/ament_index/resource_index/package_run_dependencies/digipot
[39.243s] -- Up-to-date symlink: /ros2_ws/install/digipot/share/ament_index/resource_index/parent_prefix_path/digipot
[39.244s] -- Up-to-date symlink: /ros2_ws/install/digipot/share/digipot/environment/ament_prefix_path.sh
[39.244s] -- Up-to-date symlink: /ros2_ws/install/digipot/share/digipot/environment/ament_prefix_path.dsv
[39.245s] -- Up-to-date symlink: /ros2_ws/install/digipot/share/digipot/environment/path.sh
[39.245s] -- Up-to-date symlink: /ros2_ws/install/digipot/share/digipot/environment/path.dsv
[39.246s] -- Up-to-date symlink: /ros2_ws/install/digipot/share/digipot/local_setup.bash
[39.246s] -- Up-to-date symlink: /ros2_ws/install/digipot/share/digipot/local_setup.sh
[39.247s] -- Up-to-date symlink: /ros2_ws/install/digipot/share/digipot/local_setup.zsh
[39.248s] -- Up-to-date symlink: /ros2_ws/install/digipot/share/digipot/local_setup.dsv
[39.250s] -- Symlinking: /ros2_ws/install/digipot/share/digipot/package.dsv
[39.277s] -- Up-to-date symlink: /ros2_ws/install/digipot/share/ament_index/resource_index/packages/digipot
[39.277s] -- Up-to-date symlink: /ros2_ws/install/digipot/share/digipot/cmake/digipotConfig.cmake
[39.278s] -- Up-to-date symlink: /ros2_ws/install/digipot/share/digipot/cmake/digipotConfig-version.cmake
[39.278s] -- Up-to-date symlink: /ros2_ws/install/digipot/share/digipot/package.xml
[39.290s] Invoked command in '/ros2_ws/build/digipot' returned '0': CMAKE_PREFIX_PATH=${CMAKE_PREFIX_PATH}:/ros2_ws/install/ws_server:/ros2_ws/install/vision:/ros2_ws/install/rtcbot_adapter:/ros2_ws/install/motion_control:/opt/ros/humble /usr/bin/cmake --install /ros2_ws/build/digipot
