[0.205s] Invoking command in '/ros2_ws/build/digipot': CMAKE_PREFIX_PATH=${CMAKE_PREFIX_PATH}:/ros2_ws/install/ws_server:/ros2_ws/install/vision:/ros2_ws/install/rtcbot_adapter:/ros2_ws/install/motion_control:/opt/ros/humble /usr/bin/cmake --build /ros2_ws/build/digipot -- -j4 -l4
[0.334s] [35m[1mConsolidate compiler generated dependencies of target digipot[0m
[0.394s] [ 33%] [32mBuilding CXX object CMakeFiles/digipot.dir/src/digipot.cpp.o[0m
[10.128s] [01m[K/ros2_ws/src/digipot/src/digipot.cpp:[m[K In constructor ‘[01m[KDigipotNode::DigipotNode()[m[K’:
[10.129s] [01m[K/ros2_ws/src/digipot/src/digipot.cpp:9:32:[m[K [01;31m[Kerror: [m[Kno matching function for call to ‘[01m[KDigiPot::DigiPot()[m[K’
[10.131s]     9 |   DigipotNode(): Node("digipot"[01;31m[K)[m[K
[10.132s]       |                                [01;31m[K^[m[K
[10.132s] In file included from [01m[K/ros2_ws/src/digipot/src/digipot.cpp:4[m[K:
[10.133s] [01m[K/ros2_ws/src/digipot/include/digipot/DigiPot.h:12:5:[m[K [01;36m[Knote: [m[Kcandidate: ‘[01m[KDigiPot::DigiPot(int, int, int)[m[K’
[10.133s]    12 |     [01;36m[KDigiPot[m[K(int udPin, int incPin, int csPin);
[10.134s]       |     [01;36m[K^~~~~~~[m[K
[10.134s] [01m[K/ros2_ws/src/digipot/include/digipot/DigiPot.h:12:5:[m[K [01;36m[Knote: [m[K  candidate expects 3 arguments, 0 provided
[10.134s] [01m[K/ros2_ws/src/digipot/include/digipot/DigiPot.h:10:7:[m[K [01;36m[Knote: [m[Kcandidate: ‘[01m[Kconstexpr DigiPot::DigiPot(const DigiPot&)[m[K’
[10.135s]    10 | class [01;36m[KDigiPot[m[K {
[10.135s]       |       [01;36m[K^~~~~~~[m[K
[10.135s] [01m[K/ros2_ws/src/digipot/include/digipot/DigiPot.h:10:7:[m[K [01;36m[Knote: [m[K  candidate expects 1 argument, 0 provided
[10.136s] [01m[K/ros2_ws/src/digipot/include/digipot/DigiPot.h:10:7:[m[K [01;36m[Knote: [m[Kcandidate: ‘[01m[Kconstexpr DigiPot::DigiPot(DigiPot&&)[m[K’
[10.136s] [01m[K/ros2_ws/src/digipot/include/digipot/DigiPot.h:10:7:[m[K [01;36m[Knote: [m[K  candidate expects 1 argument, 0 provided
[10.136s] [01m[K/ros2_ws/src/digipot/src/digipot.cpp:11:22:[m[K [01;31m[Kerror: [m[Kno matching function for call to ‘[01m[KDigipotNode::declare_parameter(const char [6], unsigned int, const char [20])[m[K’
[10.137s]    11 |     [01;31m[Kdeclare_parameter("udPin", 0u, "U/D GPIO pin number")[m[K;
[10.137s]       |     [01;31m[K~~~~~~~~~~~~~~~~~^~~~~~~~~~~~~~~~~~~~~~~~~~~~~~~~~~~~[m[K
[10.137s] In file included from [01m[K/opt/ros/humble/include/rclcpp/rclcpp/executors/single_threaded_executor.hpp:28[m[K,
[10.138s]                  from [01m[K/opt/ros/humble/include/rclcpp/rclcpp/executors.hpp:22[m[K,
[10.138s]                  from [01m[K/opt/ros/humble/include/rclcpp/rclcpp/rclcpp.hpp:155[m[K,
[10.138s]                  from [01m[K/ros2_ws/src/digipot/src/digipot.cpp:1[m[K:
[10.139s] [01m[K/opt/ros/humble/include/rclcpp/rclcpp/node.hpp:421:3:[m[K [01;36m[Knote: [m[Kcandidate: ‘[01m[Ktemplate<class ParameterT> auto rclcpp::Node::declare_parameter(const string&, const ParameterT&, const ParameterDescriptor&, bool)[m[K’
[10.139s]   421 |   [01;36m[Kdeclare_parameter[m[K(
[10.139s]       |   [01;36m[K^~~~~~~~~~~~~~~~~[m[K
[10.140s] [01m[K/opt/ros/humble/include/rclcpp/rclcpp/node.hpp:421:3:[m[K [01;36m[Knote: [m[K  template argument deduction/substitution failed:
[10.140s] [01m[K/ros2_ws/src/digipot/src/digipot.cpp:11:36:[m[K [01;36m[Knote: [m[K  cannot convert ‘[01m[K"U/D GPIO pin number"[m[K’ (type ‘[01m[Kconst char [20][m[K’) to type ‘[01m[Kconst ParameterDescriptor&[m[K’ {aka ‘[01m[Kconst rcl_interfaces::msg::ParameterDescriptor_<std::allocator<void> >&[m[K’}
[10.140s]    11 |     declare_parameter("udPin", 0u, [01;36m[K"U/D GPIO pin number"[m[K);
[10.141s]       |                                    [01;36m[K^~~~~~~~~~~~~~~~~~~~~[m[K
[10.141s] In file included from [01m[K/opt/ros/humble/include/rclcpp/rclcpp/executors/single_threaded_executor.hpp:28[m[K,
[10.142s]                  from [01m[K/opt/ros/humble/include/rclcpp/rclcpp/executors.hpp:22[m[K,
[10.142s]                  from [01m[K/opt/ros/humble/include/rclcpp/rclcpp/rclcpp.hpp:155[m[K,
[10.142s]                  from [01m[K/ros2_ws/src/digipot/src/digipot.cpp:1[m[K:
[10.143s] [01m[K/opt/ros/humble/include/rclcpp/rclcpp/node.hpp:434:3:[m[K [01;36m[Knote: [m[Kcandidate: ‘[01m[Ktemplate<class ParameterT> auto rclcpp::Node::declare_parameter(const string&, const ParameterDescriptor&, bool)[m[K’
[10.143s]   434 |   [01;36m[Kdeclare_parameter[m[K(
[10.143s]       |   [01;36m[K^~~~~~~~~~~~~~~~~[m[K
[10.144s] [01m[K/opt/ros/humble/include/rclcpp/rclcpp/node.hpp:434:3:[m[K [01;36m[Knote: [m[K  template argument deduction/substitution failed:
[10.144s] [01m[K/ros2_ws/src/digipot/src/digipot.cpp:11:22:[m[K [01;36m[Knote: [m[K  couldn’t deduce template parameter ‘[01m[KParameterT[m[K’
[10.144s]    11 |     [01;36m[Kdeclare_parameter("udPin", 0u, "U/D GPIO pin number")[m[K;
[10.145s]       |     [01;36m[K~~~~~~~~~~~~~~~~~^~~~~~~~~~~~~~~~~~~~~~~~~~~~~~~~~~~~[m[K
[10.145s] In file included from [01m[K/opt/ros/humble/include/rclcpp/rclcpp/executors/single_threaded_executor.hpp:28[m[K,
[10.145s]                  from [01m[K/opt/ros/humble/include/rclcpp/rclcpp/executors.hpp:22[m[K,
[10.146s]                  from [01m[K/opt/ros/humble/include/rclcpp/rclcpp/rclcpp.hpp:155[m[K,
[10.146s]                  from [01m[K/ros2_ws/src/digipot/src/digipot.cpp:1[m[K:
[10.146s] [01m[K/opt/ros/humble/include/rclcpp/rclcpp/node.hpp:366:3:[m[K [01;36m[Knote: [m[Kcandidate: ‘[01m[Kconst rclcpp::ParameterValue& rclcpp::Node::declare_parameter(const string&, const rclcpp::ParameterValue&, const ParameterDescriptor&, bool)[m[K’
[10.147s]   366 |   [01;36m[Kdeclare_parameter[m[K(
[10.147s]       |   [01;36m[K^~~~~~~~~~~~~~~~~[m[K
[10.147s] [01m[K/opt/ros/humble/include/rclcpp/rclcpp/node.hpp:368:36:[m[K [01;36m[Knote: [m[K  no known conversion for argument 2 from ‘[01m[Kunsigned int[m[K’ to ‘[01m[Kconst rclcpp::ParameterValue&[m[K’
[10.148s]   368 |     [01;36m[Kconst rclcpp::ParameterValue & default_value[m[K,
[10.148s]       |     [01;36m[K~~~~~~~~~~~~~~~~~~~~~~~~~~~~~~~^~~~~~~~~~~~~[m[K
[10.148s] [01m[K/opt/ros/humble/include/rclcpp/rclcpp/node.hpp:391:3:[m[K [01;36m[Knote: [m[Kcandidate: ‘[01m[Kconst rclcpp::ParameterValue& rclcpp::Node::declare_parameter(const string&, rclcpp::ParameterType, const ParameterDescriptor&, bool)[m[K’
[10.149s]   391 |   [01;36m[Kdeclare_parameter[m[K(
[10.149s]       |   [01;36m[K^~~~~~~~~~~~~~~~~[m[K
[10.149s] [01m[K/opt/ros/humble/include/rclcpp/rclcpp/node.hpp:394:54:[m[K [01;36m[Knote: [m[K  no known conversion for argument 3 from ‘[01m[Kconst char [20][m[K’ to ‘[01m[Kconst ParameterDescriptor&[m[K’ {aka ‘[01m[Kconst rcl_interfaces::msg::ParameterDescriptor_<std::allocator<void> >&[m[K’}
[10.150s]   394 |     [01;36m[Kconst rcl_interfaces::msg::ParameterDescriptor & parameter_descriptor =[m[K
[10.150s]       |     [01;36m[K~~~~~~~~~~~~~~~~~~~~~~~~~~~~~~~~~~~~~~~~~~~~~~~~~^~~~~~~~~~~~~~~~~~~~~~[m[K
[10.151s]   395 | [01;36m[K    rcl_interfaces::msg::ParameterDescriptor{}[m[K,
[10.151s]       |     [01;36m[K~~~~~~~~~~~~~~~~~~~~~~~~~~~~~~~~~~~~~~~~~~[m[K        
[10.152s] [01m[K/ros2_ws/src/digipot/src/digipot.cpp:12:22:[m[K [01;31m[Kerror: [m[Kno matching function for call to ‘[01m[KDigipotNode::declare_parameter(const char [7], unsigned int, const char [20])[m[K’
[10.152s]    12 |     [01;31m[Kdeclare_parameter("incPin", 0u, "INC GPIO pin number")[m[K;
[10.153s]       |     [01;31m[K~~~~~~~~~~~~~~~~~^~~~~~~~~~~~~~~~~~~~~~~~~~~~~~~~~~~~~[m[K
[10.153s] In file included from [01m[K/opt/ros/humble/include/rclcpp/rclcpp/executors/single_threaded_executor.hpp:28[m[K,
[10.153s]                  from [01m[K/opt/ros/humble/include/rclcpp/rclcpp/executors.hpp:22[m[K,
[10.154s]                  from [01m[K/opt/ros/humble/include/rclcpp/rclcpp/rclcpp.hpp:155[m[K,
[10.154s]                  from [01m[K/ros2_ws/src/digipot/src/digipot.cpp:1[m[K:
[10.154s] [01m[K/opt/ros/humble/include/rclcpp/rclcpp/node.hpp:421:3:[m[K [01;36m[Knote: [m[Kcandidate: ‘[01m[Ktemplate<class ParameterT> auto rclcpp::Node::declare_parameter(const string&, const ParameterT&, const ParameterDescriptor&, bool)[m[K’
[10.155s]   421 |   [01;36m[Kdeclare_parameter[m[K(
[10.155s]       |   [01;36m[K^~~~~~~~~~~~~~~~~[m[K
[10.155s] [01m[K/opt/ros/humble/include/rclcpp/rclcpp/node.hpp:421:3:[m[K [01;36m[Knote: [m[K  template argument deduction/substitution failed:
[10.156s] [01m[K/ros2_ws/src/digipot/src/digipot.cpp:12:37:[m[K [01;36m[Knote: [m[K  cannot convert ‘[01m[K"INC GPIO pin number"[m[K’ (type ‘[01m[Kconst char [20][m[K’) to type ‘[01m[Kconst ParameterDescriptor&[m[K’ {aka ‘[01m[Kconst rcl_interfaces::msg::ParameterDescriptor_<std::allocator<void> >&[m[K’}
[10.156s]    12 |     declare_parameter("incPin", 0u, [01;36m[K"INC GPIO pin number"[m[K);
[10.157s]       |                                     [01;36m[K^~~~~~~~~~~~~~~~~~~~~[m[K
[10.157s] In file included from [01m[K/opt/ros/humble/include/rclcpp/rclcpp/executors/single_threaded_executor.hpp:28[m[K,
[10.157s]                  from [01m[K/opt/ros/humble/include/rclcpp/rclcpp/executors.hpp:22[m[K,
[10.158s]                  from [01m[K/opt/ros/humble/include/rclcpp/rclcpp/rclcpp.hpp:155[m[K,
[10.158s]                  from [01m[K/ros2_ws/src/digipot/src/digipot.cpp:1[m[K:
[10.159s] [01m[K/opt/ros/humble/include/rclcpp/rclcpp/node.hpp:434:3:[m[K [01;36m[Knote: [m[Kcandidate: ‘[01m[Ktemplate<class ParameterT> auto rclcpp::Node::declare_parameter(const string&, const ParameterDescriptor&, bool)[m[K’
[10.159s]   434 |   [01;36m[Kdeclare_parameter[m[K(
[10.159s]       |   [01;36m[K^~~~~~~~~~~~~~~~~[m[K
[10.160s] [01m[K/opt/ros/humble/include/rclcpp/rclcpp/node.hpp:434:3:[m[K [01;36m[Knote: [m[K  template argument deduction/substitution failed:
[10.160s] [01m[K/ros2_ws/src/digipot/src/digipot.cpp:12:22:[m[K [01;36m[Knote: [m[K  couldn’t deduce template parameter ‘[01m[KParameterT[m[K’
[10.160s]    12 |     [01;36m[Kdeclare_parameter("incPin", 0u, "INC GPIO pin number")[m[K;
[10.161s]       |     [01;36m[K~~~~~~~~~~~~~~~~~^~~~~~~~~~~~~~~~~~~~~~~~~~~~~~~~~~~~~[m[K
[10.161s] In file included from [01m[K/opt/ros/humble/include/rclcpp/rclcpp/executors/single_threaded_executor.hpp:28[m[K,
[10.161s]                  from [01m[K/opt/ros/humble/include/rclcpp/rclcpp/executors.hpp:22[m[K,
[10.162s]                  from [01m[K/opt/ros/humble/include/rclcpp/rclcpp/rclcpp.hpp:155[m[K,
[10.162s]                  from [01m[K/ros2_ws/src/digipot/src/digipot.cpp:1[m[K:
[10.163s] [01m[K/opt/ros/humble/include/rclcpp/rclcpp/node.hpp:366:3:[m[K [01;36m[Knote: [m[Kcandidate: ‘[01m[Kconst rclcpp::ParameterValue& rclcpp::Node::declare_parameter(const string&, const rclcpp::ParameterValue&, const ParameterDescriptor&, bool)[m[K’
[10.163s]   366 |   [01;36m[Kdeclare_parameter[m[K(
[10.163s]       |   [01;36m[K^~~~~~~~~~~~~~~~~[m[K
[10.164s] [01m[K/opt/ros/humble/include/rclcpp/rclcpp/node.hpp:368:36:[m[K [01;36m[Knote: [m[K  no known conversion for argument 2 from ‘[01m[Kunsigned int[m[K’ to ‘[01m[Kconst rclcpp::ParameterValue&[m[K’
[10.164s]   368 |     [01;36m[Kconst rclcpp::ParameterValue & default_value[m[K,
[10.164s]       |     [01;36m[K~~~~~~~~~~~~~~~~~~~~~~~~~~~~~~~^~~~~~~~~~~~~[m[K
[10.165s] [01m[K/opt/ros/humble/include/rclcpp/rclcpp/node.hpp:391:3:[m[K [01;36m[Knote: [m[Kcandidate: ‘[01m[Kconst rclcpp::ParameterValue& rclcpp::Node::declare_parameter(const string&, rclcpp::ParameterType, const ParameterDescriptor&, bool)[m[K’
[10.165s]   391 |   [01;36m[Kdeclare_parameter[m[K(
[10.165s]       |   [01;36m[K^~~~~~~~~~~~~~~~~[m[K
[10.166s] [01m[K/opt/ros/humble/include/rclcpp/rclcpp/node.hpp:394:54:[m[K [01;36m[Knote: [m[K  no known conversion for argument 3 from ‘[01m[Kconst char [20][m[K’ to ‘[01m[Kconst ParameterDescriptor&[m[K’ {aka ‘[01m[Kconst rcl_interfaces::msg::ParameterDescriptor_<std::allocator<void> >&[m[K’}
[10.167s]   394 |     [01;36m[Kconst rcl_interfaces::msg::ParameterDescriptor & parameter_descriptor =[m[K
[10.167s]       |     [01;36m[K~~~~~~~~~~~~~~~~~~~~~~~~~~~~~~~~~~~~~~~~~~~~~~~~~^~~~~~~~~~~~~~~~~~~~~~[m[K
[10.168s]   395 | [01;36m[K    rcl_interfaces::msg::ParameterDescriptor{}[m[K,
[10.168s]       |     [01;36m[K~~~~~~~~~~~~~~~~~~~~~~~~~~~~~~~~~~~~~~~~~~[m[K        
[10.168s] [01m[K/ros2_ws/src/digipot/src/digipot.cpp:13:22:[m[K [01;31m[Kerror: [m[Kno matching function for call to ‘[01m[KDigipotNode::declare_parameter(const char [6], unsigned int, const char [19])[m[K’
[10.169s]    13 |     [01;31m[Kdeclare_parameter("csPin", 0u, "CS GPIO pin number")[m[K;
[10.169s]       |     [01;31m[K~~~~~~~~~~~~~~~~~^~~~~~~~~~~~~~~~~~~~~~~~~~~~~~~~~~~[m[K
[10.169s] In file included from [01m[K/opt/ros/humble/include/rclcpp/rclcpp/executors/single_threaded_executor.hpp:28[m[K,
[10.170s]                  from [01m[K/opt/ros/humble/include/rclcpp/rclcpp/executors.hpp:22[m[K,
[10.170s]                  from [01m[K/opt/ros/humble/include/rclcpp/rclcpp/rclcpp.hpp:155[m[K,
[10.171s]                  from [01m[K/ros2_ws/src/digipot/src/digipot.cpp:1[m[K:
[10.171s] [01m[K/opt/ros/humble/include/rclcpp/rclcpp/node.hpp:421:3:[m[K [01;36m[Knote: [m[Kcandidate: ‘[01m[Ktemplate<class ParameterT> auto rclcpp::Node::declare_parameter(const string&, const ParameterT&, const ParameterDescriptor&, bool)[m[K’
[10.172s]   421 |   [01;36m[Kdeclare_parameter[m[K(
[10.172s]       |   [01;36m[K^~~~~~~~~~~~~~~~~[m[K
[10.172s] [01m[K/opt/ros/humble/include/rclcpp/rclcpp/node.hpp:421:3:[m[K [01;36m[Knote: [m[K  template argument deduction/substitution failed:
[10.173s] [01m[K/ros2_ws/src/digipot/src/digipot.cpp:13:36:[m[K [01;36m[Knote: [m[K  cannot convert ‘[01m[K"CS GPIO pin number"[m[K’ (type ‘[01m[Kconst char [19][m[K’) to type ‘[01m[Kconst ParameterDescriptor&[m[K’ {aka ‘[01m[Kconst rcl_interfaces::msg::ParameterDescriptor_<std::allocator<void> >&[m[K’}
[10.173s]    13 |     declare_parameter("csPin", 0u, [01;36m[K"CS GPIO pin number"[m[K);
[10.174s]       |                                    [01;36m[K^~~~~~~~~~~~~~~~~~~~[m[K
[10.174s] In file included from [01m[K/opt/ros/humble/include/rclcpp/rclcpp/executors/single_threaded_executor.hpp:28[m[K,
[10.175s]                  from [01m[K/opt/ros/humble/include/rclcpp/rclcpp/executors.hpp:22[m[K,
[10.175s]                  from [01m[K/opt/ros/humble/include/rclcpp/rclcpp/rclcpp.hpp:155[m[K,
[10.175s]                  from [01m[K/ros2_ws/src/digipot/src/digipot.cpp:1[m[K:
[10.176s] [01m[K/opt/ros/humble/include/rclcpp/rclcpp/node.hpp:434:3:[m[K [01;36m[Knote: [m[Kcandidate: ‘[01m[Ktemplate<class ParameterT> auto rclcpp::Node::declare_parameter(const string&, const ParameterDescriptor&, bool)[m[K’
[10.176s]   434 |   [01;36m[Kdeclare_parameter[m[K(
[10.176s]       |   [01;36m[K^~~~~~~~~~~~~~~~~[m[K
[10.177s] [01m[K/opt/ros/humble/include/rclcpp/rclcpp/node.hpp:434:3:[m[K [01;36m[Knote: [m[K  template argument deduction/substitution failed:
[10.177s] [01m[K/ros2_ws/src/digipot/src/digipot.cpp:13:22:[m[K [01;36m[Knote: [m[K  couldn’t deduce template parameter ‘[01m[KParameterT[m[K’
[10.177s]    13 |     [01;36m[Kdeclare_parameter("csPin", 0u, "CS GPIO pin number")[m[K;
[10.178s]       |     [01;36m[K~~~~~~~~~~~~~~~~~^~~~~~~~~~~~~~~~~~~~~~~~~~~~~~~~~~~[m[K
[10.178s] In file included from [01m[K/opt/ros/humble/include/rclcpp/rclcpp/executors/single_threaded_executor.hpp:28[m[K,
[10.178s]                  from [01m[K/opt/ros/humble/include/rclcpp/rclcpp/executors.hpp:22[m[K,
[10.179s]                  from [01m[K/opt/ros/humble/include/rclcpp/rclcpp/rclcpp.hpp:155[m[K,
[10.179s]                  from [01m[K/ros2_ws/src/digipot/src/digipot.cpp:1[m[K:
[10.179s] [01m[K/opt/ros/humble/include/rclcpp/rclcpp/node.hpp:366:3:[m[K [01;36m[Knote: [m[Kcandidate: ‘[01m[Kconst rclcpp::ParameterValue& rclcpp::Node::declare_parameter(const string&, const rclcpp::ParameterValue&, const ParameterDescriptor&, bool)[m[K’
[10.180s]   366 |   [01;36m[Kdeclare_parameter[m[K(
[10.180s]       |   [01;36m[K^~~~~~~~~~~~~~~~~[m[K
[10.181s] [01m[K/opt/ros/humble/include/rclcpp/rclcpp/node.hpp:368:36:[m[K [01;36m[Knote: [m[K  no known conversion for argument 2 from ‘[01m[Kunsigned int[m[K’ to ‘[01m[Kconst rclcpp::ParameterValue&[m[K’
[10.181s]   368 |     [01;36m[Kconst rclcpp::ParameterValue & default_value[m[K,
[10.181s]       |     [01;36m[K~~~~~~~~~~~~~~~~~~~~~~~~~~~~~~~^~~~~~~~~~~~~[m[K
[10.182s] [01m[K/opt/ros/humble/include/rclcpp/rclcpp/node.hpp:391:3:[m[K [01;36m[Knote: [m[Kcandidate: ‘[01m[Kconst rclcpp::ParameterValue& rclcpp::Node::declare_parameter(const string&, rclcpp::ParameterType, const ParameterDescriptor&, bool)[m[K’
[10.182s]   391 |   [01;36m[Kdeclare_parameter[m[K(
[10.182s]       |   [01;36m[K^~~~~~~~~~~~~~~~~[m[K
[10.183s] [01m[K/opt/ros/humble/include/rclcpp/rclcpp/node.hpp:394:54:[m[K [01;36m[Knote: [m[K  no known conversion for argument 3 from ‘[01m[Kconst char [19][m[K’ to ‘[01m[Kconst ParameterDescriptor&[m[K’ {aka ‘[01m[Kconst rcl_interfaces::msg::ParameterDescriptor_<std::allocator<void> >&[m[K’}
[10.183s]   394 |     [01;36m[Kconst rcl_interfaces::msg::ParameterDescriptor & parameter_descriptor =[m[K
[10.183s]       |     [01;36m[K~~~~~~~~~~~~~~~~~~~~~~~~~~~~~~~~~~~~~~~~~~~~~~~~~^~~~~~~~~~~~~~~~~~~~~~[m[K
[10.184s]   395 | [01;36m[K    rcl_interfaces::msg::ParameterDescriptor{}[m[K,
[10.184s]       |     [01;36m[K~~~~~~~~~~~~~~~~~~~~~~~~~~~~~~~~~~~~~~~~~~[m[K        
[10.185s] [01m[K/ros2_ws/src/digipot/src/digipot.cpp:16:5:[m[K [01;31m[Kerror: [m[K‘[01m[KudPin_[m[K’ was not declared in this scope; did you mean ‘[01m[KunPin_[m[K’?
[10.185s]    16 |     [01;31m[KudPin_[m[K = get_parameter("udPin").as_int();
[10.185s]       |     [01;31m[K^~~~~~[m[K
[10.186s]       |     [32m[KunPin_[m[K
[19.910s] gmake[2]: *** [CMakeFiles/digipot.dir/build.make:76: CMakeFiles/digipot.dir/src/digipot.cpp.o] Error 1
[19.911s] gmake[1]: *** [CMakeFiles/Makefile2:137: CMakeFiles/digipot.dir/all] Error 2
[19.911s] gmake: *** [Makefile:146: all] Error 2
[19.916s] Invoked command in '/ros2_ws/build/digipot' returned '2': CMAKE_PREFIX_PATH=${CMAKE_PREFIX_PATH}:/ros2_ws/install/ws_server:/ros2_ws/install/vision:/ros2_ws/install/rtcbot_adapter:/ros2_ws/install/motion_control:/opt/ros/humble /usr/bin/cmake --build /ros2_ws/build/digipot -- -j4 -l4
