-- Found ament_cmake: 1.3.5 (/opt/ros/humble/share/ament_cmake/cmake)
-- Override CMake install command with custom implementation using symlinks instead of copying resources
-- Found rosidl_default_generators: 1.2.0 (/opt/ros/humble/share/rosidl_default_generators/cmake)
-- Using all available rosidl_typesupport_c: rosidl_typesupport_fastrtps_c;rosidl_typesupport_introspection_c
-- Found rosidl_adapter: 3.1.5 (/opt/ros/humble/share/rosidl_adapter/cmake)
-- Using all available rosidl_typesupport_cpp: rosidl_typesupport_fastrtps_cpp;rosidl_typesupport_introspection_cpp
-- Found ament_cmake_ros: 0.10.0 (/opt/ros/humble/share/ament_cmake_ros/cmake)
-- Using all available rosidl_typesupport_c: rosidl_typesupport_fastrtps_c;rosidl_typesupport_introspection_c
-- Using all available rosidl_typesupport_cpp: rosidl_typesupport_fastrtps_cpp;rosidl_typesupport_introspection_cpp
-- Found python_cmake_module: 0.10.0 (/opt/ros/humble/share/python_cmake_module/cmake)
-- Using PYTHON_EXECUTABLE: /usr/bin/python3
-- Using PYTHON_INCLUDE_DIRS: /usr/include/python3.10
-- Using PYTHON_LIBRARIES: /usr/lib/aarch64-linux-gnu/libpython3.10.so
-- Found ament_lint_auto: 0.12.8 (/opt/ros/humble/share/ament_lint_auto/cmake)
-- Added test 'lint_cmake' to check CMake code style
-- Added test 'xmllint' to check XML markup files
-- Configuring done
-- Generating done
-- Build files have been written to: /ros2_ws/build/digipot_interfaces
[35m[1mConsolidate compiler generated dependencies of target digipot_interfaces__rosidl_generator_c[0m
[  9%] Built target digipot_interfaces__rosidl_generator_c
[ 12%] Built target digipot_interfaces__cpp
[35m[1mConsolidate compiler generated dependencies of target digipot_interfaces__rosidl_typesupport_fastrtps_c[0m
[ 12%] Built target ament_cmake_python_symlink_digipot_interfaces
[35m[1mConsolidate compiler generated dependencies of target digipot_interfaces__rosidl_typesupport_introspection_c[0m
[35m[1mConsolidate compiler generated dependencies of target digipot_interfaces__rosidl_typesupport_c[0m
[35m[1mConsolidate compiler generated dependencies of target digipot_interfaces__rosidl_typesupport_fastrtps_cpp[0m
[ 22%] Built target digipot_interfaces__rosidl_typesupport_fastrtps_c
[ 32%] Built target digipot_interfaces__rosidl_typesupport_introspection_c
[ 41%] Built target digipot_interfaces__rosidl_typesupport_c
[ 51%] Built target digipot_interfaces__rosidl_typesupport_fastrtps_cpp
[35m[1mConsolidate compiler generated dependencies of target digipot_interfaces__rosidl_typesupport_cpp[0m
[35m[1mConsolidate compiler generated dependencies of target digipot_interfaces__rosidl_typesupport_introspection_cpp[0m
[ 61%] Built target digipot_interfaces__rosidl_typesupport_cpp
[ 70%] Built target digipot_interfaces__rosidl_typesupport_introspection_cpp
[ 70%] Built target digipot_interfaces
[ 74%] Built target digipot_interfaces__py
[35m[1mConsolidate compiler generated dependencies of target digipot_interfaces__rosidl_generator_py[0m
[ 80%] Built target digipot_interfaces__rosidl_generator_py
[35m[1mConsolidate compiler generated dependencies of target digipot_interfaces__rosidl_typesupport_fastrtps_c__pyext[0m
[35m[1mConsolidate compiler generated dependencies of target digipot_interfaces__rosidl_typesupport_c__pyext[0m
[35m[1mConsolidate compiler generated dependencies of target digipot_interfaces__rosidl_typesupport_introspection_c__pyext[0m
[ 87%] Built target digipot_interfaces__rosidl_typesupport_fastrtps_c__pyext
[ 93%] Built target digipot_interfaces__rosidl_typesupport_c__pyext
[100%] Built target digipot_interfaces__rosidl_typesupport_introspection_c__pyext
running egg_info
writing digipot_interfaces.egg-info/PKG-INFO
writing dependency_links to digipot_interfaces.egg-info/dependency_links.txt
writing top-level names to digipot_interfaces.egg-info/top_level.txt
reading manifest file 'digipot_interfaces.egg-info/SOURCES.txt'
writing manifest file 'digipot_interfaces.egg-info/SOURCES.txt'
[100%] Built target ament_cmake_python_build_digipot_interfaces_egg
-- Install configuration: ""
-- Execute custom install script
-- Up-to-date symlink: /ros2_ws/install/digipot_interfaces/share/ament_index/resource_index/rosidl_interfaces/digipot_interfaces
-- Up-to-date symlink: /ros2_ws/install/digipot_interfaces/include/digipot_interfaces/digipot_interfaces/msg/detail/digipot__functions.h
-- Up-to-date symlink: /ros2_ws/install/digipot_interfaces/include/digipot_interfaces/digipot_interfaces/msg/detail/digipot__struct.h
-- Up-to-date symlink: /ros2_ws/install/digipot_interfaces/include/digipot_interfaces/digipot_interfaces/msg/detail/digipot__type_support.h
-- Up-to-date symlink: /ros2_ws/install/digipot_interfaces/include/digipot_interfaces/digipot_interfaces/msg/digipot.h
-- Up-to-date symlink: /ros2_ws/install/digipot_interfaces/include/digipot_interfaces/digipot_interfaces/msg/rosidl_generator_c__visibility_control.h
-- Up-to-date symlink: /ros2_ws/install/digipot_interfaces/share/digipot_interfaces/environment/library_path.sh
-- Up-to-date symlink: /ros2_ws/install/digipot_interfaces/share/digipot_interfaces/environment/library_path.dsv
-- Up-to-date symlink: /ros2_ws/install/digipot_interfaces/include/digipot_interfaces/digipot_interfaces/msg/detail/digipot__rosidl_typesupport_fastrtps_c.h
-- Up-to-date symlink: /ros2_ws/install/digipot_interfaces/include/digipot_interfaces/digipot_interfaces/msg/rosidl_typesupport_fastrtps_c__visibility_control.h
-- Up-to-date symlink: /ros2_ws/install/digipot_interfaces/include/digipot_interfaces/digipot_interfaces/msg/detail/digipot__rosidl_typesupport_introspection_c.h
-- Up-to-date symlink: /ros2_ws/install/digipot_interfaces/include/digipot_interfaces/digipot_interfaces/msg/rosidl_typesupport_introspection_c__visibility_control.h
-- Up-to-date symlink: /ros2_ws/install/digipot_interfaces/include/digipot_interfaces/digipot_interfaces/msg/detail/digipot__builder.hpp
-- Up-to-date symlink: /ros2_ws/install/digipot_interfaces/include/digipot_interfaces/digipot_interfaces/msg/detail/digipot__struct.hpp
-- Up-to-date symlink: /ros2_ws/install/digipot_interfaces/include/digipot_interfaces/digipot_interfaces/msg/detail/digipot__traits.hpp
-- Up-to-date symlink: /ros2_ws/install/digipot_interfaces/include/digipot_interfaces/digipot_interfaces/msg/digipot.hpp
-- Up-to-date symlink: /ros2_ws/install/digipot_interfaces/include/digipot_interfaces/digipot_interfaces/msg/detail/digipot__rosidl_typesupport_fastrtps_cpp.hpp
-- Up-to-date symlink: /ros2_ws/install/digipot_interfaces/include/digipot_interfaces/digipot_interfaces/msg/rosidl_typesupport_fastrtps_cpp__visibility_control.h
-- Up-to-date symlink: /ros2_ws/install/digipot_interfaces/include/digipot_interfaces/digipot_interfaces/msg/detail/digipot__rosidl_typesupport_introspection_cpp.hpp
-- Up-to-date symlink: /ros2_ws/install/digipot_interfaces/share/digipot_interfaces/environment/pythonpath.sh
-- Up-to-date symlink: /ros2_ws/install/digipot_interfaces/share/digipot_interfaces/environment/pythonpath.dsv
-- Up-to-date symlink: /ros2_ws/install/digipot_interfaces/local/lib/python3.10/dist-packages/digipot_interfaces-0.0.0-py3.10.egg-info/PKG-INFO
-- Up-to-date symlink: /ros2_ws/install/digipot_interfaces/local/lib/python3.10/dist-packages/digipot_interfaces-0.0.0-py3.10.egg-info/SOURCES.txt
-- Up-to-date symlink: /ros2_ws/install/digipot_interfaces/local/lib/python3.10/dist-packages/digipot_interfaces-0.0.0-py3.10.egg-info/dependency_links.txt
-- Up-to-date symlink: /ros2_ws/install/digipot_interfaces/local/lib/python3.10/dist-packages/digipot_interfaces-0.0.0-py3.10.egg-info/top_level.txt
-- Up-to-date symlink: /ros2_ws/install/digipot_interfaces/local/lib/python3.10/dist-packages/digipot_interfaces/__init__.py
-- Up-to-date symlink: /ros2_ws/install/digipot_interfaces/local/lib/python3.10/dist-packages/digipot_interfaces/_digipot_interfaces_s.ep.rosidl_typesupport_c.c
-- Up-to-date symlink: /ros2_ws/install/digipot_interfaces/local/lib/python3.10/dist-packages/digipot_interfaces/_digipot_interfaces_s.ep.rosidl_typesupport_fastrtps_c.c
-- Up-to-date symlink: /ros2_ws/install/digipot_interfaces/local/lib/python3.10/dist-packages/digipot_interfaces/_digipot_interfaces_s.ep.rosidl_typesupport_introspection_c.c
-- Up-to-date symlink: /ros2_ws/install/digipot_interfaces/local/lib/python3.10/dist-packages/digipot_interfaces/digipot_interfaces_s__rosidl_typesupport_c.cpython-310-aarch64-linux-gnu.so
-- Up-to-date symlink: /ros2_ws/install/digipot_interfaces/local/lib/python3.10/dist-packages/digipot_interfaces/digipot_interfaces_s__rosidl_typesupport_fastrtps_c.cpython-310-aarch64-linux-gnu.so
-- Up-to-date symlink: /ros2_ws/install/digipot_interfaces/local/lib/python3.10/dist-packages/digipot_interfaces/digipot_interfaces_s__rosidl_typesupport_introspection_c.cpython-310-aarch64-linux-gnu.so
-- Up-to-date symlink: /ros2_ws/install/digipot_interfaces/local/lib/python3.10/dist-packages/digipot_interfaces/libdigipot_interfaces__rosidl_generator_py.so
-- Up-to-date symlink: /ros2_ws/install/digipot_interfaces/local/lib/python3.10/dist-packages/digipot_interfaces/msg/__init__.py
-- Up-to-date symlink: /ros2_ws/install/digipot_interfaces/local/lib/python3.10/dist-packages/digipot_interfaces/msg/_digipot.py
-- Up-to-date symlink: /ros2_ws/install/digipot_interfaces/local/lib/python3.10/dist-packages/digipot_interfaces/msg/_digipot_s.c
-- Up-to-date symlink: /ros2_ws/install/digipot_interfaces/local/lib/python3.10/dist-packages/digipot_interfaces/digipot_interfaces_s__rosidl_typesupport_fastrtps_c.cpython-310-aarch64-linux-gnu.so
-- Up-to-date symlink: /ros2_ws/install/digipot_interfaces/local/lib/python3.10/dist-packages/digipot_interfaces/digipot_interfaces_s__rosidl_typesupport_introspection_c.cpython-310-aarch64-linux-gnu.so
-- Up-to-date symlink: /ros2_ws/install/digipot_interfaces/local/lib/python3.10/dist-packages/digipot_interfaces/digipot_interfaces_s__rosidl_typesupport_c.cpython-310-aarch64-linux-gnu.so
-- Up-to-date symlink: /ros2_ws/install/digipot_interfaces/share/digipot_interfaces/msg/Digipot.idl
-- Up-to-date symlink: /ros2_ws/install/digipot_interfaces/share/digipot_interfaces/msg/Digipot.msg
-- Up-to-date symlink: /ros2_ws/install/digipot_interfaces/share/ament_index/resource_index/package_run_dependencies/digipot_interfaces
-- Up-to-date symlink: /ros2_ws/install/digipot_interfaces/share/ament_index/resource_index/parent_prefix_path/digipot_interfaces
-- Up-to-date symlink: /ros2_ws/install/digipot_interfaces/share/digipot_interfaces/environment/ament_prefix_path.sh
-- Up-to-date symlink: /ros2_ws/install/digipot_interfaces/share/digipot_interfaces/environment/ament_prefix_path.dsv
-- Up-to-date symlink: /ros2_ws/install/digipot_interfaces/share/digipot_interfaces/environment/path.sh
-- Up-to-date symlink: /ros2_ws/install/digipot_interfaces/share/digipot_interfaces/environment/path.dsv
-- Up-to-date symlink: /ros2_ws/install/digipot_interfaces/share/digipot_interfaces/local_setup.bash
-- Up-to-date symlink: /ros2_ws/install/digipot_interfaces/share/digipot_interfaces/local_setup.sh
-- Up-to-date symlink: /ros2_ws/install/digipot_interfaces/share/digipot_interfaces/local_setup.zsh
-- Up-to-date symlink: /ros2_ws/install/digipot_interfaces/share/digipot_interfaces/local_setup.dsv
-- Symlinking: /ros2_ws/install/digipot_interfaces/share/digipot_interfaces/package.dsv
-- Up-to-date symlink: /ros2_ws/install/digipot_interfaces/share/ament_index/resource_index/packages/digipot_interfaces
-- Up-to-date symlink: /ros2_ws/install/digipot_interfaces/share/digipot_interfaces/cmake/rosidl_cmake-extras.cmake
-- Up-to-date symlink: /ros2_ws/install/digipot_interfaces/share/digipot_interfaces/cmake/ament_cmake_export_include_directories-extras.cmake
-- Up-to-date symlink: /ros2_ws/install/digipot_interfaces/share/digipot_interfaces/cmake/ament_cmake_export_libraries-extras.cmake
-- Up-to-date symlink: /ros2_ws/install/digipot_interfaces/share/digipot_interfaces/cmake/ament_cmake_export_targets-extras.cmake
-- Up-to-date symlink: /ros2_ws/install/digipot_interfaces/share/digipot_interfaces/cmake/rosidl_cmake_export_typesupport_targets-extras.cmake
-- Up-to-date symlink: /ros2_ws/install/digipot_interfaces/share/digipot_interfaces/cmake/ament_cmake_export_dependencies-extras.cmake
-- Up-to-date symlink: /ros2_ws/install/digipot_interfaces/share/digipot_interfaces/cmake/rosidl_cmake_export_typesupport_libraries-extras.cmake
-- Up-to-date symlink: /ros2_ws/install/digipot_interfaces/share/digipot_interfaces/cmake/digipot_interfacesConfig.cmake
-- Up-to-date symlink: /ros2_ws/install/digipot_interfaces/share/digipot_interfaces/cmake/digipot_interfacesConfig-version.cmake
-- Up-to-date symlink: /ros2_ws/install/digipot_interfaces/share/digipot_interfaces/package.xml
-- Up-to-date: /ros2_ws/install/digipot_interfaces/lib/libdigipot_interfaces__rosidl_generator_c.so
-- Up-to-date: /ros2_ws/install/digipot_interfaces/lib/libdigipot_interfaces__rosidl_typesupport_fastrtps_c.so
-- Up-to-date: /ros2_ws/install/digipot_interfaces/lib/libdigipot_interfaces__rosidl_typesupport_introspection_c.so
-- Up-to-date: /ros2_ws/install/digipot_interfaces/lib/libdigipot_interfaces__rosidl_typesupport_c.so
-- Up-to-date: /ros2_ws/install/digipot_interfaces/lib/libdigipot_interfaces__rosidl_typesupport_fastrtps_cpp.so
-- Up-to-date: /ros2_ws/install/digipot_interfaces/lib/libdigipot_interfaces__rosidl_typesupport_introspection_cpp.so
-- Up-to-date: /ros2_ws/install/digipot_interfaces/lib/libdigipot_interfaces__rosidl_typesupport_cpp.so
Listing '/ros2_ws/install/digipot_interfaces/local/lib/python3.10/dist-packages/digipot_interfaces'...
Compiling '/ros2_ws/install/digipot_interfaces/local/lib/python3.10/dist-packages/digipot_interfaces/__init__.py'...
Listing '/ros2_ws/install/digipot_interfaces/local/lib/python3.10/dist-packages/digipot_interfaces/msg'...
-- Up-to-date: /ros2_ws/install/digipot_interfaces/lib/libdigipot_interfaces__rosidl_generator_py.so
-- Up-to-date: /ros2_ws/install/digipot_interfaces/share/digipot_interfaces/cmake/export_digipot_interfaces__rosidl_generator_cExport.cmake
-- Up-to-date: /ros2_ws/install/digipot_interfaces/share/digipot_interfaces/cmake/export_digipot_interfaces__rosidl_generator_cExport-noconfig.cmake
-- Up-to-date: /ros2_ws/install/digipot_interfaces/share/digipot_interfaces/cmake/export_digipot_interfaces__rosidl_typesupport_fastrtps_cExport.cmake
-- Up-to-date: /ros2_ws/install/digipot_interfaces/share/digipot_interfaces/cmake/export_digipot_interfaces__rosidl_typesupport_fastrtps_cExport-noconfig.cmake
-- Up-to-date: /ros2_ws/install/digipot_interfaces/share/digipot_interfaces/cmake/digipot_interfaces__rosidl_typesupport_introspection_cExport.cmake
-- Up-to-date: /ros2_ws/install/digipot_interfaces/share/digipot_interfaces/cmake/digipot_interfaces__rosidl_typesupport_introspection_cExport-noconfig.cmake
-- Up-to-date: /ros2_ws/install/digipot_interfaces/share/digipot_interfaces/cmake/digipot_interfaces__rosidl_typesupport_cExport.cmake
-- Up-to-date: /ros2_ws/install/digipot_interfaces/share/digipot_interfaces/cmake/digipot_interfaces__rosidl_typesupport_cExport-noconfig.cmake
-- Up-to-date: /ros2_ws/install/digipot_interfaces/share/digipot_interfaces/cmake/export_digipot_interfaces__rosidl_generator_cppExport.cmake
-- Up-to-date: /ros2_ws/install/digipot_interfaces/share/digipot_interfaces/cmake/export_digipot_interfaces__rosidl_typesupport_fastrtps_cppExport.cmake
-- Up-to-date: /ros2_ws/install/digipot_interfaces/share/digipot_interfaces/cmake/export_digipot_interfaces__rosidl_typesupport_fastrtps_cppExport-noconfig.cmake
-- Up-to-date: /ros2_ws/install/digipot_interfaces/share/digipot_interfaces/cmake/digipot_interfaces__rosidl_typesupport_introspection_cppExport.cmake
-- Up-to-date: /ros2_ws/install/digipot_interfaces/share/digipot_interfaces/cmake/digipot_interfaces__rosidl_typesupport_introspection_cppExport-noconfig.cmake
-- Up-to-date: /ros2_ws/install/digipot_interfaces/share/digipot_interfaces/cmake/digipot_interfaces__rosidl_typesupport_cppExport.cmake
-- Up-to-date: /ros2_ws/install/digipot_interfaces/share/digipot_interfaces/cmake/digipot_interfaces__rosidl_typesupport_cppExport-noconfig.cmake
-- Up-to-date: /ros2_ws/install/digipot_interfaces/share/digipot_interfaces/cmake/export_digipot_interfaces__rosidl_generator_pyExport.cmake
-- Up-to-date: /ros2_ws/install/digipot_interfaces/share/digipot_interfaces/cmake/export_digipot_interfaces__rosidl_generator_pyExport-noconfig.cmake
