[0.717s] Invoking command in '/ros2_ws/build/digipot_interfaces': CMAKE_PREFIX_PATH=/opt/ros/humble /usr/bin/cmake /ros2_ws/src/digipot_interfaces -DCMAKE_INSTALL_PREFIX=/ros2_ws/install/digipot_interfaces
[3.084s] -- Found ament_cmake: 1.3.5 (/opt/ros/humble/share/ament_cmake/cmake)
[3.086s] -- Override CMake install command with custom implementation using symlinks instead of copying resources
[3.087s] -- Found rosidl_default_generators: 1.2.0 (/opt/ros/humble/share/rosidl_default_generators/cmake)
[3.088s] -- Using all available rosidl_typesupport_c: rosidl_typesupport_fastrtps_c;rosidl_typesupport_introspection_c
[3.090s] -- Found rosidl_adapter: 3.1.5 (/opt/ros/humble/share/rosidl_adapter/cmake)
[3.091s] -- Using all available rosidl_typesupport_cpp: rosidl_typesupport_fastrtps_cpp;rosidl_typesupport_introspection_cpp
[3.282s] -- Found ament_cmake_ros: 0.10.0 (/opt/ros/humble/share/ament_cmake_ros/cmake)
[4.132s] -- Using all available rosidl_typesupport_c: rosidl_typesupport_fastrtps_c;rosidl_typesupport_introspection_c
[5.119s] -- Using all available rosidl_typesupport_cpp: rosidl_typesupport_fastrtps_cpp;rosidl_typesupport_introspection_cpp
[5.219s] -- Found python_cmake_module: 0.10.0 (/opt/ros/humble/share/python_cmake_module/cmake)
[5.299s] -- Using PYTHON_EXECUTABLE: /usr/bin/python3
[5.300s] -- Using PYTHON_INCLUDE_DIRS: /usr/include/python3.10
[5.301s] -- Using PYTHON_LIBRARIES: /usr/lib/aarch64-linux-gnu/libpython3.10.so
[5.374s] -- Found ament_lint_auto: 0.12.8 (/opt/ros/humble/share/ament_lint_auto/cmake)
[5.468s] -- Added test 'lint_cmake' to check CMake code style
[5.475s] -- Added test 'xmllint' to check XML markup files
[5.495s] -- Configuring done
[5.741s] -- Generating done
[5.753s] -- Build files have been written to: /ros2_ws/build/digipot_interfaces
[6.069s] Invoked command in '/ros2_ws/build/digipot_interfaces' returned '0': CMAKE_PREFIX_PATH=/opt/ros/humble /usr/bin/cmake /ros2_ws/src/digipot_interfaces -DCMAKE_INSTALL_PREFIX=/ros2_ws/install/digipot_interfaces
[6.075s] Invoking command in '/ros2_ws/build/digipot_interfaces': CMAKE_PREFIX_PATH=/opt/ros/humble /usr/bin/cmake --build /ros2_ws/build/digipot_interfaces -- -j4 -l4
[6.237s] [35m[1mConsolidate compiler generated dependencies of target digipot_interfaces__rosidl_generator_c[0m
[6.298s] [  9%] Built target digipot_interfaces__rosidl_generator_c
[6.325s] [ 12%] Built target digipot_interfaces__cpp
[6.376s] [35m[1mConsolidate compiler generated dependencies of target digipot_interfaces__rosidl_typesupport_fastrtps_c[0m
[6.389s] [ 12%] Built target ament_cmake_python_symlink_digipot_interfaces
[6.405s] [35m[1mConsolidate compiler generated dependencies of target digipot_interfaces__rosidl_typesupport_introspection_c[0m
[6.439s] [35m[1mConsolidate compiler generated dependencies of target digipot_interfaces__rosidl_typesupport_c[0m
[6.455s] [35m[1mConsolidate compiler generated dependencies of target digipot_interfaces__rosidl_typesupport_fastrtps_cpp[0m
[6.526s] [ 22%] Built target digipot_interfaces__rosidl_typesupport_fastrtps_c
[6.534s] [ 32%] Built target digipot_interfaces__rosidl_typesupport_introspection_c
[6.545s] [ 41%] Built target digipot_interfaces__rosidl_typesupport_c
[6.581s] [ 51%] Built target digipot_interfaces__rosidl_typesupport_fastrtps_cpp
[6.613s] [35m[1mConsolidate compiler generated dependencies of target digipot_interfaces__rosidl_typesupport_cpp[0m
[6.640s] [35m[1mConsolidate compiler generated dependencies of target digipot_interfaces__rosidl_typesupport_introspection_cpp[0m
[6.776s] [ 61%] Built target digipot_interfaces__rosidl_typesupport_cpp
[6.786s] [ 70%] Built target digipot_interfaces__rosidl_typesupport_introspection_cpp
[6.943s] [ 70%] Built target digipot_interfaces
[7.101s] [ 74%] Built target digipot_interfaces__py
[7.206s] [35m[1mConsolidate compiler generated dependencies of target digipot_interfaces__rosidl_generator_py[0m
[7.296s] [ 80%] Built target digipot_interfaces__rosidl_generator_py
[7.377s] [35m[1mConsolidate compiler generated dependencies of target digipot_interfaces__rosidl_typesupport_fastrtps_c__pyext[0m
[7.415s] [35m[1mConsolidate compiler generated dependencies of target digipot_interfaces__rosidl_typesupport_c__pyext[0m
[7.418s] [35m[1mConsolidate compiler generated dependencies of target digipot_interfaces__rosidl_typesupport_introspection_c__pyext[0m
[7.489s] [ 87%] Built target digipot_interfaces__rosidl_typesupport_fastrtps_c__pyext
[7.541s] [ 93%] Built target digipot_interfaces__rosidl_typesupport_c__pyext
[7.557s] [100%] Built target digipot_interfaces__rosidl_typesupport_introspection_c__pyext
[7.897s] running egg_info
[7.899s] writing digipot_interfaces.egg-info/PKG-INFO
[7.900s] writing dependency_links to digipot_interfaces.egg-info/dependency_links.txt
[7.902s] writing top-level names to digipot_interfaces.egg-info/top_level.txt
[7.910s] reading manifest file 'digipot_interfaces.egg-info/SOURCES.txt'
[7.915s] writing manifest file 'digipot_interfaces.egg-info/SOURCES.txt'
[8.043s] [100%] Built target ament_cmake_python_build_digipot_interfaces_egg
[9.424s] Invoked command in '/ros2_ws/build/digipot_interfaces' returned '0': CMAKE_PREFIX_PATH=/opt/ros/humble /usr/bin/cmake --build /ros2_ws/build/digipot_interfaces -- -j4 -l4
[10.581s] Invoking command in '/ros2_ws/build/digipot_interfaces': CMAKE_PREFIX_PATH=/opt/ros/humble /usr/bin/cmake --install /ros2_ws/build/digipot_interfaces
[10.608s] -- Install configuration: ""
[10.610s] -- Execute custom install script
[10.616s] -- Up-to-date symlink: /ros2_ws/install/digipot_interfaces/share/ament_index/resource_index/rosidl_interfaces/digipot_interfaces
[10.620s] -- Up-to-date symlink: /ros2_ws/install/digipot_interfaces/include/digipot_interfaces/digipot_interfaces/msg/detail/digipot__functions.h
[10.623s] -- Up-to-date symlink: /ros2_ws/install/digipot_interfaces/include/digipot_interfaces/digipot_interfaces/msg/detail/digipot__struct.h
[10.626s] -- Up-to-date symlink: /ros2_ws/install/digipot_interfaces/include/digipot_interfaces/digipot_interfaces/msg/detail/digipot__type_support.h
[10.628s] -- Up-to-date symlink: /ros2_ws/install/digipot_interfaces/include/digipot_interfaces/digipot_interfaces/msg/digipot.h
[10.630s] -- Up-to-date symlink: /ros2_ws/install/digipot_interfaces/include/digipot_interfaces/digipot_interfaces/msg/rosidl_generator_c__visibility_control.h
[10.632s] -- Up-to-date symlink: /ros2_ws/install/digipot_interfaces/share/digipot_interfaces/environment/library_path.sh
[10.634s] -- Up-to-date symlink: /ros2_ws/install/digipot_interfaces/share/digipot_interfaces/environment/library_path.dsv
[10.642s] -- Up-to-date symlink: /ros2_ws/install/digipot_interfaces/include/digipot_interfaces/digipot_interfaces/msg/detail/digipot__rosidl_typesupport_fastrtps_c.h
[10.645s] -- Up-to-date symlink: /ros2_ws/install/digipot_interfaces/include/digipot_interfaces/digipot_interfaces/msg/rosidl_typesupport_fastrtps_c__visibility_control.h
[10.649s] -- Up-to-date symlink: /ros2_ws/install/digipot_interfaces/include/digipot_interfaces/digipot_interfaces/msg/detail/digipot__rosidl_typesupport_introspection_c.h
[10.651s] -- Up-to-date symlink: /ros2_ws/install/digipot_interfaces/include/digipot_interfaces/digipot_interfaces/msg/rosidl_typesupport_introspection_c__visibility_control.h
[10.654s] -- Up-to-date symlink: /ros2_ws/install/digipot_interfaces/include/digipot_interfaces/digipot_interfaces/msg/detail/digipot__builder.hpp
[10.658s] -- Up-to-date symlink: /ros2_ws/install/digipot_interfaces/include/digipot_interfaces/digipot_interfaces/msg/detail/digipot__struct.hpp
[10.659s] -- Up-to-date symlink: /ros2_ws/install/digipot_interfaces/include/digipot_interfaces/digipot_interfaces/msg/detail/digipot__traits.hpp
[10.661s] -- Up-to-date symlink: /ros2_ws/install/digipot_interfaces/include/digipot_interfaces/digipot_interfaces/msg/digipot.hpp
[10.665s] -- Up-to-date symlink: /ros2_ws/install/digipot_interfaces/include/digipot_interfaces/digipot_interfaces/msg/detail/digipot__rosidl_typesupport_fastrtps_cpp.hpp
[10.667s] -- Up-to-date symlink: /ros2_ws/install/digipot_interfaces/include/digipot_interfaces/digipot_interfaces/msg/rosidl_typesupport_fastrtps_cpp__visibility_control.h
[10.669s] -- Up-to-date symlink: /ros2_ws/install/digipot_interfaces/include/digipot_interfaces/digipot_interfaces/msg/detail/digipot__rosidl_typesupport_introspection_cpp.hpp
[10.670s] -- Up-to-date symlink: /ros2_ws/install/digipot_interfaces/share/digipot_interfaces/environment/pythonpath.sh
[10.671s] -- Up-to-date symlink: /ros2_ws/install/digipot_interfaces/share/digipot_interfaces/environment/pythonpath.dsv
[10.675s] -- Up-to-date symlink: /ros2_ws/install/digipot_interfaces/local/lib/python3.10/dist-packages/digipot_interfaces-0.0.0-py3.10.egg-info/PKG-INFO
[10.676s] -- Up-to-date symlink: /ros2_ws/install/digipot_interfaces/local/lib/python3.10/dist-packages/digipot_interfaces-0.0.0-py3.10.egg-info/SOURCES.txt
[10.678s] -- Up-to-date symlink: /ros2_ws/install/digipot_interfaces/local/lib/python3.10/dist-packages/digipot_interfaces-0.0.0-py3.10.egg-info/dependency_links.txt
[10.679s] -- Up-to-date symlink: /ros2_ws/install/digipot_interfaces/local/lib/python3.10/dist-packages/digipot_interfaces-0.0.0-py3.10.egg-info/top_level.txt
[10.683s] -- Up-to-date symlink: /ros2_ws/install/digipot_interfaces/local/lib/python3.10/dist-packages/digipot_interfaces/__init__.py
[10.684s] -- Up-to-date symlink: /ros2_ws/install/digipot_interfaces/local/lib/python3.10/dist-packages/digipot_interfaces/_digipot_interfaces_s.ep.rosidl_typesupport_c.c
[10.686s] -- Up-to-date symlink: /ros2_ws/install/digipot_interfaces/local/lib/python3.10/dist-packages/digipot_interfaces/_digipot_interfaces_s.ep.rosidl_typesupport_fastrtps_c.c
[10.687s] -- Up-to-date symlink: /ros2_ws/install/digipot_interfaces/local/lib/python3.10/dist-packages/digipot_interfaces/_digipot_interfaces_s.ep.rosidl_typesupport_introspection_c.c
[10.689s] -- Up-to-date symlink: /ros2_ws/install/digipot_interfaces/local/lib/python3.10/dist-packages/digipot_interfaces/digipot_interfaces_s__rosidl_typesupport_c.cpython-310-aarch64-linux-gnu.so
[10.690s] -- Up-to-date symlink: /ros2_ws/install/digipot_interfaces/local/lib/python3.10/dist-packages/digipot_interfaces/digipot_interfaces_s__rosidl_typesupport_fastrtps_c.cpython-310-aarch64-linux-gnu.so
[10.691s] -- Up-to-date symlink: /ros2_ws/install/digipot_interfaces/local/lib/python3.10/dist-packages/digipot_interfaces/digipot_interfaces_s__rosidl_typesupport_introspection_c.cpython-310-aarch64-linux-gnu.so
[10.693s] -- Up-to-date symlink: /ros2_ws/install/digipot_interfaces/local/lib/python3.10/dist-packages/digipot_interfaces/libdigipot_interfaces__rosidl_generator_py.so
[10.694s] -- Up-to-date symlink: /ros2_ws/install/digipot_interfaces/local/lib/python3.10/dist-packages/digipot_interfaces/msg/__init__.py
[10.696s] -- Up-to-date symlink: /ros2_ws/install/digipot_interfaces/local/lib/python3.10/dist-packages/digipot_interfaces/msg/_digipot.py
[10.697s] -- Up-to-date symlink: /ros2_ws/install/digipot_interfaces/local/lib/python3.10/dist-packages/digipot_interfaces/msg/_digipot_s.c
[10.698s] -- Up-to-date symlink: /ros2_ws/install/digipot_interfaces/local/lib/python3.10/dist-packages/digipot_interfaces/digipot_interfaces_s__rosidl_typesupport_fastrtps_c.cpython-310-aarch64-linux-gnu.so
[10.700s] -- Up-to-date symlink: /ros2_ws/install/digipot_interfaces/local/lib/python3.10/dist-packages/digipot_interfaces/digipot_interfaces_s__rosidl_typesupport_introspection_c.cpython-310-aarch64-linux-gnu.so
[10.701s] -- Up-to-date symlink: /ros2_ws/install/digipot_interfaces/local/lib/python3.10/dist-packages/digipot_interfaces/digipot_interfaces_s__rosidl_typesupport_c.cpython-310-aarch64-linux-gnu.so
[10.704s] -- Up-to-date symlink: /ros2_ws/install/digipot_interfaces/share/digipot_interfaces/msg/Digipot.idl
[10.705s] -- Up-to-date symlink: /ros2_ws/install/digipot_interfaces/share/digipot_interfaces/msg/Digipot.msg
[10.706s] -- Up-to-date symlink: /ros2_ws/install/digipot_interfaces/share/ament_index/resource_index/package_run_dependencies/digipot_interfaces
[10.708s] -- Up-to-date symlink: /ros2_ws/install/digipot_interfaces/share/ament_index/resource_index/parent_prefix_path/digipot_interfaces
[10.709s] -- Up-to-date symlink: /ros2_ws/install/digipot_interfaces/share/digipot_interfaces/environment/ament_prefix_path.sh
[10.710s] -- Up-to-date symlink: /ros2_ws/install/digipot_interfaces/share/digipot_interfaces/environment/ament_prefix_path.dsv
[10.711s] -- Up-to-date symlink: /ros2_ws/install/digipot_interfaces/share/digipot_interfaces/environment/path.sh
[10.712s] -- Up-to-date symlink: /ros2_ws/install/digipot_interfaces/share/digipot_interfaces/environment/path.dsv
[10.713s] -- Up-to-date symlink: /ros2_ws/install/digipot_interfaces/share/digipot_interfaces/local_setup.bash
[10.714s] -- Up-to-date symlink: /ros2_ws/install/digipot_interfaces/share/digipot_interfaces/local_setup.sh
[10.715s] -- Up-to-date symlink: /ros2_ws/install/digipot_interfaces/share/digipot_interfaces/local_setup.zsh
[10.716s] -- Up-to-date symlink: /ros2_ws/install/digipot_interfaces/share/digipot_interfaces/local_setup.dsv
[10.717s] -- Symlinking: /ros2_ws/install/digipot_interfaces/share/digipot_interfaces/package.dsv
[10.759s] -- Up-to-date symlink: /ros2_ws/install/digipot_interfaces/share/ament_index/resource_index/packages/digipot_interfaces
[10.760s] -- Up-to-date symlink: /ros2_ws/install/digipot_interfaces/share/digipot_interfaces/cmake/rosidl_cmake-extras.cmake
[10.762s] -- Up-to-date symlink: /ros2_ws/install/digipot_interfaces/share/digipot_interfaces/cmake/ament_cmake_export_include_directories-extras.cmake
[10.763s] -- Up-to-date symlink: /ros2_ws/install/digipot_interfaces/share/digipot_interfaces/cmake/ament_cmake_export_libraries-extras.cmake
[10.764s] -- Up-to-date symlink: /ros2_ws/install/digipot_interfaces/share/digipot_interfaces/cmake/ament_cmake_export_targets-extras.cmake
[10.766s] -- Up-to-date symlink: /ros2_ws/install/digipot_interfaces/share/digipot_interfaces/cmake/rosidl_cmake_export_typesupport_targets-extras.cmake
[10.767s] -- Up-to-date symlink: /ros2_ws/install/digipot_interfaces/share/digipot_interfaces/cmake/ament_cmake_export_dependencies-extras.cmake
[10.768s] -- Up-to-date symlink: /ros2_ws/install/digipot_interfaces/share/digipot_interfaces/cmake/rosidl_cmake_export_typesupport_libraries-extras.cmake
[10.770s] -- Up-to-date symlink: /ros2_ws/install/digipot_interfaces/share/digipot_interfaces/cmake/digipot_interfacesConfig.cmake
[10.771s] -- Up-to-date symlink: /ros2_ws/install/digipot_interfaces/share/digipot_interfaces/cmake/digipot_interfacesConfig-version.cmake
[10.772s] -- Up-to-date symlink: /ros2_ws/install/digipot_interfaces/share/digipot_interfaces/package.xml
[10.774s] -- Up-to-date: /ros2_ws/install/digipot_interfaces/lib/libdigipot_interfaces__rosidl_generator_c.so
[10.777s] -- Up-to-date: /ros2_ws/install/digipot_interfaces/lib/libdigipot_interfaces__rosidl_typesupport_fastrtps_c.so
[10.779s] -- Up-to-date: /ros2_ws/install/digipot_interfaces/lib/libdigipot_interfaces__rosidl_typesupport_introspection_c.so
[10.782s] -- Up-to-date: /ros2_ws/install/digipot_interfaces/lib/libdigipot_interfaces__rosidl_typesupport_c.so
[10.783s] -- Up-to-date: /ros2_ws/install/digipot_interfaces/lib/libdigipot_interfaces__rosidl_typesupport_fastrtps_cpp.so
[10.787s] -- Up-to-date: /ros2_ws/install/digipot_interfaces/lib/libdigipot_interfaces__rosidl_typesupport_introspection_cpp.so
[10.791s] -- Up-to-date: /ros2_ws/install/digipot_interfaces/lib/libdigipot_interfaces__rosidl_typesupport_cpp.so
[10.956s] Listing '/ros2_ws/install/digipot_interfaces/local/lib/python3.10/dist-packages/digipot_interfaces'...
[10.956s] Compiling '/ros2_ws/install/digipot_interfaces/local/lib/python3.10/dist-packages/digipot_interfaces/__init__.py'...
[10.957s] Listing '/ros2_ws/install/digipot_interfaces/local/lib/python3.10/dist-packages/digipot_interfaces/msg'...
[10.986s] -- Up-to-date: /ros2_ws/install/digipot_interfaces/lib/libdigipot_interfaces__rosidl_generator_py.so
[10.989s] -- Up-to-date: /ros2_ws/install/digipot_interfaces/share/digipot_interfaces/cmake/export_digipot_interfaces__rosidl_generator_cExport.cmake
[10.990s] -- Up-to-date: /ros2_ws/install/digipot_interfaces/share/digipot_interfaces/cmake/export_digipot_interfaces__rosidl_generator_cExport-noconfig.cmake
[10.992s] -- Up-to-date: /ros2_ws/install/digipot_interfaces/share/digipot_interfaces/cmake/export_digipot_interfaces__rosidl_typesupport_fastrtps_cExport.cmake
[10.994s] -- Up-to-date: /ros2_ws/install/digipot_interfaces/share/digipot_interfaces/cmake/export_digipot_interfaces__rosidl_typesupport_fastrtps_cExport-noconfig.cmake
[10.996s] -- Up-to-date: /ros2_ws/install/digipot_interfaces/share/digipot_interfaces/cmake/digipot_interfaces__rosidl_typesupport_introspection_cExport.cmake
[10.997s] -- Up-to-date: /ros2_ws/install/digipot_interfaces/share/digipot_interfaces/cmake/digipot_interfaces__rosidl_typesupport_introspection_cExport-noconfig.cmake
[10.999s] -- Up-to-date: /ros2_ws/install/digipot_interfaces/share/digipot_interfaces/cmake/digipot_interfaces__rosidl_typesupport_cExport.cmake
[11.000s] -- Up-to-date: /ros2_ws/install/digipot_interfaces/share/digipot_interfaces/cmake/digipot_interfaces__rosidl_typesupport_cExport-noconfig.cmake
[11.002s] -- Up-to-date: /ros2_ws/install/digipot_interfaces/share/digipot_interfaces/cmake/export_digipot_interfaces__rosidl_generator_cppExport.cmake
[11.004s] -- Up-to-date: /ros2_ws/install/digipot_interfaces/share/digipot_interfaces/cmake/export_digipot_interfaces__rosidl_typesupport_fastrtps_cppExport.cmake
[11.006s] -- Up-to-date: /ros2_ws/install/digipot_interfaces/share/digipot_interfaces/cmake/export_digipot_interfaces__rosidl_typesupport_fastrtps_cppExport-noconfig.cmake
[11.008s] -- Up-to-date: /ros2_ws/install/digipot_interfaces/share/digipot_interfaces/cmake/digipot_interfaces__rosidl_typesupport_introspection_cppExport.cmake
[11.010s] -- Up-to-date: /ros2_ws/install/digipot_interfaces/share/digipot_interfaces/cmake/digipot_interfaces__rosidl_typesupport_introspection_cppExport-noconfig.cmake
[11.012s] -- Up-to-date: /ros2_ws/install/digipot_interfaces/share/digipot_interfaces/cmake/digipot_interfaces__rosidl_typesupport_cppExport.cmake
[11.013s] -- Up-to-date: /ros2_ws/install/digipot_interfaces/share/digipot_interfaces/cmake/digipot_interfaces__rosidl_typesupport_cppExport-noconfig.cmake
[11.015s] -- Up-to-date: /ros2_ws/install/digipot_interfaces/share/digipot_interfaces/cmake/export_digipot_interfaces__rosidl_generator_pyExport.cmake
[11.016s] -- Up-to-date: /ros2_ws/install/digipot_interfaces/share/digipot_interfaces/cmake/export_digipot_interfaces__rosidl_generator_pyExport-noconfig.cmake
[11.030s] Invoked command in '/ros2_ws/build/digipot_interfaces' returned '0': CMAKE_PREFIX_PATH=/opt/ros/humble /usr/bin/cmake --install /ros2_ws/build/digipot_interfaces
