[3.765s] DEBUG:colcon:Command line arguments: ['/usr/bin/colcon', 'build', '--symlink-install', '--packages-select', 'digipot']
[3.765s] DEBUG:colcon:Parsed command line arguments: Namespace(log_base=None, log_level=None, verb_name='build', build_base='build', install_base='install', merge_install=False, symlink_install=True, test_result_base=None, continue_on_error=False, executor='parallel', parallel_workers=4, event_handlers=None, ignore_user_meta=False, metas=['./colcon.meta'], base_paths=['.'], packages_ignore=None, packages_ignore_regex=None, paths=None, packages_up_to=None, packages_up_to_regex=None, packages_above=None, packages_above_and_dependencies=None, packages_above_depth=None, packages_select_by_dep=None, packages_skip_by_dep=None, packages_skip_up_to=None, packages_select_build_failed=False, packages_skip_build_finished=False, packages_select_test_failures=False, packages_skip_test_passed=False, packages_select=['digipot'], packages_skip=None, packages_select_regex=None, packages_skip_regex=None, packages_start=None, packages_end=None, cmake_args=None, cmake_target=None, cmake_target_skip_unavailable=False, cmake_clean_cache=False, cmake_clean_first=False, cmake_force_configure=False, ament_cmake_args=None, catkin_cmake_args=None, catkin_skip_building_tests=False, mixin_files=None, mixin=None, verb_parser=<colcon_mixin.mixin.mixin_argument.MixinArgumentDecorator object at 0x7fb5219c60>, verb_extension=<colcon_core.verb.build.BuildVerb object at 0x7fb52157e0>, main=<bound method BuildVerb.main of <colcon_core.verb.build.BuildVerb object at 0x7fb52157e0>>, mixin_verb=('build',))
[3.925s] Level 1:colcon.colcon_core.package_discovery:discover_packages(colcon_meta) check parameters
[3.928s] INFO:colcon.colcon_metadata.package_discovery.colcon_meta:Using configuration from '/root/.colcon/metadata/default/Gazebo.meta'
[3.931s] INFO:colcon.colcon_metadata.package_discovery.colcon_meta:Using configuration from '/root/.colcon/metadata/default/fastrtps.meta'
[3.931s] Level 1:colcon.colcon_core.package_discovery:discover_packages(recursive) check parameters
[3.931s] Level 1:colcon.colcon_core.package_discovery:discover_packages(ignore) check parameters
[3.931s] Level 1:colcon.colcon_core.package_discovery:discover_packages(path) check parameters
[3.932s] Level 1:colcon.colcon_core.package_discovery:discover_packages(colcon_meta) discover
[3.932s] Level 1:colcon.colcon_core.package_discovery:discover_packages(recursive) discover
[3.932s] INFO:colcon.colcon_core.package_discovery:Crawling recursively for packages in '/ros2_ws'
[3.932s] Level 1:colcon.colcon_core.package_identification:_identify(.) by extensions ['ignore', 'ignore_ament_install']
[3.933s] Level 1:colcon.colcon_core.package_identification:_identify(.) by extension 'ignore'
[3.933s] Level 1:colcon.colcon_core.package_identification:_identify(.) by extension 'ignore_ament_install'
[3.933s] Level 1:colcon.colcon_core.package_identification:_identify(.) by extensions ['colcon_pkg']
[3.934s] Level 1:colcon.colcon_core.package_identification:_identify(.) by extension 'colcon_pkg'
[3.934s] Level 1:colcon.colcon_core.package_identification:_identify(.) by extensions ['colcon_meta']
[3.934s] Level 1:colcon.colcon_core.package_identification:_identify(.) by extension 'colcon_meta'
[3.934s] Level 1:colcon.colcon_core.package_identification:_identify(.) by extensions ['ros']
[3.934s] Level 1:colcon.colcon_core.package_identification:_identify(.) by extension 'ros'
[3.980s] Level 1:colcon.colcon_core.package_identification:_identify(.) by extensions ['cmake', 'python']
[3.981s] Level 1:colcon.colcon_core.package_identification:_identify(.) by extension 'cmake'
[3.981s] Level 1:colcon.colcon_core.package_identification:_identify(.) by extension 'python'
[3.981s] Level 1:colcon.colcon_core.package_identification:_identify(.) by extensions ['python_setup_py']
[3.981s] Level 1:colcon.colcon_core.package_identification:_identify(.) by extension 'python_setup_py'
[3.982s] Level 1:colcon.colcon_core.package_identification:_identify(build) by extensions ['ignore', 'ignore_ament_install']
[3.982s] Level 1:colcon.colcon_core.package_identification:_identify(build) by extension 'ignore'
[3.982s] Level 1:colcon.colcon_core.package_identification:_identify(build) ignored
[3.983s] Level 1:colcon.colcon_core.package_identification:_identify(install) by extensions ['ignore', 'ignore_ament_install']
[3.983s] Level 1:colcon.colcon_core.package_identification:_identify(install) by extension 'ignore'
[3.983s] Level 1:colcon.colcon_core.package_identification:_identify(install) ignored
[3.984s] Level 1:colcon.colcon_core.package_identification:_identify(log) by extensions ['ignore', 'ignore_ament_install']
[3.984s] Level 1:colcon.colcon_core.package_identification:_identify(log) by extension 'ignore'
[3.984s] Level 1:colcon.colcon_core.package_identification:_identify(log) ignored
[3.985s] Level 1:colcon.colcon_core.package_identification:_identify(src) by extensions ['ignore', 'ignore_ament_install']
[3.985s] Level 1:colcon.colcon_core.package_identification:_identify(src) by extension 'ignore'
[3.985s] Level 1:colcon.colcon_core.package_identification:_identify(src) by extension 'ignore_ament_install'
[3.986s] Level 1:colcon.colcon_core.package_identification:_identify(src) by extensions ['colcon_pkg']
[3.986s] Level 1:colcon.colcon_core.package_identification:_identify(src) by extension 'colcon_pkg'
[3.986s] Level 1:colcon.colcon_core.package_identification:_identify(src) by extensions ['colcon_meta']
[3.986s] Level 1:colcon.colcon_core.package_identification:_identify(src) by extension 'colcon_meta'
[3.986s] Level 1:colcon.colcon_core.package_identification:_identify(src) by extensions ['ros']
[3.986s] Level 1:colcon.colcon_core.package_identification:_identify(src) by extension 'ros'
[3.987s] Level 1:colcon.colcon_core.package_identification:_identify(src) by extensions ['cmake', 'python']
[3.987s] Level 1:colcon.colcon_core.package_identification:_identify(src) by extension 'cmake'
[3.987s] Level 1:colcon.colcon_core.package_identification:_identify(src) by extension 'python'
[3.987s] Level 1:colcon.colcon_core.package_identification:_identify(src) by extensions ['python_setup_py']
[3.987s] Level 1:colcon.colcon_core.package_identification:_identify(src) by extension 'python_setup_py'
[3.988s] Level 1:colcon.colcon_core.package_identification:_identify(src/delivery_bot_package) by extensions ['ignore', 'ignore_ament_install']
[3.988s] Level 1:colcon.colcon_core.package_identification:_identify(src/delivery_bot_package) by extension 'ignore'
[3.988s] Level 1:colcon.colcon_core.package_identification:_identify(src/delivery_bot_package) by extension 'ignore_ament_install'
[3.989s] Level 1:colcon.colcon_core.package_identification:_identify(src/delivery_bot_package) by extensions ['colcon_pkg']
[3.989s] Level 1:colcon.colcon_core.package_identification:_identify(src/delivery_bot_package) by extension 'colcon_pkg'
[3.989s] Level 1:colcon.colcon_core.package_identification:_identify(src/delivery_bot_package) by extensions ['colcon_meta']
[3.989s] Level 1:colcon.colcon_core.package_identification:_identify(src/delivery_bot_package) by extension 'colcon_meta'
[3.989s] Level 1:colcon.colcon_core.package_identification:_identify(src/delivery_bot_package) by extensions ['ros']
[3.989s] Level 1:colcon.colcon_core.package_identification:_identify(src/delivery_bot_package) by extension 'ros'
[4.000s] DEBUG:colcon.colcon_core.package_identification:Package 'src/delivery_bot_package' with type 'ros.ament_cmake' and name 'delivery_bot_package'
[4.000s] Level 1:colcon.colcon_core.package_identification:_identify(src/digipot) by extensions ['ignore', 'ignore_ament_install']
[4.001s] Level 1:colcon.colcon_core.package_identification:_identify(src/digipot) by extension 'ignore'
[4.001s] Level 1:colcon.colcon_core.package_identification:_identify(src/digipot) by extension 'ignore_ament_install'
[4.002s] Level 1:colcon.colcon_core.package_identification:_identify(src/digipot) by extensions ['colcon_pkg']
[4.002s] Level 1:colcon.colcon_core.package_identification:_identify(src/digipot) by extension 'colcon_pkg'
[4.002s] Level 1:colcon.colcon_core.package_identification:_identify(src/digipot) by extensions ['colcon_meta']
[4.003s] Level 1:colcon.colcon_core.package_identification:_identify(src/digipot) by extension 'colcon_meta'
[4.003s] Level 1:colcon.colcon_core.package_identification:_identify(src/digipot) by extensions ['ros']
[4.003s] Level 1:colcon.colcon_core.package_identification:_identify(src/digipot) by extension 'ros'
[4.006s] DEBUG:colcon.colcon_core.package_identification:Package 'src/digipot' with type 'ros.ament_cmake' and name 'digipot'
[4.007s] Level 1:colcon.colcon_core.package_identification:_identify(src/motion_control) by extensions ['ignore', 'ignore_ament_install']
[4.007s] Level 1:colcon.colcon_core.package_identification:_identify(src/motion_control) by extension 'ignore'
[4.008s] Level 1:colcon.colcon_core.package_identification:_identify(src/motion_control) by extension 'ignore_ament_install'
[4.008s] Level 1:colcon.colcon_core.package_identification:_identify(src/motion_control) by extensions ['colcon_pkg']
[4.008s] Level 1:colcon.colcon_core.package_identification:_identify(src/motion_control) by extension 'colcon_pkg'
[4.008s] Level 1:colcon.colcon_core.package_identification:_identify(src/motion_control) by extensions ['colcon_meta']
[4.008s] Level 1:colcon.colcon_core.package_identification:_identify(src/motion_control) by extension 'colcon_meta'
[4.009s] Level 1:colcon.colcon_core.package_identification:_identify(src/motion_control) by extensions ['ros']
[4.009s] Level 1:colcon.colcon_core.package_identification:_identify(src/motion_control) by extension 'ros'
[4.011s] DEBUG:colcon.colcon_core.package_identification:Package 'src/motion_control' with type 'ros.ament_python' and name 'motion_control'
[4.011s] Level 1:colcon.colcon_core.package_identification:_identify(src/rtcbot_adapter) by extensions ['ignore', 'ignore_ament_install']
[4.012s] Level 1:colcon.colcon_core.package_identification:_identify(src/rtcbot_adapter) by extension 'ignore'
[4.012s] Level 1:colcon.colcon_core.package_identification:_identify(src/rtcbot_adapter) by extension 'ignore_ament_install'
[4.012s] Level 1:colcon.colcon_core.package_identification:_identify(src/rtcbot_adapter) by extensions ['colcon_pkg']
[4.013s] Level 1:colcon.colcon_core.package_identification:_identify(src/rtcbot_adapter) by extension 'colcon_pkg'
[4.013s] Level 1:colcon.colcon_core.package_identification:_identify(src/rtcbot_adapter) by extensions ['colcon_meta']
[4.013s] Level 1:colcon.colcon_core.package_identification:_identify(src/rtcbot_adapter) by extension 'colcon_meta'
[4.013s] Level 1:colcon.colcon_core.package_identification:_identify(src/rtcbot_adapter) by extensions ['ros']
[4.013s] Level 1:colcon.colcon_core.package_identification:_identify(src/rtcbot_adapter) by extension 'ros'
[4.015s] DEBUG:colcon.colcon_core.package_identification:Package 'src/rtcbot_adapter' with type 'ros.ament_python' and name 'rtcbot_adapter'
[4.016s] Level 1:colcon.colcon_core.package_identification:_identify(src/sllidar_ros2) by extensions ['ignore', 'ignore_ament_install']
[4.016s] Level 1:colcon.colcon_core.package_identification:_identify(src/sllidar_ros2) by extension 'ignore'
[4.017s] Level 1:colcon.colcon_core.package_identification:_identify(src/sllidar_ros2) by extension 'ignore_ament_install'
[4.017s] Level 1:colcon.colcon_core.package_identification:_identify(src/sllidar_ros2) by extensions ['colcon_pkg']
[4.017s] Level 1:colcon.colcon_core.package_identification:_identify(src/sllidar_ros2) by extension 'colcon_pkg'
[4.017s] Level 1:colcon.colcon_core.package_identification:_identify(src/sllidar_ros2) by extensions ['colcon_meta']
[4.018s] Level 1:colcon.colcon_core.package_identification:_identify(src/sllidar_ros2) by extension 'colcon_meta'
[4.018s] Level 1:colcon.colcon_core.package_identification:_identify(src/sllidar_ros2) by extensions ['ros']
[4.018s] Level 1:colcon.colcon_core.package_identification:_identify(src/sllidar_ros2) by extension 'ros'
[4.021s] DEBUG:colcon.colcon_core.package_identification:Package 'src/sllidar_ros2' with type 'ros.ament_cmake' and name 'sllidar_ros2'
[4.021s] Level 1:colcon.colcon_core.package_identification:_identify(src/vision) by extensions ['ignore', 'ignore_ament_install']
[4.022s] Level 1:colcon.colcon_core.package_identification:_identify(src/vision) by extension 'ignore'
[4.022s] Level 1:colcon.colcon_core.package_identification:_identify(src/vision) by extension 'ignore_ament_install'
[4.022s] Level 1:colcon.colcon_core.package_identification:_identify(src/vision) by extensions ['colcon_pkg']
[4.022s] Level 1:colcon.colcon_core.package_identification:_identify(src/vision) by extension 'colcon_pkg'
[4.023s] Level 1:colcon.colcon_core.package_identification:_identify(src/vision) by extensions ['colcon_meta']
[4.023s] Level 1:colcon.colcon_core.package_identification:_identify(src/vision) by extension 'colcon_meta'
[4.023s] Level 1:colcon.colcon_core.package_identification:_identify(src/vision) by extensions ['ros']
[4.023s] Level 1:colcon.colcon_core.package_identification:_identify(src/vision) by extension 'ros'
[4.029s] DEBUG:colcon.colcon_core.package_identification:Package 'src/vision' with type 'ros.ament_python' and name 'vision'
[4.030s] Level 1:colcon.colcon_core.package_identification:_identify(src/ws_server) by extensions ['ignore', 'ignore_ament_install']
[4.030s] Level 1:colcon.colcon_core.package_identification:_identify(src/ws_server) by extension 'ignore'
[4.031s] Level 1:colcon.colcon_core.package_identification:_identify(src/ws_server) by extension 'ignore_ament_install'
[4.031s] Level 1:colcon.colcon_core.package_identification:_identify(src/ws_server) by extensions ['colcon_pkg']
[4.031s] Level 1:colcon.colcon_core.package_identification:_identify(src/ws_server) by extension 'colcon_pkg'
[4.031s] Level 1:colcon.colcon_core.package_identification:_identify(src/ws_server) by extensions ['colcon_meta']
[4.031s] Level 1:colcon.colcon_core.package_identification:_identify(src/ws_server) by extension 'colcon_meta'
[4.032s] Level 1:colcon.colcon_core.package_identification:_identify(src/ws_server) by extensions ['ros']
[4.032s] Level 1:colcon.colcon_core.package_identification:_identify(src/ws_server) by extension 'ros'
[4.034s] DEBUG:colcon.colcon_core.package_identification:Package 'src/ws_server' with type 'ros.ament_python' and name 'ws_server'
[4.034s] Level 1:colcon.colcon_core.package_discovery:discover_packages(recursive) using defaults
[4.034s] Level 1:colcon.colcon_core.package_discovery:discover_packages(ignore) discover
[4.034s] Level 1:colcon.colcon_core.package_discovery:discover_packages(ignore) using defaults
[4.034s] Level 1:colcon.colcon_core.package_discovery:discover_packages(path) discover
[4.034s] Level 1:colcon.colcon_core.package_discovery:discover_packages(path) using defaults
[4.243s] INFO:colcon.colcon_core.package_selection:Skipping not selected package 'delivery_bot_package' in 'src/delivery_bot_package'
[4.243s] INFO:colcon.colcon_core.package_selection:Skipping not selected package 'motion_control' in 'src/motion_control'
[4.243s] INFO:colcon.colcon_core.package_selection:Skipping not selected package 'rtcbot_adapter' in 'src/rtcbot_adapter'
[4.244s] INFO:colcon.colcon_core.package_selection:Skipping not selected package 'sllidar_ros2' in 'src/sllidar_ros2'
[4.244s] INFO:colcon.colcon_core.package_selection:Skipping not selected package 'vision' in 'src/vision'
[4.244s] INFO:colcon.colcon_core.package_selection:Skipping not selected package 'ws_server' in 'src/ws_server'
[4.286s] Level 5:colcon.colcon_core.verb:set package 'digipot' build argument 'cmake_args' from command line to 'None'
[4.286s] Level 5:colcon.colcon_core.verb:set package 'digipot' build argument 'cmake_target' from command line to 'None'
[4.286s] Level 5:colcon.colcon_core.verb:set package 'digipot' build argument 'cmake_target_skip_unavailable' from command line to 'False'
[4.286s] Level 5:colcon.colcon_core.verb:set package 'digipot' build argument 'cmake_clean_cache' from command line to 'False'
[4.286s] Level 5:colcon.colcon_core.verb:set package 'digipot' build argument 'cmake_clean_first' from command line to 'False'
[4.287s] Level 5:colcon.colcon_core.verb:set package 'digipot' build argument 'cmake_force_configure' from command line to 'False'
[4.287s] Level 5:colcon.colcon_core.verb:set package 'digipot' build argument 'ament_cmake_args' from command line to 'None'
[4.287s] Level 5:colcon.colcon_core.verb:set package 'digipot' build argument 'catkin_cmake_args' from command line to 'None'
[4.287s] Level 5:colcon.colcon_core.verb:set package 'digipot' build argument 'catkin_skip_building_tests' from command line to 'False'
[4.287s] DEBUG:colcon.colcon_core.verb:Building package 'digipot' with the following arguments: {'ament_cmake_args': None, 'build_base': '/ros2_ws/build/digipot', 'catkin_cmake_args': None, 'catkin_skip_building_tests': False, 'cmake_args': None, 'cmake_clean_cache': False, 'cmake_clean_first': False, 'cmake_force_configure': False, 'cmake_target': None, 'cmake_target_skip_unavailable': False, 'install_base': '/ros2_ws/install/digipot', 'merge_install': False, 'path': '/ros2_ws/src/digipot', 'symlink_install': True, 'test_result_base': None}
[4.329s] INFO:colcon.colcon_core.executor:Executing jobs using 'parallel' executor
[4.375s] DEBUG:colcon.colcon_parallel_executor.executor.parallel:run_until_complete
[4.376s] INFO:colcon.colcon_ros.task.ament_cmake.build:Building ROS package in '/ros2_ws/src/digipot' with build type 'ament_cmake'
[4.376s] INFO:colcon.colcon_cmake.task.cmake.build:Building CMake package in '/ros2_ws/src/digipot'
[4.426s] INFO:colcon.colcon_core.plugin_system:Skipping extension 'colcon_core.shell.bat': Not used on non-Windows systems
[4.427s] INFO:colcon.colcon_core.shell:Skip shell extension 'powershell' for command environment: Not usable outside of PowerShell
[4.427s] DEBUG:colcon.colcon_core.shell:Skip shell extension 'dsv' for command environment
[4.582s] DEBUG:colcon.colcon_core.event_handler.log_command:Invoking command in '/ros2_ws/build/digipot': CMAKE_PREFIX_PATH=${CMAKE_PREFIX_PATH}:/ros2_ws/install/ws_server:/ros2_ws/install/vision:/ros2_ws/install/rtcbot_adapter:/ros2_ws/install/motion_control:/opt/ros/humble /usr/bin/cmake --build /ros2_ws/build/digipot -- -j4 -l4
[40.568s] DEBUG:colcon.colcon_core.event_handler.log_command:Invoked command in '/ros2_ws/build/digipot' returned '0': CMAKE_PREFIX_PATH=${CMAKE_PREFIX_PATH}:/ros2_ws/install/ws_server:/ros2_ws/install/vision:/ros2_ws/install/rtcbot_adapter:/ros2_ws/install/motion_control:/opt/ros/humble /usr/bin/cmake --build /ros2_ws/build/digipot -- -j4 -l4
[40.664s] DEBUG:colcon.colcon_core.event_handler.log_command:Invoking command in '/ros2_ws/build/digipot': CMAKE_PREFIX_PATH=${CMAKE_PREFIX_PATH}:/ros2_ws/install/ws_server:/ros2_ws/install/vision:/ros2_ws/install/rtcbot_adapter:/ros2_ws/install/motion_control:/opt/ros/humble /usr/bin/cmake --install /ros2_ws/build/digipot
[40.722s] Level 1:colcon.colcon_core.environment:create_environment_scripts_only(digipot)
[40.724s] DEBUG:colcon.colcon_core.event_handler.log_command:Invoked command in '/ros2_ws/build/digipot' returned '0': CMAKE_PREFIX_PATH=${CMAKE_PREFIX_PATH}:/ros2_ws/install/ws_server:/ros2_ws/install/vision:/ros2_ws/install/rtcbot_adapter:/ros2_ws/install/motion_control:/opt/ros/humble /usr/bin/cmake --install /ros2_ws/build/digipot
[40.774s] Level 1:colcon.colcon_core.environment:checking '/ros2_ws/install/digipot' for CMake module files
[40.776s] Level 1:colcon.colcon_core.environment:checking '/ros2_ws/install/digipot' for CMake config files
[40.777s] Level 1:colcon.colcon_core.shell:create_environment_hook('digipot', 'cmake_prefix_path')
[40.818s] INFO:colcon.colcon_core.shell:Creating environment hook '/ros2_ws/install/digipot/share/digipot/hook/cmake_prefix_path.ps1'
[40.822s] INFO:colcon.colcon_core.shell:Creating environment descriptor '/ros2_ws/install/digipot/share/digipot/hook/cmake_prefix_path.dsv'
[40.824s] INFO:colcon.colcon_core.shell:Creating environment hook '/ros2_ws/install/digipot/share/digipot/hook/cmake_prefix_path.sh'
[40.827s] Level 1:colcon.colcon_core.environment:checking '/ros2_ws/install/digipot/lib'
[40.828s] Level 1:colcon.colcon_core.environment:checking '/ros2_ws/install/digipot/bin'
[40.828s] Level 1:colcon.colcon_core.environment:checking '/ros2_ws/install/digipot/lib/pkgconfig/digipot.pc'
[40.834s] Level 1:colcon.colcon_core.environment:checking '/ros2_ws/install/digipot/lib/python3.10/site-packages'
[40.835s] Level 1:colcon.colcon_core.environment:checking '/ros2_ws/install/digipot/bin'
[40.882s] INFO:colcon.colcon_core.shell:Creating package script '/ros2_ws/install/digipot/share/digipot/package.ps1'
[40.885s] INFO:colcon.colcon_core.shell:Creating package descriptor '/ros2_ws/install/digipot/share/digipot/package.dsv'
[40.887s] INFO:colcon.colcon_core.shell:Creating package script '/ros2_ws/install/digipot/share/digipot/package.sh'
[40.890s] INFO:colcon.colcon_core.shell:Creating package script '/ros2_ws/install/digipot/share/digipot/package.bash'
[40.893s] INFO:colcon.colcon_core.shell:Creating package script '/ros2_ws/install/digipot/share/digipot/package.zsh'
[40.896s] Level 1:colcon.colcon_core.environment:create_file_with_runtime_dependencies(/ros2_ws/install/digipot/share/colcon-core/packages/digipot)
[41.001s] Level 1:colcon.colcon_core.environment:create_environment_scripts_only(digipot)
[41.045s] Level 1:colcon.colcon_core.environment:checking '/ros2_ws/install/digipot' for CMake module files
[41.047s] Level 1:colcon.colcon_core.environment:checking '/ros2_ws/install/digipot' for CMake config files
[41.048s] Level 1:colcon.colcon_core.shell:create_environment_hook('digipot', 'cmake_prefix_path')
[41.090s] INFO:colcon.colcon_core.shell:Creating environment hook '/ros2_ws/install/digipot/share/digipot/hook/cmake_prefix_path.ps1'
[41.092s] INFO:colcon.colcon_core.shell:Creating environment descriptor '/ros2_ws/install/digipot/share/digipot/hook/cmake_prefix_path.dsv'
[41.093s] INFO:colcon.colcon_core.shell:Creating environment hook '/ros2_ws/install/digipot/share/digipot/hook/cmake_prefix_path.sh'
[41.095s] Level 1:colcon.colcon_core.environment:checking '/ros2_ws/install/digipot/lib'
[41.095s] Level 1:colcon.colcon_core.environment:checking '/ros2_ws/install/digipot/bin'
[41.095s] Level 1:colcon.colcon_core.environment:checking '/ros2_ws/install/digipot/lib/pkgconfig/digipot.pc'
[41.096s] Level 1:colcon.colcon_core.environment:checking '/ros2_ws/install/digipot/lib/python3.10/site-packages'
[41.097s] Level 1:colcon.colcon_core.environment:checking '/ros2_ws/install/digipot/bin'
[41.144s] INFO:colcon.colcon_core.shell:Creating package script '/ros2_ws/install/digipot/share/digipot/package.ps1'
[41.146s] INFO:colcon.colcon_core.shell:Creating package descriptor '/ros2_ws/install/digipot/share/digipot/package.dsv'
[41.148s] INFO:colcon.colcon_core.shell:Creating package script '/ros2_ws/install/digipot/share/digipot/package.sh'
[41.150s] INFO:colcon.colcon_core.shell:Creating package script '/ros2_ws/install/digipot/share/digipot/package.bash'
[41.151s] INFO:colcon.colcon_core.shell:Creating package script '/ros2_ws/install/digipot/share/digipot/package.zsh'
[41.153s] Level 1:colcon.colcon_core.environment:create_file_with_runtime_dependencies(/ros2_ws/install/digipot/share/colcon-core/packages/digipot)
[41.153s] DEBUG:colcon.colcon_parallel_executor.executor.parallel:closing loop
[41.154s] DEBUG:colcon.colcon_parallel_executor.executor.parallel:loop closed
[41.155s] DEBUG:colcon.colcon_parallel_executor.executor.parallel:run_until_complete finished with '0'
[41.155s] DEBUG:colcon.colcon_core.event_reactor:joining thread
[41.217s] INFO:colcon.colcon_core.plugin_system:Skipping extension 'colcon_notification.desktop_notification.notify_send': Could not find 'notify-send'
[41.218s] INFO:colcon.colcon_core.plugin_system:Skipping extension 'colcon_notification.desktop_notification.terminal_notifier': Not used on non-Darwin systems
[41.218s] INFO:colcon.colcon_core.plugin_system:Skipping extension 'colcon_notification.desktop_notification.win32': Not used on non-Windows systems
[41.218s] INFO:colcon.colcon_notification.desktop_notification:Sending desktop notification using 'notify2'
[41.219s] DEBUG:colcon.colcon_notification.desktop_notification.notify2:Failed to initialize notify2: org.freedesktop.DBus.Error.NotSupported: Unable to autolaunch a dbus-daemon without a $DISPLAY for X11
[41.219s] DEBUG:colcon.colcon_core.event_reactor:joined thread
[41.261s] INFO:colcon.colcon_core.shell:Creating prefix script '/ros2_ws/install/local_setup.ps1'
[41.265s] INFO:colcon.colcon_core.shell:Creating prefix util module '/ros2_ws/install/_local_setup_util_ps1.py'
[41.271s] INFO:colcon.colcon_core.shell:Creating prefix chain script '/ros2_ws/install/setup.ps1'
[41.318s] INFO:colcon.colcon_core.shell:Creating prefix script '/ros2_ws/install/local_setup.sh'
[41.321s] INFO:colcon.colcon_core.shell:Creating prefix util module '/ros2_ws/install/_local_setup_util_sh.py'
[41.323s] INFO:colcon.colcon_core.shell:Creating prefix chain script '/ros2_ws/install/setup.sh'
[41.369s] INFO:colcon.colcon_core.shell:Creating prefix script '/ros2_ws/install/local_setup.bash'
[41.371s] INFO:colcon.colcon_core.shell:Creating prefix chain script '/ros2_ws/install/setup.bash'
[41.416s] INFO:colcon.colcon_core.shell:Creating prefix script '/ros2_ws/install/local_setup.zsh'
[41.418s] INFO:colcon.colcon_core.shell:Creating prefix chain script '/ros2_ws/install/setup.zsh'
