[0.338s] Invoking command in '/ros2_ws/build/digipot': CMAKE_PREFIX_PATH=/ros2_ws/install/digipot_interfaces:/ros2_ws/install/sllidar_ros2:/ros2_ws/install/digipot:/ros2_ws/install/delivery_bot_package:/ros2_ws/install/ws_server:/ros2_ws/install/vision:/ros2_ws/install/rtcbot_adapter:/ros2_ws/install/motion_control:/opt/ros/humble LD_LIBRARY_PATH=/ros2_ws/install/digipot_interfaces/lib:/ros2_ws/install/digipot/lib:/opt/ros/humble/lib/aarch64-linux-gnu:/opt/ros/humble/lib /usr/bin/cmake --build /ros2_ws/build/digipot -- -j4 -l4
[0.543s] [35m[1mConsolidate compiler generated dependencies of target digipot[0m
[0.619s] [ 33%] [32mBuilding CXX object CMakeFiles/digipot.dir/src/digipot.cpp.o[0m
[14.468s] [01m[K/ros2_ws/src/digipot/src/digipot.cpp:[m[K In member function ‘[01m[Kvoid DigipotNode::teleopCallback(geometry_msgs::msg::Twist_<std::allocator<void> >::SharedPtr)[m[K’:
[14.470s] [01m[K/ros2_ws/src/digipot/src/digipot.cpp:87:13:[m[K [01;35m[Kwarning: [m[Kunused variable ‘[01m[Kvalue[m[K’ [[01;35m[K-Wunused-variable[m[K]
[14.472s]    87 |     uint8_t [01;35m[Kvalue[m[K = digipot_.get() + msg->linear.x;
[14.474s]       |             [01;35m[K^~~~~[m[K
[14.481s] [01m[K/ros2_ws/src/digipot/src/digipot.cpp:[m[K In member function ‘[01m[Kvoid DigipotNode::joyCallback(sensor_msgs::msg::Joy_<std::allocator<void> >::SharedPtr)[m[K’:
[14.484s] [01m[K/ros2_ws/src/digipot/src/digipot.cpp:103:11:[m[K [01;35m[Kwarning: [m[Kunused variable ‘[01m[Krl_value[m[K’ [[01;35m[K-Wunused-variable[m[K]
[14.486s]   103 |     float [01;35m[Krl_value[m[K = msg->axes[2];
[14.488s]       |           [01;35m[K^~~~~~~~[m[K
[71.579s] [ 66%] [32m[1mLinking CXX executable digipot[0m
[75.437s] [100%] Built target digipot
[75.481s] Invoked command in '/ros2_ws/build/digipot' returned '0': CMAKE_PREFIX_PATH=/ros2_ws/install/digipot_interfaces:/ros2_ws/install/sllidar_ros2:/ros2_ws/install/digipot:/ros2_ws/install/delivery_bot_package:/ros2_ws/install/ws_server:/ros2_ws/install/vision:/ros2_ws/install/rtcbot_adapter:/ros2_ws/install/motion_control:/opt/ros/humble LD_LIBRARY_PATH=/ros2_ws/install/digipot_interfaces/lib:/ros2_ws/install/digipot/lib:/opt/ros/humble/lib/aarch64-linux-gnu:/opt/ros/humble/lib /usr/bin/cmake --build /ros2_ws/build/digipot -- -j4 -l4
[75.709s] Invoking command in '/ros2_ws/build/digipot': CMAKE_PREFIX_PATH=/ros2_ws/install/digipot_interfaces:/ros2_ws/install/sllidar_ros2:/ros2_ws/install/digipot:/ros2_ws/install/delivery_bot_package:/ros2_ws/install/ws_server:/ros2_ws/install/vision:/ros2_ws/install/rtcbot_adapter:/ros2_ws/install/motion_control:/opt/ros/humble LD_LIBRARY_PATH=/ros2_ws/install/digipot_interfaces/lib:/ros2_ws/install/digipot/lib:/opt/ros/humble/lib/aarch64-linux-gnu:/opt/ros/humble/lib /usr/bin/cmake --install /ros2_ws/build/digipot
[75.736s] -- Install configuration: ""
[75.745s] -- Execute custom install script
[75.747s] -- Up-to-date symlink: /ros2_ws/install/digipot/lib/digipot/digipot
[75.749s] -- Up-to-date symlink: /ros2_ws/install/digipot/share/ament_index/resource_index/package_run_dependencies/digipot
[75.751s] -- Up-to-date symlink: /ros2_ws/install/digipot/share/ament_index/resource_index/parent_prefix_path/digipot
[75.755s] -- Up-to-date symlink: /ros2_ws/install/digipot/share/digipot/environment/ament_prefix_path.sh
[75.759s] -- Up-to-date symlink: /ros2_ws/install/digipot/share/digipot/environment/ament_prefix_path.dsv
[75.764s] -- Up-to-date symlink: /ros2_ws/install/digipot/share/digipot/environment/path.sh
[75.764s] -- Up-to-date symlink: /ros2_ws/install/digipot/share/digipot/environment/path.dsv
[75.765s] -- Up-to-date symlink: /ros2_ws/install/digipot/share/digipot/local_setup.bash
[75.765s] -- Up-to-date symlink: /ros2_ws/install/digipot/share/digipot/local_setup.sh
[75.766s] -- Up-to-date symlink: /ros2_ws/install/digipot/share/digipot/local_setup.zsh
[75.767s] -- Up-to-date symlink: /ros2_ws/install/digipot/share/digipot/local_setup.dsv
[75.784s] -- Symlinking: /ros2_ws/install/digipot/share/digipot/package.dsv
[75.798s] -- Up-to-date symlink: /ros2_ws/install/digipot/share/ament_index/resource_index/packages/digipot
[75.802s] -- Up-to-date symlink: /ros2_ws/install/digipot/share/digipot/cmake/digipotConfig.cmake
[75.803s] -- Up-to-date symlink: /ros2_ws/install/digipot/share/digipot/cmake/digipotConfig-version.cmake
[75.803s] -- Up-to-date symlink: /ros2_ws/install/digipot/share/digipot/package.xml
[75.815s] Invoked command in '/ros2_ws/build/digipot' returned '0': CMAKE_PREFIX_PATH=/ros2_ws/install/digipot_interfaces:/ros2_ws/install/sllidar_ros2:/ros2_ws/install/digipot:/ros2_ws/install/delivery_bot_package:/ros2_ws/install/ws_server:/ros2_ws/install/vision:/ros2_ws/install/rtcbot_adapter:/ros2_ws/install/motion_control:/opt/ros/humble LD_LIBRARY_PATH=/ros2_ws/install/digipot_interfaces/lib:/ros2_ws/install/digipot/lib:/opt/ros/humble/lib/aarch64-linux-gnu:/opt/ros/humble/lib /usr/bin/cmake --install /ros2_ws/build/digipot
