[0.209s] Invoking command in '/ros2_ws/build/digipot': CMAKE_PREFIX_PATH=${CMAKE_PREFIX_PATH}:/ros2_ws/install/ws_server:/ros2_ws/install/vision:/ros2_ws/install/rtcbot_adapter:/ros2_ws/install/motion_control:/opt/ros/humble /usr/bin/cmake --build /ros2_ws/build/digipot -- -j4 -l4
[0.316s] [35m[1mConsolidate compiler generated dependencies of target digipot[0m
[0.374s] [ 50%] [32mBuilding CXX object CMakeFiles/digipot.dir/src/digipot.cpp.o[0m
[32.785s] [100%] [32m[1mLinking CXX executable digipot[0m
[34.509s] [100%] Built target digipot
[34.538s] Invoked command in '/ros2_ws/build/digipot' returned '0': CMAKE_PREFIX_PATH=${CMAKE_PREFIX_PATH}:/ros2_ws/install/ws_server:/ros2_ws/install/vision:/ros2_ws/install/rtcbot_adapter:/ros2_ws/install/motion_control:/opt/ros/humble /usr/bin/cmake --build /ros2_ws/build/digipot -- -j4 -l4
[34.628s] Invoking command in '/ros2_ws/build/digipot': CMAKE_PREFIX_PATH=${CMAKE_PREFIX_PATH}:/ros2_ws/install/ws_server:/ros2_ws/install/vision:/ros2_ws/install/rtcbot_adapter:/ros2_ws/install/motion_control:/opt/ros/humble /usr/bin/cmake --install /ros2_ws/build/digipot
[34.648s] -- Install configuration: ""
[34.649s] -- Execute custom install script
[34.650s] -- Up-to-date symlink: /ros2_ws/install/digipot/lib/digipot/digipot
[34.651s] -- Up-to-date symlink: /ros2_ws/install/digipot/share/ament_index/resource_index/package_run_dependencies/digipot
[34.651s] -- Up-to-date symlink: /ros2_ws/install/digipot/share/ament_index/resource_index/parent_prefix_path/digipot
[34.652s] -- Up-to-date symlink: /ros2_ws/install/digipot/share/digipot/environment/ament_prefix_path.sh
[34.653s] -- Up-to-date symlink: /ros2_ws/install/digipot/share/digipot/environment/ament_prefix_path.dsv
[34.653s] -- Up-to-date symlink: /ros2_ws/install/digipot/share/digipot/environment/path.sh
[34.654s] -- Up-to-date symlink: /ros2_ws/install/digipot/share/digipot/environment/path.dsv
[34.654s] -- Up-to-date symlink: /ros2_ws/install/digipot/share/digipot/local_setup.bash
[34.655s] -- Up-to-date symlink: /ros2_ws/install/digipot/share/digipot/local_setup.sh
[34.655s] -- Up-to-date symlink: /ros2_ws/install/digipot/share/digipot/local_setup.zsh
[34.656s] -- Up-to-date symlink: /ros2_ws/install/digipot/share/digipot/local_setup.dsv
[34.656s] -- Symlinking: /ros2_ws/install/digipot/share/digipot/package.dsv
[34.680s] -- Up-to-date symlink: /ros2_ws/install/digipot/share/ament_index/resource_index/packages/digipot
[34.681s] -- Up-to-date symlink: /ros2_ws/install/digipot/share/digipot/cmake/digipotConfig.cmake
[34.681s] -- Up-to-date symlink: /ros2_ws/install/digipot/share/digipot/cmake/digipotConfig-version.cmake
[34.682s] -- Up-to-date symlink: /ros2_ws/install/digipot/share/digipot/package.xml
[34.687s] Invoked command in '/ros2_ws/build/digipot' returned '0': CMAKE_PREFIX_PATH=${CMAKE_PREFIX_PATH}:/ros2_ws/install/ws_server:/ros2_ws/install/vision:/ros2_ws/install/rtcbot_adapter:/ros2_ws/install/motion_control:/opt/ros/humble /usr/bin/cmake --install /ros2_ws/build/digipot
