-- Found ament_cmake: 1.3.5 (/opt/ros/humble/share/ament_cmake/cmake)
-- Override CMake install command with custom implementation using symlinks instead of copying resources
-- Found rclcpp: 16.0.6 (/opt/ros/humble/share/rclcpp/cmake)
-- Found rosidl_generator_c: 3.1.5 (/opt/ros/humble/share/rosidl_generator_c/cmake)
-- Found rosidl_adapter: 3.1.5 (/opt/ros/humble/share/rosidl_adapter/cmake)
-- Found rosidl_generator_cpp: 3.1.5 (/opt/ros/humble/share/rosidl_generator_cpp/cmake)
-- Using all available rosidl_typesupport_c: rosidl_typesupport_fastrtps_c;rosidl_typesupport_introspection_c
-- Using all available rosidl_typesupport_cpp: rosidl_typesupport_fastrtps_cpp;rosidl_typesupport_introspection_cpp
-- Found rmw_implementation_cmake: 6.1.1 (/opt/ros/humble/share/rmw_implementation_cmake/cmake)
-- Found rmw_fastrtps_cpp: 6.2.4 (/opt/ros/humble/share/rmw_fastrtps_cpp/cmake)
-- Using RMW implementation 'rmw_fastrtps_cpp' as default
-- Found geometry_msgs: 4.2.3 (/opt/ros/humble/share/geometry_msgs/cmake)
-- Configuring done
-- Generating done
-- Build files have been written to: /ros2_ws/build/delivery_bot_package
[35m[1mConsolidate compiler generated dependencies of target delivery_bot[0m
[100%] Built target delivery_bot
-- Install configuration: ""
-- Execute custom install script
-- Up-to-date symlink: /ros2_ws/install/delivery_bot_package/lib/delivery_bot_package/delivery_bot
-- Up-to-date symlink: /ros2_ws/install/delivery_bot_package/share/ament_index/resource_index/package_run_dependencies/delivery_bot_package
-- Up-to-date symlink: /ros2_ws/install/delivery_bot_package/share/ament_index/resource_index/parent_prefix_path/delivery_bot_package
-- Up-to-date symlink: /ros2_ws/install/delivery_bot_package/share/delivery_bot_package/environment/ament_prefix_path.sh
-- Up-to-date symlink: /ros2_ws/install/delivery_bot_package/share/delivery_bot_package/environment/ament_prefix_path.dsv
-- Up-to-date symlink: /ros2_ws/install/delivery_bot_package/share/delivery_bot_package/environment/path.sh
-- Up-to-date symlink: /ros2_ws/install/delivery_bot_package/share/delivery_bot_package/environment/path.dsv
-- Up-to-date symlink: /ros2_ws/install/delivery_bot_package/share/delivery_bot_package/local_setup.bash
-- Up-to-date symlink: /ros2_ws/install/delivery_bot_package/share/delivery_bot_package/local_setup.sh
-- Up-to-date symlink: /ros2_ws/install/delivery_bot_package/share/delivery_bot_package/local_setup.zsh
-- Up-to-date symlink: /ros2_ws/install/delivery_bot_package/share/delivery_bot_package/local_setup.dsv
-- Symlinking: /ros2_ws/install/delivery_bot_package/share/delivery_bot_package/package.dsv
-- Up-to-date symlink: /ros2_ws/install/delivery_bot_package/share/ament_index/resource_index/packages/delivery_bot_package
-- Up-to-date symlink: /ros2_ws/install/delivery_bot_package/share/delivery_bot_package/cmake/delivery_bot_packageConfig.cmake
-- Up-to-date symlink: /ros2_ws/install/delivery_bot_package/share/delivery_bot_package/cmake/delivery_bot_packageConfig-version.cmake
-- Up-to-date symlink: /ros2_ws/install/delivery_bot_package/share/delivery_bot_package/package.xml
