[0.211s] Invoking command in '/ros2_ws/build/digipot': CMAKE_PREFIX_PATH=${CMAKE_PREFIX_PATH}:/ros2_ws/install/ws_server:/ros2_ws/install/vision:/ros2_ws/install/rtcbot_adapter:/ros2_ws/install/motion_control:/opt/ros/humble /usr/bin/cmake --build /ros2_ws/build/digipot -- -j4 -l4
[0.284s] -- Found ament_cmake: 1.3.5 (/opt/ros/humble/share/ament_cmake/cmake)
[0.758s] -- Override CMake install command with custom implementation using symlinks instead of copying resources
[0.785s] -- Found rclcpp: 16.0.6 (/opt/ros/humble/share/rclcpp/cmake)
[0.886s] -- Found rosidl_generator_c: 3.1.5 (/opt/ros/humble/share/rosidl_generator_c/cmake)
[0.897s] -- Found rosidl_adapter: 3.1.5 (/opt/ros/humble/share/rosidl_adapter/cmake)
[0.921s] -- Found rosidl_generator_cpp: 3.1.5 (/opt/ros/humble/share/rosidl_generator_cpp/cmake)
[0.969s] -- Using all available rosidl_typesupport_c: rosidl_typesupport_fastrtps_c;rosidl_typesupport_introspection_c
[1.036s] -- Using all available rosidl_typesupport_cpp: rosidl_typesupport_fastrtps_cpp;rosidl_typesupport_introspection_cpp
[1.284s] -- Found rmw_implementation_cmake: 6.1.1 (/opt/ros/humble/share/rmw_implementation_cmake/cmake)
[1.289s] -- Found rmw_fastrtps_cpp: 6.2.4 (/opt/ros/humble/share/rmw_fastrtps_cpp/cmake)
[1.666s] -- Using RMW implementation 'rmw_fastrtps_cpp' as default
[2.363s] -- Found ament_lint_auto: 0.12.8 (/opt/ros/humble/share/ament_lint_auto/cmake)
[2.646s] -- Added test 'cppcheck' to perform static code analysis on C / C++ code
[2.646s] -- Configured cppcheck include dirs: $<BUILD_INTERFACE:/ros2_ws/src/digipot/include>
[2.647s] -- Configured cppcheck exclude dirs and/or files: 
[2.649s] -- Added test 'lint_cmake' to check CMake code style
[2.652s] -- Added test 'uncrustify' to check C / C++ code style
[2.653s] -- Configured uncrustify additional arguments: 
[2.653s] -- Added test 'xmllint' to check XML markup files
[2.657s] -- Configuring done
[2.692s] -- Generating done
[2.698s] -- Build files have been written to: /ros2_ws/build/digipot
[2.774s] [35m[1mConsolidate compiler generated dependencies of target digipot[0m
[2.825s] [ 33%] [32mBuilding CXX object CMakeFiles/digipot.dir/src/DigiPot.cpp.o[0m
[3.194s] [01m[K/ros2_ws/src/digipot/src/DigiPot.cpp:2:10:[m[K [01;31m[Kfatal error: [m[Kdelivery_bot_package/DigiPot.h: No such file or directory
[3.195s]     2 | #include [01;31m[K<delivery_bot_package/DigiPot.h>[m[K
[3.195s]       |          [01;31m[K^~~~~~~~~~~~~~~~~~~~~~~~~~~~~~~~[m[K
[3.195s] compilation terminated.
[3.201s] gmake[2]: *** [CMakeFiles/digipot.dir/build.make:90: CMakeFiles/digipot.dir/src/DigiPot.cpp.o] Error 1
[3.202s] gmake[1]: *** [CMakeFiles/Makefile2:137: CMakeFiles/digipot.dir/all] Error 2
[3.202s] gmake: *** [Makefile:146: all] Error 2
[3.208s] Invoked command in '/ros2_ws/build/digipot' returned '2': CMAKE_PREFIX_PATH=${CMAKE_PREFIX_PATH}:/ros2_ws/install/ws_server:/ros2_ws/install/vision:/ros2_ws/install/rtcbot_adapter:/ros2_ws/install/motion_control:/opt/ros/humble /usr/bin/cmake --build /ros2_ws/build/digipot -- -j4 -l4
