[0.211s] Invoking command in '/ros2_ws/build/digipot': CMAKE_PREFIX_PATH=${CMAKE_PREFIX_PATH}:/ros2_ws/install/ws_server:/ros2_ws/install/vision:/ros2_ws/install/rtcbot_adapter:/ros2_ws/install/motion_control:/opt/ros/humble /usr/bin/cmake --build /ros2_ws/build/digipot -- -j4 -l4
[0.282s] -- Found ament_cmake: 1.3.5 (/opt/ros/humble/share/ament_cmake/cmake)
[0.774s] -- Override CMake install command with custom implementation using symlinks instead of copying resources
[0.801s] -- Found rclcpp: 16.0.6 (/opt/ros/humble/share/rclcpp/cmake)
[0.901s] -- Found rosidl_generator_c: 3.1.5 (/opt/ros/humble/share/rosidl_generator_c/cmake)
[0.913s] -- Found rosidl_adapter: 3.1.5 (/opt/ros/humble/share/rosidl_adapter/cmake)
[0.939s] -- Found rosidl_generator_cpp: 3.1.5 (/opt/ros/humble/share/rosidl_generator_cpp/cmake)
[0.986s] -- Using all available rosidl_typesupport_c: rosidl_typesupport_fastrtps_c;rosidl_typesupport_introspection_c
[1.052s] -- Using all available rosidl_typesupport_cpp: rosidl_typesupport_fastrtps_cpp;rosidl_typesupport_introspection_cpp
[1.305s] -- Found rmw_implementation_cmake: 6.1.1 (/opt/ros/humble/share/rmw_implementation_cmake/cmake)
[1.312s] -- Found rmw_fastrtps_cpp: 6.2.4 (/opt/ros/humble/share/rmw_fastrtps_cpp/cmake)
[1.686s] -- Using RMW implementation 'rmw_fastrtps_cpp' as default
[2.394s] -- Found ament_lint_auto: 0.12.8 (/opt/ros/humble/share/ament_lint_auto/cmake)
[2.671s] -- Added test 'cppcheck' to perform static code analysis on C / C++ code
[2.672s] -- Configured cppcheck include dirs: $<BUILD_INTERFACE:/ros2_ws/src/digipot/include>
[2.672s] -- Configured cppcheck exclude dirs and/or files: 
[2.674s] -- Added test 'lint_cmake' to check CMake code style
[2.678s] -- Added test 'uncrustify' to check C / C++ code style
[2.678s] -- Configured uncrustify additional arguments: 
[2.679s] -- Added test 'xmllint' to check XML markup files
[2.682s] -- Configuring done
[2.721s] -- Generating done
[2.728s] -- Build files have been written to: /ros2_ws/build/digipot
[2.799s] [35m[1mConsolidate compiler generated dependencies of target digipot[0m
[2.858s] [ 33%] [32m[1mLinking CXX executable digipot[0m
[4.539s] [100%] Built target digipot
[4.569s] Invoked command in '/ros2_ws/build/digipot' returned '0': CMAKE_PREFIX_PATH=${CMAKE_PREFIX_PATH}:/ros2_ws/install/ws_server:/ros2_ws/install/vision:/ros2_ws/install/rtcbot_adapter:/ros2_ws/install/motion_control:/opt/ros/humble /usr/bin/cmake --build /ros2_ws/build/digipot -- -j4 -l4
[4.659s] Invoking command in '/ros2_ws/build/digipot': CMAKE_PREFIX_PATH=${CMAKE_PREFIX_PATH}:/ros2_ws/install/ws_server:/ros2_ws/install/vision:/ros2_ws/install/rtcbot_adapter:/ros2_ws/install/motion_control:/opt/ros/humble /usr/bin/cmake --install /ros2_ws/build/digipot
[4.680s] -- Install configuration: ""
[4.682s] -- Execute custom install script
[4.684s] -- Symlinking: /ros2_ws/install/digipot/lib/digipot/digipot
[4.705s] -- Symlinking: /ros2_ws/install/digipot/share/ament_index/resource_index/package_run_dependencies/digipot
[4.729s] -- Symlinking: /ros2_ws/install/digipot/share/ament_index/resource_index/parent_prefix_path/digipot
[4.752s] -- Symlinking: /ros2_ws/install/digipot/share/digipot/environment/ament_prefix_path.sh
[4.774s] -- Symlinking: /ros2_ws/install/digipot/share/digipot/environment/ament_prefix_path.dsv
[4.797s] -- Symlinking: /ros2_ws/install/digipot/share/digipot/environment/path.sh
[4.820s] -- Symlinking: /ros2_ws/install/digipot/share/digipot/environment/path.dsv
[4.843s] -- Symlinking: /ros2_ws/install/digipot/share/digipot/local_setup.bash
[4.867s] -- Symlinking: /ros2_ws/install/digipot/share/digipot/local_setup.sh
[4.889s] -- Symlinking: /ros2_ws/install/digipot/share/digipot/local_setup.zsh
[4.912s] -- Symlinking: /ros2_ws/install/digipot/share/digipot/local_setup.dsv
[4.935s] -- Symlinking: /ros2_ws/install/digipot/share/digipot/package.dsv
[4.958s] -- Symlinking: /ros2_ws/install/digipot/share/ament_index/resource_index/packages/digipot
[4.982s] -- Symlinking: /ros2_ws/install/digipot/share/digipot/cmake/digipotConfig.cmake
[5.004s] -- Symlinking: /ros2_ws/install/digipot/share/digipot/cmake/digipotConfig-version.cmake
[5.027s] -- Symlinking: /ros2_ws/install/digipot/share/digipot/package.xml
[5.054s] Invoked command in '/ros2_ws/build/digipot' returned '0': CMAKE_PREFIX_PATH=${CMAKE_PREFIX_PATH}:/ros2_ws/install/ws_server:/ros2_ws/install/vision:/ros2_ws/install/rtcbot_adapter:/ros2_ws/install/motion_control:/opt/ros/humble /usr/bin/cmake --install /ros2_ws/build/digipot
