[0.314s] Invoking command in '/ros2_ws/build/digipot': CMAKE_PREFIX_PATH=${CMAKE_PREFIX_PATH}:/ros2_ws/install/ws_server:/ros2_ws/install/vision:/ros2_ws/install/rtcbot_adapter:/ros2_ws/install/motion_control:/opt/ros/humble /usr/bin/cmake --build /ros2_ws/build/digipot -- -j4 -l4
[0.718s] -- Found ament_cmake: 1.3.5 (/opt/ros/humble/share/ament_cmake/cmake)
[1.547s] -- Override CMake install command with custom implementation using symlinks instead of copying resources
[1.618s] -- Found rclcpp: 16.0.6 (/opt/ros/humble/share/rclcpp/cmake)
[1.811s] -- Found rosidl_generator_c: 3.1.5 (/opt/ros/humble/share/rosidl_generator_c/cmake)
[1.829s] -- Found rosidl_adapter: 3.1.5 (/opt/ros/humble/share/rosidl_adapter/cmake)
[1.869s] -- Found rosidl_generator_cpp: 3.1.5 (/opt/ros/humble/share/rosidl_generator_cpp/cmake)
[1.950s] -- Using all available rosidl_typesupport_c: rosidl_typesupport_fastrtps_c;rosidl_typesupport_introspection_c
[2.052s] -- Using all available rosidl_typesupport_cpp: rosidl_typesupport_fastrtps_cpp;rosidl_typesupport_introspection_cpp
[2.400s] -- Found rmw_implementation_cmake: 6.1.1 (/opt/ros/humble/share/rmw_implementation_cmake/cmake)
[2.411s] -- Found rmw_fastrtps_cpp: 6.2.4 (/opt/ros/humble/share/rmw_fastrtps_cpp/cmake)
[3.072s] -- Using RMW implementation 'rmw_fastrtps_cpp' as default
[3.899s] -- Found geometry_msgs: 4.2.3 (/opt/ros/humble/share/geometry_msgs/cmake)
[4.137s] -- Found digipot_interfaces: 0.0.0 (/ros2_ws/install/digipot_interfaces/share/digipot_interfaces/cmake)
[4.232s] -- Found ament_lint_auto: 0.12.8 (/opt/ros/humble/share/ament_lint_auto/cmake)
[4.703s] -- Added test 'cppcheck' to perform static code analysis on C / C++ code
[4.703s] -- Configured cppcheck include dirs: $<BUILD_INTERFACE:/ros2_ws/src/digipot/include>
[4.704s] -- Configured cppcheck exclude dirs and/or files: 
[4.708s] -- Added test 'lint_cmake' to check CMake code style
[4.714s] -- Added test 'uncrustify' to check C / C++ code style
[4.714s] -- Configured uncrustify additional arguments: 
[4.716s] -- Added test 'xmllint' to check XML markup files
[4.725s] -- Configuring done
[4.809s] -- Generating done
[4.817s] -- Build files have been written to: /ros2_ws/build/digipot
[4.924s] [35m[1mConsolidate compiler generated dependencies of target digipot[0m
[5.075s] [ 33%] [32mBuilding CXX object CMakeFiles/digipot.dir/src/digipot.cpp.o[0m
[6.894s] [01m[K/ros2_ws/src/digipot/src/digipot.cpp:10:10:[m[K [01;31m[Kfatal error: [m[Kgeometry_msgs/msg/twist.hpp: No such file or directory
[6.895s]    10 | #include [01;31m[K"geometry_msgs/msg/twist.hpp"[m[K
[6.895s]       |          [01;31m[K^~~~~~~~~~~~~~~~~~~~~~~~~~~~~[m[K
[6.896s] compilation terminated.
[6.906s] gmake[2]: *** [CMakeFiles/digipot.dir/build.make:76: CMakeFiles/digipot.dir/src/digipot.cpp.o] Error 1
[6.907s] gmake[1]: *** [CMakeFiles/Makefile2:137: CMakeFiles/digipot.dir/all] Error 2
[6.909s] gmake: *** [Makefile:146: all] Error 2
[6.913s] Invoked command in '/ros2_ws/build/digipot' returned '2': CMAKE_PREFIX_PATH=${CMAKE_PREFIX_PATH}:/ros2_ws/install/ws_server:/ros2_ws/install/vision:/ros2_ws/install/rtcbot_adapter:/ros2_ws/install/motion_control:/opt/ros/humble /usr/bin/cmake --build /ros2_ws/build/digipot -- -j4 -l4
