[0.382s] Invoking command in '/ros2_ws/build/digipot': CMAKE_PREFIX_PATH=/ros2_ws/install/digipot_interfaces:/ros2_ws/install/sllidar_ros2:/ros2_ws/install/digipot:/ros2_ws/install/delivery_bot_package:/ros2_ws/install/ws_server:/ros2_ws/install/vision:/ros2_ws/install/rtcbot_adapter:/ros2_ws/install/motion_control:/opt/ros/humble LD_LIBRARY_PATH=/ros2_ws/install/digipot_interfaces/lib:/ros2_ws/install/digipot/lib:/opt/ros/humble/lib/aarch64-linux-gnu:/opt/ros/humble/lib /usr/bin/cmake --build /ros2_ws/build/digipot -- -j4 -l4
[0.509s] -- Found ament_cmake: 1.3.5 (/opt/ros/humble/share/ament_cmake/cmake)
[1.468s] -- Override CMake install command with custom implementation using symlinks instead of copying resources
[1.509s] -- Found rclcpp: 16.0.6 (/opt/ros/humble/share/rclcpp/cmake)
[1.640s] -- Found rosidl_generator_c: 3.1.5 (/opt/ros/humble/share/rosidl_generator_c/cmake)
[1.653s] -- Found rosidl_adapter: 3.1.5 (/opt/ros/humble/share/rosidl_adapter/cmake)
[1.683s] -- Found rosidl_generator_cpp: 3.1.5 (/opt/ros/humble/share/rosidl_generator_cpp/cmake)
[1.736s] -- Using all available rosidl_typesupport_c: rosidl_typesupport_fastrtps_c;rosidl_typesupport_introspection_c
[1.810s] -- Using all available rosidl_typesupport_cpp: rosidl_typesupport_fastrtps_cpp;rosidl_typesupport_introspection_cpp
[2.092s] -- Found rmw_implementation_cmake: 6.1.1 (/opt/ros/humble/share/rmw_implementation_cmake/cmake)
[2.099s] -- Found rmw_fastrtps_cpp: 6.2.4 (/opt/ros/humble/share/rmw_fastrtps_cpp/cmake)
[2.729s] -- Using RMW implementation 'rmw_fastrtps_cpp' as default
[3.540s] -- Found geometry_msgs: 4.2.3 (/opt/ros/humble/share/geometry_msgs/cmake)
[3.780s] -- Found sensor_msgs: 4.2.3 (/opt/ros/humble/share/sensor_msgs/cmake)
[4.361s] -- Found digipot_interfaces: 0.0.0 (/ros2_ws/install/digipot_interfaces/share/digipot_interfaces/cmake)
[4.466s] -- Found ament_lint_auto: 0.12.8 (/opt/ros/humble/share/ament_lint_auto/cmake)
[5.022s] -- Added test 'cppcheck' to perform static code analysis on C / C++ code
[5.022s] -- Configured cppcheck include dirs: $<BUILD_INTERFACE:/ros2_ws/src/digipot/include>
[5.023s] -- Configured cppcheck exclude dirs and/or files: 
[5.030s] -- Added test 'lint_cmake' to check CMake code style
[5.039s] -- Added test 'uncrustify' to check C / C++ code style
[5.039s] -- Configured uncrustify additional arguments: 
[5.040s] -- Added test 'xmllint' to check XML markup files
[5.059s] -- Configuring done
[5.158s] -- Generating done
[5.164s] -- Build files have been written to: /ros2_ws/build/digipot
[5.263s] [35m[1mConsolidate compiler generated dependencies of target digipot[0m
[5.378s] [ 33%] [32mBuilding CXX object CMakeFiles/digipot.dir/src/digipot.cpp.o[0m
[7.229s] [01m[K/ros2_ws/src/digipot/src/digipot.cpp:12:10:[m[K [01;31m[Kfatal error: [m[Ksensormsgs/msg/joy.hpp: No such file or directory
[7.231s]    12 | #include [01;31m[K"sensormsgs/msg/joy.hpp"[m[K
[7.234s]       |          [01;31m[K^~~~~~~~~~~~~~~~~~~~~~~~[m[K
[7.235s] compilation terminated.
[7.240s] gmake[2]: *** [CMakeFiles/digipot.dir/build.make:76: CMakeFiles/digipot.dir/src/digipot.cpp.o] Error 1
[7.242s] gmake[1]: *** [CMakeFiles/Makefile2:137: CMakeFiles/digipot.dir/all] Error 2
[7.259s] gmake: *** [Makefile:146: all] Error 2
[7.261s] Invoked command in '/ros2_ws/build/digipot' returned '2': CMAKE_PREFIX_PATH=/ros2_ws/install/digipot_interfaces:/ros2_ws/install/sllidar_ros2:/ros2_ws/install/digipot:/ros2_ws/install/delivery_bot_package:/ros2_ws/install/ws_server:/ros2_ws/install/vision:/ros2_ws/install/rtcbot_adapter:/ros2_ws/install/motion_control:/opt/ros/humble LD_LIBRARY_PATH=/ros2_ws/install/digipot_interfaces/lib:/ros2_ws/install/digipot/lib:/opt/ros/humble/lib/aarch64-linux-gnu:/opt/ros/humble/lib /usr/bin/cmake --build /ros2_ws/build/digipot -- -j4 -l4
