running develop
running egg_info
creating vision.egg-info
writing vision.egg-info/PKG-INFO
writing dependency_links to vision.egg-info/dependency_links.txt
writing entry points to vision.egg-info/entry_points.txt
writing requirements to vision.egg-info/requires.txt
writing top-level names to vision.egg-info/top_level.txt
writing manifest file 'vision.egg-info/SOURCES.txt'
reading manifest file 'vision.egg-info/SOURCES.txt'
writing manifest file 'vision.egg-info/SOURCES.txt'
running build_ext
Creating /ros2_ws/install/vision/lib/python3.10/site-packages/vision.egg-link (link to .)
Installing vision_node script to /ros2_ws/install/vision/lib/vision

Installed /ros2_ws/build/vision
running install_data
creating /ros2_ws/install/vision/share/ament_index
creating /ros2_ws/install/vision/share/ament_index/resource_index
creating /ros2_ws/install/vision/share/ament_index/resource_index/packages
copying resource/vision -> /ros2_ws/install/vision/share/ament_index/resource_index/packages
copying package.xml -> /ros2_ws/install/vision/share/vision
