[4.910s] Invoking command in '/ros2_ws/build/vision': PYTHONPATH=/ros2_ws/build/vision/prefix_override:/ros2_ws/install/vision/lib/python3.10/site-packages:${PYTHONPATH} /usr/bin/python3 setup.py develop --editable --build-directory /ros2_ws/build/vision/build --no-deps install_data
[5.780s] /usr/lib/python3/dist-packages/setuptools/dist.py:723: UserWarning: Usage of dash-separated 'script-dir' will not be supported in future versions. Please use the underscore name 'script_dir' instead
[5.780s]   warnings.warn(
[5.914s] running develop
[5.915s] /usr/lib/python3/dist-packages/setuptools/command/easy_install.py:158: EasyInstallDeprecationWarning: easy_install command is deprecated. Use build and pip and other standards-based tools.
[5.916s]   warnings.warn(
[5.921s] /usr/lib/python3/dist-packages/setuptools/command/install.py:34: SetuptoolsDeprecationWarning: setup.py install is deprecated. Use build and pip and other standards-based tools.
[5.921s]   warnings.warn(
[6.361s] running egg_info
[6.362s] creating vision.egg-info
[6.362s] writing vision.egg-info/PKG-INFO
[6.363s] writing dependency_links to vision.egg-info/dependency_links.txt
[6.364s] writing entry points to vision.egg-info/entry_points.txt
[6.364s] writing requirements to vision.egg-info/requires.txt
[6.365s] writing top-level names to vision.egg-info/top_level.txt
[6.367s] writing manifest file 'vision.egg-info/SOURCES.txt'
[6.383s] reading manifest file 'vision.egg-info/SOURCES.txt'
[6.386s] writing manifest file 'vision.egg-info/SOURCES.txt'
[6.393s] running build_ext
[6.396s] Creating /ros2_ws/install/vision/lib/python3.10/site-packages/vision.egg-link (link to .)
[6.401s] Installing vision_node script to /ros2_ws/install/vision/lib/vision
[6.404s] 
[6.404s] Installed /ros2_ws/build/vision
[6.405s] running install_data
[6.406s] creating /ros2_ws/install/vision/share/ament_index
[6.407s] creating /ros2_ws/install/vision/share/ament_index/resource_index
[6.409s] creating /ros2_ws/install/vision/share/ament_index/resource_index/packages
[6.411s] copying resource/vision -> /ros2_ws/install/vision/share/ament_index/resource_index/packages
[6.412s] copying package.xml -> /ros2_ws/install/vision/share/vision
[6.970s] Invoked command in '/ros2_ws/build/vision' returned '0': PYTHONPATH=/ros2_ws/build/vision/prefix_override:/ros2_ws/install/vision/lib/python3.10/site-packages:${PYTHONPATH} /usr/bin/python3 setup.py develop --editable --build-directory /ros2_ws/build/vision/build --no-deps install_data
