running develop
Removing /ros2_ws/install/motion_control/lib/python3.10/site-packages/motion-control.egg-link (link to .)
running egg_info
writing ../../build/motion_control/motion_control.egg-info/PKG-INFO
writing dependency_links to ../../build/motion_control/motion_control.egg-info/dependency_links.txt
writing entry points to ../../build/motion_control/motion_control.egg-info/entry_points.txt
writing requirements to ../../build/motion_control/motion_control.egg-info/requires.txt
writing top-level names to ../../build/motion_control/motion_control.egg-info/top_level.txt
reading manifest file '../../build/motion_control/motion_control.egg-info/SOURCES.txt'
writing manifest file '../../build/motion_control/motion_control.egg-info/SOURCES.txt'
running build
running build_py
creating /ros2_ws/build/motion_control/build
creating /ros2_ws/build/motion_control/build/lib
creating /ros2_ws/build/motion_control/build/lib/motion_control
copying motion_control/__init__.py -> /ros2_ws/build/motion_control/build/lib/motion_control
copying motion_control/speed_control_node.py -> /ros2_ws/build/motion_control/build/lib/motion_control
running install
running install_lib
creating /ros2_ws/install/motion_control/lib/python3.10/site-packages/motion_control
copying /ros2_ws/build/motion_control/build/lib/motion_control/__init__.py -> /ros2_ws/install/motion_control/lib/python3.10/site-packages/motion_control
copying /ros2_ws/build/motion_control/build/lib/motion_control/speed_control_node.py -> /ros2_ws/install/motion_control/lib/python3.10/site-packages/motion_control
byte-compiling /ros2_ws/install/motion_control/lib/python3.10/site-packages/motion_control/__init__.py to __init__.cpython-310.pyc
byte-compiling /ros2_ws/install/motion_control/lib/python3.10/site-packages/motion_control/speed_control_node.py to speed_control_node.cpython-310.pyc
running install_data
running install_egg_info
Copying ../../build/motion_control/motion_control.egg-info to /ros2_ws/install/motion_control/lib/python3.10/site-packages/motion_control-0.0.0-py3.10.egg-info
running install_scripts
Installing speed_control_node script to /ros2_ws/install/motion_control/lib/motion_control
writing list of installed files to '/ros2_ws/build/motion_control/install.log'
