[35m[1mConsolidate compiler generated dependencies of target digipot[0m
[ 33%] [32mBuilding CXX object CMakeFiles/digipot.dir/src/digipot.cpp.o[0m
[ 66%] [32mBuilding CXX object CMakeFiles/digipot.dir/src/DigiPot.cpp.o[0m
[01m[K/ros2_ws/src/digipot/src/DigiPot.cpp:[m[K In member function ‘[01m[Kvoid DigiPot::increase(int)[m[K’:
[01m[K/ros2_ws/src/digipot/src/DigiPot.cpp:37:28:[m[K [01;35m[Kwarning: [m[Kunused parameter ‘[01m[Kamount[m[K’ [[01;35m[K-Wunused-parameter[m[K]
   37 | void DigiPot::increase([01;35m[Kint amount[m[K) {
      |                        [01;35m[K~~~~^~~~~~[m[K
[01m[K/ros2_ws/src/digipot/src/DigiPot.cpp:[m[K In member function ‘[01m[Kvoid DigiPot::decrease(int)[m[K’:
[01m[K/ros2_ws/src/digipot/src/DigiPot.cpp:48:28:[m[K [01;35m[Kwarning: [m[Kunused parameter ‘[01m[Kamount[m[K’ [[01;35m[K-Wunused-parameter[m[K]
   48 | void DigiPot::decrease([01;35m[Kint amount[m[K) {
      |                        [01;35m[K~~~~^~~~~~[m[K
[100%] [32m[1mLinking CXX executable digipot[0m
[100%] Built target digipot
-- Install configuration: ""
-- Execute custom install script
-- Up-to-date symlink: /ros2_ws/install/digipot/lib/digipot/digipot
-- Up-to-date symlink: /ros2_ws/install/digipot/share/ament_index/resource_index/package_run_dependencies/digipot
-- Up-to-date symlink: /ros2_ws/install/digipot/share/ament_index/resource_index/parent_prefix_path/digipot
-- Up-to-date symlink: /ros2_ws/install/digipot/share/digipot/environment/ament_prefix_path.sh
-- Up-to-date symlink: /ros2_ws/install/digipot/share/digipot/environment/ament_prefix_path.dsv
-- Up-to-date symlink: /ros2_ws/install/digipot/share/digipot/environment/path.sh
-- Up-to-date symlink: /ros2_ws/install/digipot/share/digipot/environment/path.dsv
-- Up-to-date symlink: /ros2_ws/install/digipot/share/digipot/local_setup.bash
-- Up-to-date symlink: /ros2_ws/install/digipot/share/digipot/local_setup.sh
-- Up-to-date symlink: /ros2_ws/install/digipot/share/digipot/local_setup.zsh
-- Up-to-date symlink: /ros2_ws/install/digipot/share/digipot/local_setup.dsv
-- Symlinking: /ros2_ws/install/digipot/share/digipot/package.dsv
-- Up-to-date symlink: /ros2_ws/install/digipot/share/ament_index/resource_index/packages/digipot
-- Up-to-date symlink: /ros2_ws/install/digipot/share/digipot/cmake/digipotConfig.cmake
-- Up-to-date symlink: /ros2_ws/install/digipot/share/digipot/cmake/digipotConfig-version.cmake
-- Up-to-date symlink: /ros2_ws/install/digipot/share/digipot/package.xml
