[0.904s] Invoking command in '/ros2_ws/build/delivery_bot_package': CMAKE_PREFIX_PATH=${CMAKE_PREFIX_PATH}:/ros2_ws/install/ws_server:/ros2_ws/install/vision:/ros2_ws/install/rtcbot_adapter:/ros2_ws/install/motion_control:/opt/ros/humble /usr/bin/cmake --build /ros2_ws/build/delivery_bot_package -- -j4 -l4
[3.123s] [35m[1mConsolidate compiler generated dependencies of target delivery_bot[0m
[3.125s] [100%] Built target delivery_bot
[3.127s] Invoked command in '/ros2_ws/build/delivery_bot_package' returned '0': CMAKE_PREFIX_PATH=${CMAKE_PREFIX_PATH}:/ros2_ws/install/ws_server:/ros2_ws/install/vision:/ros2_ws/install/rtcbot_adapter:/ros2_ws/install/motion_control:/opt/ros/humble /usr/bin/cmake --build /ros2_ws/build/delivery_bot_package -- -j4 -l4
[3.261s] Invoking command in '/ros2_ws/build/delivery_bot_package': CMAKE_PREFIX_PATH=${CMAKE_PREFIX_PATH}:/ros2_ws/install/ws_server:/ros2_ws/install/vision:/ros2_ws/install/rtcbot_adapter:/ros2_ws/install/motion_control:/opt/ros/humble /usr/bin/cmake --install /ros2_ws/build/delivery_bot_package
[3.289s] -- Install configuration: ""
[3.298s] -- Execute custom install script
[3.302s] -- Up-to-date symlink: /ros2_ws/install/delivery_bot_package/lib/delivery_bot_package/delivery_bot
[3.311s] -- Up-to-date symlink: /ros2_ws/install/delivery_bot_package/share/ament_index/resource_index/package_run_dependencies/delivery_bot_package
[3.314s] -- Up-to-date symlink: /ros2_ws/install/delivery_bot_package/share/ament_index/resource_index/parent_prefix_path/delivery_bot_package
[3.316s] -- Up-to-date symlink: /ros2_ws/install/delivery_bot_package/share/delivery_bot_package/environment/ament_prefix_path.sh
[3.318s] -- Up-to-date symlink: /ros2_ws/install/delivery_bot_package/share/delivery_bot_package/environment/ament_prefix_path.dsv
[3.320s] -- Up-to-date symlink: /ros2_ws/install/delivery_bot_package/share/delivery_bot_package/environment/path.sh
[3.322s] -- Up-to-date symlink: /ros2_ws/install/delivery_bot_package/share/delivery_bot_package/environment/path.dsv
[3.323s] -- Up-to-date symlink: /ros2_ws/install/delivery_bot_package/share/delivery_bot_package/local_setup.bash
[3.336s] -- Up-to-date symlink: /ros2_ws/install/delivery_bot_package/share/delivery_bot_package/local_setup.sh
[3.337s] -- Up-to-date symlink: /ros2_ws/install/delivery_bot_package/share/delivery_bot_package/local_setup.zsh
[3.337s] -- Up-to-date symlink: /ros2_ws/install/delivery_bot_package/share/delivery_bot_package/local_setup.dsv
[3.338s] -- Symlinking: /ros2_ws/install/delivery_bot_package/share/delivery_bot_package/package.dsv
[3.412s] -- Up-to-date symlink: /ros2_ws/install/delivery_bot_package/share/ament_index/resource_index/packages/delivery_bot_package
[3.412s] -- Up-to-date symlink: /ros2_ws/install/delivery_bot_package/share/delivery_bot_package/cmake/delivery_bot_packageConfig.cmake
[3.413s] -- Up-to-date symlink: /ros2_ws/install/delivery_bot_package/share/delivery_bot_package/cmake/delivery_bot_packageConfig-version.cmake
[3.414s] -- Up-to-date symlink: /ros2_ws/install/delivery_bot_package/share/delivery_bot_package/package.xml
[3.420s] Invoked command in '/ros2_ws/build/delivery_bot_package' returned '0': CMAKE_PREFIX_PATH=${CMAKE_PREFIX_PATH}:/ros2_ws/install/ws_server:/ros2_ws/install/vision:/ros2_ws/install/rtcbot_adapter:/ros2_ws/install/motion_control:/opt/ros/humble /usr/bin/cmake --install /ros2_ws/build/delivery_bot_package
