[0.212s] Invoking command in '/ros2_ws/build/digipot': CMAKE_PREFIX_PATH=${CMAKE_PREFIX_PATH}:/ros2_ws/install/ws_server:/ros2_ws/install/vision:/ros2_ws/install/rtcbot_adapter:/ros2_ws/install/motion_control:/opt/ros/humble /usr/bin/cmake --build /ros2_ws/build/digipot -- -j4 -l4
[0.283s] -- Found ament_cmake: 1.3.5 (/opt/ros/humble/share/ament_cmake/cmake)
[0.803s] -- Override CMake install command with custom implementation using symlinks instead of copying resources
[0.828s] -- Found rclcpp: 16.0.6 (/opt/ros/humble/share/rclcpp/cmake)
[0.930s] -- Found rosidl_generator_c: 3.1.5 (/opt/ros/humble/share/rosidl_generator_c/cmake)
[0.941s] -- Found rosidl_adapter: 3.1.5 (/opt/ros/humble/share/rosidl_adapter/cmake)
[0.965s] -- Found rosidl_generator_cpp: 3.1.5 (/opt/ros/humble/share/rosidl_generator_cpp/cmake)
[1.013s] -- Using all available rosidl_typesupport_c: rosidl_typesupport_fastrtps_c;rosidl_typesupport_introspection_c
[1.079s] -- Using all available rosidl_typesupport_cpp: rosidl_typesupport_fastrtps_cpp;rosidl_typesupport_introspection_cpp
[1.330s] -- Found rmw_implementation_cmake: 6.1.1 (/opt/ros/humble/share/rmw_implementation_cmake/cmake)
[1.336s] -- Found rmw_fastrtps_cpp: 6.2.4 (/opt/ros/humble/share/rmw_fastrtps_cpp/cmake)
[1.708s] -- Using RMW implementation 'rmw_fastrtps_cpp' as default
[2.429s] -- Found ament_lint_auto: 0.12.8 (/opt/ros/humble/share/ament_lint_auto/cmake)
[2.710s] -- Added test 'cppcheck' to perform static code analysis on C / C++ code
[2.712s] -- Configured cppcheck include dirs: $<BUILD_INTERFACE:/ros2_ws/src/digipot/include>
[2.713s] -- Configured cppcheck exclude dirs and/or files: 
[2.715s] -- Added test 'lint_cmake' to check CMake code style
[2.716s] -- Added test 'uncrustify' to check C / C++ code style
[2.717s] -- Configured uncrustify additional arguments: 
[2.718s] -- Added test 'xmllint' to check XML markup files
[2.721s] -- Configuring done
[2.759s] -- Generating done
[2.765s] -- Build files have been written to: /ros2_ws/build/digipot
[2.837s] [35m[1mConsolidate compiler generated dependencies of target digipot[0m
[2.896s] [ 33%] [32m[1mLinking CXX executable digipot[0m
[4.487s] /usr/bin/ld: CMakeFiles/digipot.dir/src/DigiPot.cpp.o: in function `DigiPot::DigiPot(int, int, int)':
[4.487s] DigiPot.cpp:(.text+0x4c): undefined reference to `GPIO::setmode(GPIO::NumberingModes)'
[4.488s] /usr/bin/ld: DigiPot.cpp:(.text+0x60): undefined reference to `GPIO::setup(int, GPIO::Directions, int)'
[4.488s] /usr/bin/ld: DigiPot.cpp:(.text+0x74): undefined reference to `GPIO::setup(int, GPIO::Directions, int)'
[4.489s] /usr/bin/ld: DigiPot.cpp:(.text+0x88): undefined reference to `GPIO::setup(int, GPIO::Directions, int)'
[4.490s] /usr/bin/ld: CMakeFiles/digipot.dir/src/DigiPot.cpp.o: in function `DigiPot::change(unsigned char, int)':
[4.490s] DigiPot.cpp:(.text+0x320): undefined reference to `GPIO::output(int, int)'
[4.491s] /usr/bin/ld: DigiPot.cpp:(.text+0x330): undefined reference to `GPIO::output(int, int)'
[4.491s] /usr/bin/ld: DigiPot.cpp:(.text+0x340): undefined reference to `GPIO::output(int, int)'
[4.491s] /usr/bin/ld: DigiPot.cpp:(.text+0x358): undefined reference to `GPIO::output(int, int)'
[4.492s] /usr/bin/ld: DigiPot.cpp:(.text+0x370): undefined reference to `GPIO::output(int, int)'
[4.493s] /usr/bin/ld: CMakeFiles/digipot.dir/src/DigiPot.cpp.o:DigiPot.cpp:(.text+0x41c): more undefined references to `GPIO::output(int, int)' follow
[4.559s] collect2: error: ld returned 1 exit status
[4.562s] gmake[2]: *** [CMakeFiles/digipot.dir/build.make:175: digipot] Error 1
[4.563s] gmake[1]: *** [CMakeFiles/Makefile2:137: CMakeFiles/digipot.dir/all] Error 2
[4.563s] gmake: *** [Makefile:146: all] Error 2
[4.568s] Invoked command in '/ros2_ws/build/digipot' returned '2': CMAKE_PREFIX_PATH=${CMAKE_PREFIX_PATH}:/ros2_ws/install/ws_server:/ros2_ws/install/vision:/ros2_ws/install/rtcbot_adapter:/ros2_ws/install/motion_control:/opt/ros/humble /usr/bin/cmake --build /ros2_ws/build/digipot -- -j4 -l4
