[35m[1mConsolidate compiler generated dependencies of target digipot[0m
[ 33%] [32mBuilding CXX object CMakeFiles/digipot.dir/src/digipot.cpp.o[0m
[01m[K/ros2_ws/src/digipot/src/digipot.cpp:[m[K In member function ‘[01m[Kvoid DigipotNode::teleopCallback(geometry_msgs::msg::Twist_<std::allocator<void> >::SharedPtr)[m[K’:
[01m[K/ros2_ws/src/digipot/src/digipot.cpp:87:13:[m[K [01;35m[Kwarning: [m[Kunused variable ‘[01m[Kvalue[m[K’ [[01;35m[K-Wunused-variable[m[K]
   87 |     uint8_t [01;35m[Kvalue[m[K = digipot_.get() + msg->linear.x;
      |             [01;35m[K^~~~~[m[K
[01m[K/ros2_ws/src/digipot/src/digipot.cpp:[m[K In member function ‘[01m[Kvoid DigipotNode::joyCallback(sensor_msgs::msg::Joy_<std::allocator<void> >::SharedPtr)[m[K’:
[01m[K/ros2_ws/src/digipot/src/digipot.cpp:103:11:[m[K [01;35m[Kwarning: [m[Kunused variable ‘[01m[Krl_value[m[K’ [[01;35m[K-Wunused-variable[m[K]
  103 |     float [01;35m[Krl_value[m[K = msg->axes[2];
      |           [01;35m[K^~~~~~~~[m[K
[ 66%] [32m[1mLinking CXX executable digipot[0m
[100%] Built target digipot
-- Install configuration: ""
-- Execute custom install script
-- Up-to-date symlink: /ros2_ws/install/digipot/lib/digipot/digipot
-- Up-to-date symlink: /ros2_ws/install/digipot/share/ament_index/resource_index/package_run_dependencies/digipot
-- Up-to-date symlink: /ros2_ws/install/digipot/share/ament_index/resource_index/parent_prefix_path/digipot
-- Up-to-date symlink: /ros2_ws/install/digipot/share/digipot/environment/ament_prefix_path.sh
-- Up-to-date symlink: /ros2_ws/install/digipot/share/digipot/environment/ament_prefix_path.dsv
-- Up-to-date symlink: /ros2_ws/install/digipot/share/digipot/environment/path.sh
-- Up-to-date symlink: /ros2_ws/install/digipot/share/digipot/environment/path.dsv
-- Up-to-date symlink: /ros2_ws/install/digipot/share/digipot/local_setup.bash
-- Up-to-date symlink: /ros2_ws/install/digipot/share/digipot/local_setup.sh
-- Up-to-date symlink: /ros2_ws/install/digipot/share/digipot/local_setup.zsh
-- Up-to-date symlink: /ros2_ws/install/digipot/share/digipot/local_setup.dsv
-- Symlinking: /ros2_ws/install/digipot/share/digipot/package.dsv
-- Up-to-date symlink: /ros2_ws/install/digipot/share/ament_index/resource_index/packages/digipot
-- Up-to-date symlink: /ros2_ws/install/digipot/share/digipot/cmake/digipotConfig.cmake
-- Up-to-date symlink: /ros2_ws/install/digipot/share/digipot/cmake/digipotConfig-version.cmake
-- Up-to-date symlink: /ros2_ws/install/digipot/share/digipot/package.xml
