[0.367s] Invoking command in '/ros2_ws/build/digipot': CMAKE_PREFIX_PATH=${CMAKE_PREFIX_PATH}:/ros2_ws/install/ws_server:/ros2_ws/install/vision:/ros2_ws/install/rtcbot_adapter:/ros2_ws/install/motion_control:/opt/ros/humble /usr/bin/cmake --build /ros2_ws/build/digipot -- -j4 -l4
[0.621s] [35m[1mConsolidate compiler generated dependencies of target digipot[0m
[0.792s] [ 33%] [32mBuilding CXX object CMakeFiles/digipot.dir/src/digipot.cpp.o[0m
[14.460s] [01m[K/ros2_ws/src/digipot/src/digipot.cpp:[m[K In member function ‘[01m[Kvoid DigipotNode::teleopCallback(geometry_msgs::msg::Twist_<std::allocator<void> >::SharedPtr)[m[K’:
[14.460s] [01m[K/ros2_ws/src/digipot/src/digipot.cpp:83:13:[m[K [01;35m[Kwarning: [m[Kunused variable ‘[01m[Kvalue[m[K’ [[01;35m[K-Wunused-variable[m[K]
[14.462s]    83 |     uint8_t [01;35m[Kvalue[m[K = digipot_.get() + msg->linear.x;
[14.466s]       |             [01;35m[K^~~~~[m[K
[65.134s] [ 66%] [32m[1mLinking CXX executable digipot[0m
[68.232s] [100%] Built target digipot
[68.272s] Invoked command in '/ros2_ws/build/digipot' returned '0': CMAKE_PREFIX_PATH=${CMAKE_PREFIX_PATH}:/ros2_ws/install/ws_server:/ros2_ws/install/vision:/ros2_ws/install/rtcbot_adapter:/ros2_ws/install/motion_control:/opt/ros/humble /usr/bin/cmake --build /ros2_ws/build/digipot -- -j4 -l4
[68.399s] Invoking command in '/ros2_ws/build/digipot': CMAKE_PREFIX_PATH=${CMAKE_PREFIX_PATH}:/ros2_ws/install/ws_server:/ros2_ws/install/vision:/ros2_ws/install/rtcbot_adapter:/ros2_ws/install/motion_control:/opt/ros/humble /usr/bin/cmake --install /ros2_ws/build/digipot
[68.423s] -- Install configuration: ""
[68.425s] -- Execute custom install script
[68.426s] -- Up-to-date symlink: /ros2_ws/install/digipot/lib/digipot/digipot
[68.427s] -- Up-to-date symlink: /ros2_ws/install/digipot/share/ament_index/resource_index/package_run_dependencies/digipot
[68.427s] -- Up-to-date symlink: /ros2_ws/install/digipot/share/ament_index/resource_index/parent_prefix_path/digipot
[68.430s] -- Up-to-date symlink: /ros2_ws/install/digipot/share/digipot/environment/ament_prefix_path.sh
[68.432s] -- Up-to-date symlink: /ros2_ws/install/digipot/share/digipot/environment/ament_prefix_path.dsv
[68.432s] -- Up-to-date symlink: /ros2_ws/install/digipot/share/digipot/environment/path.sh
[68.433s] -- Up-to-date symlink: /ros2_ws/install/digipot/share/digipot/environment/path.dsv
[68.434s] -- Up-to-date symlink: /ros2_ws/install/digipot/share/digipot/local_setup.bash
[68.434s] -- Up-to-date symlink: /ros2_ws/install/digipot/share/digipot/local_setup.sh
[68.435s] -- Up-to-date symlink: /ros2_ws/install/digipot/share/digipot/local_setup.zsh
[68.435s] -- Up-to-date symlink: /ros2_ws/install/digipot/share/digipot/local_setup.dsv
[68.436s] -- Symlinking: /ros2_ws/install/digipot/share/digipot/package.dsv
[68.462s] -- Up-to-date symlink: /ros2_ws/install/digipot/share/ament_index/resource_index/packages/digipot
[68.463s] -- Up-to-date symlink: /ros2_ws/install/digipot/share/digipot/cmake/digipotConfig.cmake
[68.463s] -- Up-to-date symlink: /ros2_ws/install/digipot/share/digipot/cmake/digipotConfig-version.cmake
[68.464s] -- Up-to-date symlink: /ros2_ws/install/digipot/share/digipot/package.xml
[68.470s] Invoked command in '/ros2_ws/build/digipot' returned '0': CMAKE_PREFIX_PATH=${CMAKE_PREFIX_PATH}:/ros2_ws/install/ws_server:/ros2_ws/install/vision:/ros2_ws/install/rtcbot_adapter:/ros2_ws/install/motion_control:/opt/ros/humble /usr/bin/cmake --install /ros2_ws/build/digipot
