[6.069s] DEBUG:colcon:Command line arguments: ['/usr/bin/colcon', 'build', '--symlink-install', '--packages-select', 'digipot']
[6.069s] DEBUG:colcon:Parsed command line arguments: Namespace(log_base=None, log_level=None, verb_name='build', build_base='build', install_base='install', merge_install=False, symlink_install=True, test_result_base=None, continue_on_error=False, executor='parallel', parallel_workers=4, event_handlers=None, ignore_user_meta=False, metas=['./colcon.meta'], base_paths=['.'], packages_ignore=None, packages_ignore_regex=None, paths=None, packages_up_to=None, packages_up_to_regex=None, packages_above=None, packages_above_and_dependencies=None, packages_above_depth=None, packages_select_by_dep=None, packages_skip_by_dep=None, packages_skip_up_to=None, packages_select_build_failed=False, packages_skip_build_finished=False, packages_select_test_failures=False, packages_skip_test_passed=False, packages_select=['digipot'], packages_skip=None, packages_select_regex=None, packages_skip_regex=None, packages_start=None, packages_end=None, cmake_args=None, cmake_target=None, cmake_target_skip_unavailable=False, cmake_clean_cache=False, cmake_clean_first=False, cmake_force_configure=False, ament_cmake_args=None, catkin_cmake_args=None, catkin_skip_building_tests=False, mixin_files=None, mixin=None, verb_parser=<colcon_mixin.mixin.mixin_argument.MixinArgumentDecorator object at 0x7f8feec610>, verb_extension=<colcon_core.verb.build.BuildVerb object at 0x7f8feecb80>, main=<bound method BuildVerb.main of <colcon_core.verb.build.BuildVerb object at 0x7f8feecb80>>, mixin_verb=('build',))
[6.294s] Level 1:colcon.colcon_core.package_discovery:discover_packages(colcon_meta) check parameters
[6.298s] INFO:colcon.colcon_metadata.package_discovery.colcon_meta:Using configuration from '/root/.colcon/metadata/default/Gazebo.meta'
[6.301s] INFO:colcon.colcon_metadata.package_discovery.colcon_meta:Using configuration from '/root/.colcon/metadata/default/fastrtps.meta'
[6.301s] Level 1:colcon.colcon_core.package_discovery:discover_packages(recursive) check parameters
[6.302s] Level 1:colcon.colcon_core.package_discovery:discover_packages(ignore) check parameters
[6.302s] Level 1:colcon.colcon_core.package_discovery:discover_packages(path) check parameters
[6.302s] Level 1:colcon.colcon_core.package_discovery:discover_packages(colcon_meta) discover
[6.302s] Level 1:colcon.colcon_core.package_discovery:discover_packages(recursive) discover
[6.303s] INFO:colcon.colcon_core.package_discovery:Crawling recursively for packages in '/ros2_ws'
[6.303s] Level 1:colcon.colcon_core.package_identification:_identify(.) by extensions ['ignore', 'ignore_ament_install']
[6.304s] Level 1:colcon.colcon_core.package_identification:_identify(.) by extension 'ignore'
[6.304s] Level 1:colcon.colcon_core.package_identification:_identify(.) by extension 'ignore_ament_install'
[6.305s] Level 1:colcon.colcon_core.package_identification:_identify(.) by extensions ['colcon_pkg']
[6.305s] Level 1:colcon.colcon_core.package_identification:_identify(.) by extension 'colcon_pkg'
[6.306s] Level 1:colcon.colcon_core.package_identification:_identify(.) by extensions ['colcon_meta']
[6.306s] Level 1:colcon.colcon_core.package_identification:_identify(.) by extension 'colcon_meta'
[6.307s] Level 1:colcon.colcon_core.package_identification:_identify(.) by extensions ['ros']
[6.307s] Level 1:colcon.colcon_core.package_identification:_identify(.) by extension 'ros'
[6.370s] Level 1:colcon.colcon_core.package_identification:_identify(.) by extensions ['cmake', 'python']
[6.371s] Level 1:colcon.colcon_core.package_identification:_identify(.) by extension 'cmake'
[6.371s] Level 1:colcon.colcon_core.package_identification:_identify(.) by extension 'python'
[6.372s] Level 1:colcon.colcon_core.package_identification:_identify(.) by extensions ['python_setup_py']
[6.372s] Level 1:colcon.colcon_core.package_identification:_identify(.) by extension 'python_setup_py'
[6.373s] Level 1:colcon.colcon_core.package_identification:_identify(build) by extensions ['ignore', 'ignore_ament_install']
[6.374s] Level 1:colcon.colcon_core.package_identification:_identify(build) by extension 'ignore'
[6.374s] Level 1:colcon.colcon_core.package_identification:_identify(build) ignored
[6.375s] Level 1:colcon.colcon_core.package_identification:_identify(install) by extensions ['ignore', 'ignore_ament_install']
[6.376s] Level 1:colcon.colcon_core.package_identification:_identify(install) by extension 'ignore'
[6.376s] Level 1:colcon.colcon_core.package_identification:_identify(install) ignored
[6.377s] Level 1:colcon.colcon_core.package_identification:_identify(log) by extensions ['ignore', 'ignore_ament_install']
[6.377s] Level 1:colcon.colcon_core.package_identification:_identify(log) by extension 'ignore'
[6.378s] Level 1:colcon.colcon_core.package_identification:_identify(log) ignored
[6.378s] Level 1:colcon.colcon_core.package_identification:_identify(src) by extensions ['ignore', 'ignore_ament_install']
[6.379s] Level 1:colcon.colcon_core.package_identification:_identify(src) by extension 'ignore'
[6.379s] Level 1:colcon.colcon_core.package_identification:_identify(src) by extension 'ignore_ament_install'
[6.379s] Level 1:colcon.colcon_core.package_identification:_identify(src) by extensions ['colcon_pkg']
[6.380s] Level 1:colcon.colcon_core.package_identification:_identify(src) by extension 'colcon_pkg'
[6.380s] Level 1:colcon.colcon_core.package_identification:_identify(src) by extensions ['colcon_meta']
[6.380s] Level 1:colcon.colcon_core.package_identification:_identify(src) by extension 'colcon_meta'
[6.380s] Level 1:colcon.colcon_core.package_identification:_identify(src) by extensions ['ros']
[6.380s] Level 1:colcon.colcon_core.package_identification:_identify(src) by extension 'ros'
[6.381s] Level 1:colcon.colcon_core.package_identification:_identify(src) by extensions ['cmake', 'python']
[6.381s] Level 1:colcon.colcon_core.package_identification:_identify(src) by extension 'cmake'
[6.381s] Level 1:colcon.colcon_core.package_identification:_identify(src) by extension 'python'
[6.381s] Level 1:colcon.colcon_core.package_identification:_identify(src) by extensions ['python_setup_py']
[6.382s] Level 1:colcon.colcon_core.package_identification:_identify(src) by extension 'python_setup_py'
[6.382s] Level 1:colcon.colcon_core.package_identification:_identify(src/delivery_bot_package) by extensions ['ignore', 'ignore_ament_install']
[6.383s] Level 1:colcon.colcon_core.package_identification:_identify(src/delivery_bot_package) by extension 'ignore'
[6.383s] Level 1:colcon.colcon_core.package_identification:_identify(src/delivery_bot_package) by extension 'ignore_ament_install'
[6.383s] Level 1:colcon.colcon_core.package_identification:_identify(src/delivery_bot_package) by extensions ['colcon_pkg']
[6.383s] Level 1:colcon.colcon_core.package_identification:_identify(src/delivery_bot_package) by extension 'colcon_pkg'
[6.384s] Level 1:colcon.colcon_core.package_identification:_identify(src/delivery_bot_package) by extensions ['colcon_meta']
[6.384s] Level 1:colcon.colcon_core.package_identification:_identify(src/delivery_bot_package) by extension 'colcon_meta'
[6.384s] Level 1:colcon.colcon_core.package_identification:_identify(src/delivery_bot_package) by extensions ['ros']
[6.384s] Level 1:colcon.colcon_core.package_identification:_identify(src/delivery_bot_package) by extension 'ros'
[6.396s] DEBUG:colcon.colcon_core.package_identification:Package 'src/delivery_bot_package' with type 'ros.ament_cmake' and name 'delivery_bot_package'
[6.397s] Level 1:colcon.colcon_core.package_identification:_identify(src/digipot) by extensions ['ignore', 'ignore_ament_install']
[6.397s] Level 1:colcon.colcon_core.package_identification:_identify(src/digipot) by extension 'ignore'
[6.397s] Level 1:colcon.colcon_core.package_identification:_identify(src/digipot) by extension 'ignore_ament_install'
[6.398s] Level 1:colcon.colcon_core.package_identification:_identify(src/digipot) by extensions ['colcon_pkg']
[6.398s] Level 1:colcon.colcon_core.package_identification:_identify(src/digipot) by extension 'colcon_pkg'
[6.398s] Level 1:colcon.colcon_core.package_identification:_identify(src/digipot) by extensions ['colcon_meta']
[6.398s] Level 1:colcon.colcon_core.package_identification:_identify(src/digipot) by extension 'colcon_meta'
[6.399s] Level 1:colcon.colcon_core.package_identification:_identify(src/digipot) by extensions ['ros']
[6.399s] Level 1:colcon.colcon_core.package_identification:_identify(src/digipot) by extension 'ros'
[6.402s] DEBUG:colcon.colcon_core.package_identification:Package 'src/digipot' with type 'ros.ament_cmake' and name 'digipot'
[6.403s] Level 1:colcon.colcon_core.package_identification:_identify(src/digipot_interfaces) by extensions ['ignore', 'ignore_ament_install']
[6.403s] Level 1:colcon.colcon_core.package_identification:_identify(src/digipot_interfaces) by extension 'ignore'
[6.404s] Level 1:colcon.colcon_core.package_identification:_identify(src/digipot_interfaces) by extension 'ignore_ament_install'
[6.404s] Level 1:colcon.colcon_core.package_identification:_identify(src/digipot_interfaces) by extensions ['colcon_pkg']
[6.404s] Level 1:colcon.colcon_core.package_identification:_identify(src/digipot_interfaces) by extension 'colcon_pkg'
[6.405s] Level 1:colcon.colcon_core.package_identification:_identify(src/digipot_interfaces) by extensions ['colcon_meta']
[6.405s] Level 1:colcon.colcon_core.package_identification:_identify(src/digipot_interfaces) by extension 'colcon_meta'
[6.405s] Level 1:colcon.colcon_core.package_identification:_identify(src/digipot_interfaces) by extensions ['ros']
[6.405s] Level 1:colcon.colcon_core.package_identification:_identify(src/digipot_interfaces) by extension 'ros'
[6.407s] DEBUG:colcon.colcon_core.package_identification:Package 'src/digipot_interfaces' with type 'ros.ament_cmake' and name 'digipot_interfaces'
[6.408s] Level 1:colcon.colcon_core.package_identification:_identify(src/motion_control) by extensions ['ignore', 'ignore_ament_install']
[6.408s] Level 1:colcon.colcon_core.package_identification:_identify(src/motion_control) by extension 'ignore'
[6.409s] Level 1:colcon.colcon_core.package_identification:_identify(src/motion_control) by extension 'ignore_ament_install'
[6.409s] Level 1:colcon.colcon_core.package_identification:_identify(src/motion_control) by extensions ['colcon_pkg']
[6.409s] Level 1:colcon.colcon_core.package_identification:_identify(src/motion_control) by extension 'colcon_pkg'
[6.409s] Level 1:colcon.colcon_core.package_identification:_identify(src/motion_control) by extensions ['colcon_meta']
[6.410s] Level 1:colcon.colcon_core.package_identification:_identify(src/motion_control) by extension 'colcon_meta'
[6.410s] Level 1:colcon.colcon_core.package_identification:_identify(src/motion_control) by extensions ['ros']
[6.410s] Level 1:colcon.colcon_core.package_identification:_identify(src/motion_control) by extension 'ros'
[6.412s] DEBUG:colcon.colcon_core.package_identification:Package 'src/motion_control' with type 'ros.ament_python' and name 'motion_control'
[6.413s] Level 1:colcon.colcon_core.package_identification:_identify(src/rtcbot_adapter) by extensions ['ignore', 'ignore_ament_install']
[6.413s] Level 1:colcon.colcon_core.package_identification:_identify(src/rtcbot_adapter) by extension 'ignore'
[6.413s] Level 1:colcon.colcon_core.package_identification:_identify(src/rtcbot_adapter) by extension 'ignore_ament_install'
[6.414s] Level 1:colcon.colcon_core.package_identification:_identify(src/rtcbot_adapter) by extensions ['colcon_pkg']
[6.414s] Level 1:colcon.colcon_core.package_identification:_identify(src/rtcbot_adapter) by extension 'colcon_pkg'
[6.414s] Level 1:colcon.colcon_core.package_identification:_identify(src/rtcbot_adapter) by extensions ['colcon_meta']
[6.414s] Level 1:colcon.colcon_core.package_identification:_identify(src/rtcbot_adapter) by extension 'colcon_meta'
[6.414s] Level 1:colcon.colcon_core.package_identification:_identify(src/rtcbot_adapter) by extensions ['ros']
[6.415s] Level 1:colcon.colcon_core.package_identification:_identify(src/rtcbot_adapter) by extension 'ros'
[6.417s] DEBUG:colcon.colcon_core.package_identification:Package 'src/rtcbot_adapter' with type 'ros.ament_python' and name 'rtcbot_adapter'
[6.418s] Level 1:colcon.colcon_core.package_identification:_identify(src/sllidar_ros2) by extensions ['ignore', 'ignore_ament_install']
[6.418s] Level 1:colcon.colcon_core.package_identification:_identify(src/sllidar_ros2) by extension 'ignore'
[6.419s] Level 1:colcon.colcon_core.package_identification:_identify(src/sllidar_ros2) by extension 'ignore_ament_install'
[6.419s] Level 1:colcon.colcon_core.package_identification:_identify(src/sllidar_ros2) by extensions ['colcon_pkg']
[6.419s] Level 1:colcon.colcon_core.package_identification:_identify(src/sllidar_ros2) by extension 'colcon_pkg'
[6.419s] Level 1:colcon.colcon_core.package_identification:_identify(src/sllidar_ros2) by extensions ['colcon_meta']
[6.419s] Level 1:colcon.colcon_core.package_identification:_identify(src/sllidar_ros2) by extension 'colcon_meta'
[6.420s] Level 1:colcon.colcon_core.package_identification:_identify(src/sllidar_ros2) by extensions ['ros']
[6.420s] Level 1:colcon.colcon_core.package_identification:_identify(src/sllidar_ros2) by extension 'ros'
[6.424s] DEBUG:colcon.colcon_core.package_identification:Package 'src/sllidar_ros2' with type 'ros.ament_cmake' and name 'sllidar_ros2'
[6.424s] Level 1:colcon.colcon_core.package_identification:_identify(src/vision) by extensions ['ignore', 'ignore_ament_install']
[6.425s] Level 1:colcon.colcon_core.package_identification:_identify(src/vision) by extension 'ignore'
[6.425s] Level 1:colcon.colcon_core.package_identification:_identify(src/vision) by extension 'ignore_ament_install'
[6.426s] Level 1:colcon.colcon_core.package_identification:_identify(src/vision) by extensions ['colcon_pkg']
[6.426s] Level 1:colcon.colcon_core.package_identification:_identify(src/vision) by extension 'colcon_pkg'
[6.426s] Level 1:colcon.colcon_core.package_identification:_identify(src/vision) by extensions ['colcon_meta']
[6.426s] Level 1:colcon.colcon_core.package_identification:_identify(src/vision) by extension 'colcon_meta'
[6.427s] Level 1:colcon.colcon_core.package_identification:_identify(src/vision) by extensions ['ros']
[6.427s] Level 1:colcon.colcon_core.package_identification:_identify(src/vision) by extension 'ros'
[6.429s] DEBUG:colcon.colcon_core.package_identification:Package 'src/vision' with type 'ros.ament_python' and name 'vision'
[6.430s] Level 1:colcon.colcon_core.package_identification:_identify(src/ws_server) by extensions ['ignore', 'ignore_ament_install']
[6.431s] Level 1:colcon.colcon_core.package_identification:_identify(src/ws_server) by extension 'ignore'
[6.431s] Level 1:colcon.colcon_core.package_identification:_identify(src/ws_server) by extension 'ignore_ament_install'
[6.432s] Level 1:colcon.colcon_core.package_identification:_identify(src/ws_server) by extensions ['colcon_pkg']
[6.432s] Level 1:colcon.colcon_core.package_identification:_identify(src/ws_server) by extension 'colcon_pkg'
[6.433s] Level 1:colcon.colcon_core.package_identification:_identify(src/ws_server) by extensions ['colcon_meta']
[6.433s] Level 1:colcon.colcon_core.package_identification:_identify(src/ws_server) by extension 'colcon_meta'
[6.433s] Level 1:colcon.colcon_core.package_identification:_identify(src/ws_server) by extensions ['ros']
[6.433s] Level 1:colcon.colcon_core.package_identification:_identify(src/ws_server) by extension 'ros'
[6.438s] DEBUG:colcon.colcon_core.package_identification:Package 'src/ws_server' with type 'ros.ament_python' and name 'ws_server'
[6.438s] Level 1:colcon.colcon_core.package_discovery:discover_packages(recursive) using defaults
[6.438s] Level 1:colcon.colcon_core.package_discovery:discover_packages(ignore) discover
[6.438s] Level 1:colcon.colcon_core.package_discovery:discover_packages(ignore) using defaults
[6.439s] Level 1:colcon.colcon_core.package_discovery:discover_packages(path) discover
[6.439s] Level 1:colcon.colcon_core.package_discovery:discover_packages(path) using defaults
[6.712s] INFO:colcon.colcon_core.package_selection:Skipping not selected package 'delivery_bot_package' in 'src/delivery_bot_package'
[6.712s] INFO:colcon.colcon_core.package_selection:Skipping not selected package 'digipot_interfaces' in 'src/digipot_interfaces'
[6.712s] INFO:colcon.colcon_core.package_selection:Skipping not selected package 'motion_control' in 'src/motion_control'
[6.712s] INFO:colcon.colcon_core.package_selection:Skipping not selected package 'rtcbot_adapter' in 'src/rtcbot_adapter'
[6.713s] INFO:colcon.colcon_core.package_selection:Skipping not selected package 'sllidar_ros2' in 'src/sllidar_ros2'
[6.713s] INFO:colcon.colcon_core.package_selection:Skipping not selected package 'vision' in 'src/vision'
[6.713s] INFO:colcon.colcon_core.package_selection:Skipping not selected package 'ws_server' in 'src/ws_server'
[6.779s] Level 5:colcon.colcon_core.verb:set package 'digipot' build argument 'cmake_args' from command line to 'None'
[6.780s] Level 5:colcon.colcon_core.verb:set package 'digipot' build argument 'cmake_target' from command line to 'None'
[6.780s] Level 5:colcon.colcon_core.verb:set package 'digipot' build argument 'cmake_target_skip_unavailable' from command line to 'False'
[6.780s] Level 5:colcon.colcon_core.verb:set package 'digipot' build argument 'cmake_clean_cache' from command line to 'False'
[6.780s] Level 5:colcon.colcon_core.verb:set package 'digipot' build argument 'cmake_clean_first' from command line to 'False'
[6.780s] Level 5:colcon.colcon_core.verb:set package 'digipot' build argument 'cmake_force_configure' from command line to 'False'
[6.781s] Level 5:colcon.colcon_core.verb:set package 'digipot' build argument 'ament_cmake_args' from command line to 'None'
[6.781s] Level 5:colcon.colcon_core.verb:set package 'digipot' build argument 'catkin_cmake_args' from command line to 'None'
[6.781s] Level 5:colcon.colcon_core.verb:set package 'digipot' build argument 'catkin_skip_building_tests' from command line to 'False'
[6.781s] DEBUG:colcon.colcon_core.verb:Building package 'digipot' with the following arguments: {'ament_cmake_args': None, 'build_base': '/ros2_ws/build/digipot', 'catkin_cmake_args': None, 'catkin_skip_building_tests': False, 'cmake_args': None, 'cmake_clean_cache': False, 'cmake_clean_first': False, 'cmake_force_configure': False, 'cmake_target': None, 'cmake_target_skip_unavailable': False, 'install_base': '/ros2_ws/install/digipot', 'merge_install': False, 'path': '/ros2_ws/src/digipot', 'symlink_install': True, 'test_result_base': None}
[6.847s] INFO:colcon.colcon_core.executor:Executing jobs using 'parallel' executor
[6.913s] DEBUG:colcon.colcon_parallel_executor.executor.parallel:run_until_complete
[6.914s] INFO:colcon.colcon_ros.task.ament_cmake.build:Building ROS package in '/ros2_ws/src/digipot' with build type 'ament_cmake'
[6.914s] INFO:colcon.colcon_cmake.task.cmake.build:Building CMake package in '/ros2_ws/src/digipot'
[7.027s] INFO:colcon.colcon_core.plugin_system:Skipping extension 'colcon_core.shell.bat': Not used on non-Windows systems
[7.028s] INFO:colcon.colcon_core.shell:Skip shell extension 'powershell' for command environment: Not usable outside of PowerShell
[7.028s] DEBUG:colcon.colcon_core.shell:Skip shell extension 'dsv' for command environment
[7.318s] DEBUG:colcon.colcon_core.event_handler.log_command:Invoking command in '/ros2_ws/build/digipot': CMAKE_PREFIX_PATH=/ros2_ws/install/digipot_interfaces:/ros2_ws/install/sllidar_ros2:/ros2_ws/install/digipot:/ros2_ws/install/delivery_bot_package:/ros2_ws/install/ws_server:/ros2_ws/install/vision:/ros2_ws/install/rtcbot_adapter:/ros2_ws/install/motion_control:/opt/ros/humble LD_LIBRARY_PATH=/ros2_ws/install/digipot_interfaces/lib:/ros2_ws/install/digipot/lib:/opt/ros/humble/lib/aarch64-linux-gnu:/opt/ros/humble/lib /usr/bin/cmake --build /ros2_ws/build/digipot -- -j4 -l4
[42.042s] DEBUG:colcon.colcon_core.event_handler.log_command:Invoked command in '/ros2_ws/build/digipot' returned '2': CMAKE_PREFIX_PATH=/ros2_ws/install/digipot_interfaces:/ros2_ws/install/sllidar_ros2:/ros2_ws/install/digipot:/ros2_ws/install/delivery_bot_package:/ros2_ws/install/ws_server:/ros2_ws/install/vision:/ros2_ws/install/rtcbot_adapter:/ros2_ws/install/motion_control:/opt/ros/humble LD_LIBRARY_PATH=/ros2_ws/install/digipot_interfaces/lib:/ros2_ws/install/digipot/lib:/opt/ros/humble/lib/aarch64-linux-gnu:/opt/ros/humble/lib /usr/bin/cmake --build /ros2_ws/build/digipot -- -j4 -l4
[42.196s] Level 1:colcon.colcon_core.environment:create_environment_scripts_only(digipot)
[42.269s] Level 1:colcon.colcon_core.environment:checking '/ros2_ws/install/digipot' for CMake module files
[42.272s] Level 1:colcon.colcon_core.environment:checking '/ros2_ws/install/digipot' for CMake config files
[42.275s] Level 1:colcon.colcon_core.shell:create_environment_hook('digipot', 'cmake_prefix_path')
[42.338s] INFO:colcon.colcon_core.shell:Creating environment hook '/ros2_ws/install/digipot/share/digipot/hook/cmake_prefix_path.ps1'
[42.341s] INFO:colcon.colcon_core.shell:Creating environment descriptor '/ros2_ws/install/digipot/share/digipot/hook/cmake_prefix_path.dsv'
[42.343s] INFO:colcon.colcon_core.shell:Creating environment hook '/ros2_ws/install/digipot/share/digipot/hook/cmake_prefix_path.sh'
[42.347s] Level 1:colcon.colcon_core.environment:checking '/ros2_ws/install/digipot/lib'
[42.348s] Level 1:colcon.colcon_core.shell:create_environment_hook('digipot', 'ld_library_path_lib')
[42.407s] INFO:colcon.colcon_core.shell:Creating environment hook '/ros2_ws/install/digipot/share/digipot/hook/ld_library_path_lib.ps1'
[42.409s] INFO:colcon.colcon_core.shell:Creating environment descriptor '/ros2_ws/install/digipot/share/digipot/hook/ld_library_path_lib.dsv'
[42.412s] INFO:colcon.colcon_core.shell:Creating environment hook '/ros2_ws/install/digipot/share/digipot/hook/ld_library_path_lib.sh'
[42.415s] Level 1:colcon.colcon_core.environment:checking '/ros2_ws/install/digipot/bin'
[42.416s] Level 1:colcon.colcon_core.environment:checking '/ros2_ws/install/digipot/lib/pkgconfig/digipot.pc'
[42.423s] Level 1:colcon.colcon_core.environment:checking '/ros2_ws/install/digipot/lib/python3.10/site-packages'
[42.424s] Level 1:colcon.colcon_core.environment:checking '/ros2_ws/install/digipot/bin'
[42.489s] INFO:colcon.colcon_core.shell:Creating package script '/ros2_ws/install/digipot/share/digipot/package.ps1'
[42.494s] INFO:colcon.colcon_core.shell:Creating package descriptor '/ros2_ws/install/digipot/share/digipot/package.dsv'
[42.497s] INFO:colcon.colcon_core.shell:Creating package script '/ros2_ws/install/digipot/share/digipot/package.sh'
[42.502s] INFO:colcon.colcon_core.shell:Creating package script '/ros2_ws/install/digipot/share/digipot/package.bash'
[42.506s] INFO:colcon.colcon_core.shell:Creating package script '/ros2_ws/install/digipot/share/digipot/package.zsh'
[42.510s] Level 1:colcon.colcon_core.environment:create_file_with_runtime_dependencies(/ros2_ws/install/digipot/share/colcon-core/packages/digipot)
[42.515s] DEBUG:colcon.colcon_parallel_executor.executor.parallel:closing loop
[42.517s] DEBUG:colcon.colcon_parallel_executor.executor.parallel:loop closed
[42.517s] DEBUG:colcon.colcon_parallel_executor.executor.parallel:run_until_complete finished with '2'
[42.517s] DEBUG:colcon.colcon_core.event_reactor:joining thread
[42.610s] INFO:colcon.colcon_core.plugin_system:Skipping extension 'colcon_notification.desktop_notification.notify_send': Could not find 'notify-send'
[42.611s] INFO:colcon.colcon_core.plugin_system:Skipping extension 'colcon_notification.desktop_notification.terminal_notifier': Not used on non-Darwin systems
[42.611s] INFO:colcon.colcon_core.plugin_system:Skipping extension 'colcon_notification.desktop_notification.win32': Not used on non-Windows systems
[42.612s] INFO:colcon.colcon_notification.desktop_notification:Sending desktop notification using 'notify2'
[42.612s] DEBUG:colcon.colcon_notification.desktop_notification.notify2:Failed to initialize notify2: org.freedesktop.DBus.Error.NotSupported: Unable to autolaunch a dbus-daemon without a $DISPLAY for X11
[42.613s] DEBUG:colcon.colcon_core.event_reactor:joined thread
[42.667s] INFO:colcon.colcon_core.shell:Creating prefix script '/ros2_ws/install/local_setup.ps1'
[42.671s] INFO:colcon.colcon_core.shell:Creating prefix util module '/ros2_ws/install/_local_setup_util_ps1.py'
[42.677s] INFO:colcon.colcon_core.shell:Creating prefix chain script '/ros2_ws/install/setup.ps1'
[42.742s] INFO:colcon.colcon_core.shell:Creating prefix script '/ros2_ws/install/local_setup.sh'
[42.745s] INFO:colcon.colcon_core.shell:Creating prefix util module '/ros2_ws/install/_local_setup_util_sh.py'
[42.748s] INFO:colcon.colcon_core.shell:Creating prefix chain script '/ros2_ws/install/setup.sh'
[42.812s] INFO:colcon.colcon_core.shell:Creating prefix script '/ros2_ws/install/local_setup.bash'
[42.815s] INFO:colcon.colcon_core.shell:Creating prefix chain script '/ros2_ws/install/setup.bash'
[42.906s] INFO:colcon.colcon_core.shell:Creating prefix script '/ros2_ws/install/local_setup.zsh'
[42.909s] INFO:colcon.colcon_core.shell:Creating prefix chain script '/ros2_ws/install/setup.zsh'
