[0.210s] Invoking command in '/ros2_ws/build/digipot': CMAKE_PREFIX_PATH=${CMAKE_PREFIX_PATH}:/ros2_ws/install/ws_server:/ros2_ws/install/vision:/ros2_ws/install/rtcbot_adapter:/ros2_ws/install/motion_control:/opt/ros/humble /usr/bin/cmake --build /ros2_ws/build/digipot -- -j4 -l4
[0.327s] [35m[1mConsolidate compiler generated dependencies of target digipot[0m
[0.388s] [ 33%] [32mBuilding CXX object CMakeFiles/digipot.dir/src/digipot.cpp.o[0m
[32.429s] [ 66%] [32m[1mLinking CXX executable digipot[0m
[34.143s] [100%] Built target digipot
[34.173s] Invoked command in '/ros2_ws/build/digipot' returned '0': CMAKE_PREFIX_PATH=${CMAKE_PREFIX_PATH}:/ros2_ws/install/ws_server:/ros2_ws/install/vision:/ros2_ws/install/rtcbot_adapter:/ros2_ws/install/motion_control:/opt/ros/humble /usr/bin/cmake --build /ros2_ws/build/digipot -- -j4 -l4
[34.268s] Invoking command in '/ros2_ws/build/digipot': CMAKE_PREFIX_PATH=${CMAKE_PREFIX_PATH}:/ros2_ws/install/ws_server:/ros2_ws/install/vision:/ros2_ws/install/rtcbot_adapter:/ros2_ws/install/motion_control:/opt/ros/humble /usr/bin/cmake --install /ros2_ws/build/digipot
[34.289s] -- Install configuration: ""
[34.291s] -- Execute custom install script
[34.292s] -- Up-to-date symlink: /ros2_ws/install/digipot/lib/digipot/digipot
[34.292s] -- Up-to-date symlink: /ros2_ws/install/digipot/share/ament_index/resource_index/package_run_dependencies/digipot
[34.293s] -- Up-to-date symlink: /ros2_ws/install/digipot/share/ament_index/resource_index/parent_prefix_path/digipot
[34.293s] -- Up-to-date symlink: /ros2_ws/install/digipot/share/digipot/environment/ament_prefix_path.sh
[34.293s] -- Up-to-date symlink: /ros2_ws/install/digipot/share/digipot/environment/ament_prefix_path.dsv
[34.294s] -- Up-to-date symlink: /ros2_ws/install/digipot/share/digipot/environment/path.sh
[34.294s] -- Up-to-date symlink: /ros2_ws/install/digipot/share/digipot/environment/path.dsv
[34.295s] -- Up-to-date symlink: /ros2_ws/install/digipot/share/digipot/local_setup.bash
[34.295s] -- Up-to-date symlink: /ros2_ws/install/digipot/share/digipot/local_setup.sh
[34.296s] -- Up-to-date symlink: /ros2_ws/install/digipot/share/digipot/local_setup.zsh
[34.296s] -- Up-to-date symlink: /ros2_ws/install/digipot/share/digipot/local_setup.dsv
[34.297s] -- Symlinking: /ros2_ws/install/digipot/share/digipot/package.dsv
[34.325s] -- Up-to-date symlink: /ros2_ws/install/digipot/share/ament_index/resource_index/packages/digipot
[34.326s] -- Up-to-date symlink: /ros2_ws/install/digipot/share/digipot/cmake/digipotConfig.cmake
[34.327s] -- Up-to-date symlink: /ros2_ws/install/digipot/share/digipot/cmake/digipotConfig-version.cmake
[34.327s] -- Up-to-date symlink: /ros2_ws/install/digipot/share/digipot/package.xml
[34.332s] Invoked command in '/ros2_ws/build/digipot' returned '0': CMAKE_PREFIX_PATH=${CMAKE_PREFIX_PATH}:/ros2_ws/install/ws_server:/ros2_ws/install/vision:/ros2_ws/install/rtcbot_adapter:/ros2_ws/install/motion_control:/opt/ros/humble /usr/bin/cmake --install /ros2_ws/build/digipot
