[0.728s] Invoking command in '/ros2_ws/build/delivery_bot_package': CMAKE_PREFIX_PATH=/opt/ros/humble /usr/bin/cmake /ros2_ws/src/delivery_bot_package -DAMENT_CMAKE_SYMLINK_INSTALL=1 -DCMAKE_INSTALL_PREFIX=/ros2_ws/install/delivery_bot_package
[2.931s] -- The C compiler identification is GNU 11.4.0
[2.932s] -- The CXX compiler identification is GNU 11.4.0
[2.934s] -- Detecting C compiler ABI info
[2.934s] -- Detecting C compiler ABI info - done
[2.935s] -- Check for working C compiler: /usr/bin/cc - skipped
[2.935s] -- Detecting C compile features
[2.936s] -- Detecting C compile features - done
[2.936s] -- Detecting CXX compiler ABI info
[2.937s] -- Detecting CXX compiler ABI info - done
[2.937s] -- Check for working CXX compiler: /usr/bin/c++ - skipped
[2.937s] -- Detecting CXX compile features
[2.938s] -- Detecting CXX compile features - done
[2.938s] -- Found ament_cmake: 1.3.5 (/opt/ros/humble/share/ament_cmake/cmake)
[3.497s] -- Found Python3: /usr/bin/python3.10 (found version "3.10.12") found components: Interpreter 
[3.787s] -- Override CMake install command with custom implementation using symlinks instead of copying resources
[3.952s] -- Found rclcpp: 16.0.6 (/opt/ros/humble/share/rclcpp/cmake)
[4.222s] -- Found rosidl_generator_c: 3.1.5 (/opt/ros/humble/share/rosidl_generator_c/cmake)
[4.259s] -- Found rosidl_adapter: 3.1.5 (/opt/ros/humble/share/rosidl_adapter/cmake)
[4.320s] -- Found rosidl_generator_cpp: 3.1.5 (/opt/ros/humble/share/rosidl_generator_cpp/cmake)
[4.424s] -- Using all available rosidl_typesupport_c: rosidl_typesupport_fastrtps_c;rosidl_typesupport_introspection_c
[4.550s] -- Using all available rosidl_typesupport_cpp: rosidl_typesupport_fastrtps_cpp;rosidl_typesupport_introspection_cpp
[4.980s] -- Found rmw_implementation_cmake: 6.1.1 (/opt/ros/humble/share/rmw_implementation_cmake/cmake)
[4.999s] -- Found rmw_fastrtps_cpp: 6.2.4 (/opt/ros/humble/share/rmw_fastrtps_cpp/cmake)
[5.491s] -- Found OpenSSL: /usr/lib/aarch64-linux-gnu/libcrypto.so (found version "3.0.2")  
[5.577s] -- Found FastRTPS: /opt/ros/humble/include  
[5.741s] -- Using RMW implementation 'rmw_fastrtps_cpp' as default
[5.809s] -- Looking for pthread.h
[6.098s] -- Looking for pthread.h - found
[6.100s] -- Performing Test CMAKE_HAVE_LIBC_PTHREAD
[6.361s] -- Performing Test CMAKE_HAVE_LIBC_PTHREAD - Success
[6.366s] -- Found Threads: TRUE  
[7.293s] -- Found geometry_msgs: 4.2.3 (/opt/ros/humble/share/geometry_msgs/cmake)
[7.815s] -- Configuring done
[7.865s] -- Generating done
[7.870s] -- Build files have been written to: /ros2_ws/build/delivery_bot_package
[7.954s] Invoked command in '/ros2_ws/build/delivery_bot_package' returned '0': CMAKE_PREFIX_PATH=/opt/ros/humble /usr/bin/cmake /ros2_ws/src/delivery_bot_package -DAMENT_CMAKE_SYMLINK_INSTALL=1 -DCMAKE_INSTALL_PREFIX=/ros2_ws/install/delivery_bot_package
[7.957s] Invoking command in '/ros2_ws/build/delivery_bot_package': CMAKE_PREFIX_PATH=/opt/ros/humble /usr/bin/cmake --build /ros2_ws/build/delivery_bot_package -- -j4 -l4
[9.064s] [ 33%] [32mBuilding CXX object CMakeFiles/delivery_bot.dir/src/delivery_bot.cpp.o[0m
[9.065s] [ 66%] [32mBuilding CXX object CMakeFiles/delivery_bot.dir/src/DigiPot.cpp.o[0m
[40.868s] [100%] [32m[1mLinking CXX executable delivery_bot[0m
[42.890s] [100%] Built target delivery_bot
[42.923s] Invoked command in '/ros2_ws/build/delivery_bot_package' returned '0': CMAKE_PREFIX_PATH=/opt/ros/humble /usr/bin/cmake --build /ros2_ws/build/delivery_bot_package -- -j4 -l4
[43.014s] Invoking command in '/ros2_ws/build/delivery_bot_package': CMAKE_PREFIX_PATH=/opt/ros/humble /usr/bin/cmake --install /ros2_ws/build/delivery_bot_package
[43.036s] -- Install configuration: ""
[43.037s] -- Execute custom install script
[43.038s] -- Symlinking: /ros2_ws/install/delivery_bot_package/lib/delivery_bot_package/delivery_bot
[43.062s] -- Symlinking: /ros2_ws/install/delivery_bot_package/share/ament_index/resource_index/package_run_dependencies/delivery_bot_package
[43.085s] -- Symlinking: /ros2_ws/install/delivery_bot_package/share/ament_index/resource_index/parent_prefix_path/delivery_bot_package
[43.109s] -- Symlinking: /ros2_ws/install/delivery_bot_package/share/delivery_bot_package/environment/ament_prefix_path.sh
[43.133s] -- Symlinking: /ros2_ws/install/delivery_bot_package/share/delivery_bot_package/environment/ament_prefix_path.dsv
[43.157s] -- Symlinking: /ros2_ws/install/delivery_bot_package/share/delivery_bot_package/environment/path.sh
[43.181s] -- Symlinking: /ros2_ws/install/delivery_bot_package/share/delivery_bot_package/environment/path.dsv
[43.204s] -- Symlinking: /ros2_ws/install/delivery_bot_package/share/delivery_bot_package/local_setup.bash
[43.227s] -- Symlinking: /ros2_ws/install/delivery_bot_package/share/delivery_bot_package/local_setup.sh
[43.251s] -- Symlinking: /ros2_ws/install/delivery_bot_package/share/delivery_bot_package/local_setup.zsh
[43.274s] -- Symlinking: /ros2_ws/install/delivery_bot_package/share/delivery_bot_package/local_setup.dsv
[43.298s] -- Symlinking: /ros2_ws/install/delivery_bot_package/share/delivery_bot_package/package.dsv
[43.322s] -- Symlinking: /ros2_ws/install/delivery_bot_package/share/ament_index/resource_index/packages/delivery_bot_package
[43.347s] -- Symlinking: /ros2_ws/install/delivery_bot_package/share/delivery_bot_package/cmake/delivery_bot_packageConfig.cmake
[43.373s] -- Symlinking: /ros2_ws/install/delivery_bot_package/share/delivery_bot_package/cmake/delivery_bot_packageConfig-version.cmake
[43.396s] -- Symlinking: /ros2_ws/install/delivery_bot_package/share/delivery_bot_package/package.xml
[43.425s] Invoked command in '/ros2_ws/build/delivery_bot_package' returned '0': CMAKE_PREFIX_PATH=/opt/ros/humble /usr/bin/cmake --install /ros2_ws/build/delivery_bot_package
