[4.344s] DEBUG:colcon:Command line arguments: ['/usr/bin/colcon', 'build', '--symlink-install', '--packages-skip', 'digipot']
[4.344s] DEBUG:colcon:Parsed command line arguments: Namespace(log_base=None, log_level=None, verb_name='build', build_base='build', install_base='install', merge_install=False, symlink_install=True, test_result_base=None, continue_on_error=False, executor='parallel', parallel_workers=4, event_handlers=None, ignore_user_meta=False, metas=['./colcon.meta'], base_paths=['.'], packages_ignore=None, packages_ignore_regex=None, paths=None, packages_up_to=None, packages_up_to_regex=None, packages_above=None, packages_above_and_dependencies=None, packages_above_depth=None, packages_select_by_dep=None, packages_skip_by_dep=None, packages_skip_up_to=None, packages_select_build_failed=False, packages_skip_build_finished=False, packages_select_test_failures=False, packages_skip_test_passed=False, packages_select=None, packages_skip=['digipot'], packages_select_regex=None, packages_skip_regex=None, packages_start=None, packages_end=None, cmake_args=None, cmake_target=None, cmake_target_skip_unavailable=False, cmake_clean_cache=False, cmake_clean_first=False, cmake_force_configure=False, ament_cmake_args=None, catkin_cmake_args=None, catkin_skip_building_tests=False, mixin_files=None, mixin=None, verb_parser=<colcon_mixin.mixin.mixin_argument.MixinArgumentDecorator object at 0x7fb6789d20>, verb_extension=<colcon_core.verb.build.BuildVerb object at 0x7fb6784b50>, main=<bound method BuildVerb.main of <colcon_core.verb.build.BuildVerb object at 0x7fb6784b50>>, mixin_verb=('build',))
[4.612s] Level 1:colcon.colcon_core.package_discovery:discover_packages(colcon_meta) check parameters
[4.625s] INFO:colcon.colcon_metadata.package_discovery.colcon_meta:Using configuration from '/root/.colcon/metadata/default/Gazebo.meta'
[4.628s] INFO:colcon.colcon_metadata.package_discovery.colcon_meta:Using configuration from '/root/.colcon/metadata/default/fastrtps.meta'
[4.628s] Level 1:colcon.colcon_core.package_discovery:discover_packages(recursive) check parameters
[4.628s] Level 1:colcon.colcon_core.package_discovery:discover_packages(ignore) check parameters
[4.628s] Level 1:colcon.colcon_core.package_discovery:discover_packages(path) check parameters
[4.628s] Level 1:colcon.colcon_core.package_discovery:discover_packages(colcon_meta) discover
[4.629s] Level 1:colcon.colcon_core.package_discovery:discover_packages(recursive) discover
[4.629s] INFO:colcon.colcon_core.package_discovery:Crawling recursively for packages in '/ros2_ws'
[4.629s] Level 1:colcon.colcon_core.package_identification:_identify(.) by extensions ['ignore', 'ignore_ament_install']
[4.630s] Level 1:colcon.colcon_core.package_identification:_identify(.) by extension 'ignore'
[4.630s] Level 1:colcon.colcon_core.package_identification:_identify(.) by extension 'ignore_ament_install'
[4.630s] Level 1:colcon.colcon_core.package_identification:_identify(.) by extensions ['colcon_pkg']
[4.630s] Level 1:colcon.colcon_core.package_identification:_identify(.) by extension 'colcon_pkg'
[4.631s] Level 1:colcon.colcon_core.package_identification:_identify(.) by extensions ['colcon_meta']
[4.631s] Level 1:colcon.colcon_core.package_identification:_identify(.) by extension 'colcon_meta'
[4.631s] Level 1:colcon.colcon_core.package_identification:_identify(.) by extensions ['ros']
[4.631s] Level 1:colcon.colcon_core.package_identification:_identify(.) by extension 'ros'
[4.698s] Level 1:colcon.colcon_core.package_identification:_identify(.) by extensions ['cmake', 'python']
[4.699s] Level 1:colcon.colcon_core.package_identification:_identify(.) by extension 'cmake'
[4.699s] Level 1:colcon.colcon_core.package_identification:_identify(.) by extension 'python'
[4.699s] Level 1:colcon.colcon_core.package_identification:_identify(.) by extensions ['python_setup_py']
[4.699s] Level 1:colcon.colcon_core.package_identification:_identify(.) by extension 'python_setup_py'
[4.700s] Level 1:colcon.colcon_core.package_identification:_identify(build) by extensions ['ignore', 'ignore_ament_install']
[4.700s] Level 1:colcon.colcon_core.package_identification:_identify(build) by extension 'ignore'
[4.700s] Level 1:colcon.colcon_core.package_identification:_identify(build) ignored
[4.701s] Level 1:colcon.colcon_core.package_identification:_identify(install) by extensions ['ignore', 'ignore_ament_install']
[4.701s] Level 1:colcon.colcon_core.package_identification:_identify(install) by extension 'ignore'
[4.702s] Level 1:colcon.colcon_core.package_identification:_identify(install) ignored
[4.702s] Level 1:colcon.colcon_core.package_identification:_identify(log) by extensions ['ignore', 'ignore_ament_install']
[4.703s] Level 1:colcon.colcon_core.package_identification:_identify(log) by extension 'ignore'
[4.703s] Level 1:colcon.colcon_core.package_identification:_identify(log) ignored
[4.703s] Level 1:colcon.colcon_core.package_identification:_identify(src) by extensions ['ignore', 'ignore_ament_install']
[4.703s] Level 1:colcon.colcon_core.package_identification:_identify(src) by extension 'ignore'
[4.704s] Level 1:colcon.colcon_core.package_identification:_identify(src) by extension 'ignore_ament_install'
[4.704s] Level 1:colcon.colcon_core.package_identification:_identify(src) by extensions ['colcon_pkg']
[4.704s] Level 1:colcon.colcon_core.package_identification:_identify(src) by extension 'colcon_pkg'
[4.704s] Level 1:colcon.colcon_core.package_identification:_identify(src) by extensions ['colcon_meta']
[4.704s] Level 1:colcon.colcon_core.package_identification:_identify(src) by extension 'colcon_meta'
[4.705s] Level 1:colcon.colcon_core.package_identification:_identify(src) by extensions ['ros']
[4.705s] Level 1:colcon.colcon_core.package_identification:_identify(src) by extension 'ros'
[4.705s] Level 1:colcon.colcon_core.package_identification:_identify(src) by extensions ['cmake', 'python']
[4.705s] Level 1:colcon.colcon_core.package_identification:_identify(src) by extension 'cmake'
[4.705s] Level 1:colcon.colcon_core.package_identification:_identify(src) by extension 'python'
[4.706s] Level 1:colcon.colcon_core.package_identification:_identify(src) by extensions ['python_setup_py']
[4.706s] Level 1:colcon.colcon_core.package_identification:_identify(src) by extension 'python_setup_py'
[4.706s] Level 1:colcon.colcon_core.package_identification:_identify(src/delivery_bot_package) by extensions ['ignore', 'ignore_ament_install']
[4.706s] Level 1:colcon.colcon_core.package_identification:_identify(src/delivery_bot_package) by extension 'ignore'
[4.707s] Level 1:colcon.colcon_core.package_identification:_identify(src/delivery_bot_package) by extension 'ignore_ament_install'
[4.707s] Level 1:colcon.colcon_core.package_identification:_identify(src/delivery_bot_package) by extensions ['colcon_pkg']
[4.707s] Level 1:colcon.colcon_core.package_identification:_identify(src/delivery_bot_package) by extension 'colcon_pkg'
[4.707s] Level 1:colcon.colcon_core.package_identification:_identify(src/delivery_bot_package) by extensions ['colcon_meta']
[4.707s] Level 1:colcon.colcon_core.package_identification:_identify(src/delivery_bot_package) by extension 'colcon_meta'
[4.708s] Level 1:colcon.colcon_core.package_identification:_identify(src/delivery_bot_package) by extensions ['ros']
[4.708s] Level 1:colcon.colcon_core.package_identification:_identify(src/delivery_bot_package) by extension 'ros'
[4.722s] DEBUG:colcon.colcon_core.package_identification:Package 'src/delivery_bot_package' with type 'ros.ament_cmake' and name 'delivery_bot_package'
[4.723s] Level 1:colcon.colcon_core.package_identification:_identify(src/digipot) by extensions ['ignore', 'ignore_ament_install']
[4.723s] Level 1:colcon.colcon_core.package_identification:_identify(src/digipot) by extension 'ignore'
[4.723s] Level 1:colcon.colcon_core.package_identification:_identify(src/digipot) by extension 'ignore_ament_install'
[4.724s] Level 1:colcon.colcon_core.package_identification:_identify(src/digipot) by extensions ['colcon_pkg']
[4.724s] Level 1:colcon.colcon_core.package_identification:_identify(src/digipot) by extension 'colcon_pkg'
[4.724s] Level 1:colcon.colcon_core.package_identification:_identify(src/digipot) by extensions ['colcon_meta']
[4.724s] Level 1:colcon.colcon_core.package_identification:_identify(src/digipot) by extension 'colcon_meta'
[4.724s] Level 1:colcon.colcon_core.package_identification:_identify(src/digipot) by extensions ['ros']
[4.725s] Level 1:colcon.colcon_core.package_identification:_identify(src/digipot) by extension 'ros'
[4.730s] DEBUG:colcon.colcon_core.package_identification:Package 'src/digipot' with type 'ros.ament_cmake' and name 'digipot'
[4.731s] Level 1:colcon.colcon_core.package_identification:_identify(src/motion_control) by extensions ['ignore', 'ignore_ament_install']
[4.731s] Level 1:colcon.colcon_core.package_identification:_identify(src/motion_control) by extension 'ignore'
[4.732s] Level 1:colcon.colcon_core.package_identification:_identify(src/motion_control) by extension 'ignore_ament_install'
[4.732s] Level 1:colcon.colcon_core.package_identification:_identify(src/motion_control) by extensions ['colcon_pkg']
[4.732s] Level 1:colcon.colcon_core.package_identification:_identify(src/motion_control) by extension 'colcon_pkg'
[4.732s] Level 1:colcon.colcon_core.package_identification:_identify(src/motion_control) by extensions ['colcon_meta']
[4.732s] Level 1:colcon.colcon_core.package_identification:_identify(src/motion_control) by extension 'colcon_meta'
[4.733s] Level 1:colcon.colcon_core.package_identification:_identify(src/motion_control) by extensions ['ros']
[4.733s] Level 1:colcon.colcon_core.package_identification:_identify(src/motion_control) by extension 'ros'
[4.736s] DEBUG:colcon.colcon_core.package_identification:Package 'src/motion_control' with type 'ros.ament_python' and name 'motion_control'
[4.736s] Level 1:colcon.colcon_core.package_identification:_identify(src/rtcbot_adapter) by extensions ['ignore', 'ignore_ament_install']
[4.737s] Level 1:colcon.colcon_core.package_identification:_identify(src/rtcbot_adapter) by extension 'ignore'
[4.737s] Level 1:colcon.colcon_core.package_identification:_identify(src/rtcbot_adapter) by extension 'ignore_ament_install'
[4.737s] Level 1:colcon.colcon_core.package_identification:_identify(src/rtcbot_adapter) by extensions ['colcon_pkg']
[4.738s] Level 1:colcon.colcon_core.package_identification:_identify(src/rtcbot_adapter) by extension 'colcon_pkg'
[4.738s] Level 1:colcon.colcon_core.package_identification:_identify(src/rtcbot_adapter) by extensions ['colcon_meta']
[4.738s] Level 1:colcon.colcon_core.package_identification:_identify(src/rtcbot_adapter) by extension 'colcon_meta'
[4.738s] Level 1:colcon.colcon_core.package_identification:_identify(src/rtcbot_adapter) by extensions ['ros']
[4.738s] Level 1:colcon.colcon_core.package_identification:_identify(src/rtcbot_adapter) by extension 'ros'
[4.742s] DEBUG:colcon.colcon_core.package_identification:Package 'src/rtcbot_adapter' with type 'ros.ament_python' and name 'rtcbot_adapter'
[4.742s] Level 1:colcon.colcon_core.package_identification:_identify(src/sllidar_ros2) by extensions ['ignore', 'ignore_ament_install']
[4.742s] Level 1:colcon.colcon_core.package_identification:_identify(src/sllidar_ros2) by extension 'ignore'
[4.743s] Level 1:colcon.colcon_core.package_identification:_identify(src/sllidar_ros2) by extension 'ignore_ament_install'
[4.743s] Level 1:colcon.colcon_core.package_identification:_identify(src/sllidar_ros2) by extensions ['colcon_pkg']
[4.743s] Level 1:colcon.colcon_core.package_identification:_identify(src/sllidar_ros2) by extension 'colcon_pkg'
[4.743s] Level 1:colcon.colcon_core.package_identification:_identify(src/sllidar_ros2) by extensions ['colcon_meta']
[4.743s] Level 1:colcon.colcon_core.package_identification:_identify(src/sllidar_ros2) by extension 'colcon_meta'
[4.744s] Level 1:colcon.colcon_core.package_identification:_identify(src/sllidar_ros2) by extensions ['ros']
[4.744s] Level 1:colcon.colcon_core.package_identification:_identify(src/sllidar_ros2) by extension 'ros'
[4.747s] DEBUG:colcon.colcon_core.package_identification:Package 'src/sllidar_ros2' with type 'ros.ament_cmake' and name 'sllidar_ros2'
[4.748s] Level 1:colcon.colcon_core.package_identification:_identify(src/vision) by extensions ['ignore', 'ignore_ament_install']
[4.748s] Level 1:colcon.colcon_core.package_identification:_identify(src/vision) by extension 'ignore'
[4.748s] Level 1:colcon.colcon_core.package_identification:_identify(src/vision) by extension 'ignore_ament_install'
[4.748s] Level 1:colcon.colcon_core.package_identification:_identify(src/vision) by extensions ['colcon_pkg']
[4.749s] Level 1:colcon.colcon_core.package_identification:_identify(src/vision) by extension 'colcon_pkg'
[4.749s] Level 1:colcon.colcon_core.package_identification:_identify(src/vision) by extensions ['colcon_meta']
[4.749s] Level 1:colcon.colcon_core.package_identification:_identify(src/vision) by extension 'colcon_meta'
[4.749s] Level 1:colcon.colcon_core.package_identification:_identify(src/vision) by extensions ['ros']
[4.749s] Level 1:colcon.colcon_core.package_identification:_identify(src/vision) by extension 'ros'
[4.755s] DEBUG:colcon.colcon_core.package_identification:Package 'src/vision' with type 'ros.ament_python' and name 'vision'
[4.756s] Level 1:colcon.colcon_core.package_identification:_identify(src/ws_server) by extensions ['ignore', 'ignore_ament_install']
[4.756s] Level 1:colcon.colcon_core.package_identification:_identify(src/ws_server) by extension 'ignore'
[4.757s] Level 1:colcon.colcon_core.package_identification:_identify(src/ws_server) by extension 'ignore_ament_install'
[4.757s] Level 1:colcon.colcon_core.package_identification:_identify(src/ws_server) by extensions ['colcon_pkg']
[4.757s] Level 1:colcon.colcon_core.package_identification:_identify(src/ws_server) by extension 'colcon_pkg'
[4.757s] Level 1:colcon.colcon_core.package_identification:_identify(src/ws_server) by extensions ['colcon_meta']
[4.757s] Level 1:colcon.colcon_core.package_identification:_identify(src/ws_server) by extension 'colcon_meta'
[4.758s] Level 1:colcon.colcon_core.package_identification:_identify(src/ws_server) by extensions ['ros']
[4.758s] Level 1:colcon.colcon_core.package_identification:_identify(src/ws_server) by extension 'ros'
[4.761s] DEBUG:colcon.colcon_core.package_identification:Package 'src/ws_server' with type 'ros.ament_python' and name 'ws_server'
[4.761s] Level 1:colcon.colcon_core.package_discovery:discover_packages(recursive) using defaults
[4.761s] Level 1:colcon.colcon_core.package_discovery:discover_packages(ignore) discover
[4.761s] Level 1:colcon.colcon_core.package_discovery:discover_packages(ignore) using defaults
[4.761s] Level 1:colcon.colcon_core.package_discovery:discover_packages(path) discover
[4.762s] Level 1:colcon.colcon_core.package_discovery:discover_packages(path) using defaults
[5.016s] INFO:colcon.colcon_core.package_selection:Skipping package 'digipot' in 'src/digipot'
[5.058s] Level 5:colcon.colcon_core.verb:set package 'delivery_bot_package' build argument 'cmake_args' from command line to 'None'
[5.058s] Level 5:colcon.colcon_core.verb:set package 'delivery_bot_package' build argument 'cmake_target' from command line to 'None'
[5.058s] Level 5:colcon.colcon_core.verb:set package 'delivery_bot_package' build argument 'cmake_target_skip_unavailable' from command line to 'False'
[5.058s] Level 5:colcon.colcon_core.verb:set package 'delivery_bot_package' build argument 'cmake_clean_cache' from command line to 'False'
[5.058s] Level 5:colcon.colcon_core.verb:set package 'delivery_bot_package' build argument 'cmake_clean_first' from command line to 'False'
[5.058s] Level 5:colcon.colcon_core.verb:set package 'delivery_bot_package' build argument 'cmake_force_configure' from command line to 'False'
[5.059s] Level 5:colcon.colcon_core.verb:set package 'delivery_bot_package' build argument 'ament_cmake_args' from command line to 'None'
[5.059s] Level 5:colcon.colcon_core.verb:set package 'delivery_bot_package' build argument 'catkin_cmake_args' from command line to 'None'
[5.059s] Level 5:colcon.colcon_core.verb:set package 'delivery_bot_package' build argument 'catkin_skip_building_tests' from command line to 'False'
[5.059s] DEBUG:colcon.colcon_core.verb:Building package 'delivery_bot_package' with the following arguments: {'ament_cmake_args': None, 'build_base': '/ros2_ws/build/delivery_bot_package', 'catkin_cmake_args': None, 'catkin_skip_building_tests': False, 'cmake_args': None, 'cmake_clean_cache': False, 'cmake_clean_first': False, 'cmake_force_configure': False, 'cmake_target': None, 'cmake_target_skip_unavailable': False, 'install_base': '/ros2_ws/install/delivery_bot_package', 'merge_install': False, 'path': '/ros2_ws/src/delivery_bot_package', 'symlink_install': True, 'test_result_base': None}
[5.101s] Level 5:colcon.colcon_core.verb:set package 'motion_control' build argument 'cmake_args' from command line to 'None'
[5.101s] Level 5:colcon.colcon_core.verb:set package 'motion_control' build argument 'cmake_target' from command line to 'None'
[5.101s] Level 5:colcon.colcon_core.verb:set package 'motion_control' build argument 'cmake_target_skip_unavailable' from command line to 'False'
[5.102s] Level 5:colcon.colcon_core.verb:set package 'motion_control' build argument 'cmake_clean_cache' from command line to 'False'
[5.102s] Level 5:colcon.colcon_core.verb:set package 'motion_control' build argument 'cmake_clean_first' from command line to 'False'
[5.102s] Level 5:colcon.colcon_core.verb:set package 'motion_control' build argument 'cmake_force_configure' from command line to 'False'
[5.102s] Level 5:colcon.colcon_core.verb:set package 'motion_control' build argument 'ament_cmake_args' from command line to 'None'
[5.102s] Level 5:colcon.colcon_core.verb:set package 'motion_control' build argument 'catkin_cmake_args' from command line to 'None'
[5.102s] Level 5:colcon.colcon_core.verb:set package 'motion_control' build argument 'catkin_skip_building_tests' from command line to 'False'
[5.102s] DEBUG:colcon.colcon_core.verb:Building package 'motion_control' with the following arguments: {'ament_cmake_args': None, 'build_base': '/ros2_ws/build/motion_control', 'catkin_cmake_args': None, 'catkin_skip_building_tests': False, 'cmake_args': None, 'cmake_clean_cache': False, 'cmake_clean_first': False, 'cmake_force_configure': False, 'cmake_target': None, 'cmake_target_skip_unavailable': False, 'install_base': '/ros2_ws/install/motion_control', 'merge_install': False, 'path': '/ros2_ws/src/motion_control', 'symlink_install': True, 'test_result_base': None}
[5.144s] Level 5:colcon.colcon_core.verb:set package 'rtcbot_adapter' build argument 'cmake_args' from command line to 'None'
[5.144s] Level 5:colcon.colcon_core.verb:set package 'rtcbot_adapter' build argument 'cmake_target' from command line to 'None'
[5.144s] Level 5:colcon.colcon_core.verb:set package 'rtcbot_adapter' build argument 'cmake_target_skip_unavailable' from command line to 'False'
[5.144s] Level 5:colcon.colcon_core.verb:set package 'rtcbot_adapter' build argument 'cmake_clean_cache' from command line to 'False'
[5.144s] Level 5:colcon.colcon_core.verb:set package 'rtcbot_adapter' build argument 'cmake_clean_first' from command line to 'False'
[5.145s] Level 5:colcon.colcon_core.verb:set package 'rtcbot_adapter' build argument 'cmake_force_configure' from command line to 'False'
[5.145s] Level 5:colcon.colcon_core.verb:set package 'rtcbot_adapter' build argument 'ament_cmake_args' from command line to 'None'
[5.145s] Level 5:colcon.colcon_core.verb:set package 'rtcbot_adapter' build argument 'catkin_cmake_args' from command line to 'None'
[5.145s] Level 5:colcon.colcon_core.verb:set package 'rtcbot_adapter' build argument 'catkin_skip_building_tests' from command line to 'False'
[5.145s] DEBUG:colcon.colcon_core.verb:Building package 'rtcbot_adapter' with the following arguments: {'ament_cmake_args': None, 'build_base': '/ros2_ws/build/rtcbot_adapter', 'catkin_cmake_args': None, 'catkin_skip_building_tests': False, 'cmake_args': None, 'cmake_clean_cache': False, 'cmake_clean_first': False, 'cmake_force_configure': False, 'cmake_target': None, 'cmake_target_skip_unavailable': False, 'install_base': '/ros2_ws/install/rtcbot_adapter', 'merge_install': False, 'path': '/ros2_ws/src/rtcbot_adapter', 'symlink_install': True, 'test_result_base': None}
[5.187s] Level 5:colcon.colcon_core.verb:set package 'sllidar_ros2' build argument 'cmake_args' from command line to 'None'
[5.187s] Level 5:colcon.colcon_core.verb:set package 'sllidar_ros2' build argument 'cmake_target' from command line to 'None'
[5.187s] Level 5:colcon.colcon_core.verb:set package 'sllidar_ros2' build argument 'cmake_target_skip_unavailable' from command line to 'False'
[5.187s] Level 5:colcon.colcon_core.verb:set package 'sllidar_ros2' build argument 'cmake_clean_cache' from command line to 'False'
[5.187s] Level 5:colcon.colcon_core.verb:set package 'sllidar_ros2' build argument 'cmake_clean_first' from command line to 'False'
[5.187s] Level 5:colcon.colcon_core.verb:set package 'sllidar_ros2' build argument 'cmake_force_configure' from command line to 'False'
[5.187s] Level 5:colcon.colcon_core.verb:set package 'sllidar_ros2' build argument 'ament_cmake_args' from command line to 'None'
[5.188s] Level 5:colcon.colcon_core.verb:set package 'sllidar_ros2' build argument 'catkin_cmake_args' from command line to 'None'
[5.188s] Level 5:colcon.colcon_core.verb:set package 'sllidar_ros2' build argument 'catkin_skip_building_tests' from command line to 'False'
[5.188s] DEBUG:colcon.colcon_core.verb:Building package 'sllidar_ros2' with the following arguments: {'ament_cmake_args': None, 'build_base': '/ros2_ws/build/sllidar_ros2', 'catkin_cmake_args': None, 'catkin_skip_building_tests': False, 'cmake_args': None, 'cmake_clean_cache': False, 'cmake_clean_first': False, 'cmake_force_configure': False, 'cmake_target': None, 'cmake_target_skip_unavailable': False, 'install_base': '/ros2_ws/install/sllidar_ros2', 'merge_install': False, 'path': '/ros2_ws/src/sllidar_ros2', 'symlink_install': True, 'test_result_base': None}
[5.229s] Level 5:colcon.colcon_core.verb:set package 'vision' build argument 'cmake_args' from command line to 'None'
[5.230s] Level 5:colcon.colcon_core.verb:set package 'vision' build argument 'cmake_target' from command line to 'None'
[5.230s] Level 5:colcon.colcon_core.verb:set package 'vision' build argument 'cmake_target_skip_unavailable' from command line to 'False'
[5.230s] Level 5:colcon.colcon_core.verb:set package 'vision' build argument 'cmake_clean_cache' from command line to 'False'
[5.230s] Level 5:colcon.colcon_core.verb:set package 'vision' build argument 'cmake_clean_first' from command line to 'False'
[5.230s] Level 5:colcon.colcon_core.verb:set package 'vision' build argument 'cmake_force_configure' from command line to 'False'
[5.230s] Level 5:colcon.colcon_core.verb:set package 'vision' build argument 'ament_cmake_args' from command line to 'None'
[5.230s] Level 5:colcon.colcon_core.verb:set package 'vision' build argument 'catkin_cmake_args' from command line to 'None'
[5.231s] Level 5:colcon.colcon_core.verb:set package 'vision' build argument 'catkin_skip_building_tests' from command line to 'False'
[5.231s] DEBUG:colcon.colcon_core.verb:Building package 'vision' with the following arguments: {'ament_cmake_args': None, 'build_base': '/ros2_ws/build/vision', 'catkin_cmake_args': None, 'catkin_skip_building_tests': False, 'cmake_args': None, 'cmake_clean_cache': False, 'cmake_clean_first': False, 'cmake_force_configure': False, 'cmake_target': None, 'cmake_target_skip_unavailable': False, 'install_base': '/ros2_ws/install/vision', 'merge_install': False, 'path': '/ros2_ws/src/vision', 'symlink_install': True, 'test_result_base': None}
[5.272s] Level 5:colcon.colcon_core.verb:set package 'ws_server' build argument 'cmake_args' from command line to 'None'
[5.272s] Level 5:colcon.colcon_core.verb:set package 'ws_server' build argument 'cmake_target' from command line to 'None'
[5.272s] Level 5:colcon.colcon_core.verb:set package 'ws_server' build argument 'cmake_target_skip_unavailable' from command line to 'False'
[5.273s] Level 5:colcon.colcon_core.verb:set package 'ws_server' build argument 'cmake_clean_cache' from command line to 'False'
[5.273s] Level 5:colcon.colcon_core.verb:set package 'ws_server' build argument 'cmake_clean_first' from command line to 'False'
[5.273s] Level 5:colcon.colcon_core.verb:set package 'ws_server' build argument 'cmake_force_configure' from command line to 'False'
[5.273s] Level 5:colcon.colcon_core.verb:set package 'ws_server' build argument 'ament_cmake_args' from command line to 'None'
[5.273s] Level 5:colcon.colcon_core.verb:set package 'ws_server' build argument 'catkin_cmake_args' from command line to 'None'
[5.273s] Level 5:colcon.colcon_core.verb:set package 'ws_server' build argument 'catkin_skip_building_tests' from command line to 'False'
[5.273s] DEBUG:colcon.colcon_core.verb:Building package 'ws_server' with the following arguments: {'ament_cmake_args': None, 'build_base': '/ros2_ws/build/ws_server', 'catkin_cmake_args': None, 'catkin_skip_building_tests': False, 'cmake_args': None, 'cmake_clean_cache': False, 'cmake_clean_first': False, 'cmake_force_configure': False, 'cmake_target': None, 'cmake_target_skip_unavailable': False, 'install_base': '/ros2_ws/install/ws_server', 'merge_install': False, 'path': '/ros2_ws/src/ws_server', 'symlink_install': True, 'test_result_base': None}
[5.314s] INFO:colcon.colcon_core.executor:Executing jobs using 'parallel' executor
[5.359s] DEBUG:colcon.colcon_parallel_executor.executor.parallel:run_until_complete
[5.360s] INFO:colcon.colcon_ros.task.ament_cmake.build:Building ROS package in '/ros2_ws/src/delivery_bot_package' with build type 'ament_cmake'
[5.361s] INFO:colcon.colcon_cmake.task.cmake.build:Building CMake package in '/ros2_ws/src/delivery_bot_package'
[5.434s] INFO:colcon.colcon_core.plugin_system:Skipping extension 'colcon_core.shell.bat': Not used on non-Windows systems
[5.435s] INFO:colcon.colcon_core.shell:Skip shell extension 'powershell' for command environment: Not usable outside of PowerShell
[5.435s] DEBUG:colcon.colcon_core.shell:Skip shell extension 'dsv' for command environment
[5.602s] INFO:colcon.colcon_ros.task.ament_python.build:Building ROS package in '/ros2_ws/src/motion_control' with build type 'ament_python'
[5.602s] Level 1:colcon.colcon_core.shell:create_environment_hook('motion_control', 'ament_prefix_path')
[5.646s] INFO:colcon.colcon_core.shell:Creating environment hook '/ros2_ws/install/motion_control/share/motion_control/hook/ament_prefix_path.ps1'
[5.653s] INFO:colcon.colcon_core.shell:Creating environment descriptor '/ros2_ws/install/motion_control/share/motion_control/hook/ament_prefix_path.dsv'
[5.657s] INFO:colcon.colcon_core.shell:Creating environment hook '/ros2_ws/install/motion_control/share/motion_control/hook/ament_prefix_path.sh'
[5.702s] INFO:colcon.colcon_core.shell:Skip shell extension 'powershell' for command environment: Not usable outside of PowerShell
[5.702s] DEBUG:colcon.colcon_core.shell:Skip shell extension 'dsv' for command environment
[5.837s] INFO:colcon.colcon_ros.task.ament_python.build:Building ROS package in '/ros2_ws/src/rtcbot_adapter' with build type 'ament_python'
[5.838s] Level 1:colcon.colcon_core.shell:create_environment_hook('rtcbot_adapter', 'ament_prefix_path')
[5.882s] INFO:colcon.colcon_core.shell:Creating environment hook '/ros2_ws/install/rtcbot_adapter/share/rtcbot_adapter/hook/ament_prefix_path.ps1'
[5.883s] INFO:colcon.colcon_core.shell:Creating environment descriptor '/ros2_ws/install/rtcbot_adapter/share/rtcbot_adapter/hook/ament_prefix_path.dsv'
[5.884s] INFO:colcon.colcon_core.shell:Creating environment hook '/ros2_ws/install/rtcbot_adapter/share/rtcbot_adapter/hook/ament_prefix_path.sh'
[5.927s] INFO:colcon.colcon_core.shell:Skip shell extension 'powershell' for command environment: Not usable outside of PowerShell
[5.927s] DEBUG:colcon.colcon_core.shell:Skip shell extension 'dsv' for command environment
[6.062s] INFO:colcon.colcon_ros.task.ament_cmake.build:Building ROS package in '/ros2_ws/src/sllidar_ros2' with build type 'ament_cmake'
[6.063s] INFO:colcon.colcon_cmake.task.cmake.build:Building CMake package in '/ros2_ws/src/sllidar_ros2'
[6.108s] INFO:colcon.colcon_core.shell:Skip shell extension 'powershell' for command environment: Not usable outside of PowerShell
[6.108s] DEBUG:colcon.colcon_core.shell:Skip shell extension 'dsv' for command environment
[6.270s] DEBUG:colcon.colcon_core.event_handler.log_command:Invoking command in '/ros2_ws/build/delivery_bot_package': CMAKE_PREFIX_PATH=${CMAKE_PREFIX_PATH}:/ros2_ws/install/ws_server:/ros2_ws/install/vision:/ros2_ws/install/rtcbot_adapter:/ros2_ws/install/motion_control:/opt/ros/humble /usr/bin/cmake --build /ros2_ws/build/delivery_bot_package -- -j4 -l4
[7.203s] INFO:colcon.colcon_core.task.python.build:Building Python package in '/ros2_ws/src/motion_control'
[7.247s] INFO:colcon.colcon_core.shell:Skip shell extension 'powershell' for command environment: Not usable outside of PowerShell
[7.247s] DEBUG:colcon.colcon_core.shell:Skip shell extension 'dsv' for command environment
[8.286s] INFO:colcon.colcon_core.task.python.build:Building Python package in '/ros2_ws/src/rtcbot_adapter'
[8.330s] INFO:colcon.colcon_core.shell:Skip shell extension 'powershell' for command environment: Not usable outside of PowerShell
[8.331s] DEBUG:colcon.colcon_core.shell:Skip shell extension 'dsv' for command environment
[8.483s] DEBUG:colcon.colcon_core.event_handler.log_command:Invoking command in '/ros2_ws/build/sllidar_ros2': CMAKE_PREFIX_PATH=${CMAKE_PREFIX_PATH}:/ros2_ws/install/ws_server:/ros2_ws/install/vision:/ros2_ws/install/rtcbot_adapter:/ros2_ws/install/motion_control:/opt/ros/humble /usr/bin/cmake --build /ros2_ws/build/sllidar_ros2 -- -j4 -l4
[8.489s] DEBUG:colcon.colcon_core.event_handler.log_command:Invoked command in '/ros2_ws/build/delivery_bot_package' returned '0': CMAKE_PREFIX_PATH=${CMAKE_PREFIX_PATH}:/ros2_ws/install/ws_server:/ros2_ws/install/vision:/ros2_ws/install/rtcbot_adapter:/ros2_ws/install/motion_control:/opt/ros/humble /usr/bin/cmake --build /ros2_ws/build/delivery_bot_package -- -j4 -l4
[8.624s] DEBUG:colcon.colcon_core.event_handler.log_command:Invoking command in '/ros2_ws/build/delivery_bot_package': CMAKE_PREFIX_PATH=${CMAKE_PREFIX_PATH}:/ros2_ws/install/ws_server:/ros2_ws/install/vision:/ros2_ws/install/rtcbot_adapter:/ros2_ws/install/motion_control:/opt/ros/humble /usr/bin/cmake --install /ros2_ws/build/delivery_bot_package
[8.780s] Level 1:colcon.colcon_core.environment:create_environment_scripts_only(delivery_bot_package)
[8.783s] DEBUG:colcon.colcon_core.event_handler.log_command:Invoked command in '/ros2_ws/build/delivery_bot_package' returned '0': CMAKE_PREFIX_PATH=${CMAKE_PREFIX_PATH}:/ros2_ws/install/ws_server:/ros2_ws/install/vision:/ros2_ws/install/rtcbot_adapter:/ros2_ws/install/motion_control:/opt/ros/humble /usr/bin/cmake --install /ros2_ws/build/delivery_bot_package
[8.880s] Level 1:colcon.colcon_core.environment:checking '/ros2_ws/install/delivery_bot_package' for CMake module files
[8.883s] Level 1:colcon.colcon_core.environment:checking '/ros2_ws/install/delivery_bot_package' for CMake config files
[8.884s] Level 1:colcon.colcon_core.shell:create_environment_hook('delivery_bot_package', 'cmake_prefix_path')
[8.941s] INFO:colcon.colcon_core.shell:Creating environment hook '/ros2_ws/install/delivery_bot_package/share/delivery_bot_package/hook/cmake_prefix_path.ps1'
[8.944s] INFO:colcon.colcon_core.shell:Creating environment descriptor '/ros2_ws/install/delivery_bot_package/share/delivery_bot_package/hook/cmake_prefix_path.dsv'
[8.946s] INFO:colcon.colcon_core.shell:Creating environment hook '/ros2_ws/install/delivery_bot_package/share/delivery_bot_package/hook/cmake_prefix_path.sh'
[8.949s] Level 1:colcon.colcon_core.environment:checking '/ros2_ws/install/delivery_bot_package/lib'
[8.950s] Level 1:colcon.colcon_core.environment:checking '/ros2_ws/install/delivery_bot_package/bin'
[8.950s] Level 1:colcon.colcon_core.environment:checking '/ros2_ws/install/delivery_bot_package/lib/pkgconfig/delivery_bot_package.pc'
[8.951s] Level 1:colcon.colcon_core.environment:checking '/ros2_ws/install/delivery_bot_package/lib/python3.10/site-packages'
[8.952s] Level 1:colcon.colcon_core.environment:checking '/ros2_ws/install/delivery_bot_package/bin'
[8.999s] INFO:colcon.colcon_core.shell:Creating package script '/ros2_ws/install/delivery_bot_package/share/delivery_bot_package/package.ps1'
[9.007s] INFO:colcon.colcon_core.shell:Creating package descriptor '/ros2_ws/install/delivery_bot_package/share/delivery_bot_package/package.dsv'
[9.009s] INFO:colcon.colcon_core.shell:Creating package script '/ros2_ws/install/delivery_bot_package/share/delivery_bot_package/package.sh'
[9.013s] INFO:colcon.colcon_core.shell:Creating package script '/ros2_ws/install/delivery_bot_package/share/delivery_bot_package/package.bash'
[9.018s] INFO:colcon.colcon_core.shell:Creating package script '/ros2_ws/install/delivery_bot_package/share/delivery_bot_package/package.zsh'
[9.022s] Level 1:colcon.colcon_core.environment:create_file_with_runtime_dependencies(/ros2_ws/install/delivery_bot_package/share/colcon-core/packages/delivery_bot_package)
[9.039s] DEBUG:colcon.colcon_core.event_handler.log_command:Invoked command in '/ros2_ws/build/sllidar_ros2' returned '0': CMAKE_PREFIX_PATH=${CMAKE_PREFIX_PATH}:/ros2_ws/install/ws_server:/ros2_ws/install/vision:/ros2_ws/install/rtcbot_adapter:/ros2_ws/install/motion_control:/opt/ros/humble /usr/bin/cmake --build /ros2_ws/build/sllidar_ros2 -- -j4 -l4
[9.170s] Level 1:colcon.colcon_core.environment:create_environment_scripts_only(delivery_bot_package)
[9.226s] Level 1:colcon.colcon_core.environment:checking '/ros2_ws/install/delivery_bot_package' for CMake module files
[9.228s] Level 1:colcon.colcon_core.environment:checking '/ros2_ws/install/delivery_bot_package' for CMake config files
[9.229s] Level 1:colcon.colcon_core.shell:create_environment_hook('delivery_bot_package', 'cmake_prefix_path')
[9.274s] INFO:colcon.colcon_core.shell:Creating environment hook '/ros2_ws/install/delivery_bot_package/share/delivery_bot_package/hook/cmake_prefix_path.ps1'
[9.277s] INFO:colcon.colcon_core.shell:Creating environment descriptor '/ros2_ws/install/delivery_bot_package/share/delivery_bot_package/hook/cmake_prefix_path.dsv'
[9.278s] INFO:colcon.colcon_core.shell:Creating environment hook '/ros2_ws/install/delivery_bot_package/share/delivery_bot_package/hook/cmake_prefix_path.sh'
[9.280s] Level 1:colcon.colcon_core.environment:checking '/ros2_ws/install/delivery_bot_package/lib'
[9.281s] Level 1:colcon.colcon_core.environment:checking '/ros2_ws/install/delivery_bot_package/bin'
[9.281s] Level 1:colcon.colcon_core.environment:checking '/ros2_ws/install/delivery_bot_package/lib/pkgconfig/delivery_bot_package.pc'
[9.282s] Level 1:colcon.colcon_core.environment:checking '/ros2_ws/install/delivery_bot_package/lib/python3.10/site-packages'
[9.284s] Level 1:colcon.colcon_core.environment:checking '/ros2_ws/install/delivery_bot_package/bin'
[9.335s] INFO:colcon.colcon_core.shell:Creating package script '/ros2_ws/install/delivery_bot_package/share/delivery_bot_package/package.ps1'
[9.338s] INFO:colcon.colcon_core.shell:Creating package descriptor '/ros2_ws/install/delivery_bot_package/share/delivery_bot_package/package.dsv'
[9.340s] INFO:colcon.colcon_core.shell:Creating package script '/ros2_ws/install/delivery_bot_package/share/delivery_bot_package/package.sh'
[9.342s] INFO:colcon.colcon_core.shell:Creating package script '/ros2_ws/install/delivery_bot_package/share/delivery_bot_package/package.bash'
[9.344s] INFO:colcon.colcon_core.shell:Creating package script '/ros2_ws/install/delivery_bot_package/share/delivery_bot_package/package.zsh'
[9.346s] Level 1:colcon.colcon_core.environment:create_file_with_runtime_dependencies(/ros2_ws/install/delivery_bot_package/share/colcon-core/packages/delivery_bot_package)
[9.349s] INFO:colcon.colcon_ros.task.ament_python.build:Building ROS package in '/ros2_ws/src/vision' with build type 'ament_python'
[9.351s] Level 1:colcon.colcon_core.shell:create_environment_hook('vision', 'ament_prefix_path')
[9.402s] INFO:colcon.colcon_core.shell:Creating environment hook '/ros2_ws/install/vision/share/vision/hook/ament_prefix_path.ps1'
[9.405s] INFO:colcon.colcon_core.shell:Creating environment descriptor '/ros2_ws/install/vision/share/vision/hook/ament_prefix_path.dsv'
[9.407s] INFO:colcon.colcon_core.shell:Creating environment hook '/ros2_ws/install/vision/share/vision/hook/ament_prefix_path.sh'
[9.459s] INFO:colcon.colcon_core.shell:Skip shell extension 'powershell' for command environment: Not usable outside of PowerShell
[9.459s] DEBUG:colcon.colcon_core.shell:Skip shell extension 'dsv' for command environment
[9.645s] DEBUG:colcon.colcon_core.event_handler.log_command:Invoking command in '/ros2_ws/build/sllidar_ros2': CMAKE_PREFIX_PATH=${CMAKE_PREFIX_PATH}:/ros2_ws/install/ws_server:/ros2_ws/install/vision:/ros2_ws/install/rtcbot_adapter:/ros2_ws/install/motion_control:/opt/ros/humble /usr/bin/cmake --install /ros2_ws/build/sllidar_ros2
[10.649s] INFO:colcon.colcon_core.task.python.build:Building Python package in '/ros2_ws/src/vision'
[10.692s] INFO:colcon.colcon_core.shell:Skip shell extension 'powershell' for command environment: Not usable outside of PowerShell
[10.692s] DEBUG:colcon.colcon_core.shell:Skip shell extension 'dsv' for command environment
[10.837s] DEBUG:colcon.colcon_core.event_handler.log_command:Invoking command in '/ros2_ws/build/rtcbot_adapter': PYTHONPATH=/ros2_ws/build/rtcbot_adapter/prefix_override:/ros2_ws/install/rtcbot_adapter/lib/python3.10/site-packages:${PYTHONPATH} /usr/bin/python3 setup.py develop --editable --build-directory /ros2_ws/build/rtcbot_adapter/build --no-deps install_data
[10.845s] DEBUG:colcon.colcon_core.event_handler.log_command:Invoking command in '/ros2_ws/build/motion_control': PYTHONPATH=/ros2_ws/build/motion_control/prefix_override:/ros2_ws/install/motion_control/lib/python3.10/site-packages:${PYTHONPATH} /usr/bin/python3 setup.py develop --editable --build-directory /ros2_ws/build/motion_control/build --no-deps install_data
[10.848s] Level 1:colcon.colcon_core.environment:create_environment_scripts_only(sllidar_ros2)
[10.854s] DEBUG:colcon.colcon_core.event_handler.log_command:Invoked command in '/ros2_ws/build/sllidar_ros2' returned '0': CMAKE_PREFIX_PATH=${CMAKE_PREFIX_PATH}:/ros2_ws/install/ws_server:/ros2_ws/install/vision:/ros2_ws/install/rtcbot_adapter:/ros2_ws/install/motion_control:/opt/ros/humble /usr/bin/cmake --install /ros2_ws/build/sllidar_ros2
[10.903s] Level 1:colcon.colcon_core.environment:checking '/ros2_ws/install/sllidar_ros2' for CMake module files
[10.906s] Level 1:colcon.colcon_core.environment:checking '/ros2_ws/install/sllidar_ros2' for CMake config files
[10.908s] Level 1:colcon.colcon_core.shell:create_environment_hook('sllidar_ros2', 'cmake_prefix_path')
[10.958s] INFO:colcon.colcon_core.shell:Creating environment hook '/ros2_ws/install/sllidar_ros2/share/sllidar_ros2/hook/cmake_prefix_path.ps1'
[10.960s] INFO:colcon.colcon_core.shell:Creating environment descriptor '/ros2_ws/install/sllidar_ros2/share/sllidar_ros2/hook/cmake_prefix_path.dsv'
[10.961s] INFO:colcon.colcon_core.shell:Creating environment hook '/ros2_ws/install/sllidar_ros2/share/sllidar_ros2/hook/cmake_prefix_path.sh'
[10.964s] Level 1:colcon.colcon_core.environment:checking '/ros2_ws/install/sllidar_ros2/lib'
[10.964s] Level 1:colcon.colcon_core.environment:checking '/ros2_ws/install/sllidar_ros2/bin'
[10.964s] Level 1:colcon.colcon_core.environment:checking '/ros2_ws/install/sllidar_ros2/lib/pkgconfig/sllidar_ros2.pc'
[10.966s] Level 1:colcon.colcon_core.environment:checking '/ros2_ws/install/sllidar_ros2/lib/python3.10/site-packages'
[10.967s] Level 1:colcon.colcon_core.environment:checking '/ros2_ws/install/sllidar_ros2/bin'
[11.017s] INFO:colcon.colcon_core.shell:Creating package script '/ros2_ws/install/sllidar_ros2/share/sllidar_ros2/package.ps1'
[11.020s] INFO:colcon.colcon_core.shell:Creating package descriptor '/ros2_ws/install/sllidar_ros2/share/sllidar_ros2/package.dsv'
[11.022s] INFO:colcon.colcon_core.shell:Creating package script '/ros2_ws/install/sllidar_ros2/share/sllidar_ros2/package.sh'
[11.024s] INFO:colcon.colcon_core.shell:Creating package script '/ros2_ws/install/sllidar_ros2/share/sllidar_ros2/package.bash'
[11.025s] INFO:colcon.colcon_core.shell:Creating package script '/ros2_ws/install/sllidar_ros2/share/sllidar_ros2/package.zsh'
[11.027s] Level 1:colcon.colcon_core.environment:create_file_with_runtime_dependencies(/ros2_ws/install/sllidar_ros2/share/colcon-core/packages/sllidar_ros2)
[11.300s] Level 1:colcon.colcon_core.environment:create_environment_scripts_only(sllidar_ros2)
[11.350s] Level 1:colcon.colcon_core.environment:checking '/ros2_ws/install/sllidar_ros2' for CMake module files
[11.356s] Level 1:colcon.colcon_core.environment:checking '/ros2_ws/install/sllidar_ros2' for CMake config files
[11.358s] Level 1:colcon.colcon_core.shell:create_environment_hook('sllidar_ros2', 'cmake_prefix_path')
[11.411s] INFO:colcon.colcon_core.shell:Creating environment hook '/ros2_ws/install/sllidar_ros2/share/sllidar_ros2/hook/cmake_prefix_path.ps1'
[11.414s] INFO:colcon.colcon_core.shell:Creating environment descriptor '/ros2_ws/install/sllidar_ros2/share/sllidar_ros2/hook/cmake_prefix_path.dsv'
[11.417s] INFO:colcon.colcon_core.shell:Creating environment hook '/ros2_ws/install/sllidar_ros2/share/sllidar_ros2/hook/cmake_prefix_path.sh'
[11.420s] Level 1:colcon.colcon_core.environment:checking '/ros2_ws/install/sllidar_ros2/lib'
[11.421s] Level 1:colcon.colcon_core.environment:checking '/ros2_ws/install/sllidar_ros2/bin'
[11.422s] Level 1:colcon.colcon_core.environment:checking '/ros2_ws/install/sllidar_ros2/lib/pkgconfig/sllidar_ros2.pc'
[11.423s] Level 1:colcon.colcon_core.environment:checking '/ros2_ws/install/sllidar_ros2/lib/python3.10/site-packages'
[11.425s] Level 1:colcon.colcon_core.environment:checking '/ros2_ws/install/sllidar_ros2/bin'
[11.476s] INFO:colcon.colcon_core.shell:Creating package script '/ros2_ws/install/sllidar_ros2/share/sllidar_ros2/package.ps1'
[11.479s] INFO:colcon.colcon_core.shell:Creating package descriptor '/ros2_ws/install/sllidar_ros2/share/sllidar_ros2/package.dsv'
[11.482s] INFO:colcon.colcon_core.shell:Creating package script '/ros2_ws/install/sllidar_ros2/share/sllidar_ros2/package.sh'
[11.486s] INFO:colcon.colcon_core.shell:Creating package script '/ros2_ws/install/sllidar_ros2/share/sllidar_ros2/package.bash'
[11.489s] INFO:colcon.colcon_core.shell:Creating package script '/ros2_ws/install/sllidar_ros2/share/sllidar_ros2/package.zsh'
[11.492s] Level 1:colcon.colcon_core.environment:create_file_with_runtime_dependencies(/ros2_ws/install/sllidar_ros2/share/colcon-core/packages/sllidar_ros2)
[11.498s] INFO:colcon.colcon_ros.task.ament_python.build:Building ROS package in '/ros2_ws/src/ws_server' with build type 'ament_python'
[11.501s] Level 1:colcon.colcon_core.shell:create_environment_hook('ws_server', 'ament_prefix_path')
[11.552s] INFO:colcon.colcon_core.shell:Creating environment hook '/ros2_ws/install/ws_server/share/ws_server/hook/ament_prefix_path.ps1'
[11.556s] INFO:colcon.colcon_core.shell:Creating environment descriptor '/ros2_ws/install/ws_server/share/ws_server/hook/ament_prefix_path.dsv'
[11.559s] INFO:colcon.colcon_core.shell:Creating environment hook '/ros2_ws/install/ws_server/share/ws_server/hook/ament_prefix_path.sh'
[11.658s] INFO:colcon.colcon_core.shell:Skip shell extension 'powershell' for command environment: Not usable outside of PowerShell
[11.661s] DEBUG:colcon.colcon_core.shell:Skip shell extension 'dsv' for command environment
[12.950s] INFO:colcon.colcon_core.task.python.build:Building Python package in '/ros2_ws/src/ws_server'
[12.994s] INFO:colcon.colcon_core.shell:Skip shell extension 'powershell' for command environment: Not usable outside of PowerShell
[12.995s] DEBUG:colcon.colcon_core.shell:Skip shell extension 'dsv' for command environment
[13.136s] Level 1:colcon.colcon_core.shell:create_environment_hook('motion_control', 'pythonpath_develop')
[13.138s] DEBUG:colcon.colcon_core.event_handler.log_command:Invoked command in '/ros2_ws/build/motion_control' returned '0': PYTHONPATH=/ros2_ws/build/motion_control/prefix_override:/ros2_ws/install/motion_control/lib/python3.10/site-packages:${PYTHONPATH} /usr/bin/python3 setup.py develop --editable --build-directory /ros2_ws/build/motion_control/build --no-deps install_data
[13.187s] INFO:colcon.colcon_core.shell:Creating environment hook '/ros2_ws/build/motion_control/share/motion_control/hook/pythonpath_develop.ps1'
[13.189s] INFO:colcon.colcon_core.shell:Creating environment descriptor '/ros2_ws/build/motion_control/share/motion_control/hook/pythonpath_develop.dsv'
[13.190s] INFO:colcon.colcon_core.shell:Creating environment hook '/ros2_ws/build/motion_control/share/motion_control/hook/pythonpath_develop.sh'
[13.235s] Level 1:colcon.colcon_core.environment:checking '/ros2_ws/install/motion_control' for CMake module files
[13.237s] Level 1:colcon.colcon_core.environment:checking '/ros2_ws/install/motion_control' for CMake config files
[13.239s] Level 1:colcon.colcon_core.environment:checking '/ros2_ws/install/motion_control/lib'
[13.239s] Level 1:colcon.colcon_core.environment:checking '/ros2_ws/install/motion_control/bin'
[13.239s] Level 1:colcon.colcon_core.environment:checking '/ros2_ws/install/motion_control/lib/pkgconfig/motion_control.pc'
[13.240s] Level 1:colcon.colcon_core.environment:checking '/ros2_ws/install/motion_control/lib/python3.10/site-packages'
[13.241s] Level 1:colcon.colcon_core.shell:create_environment_hook('motion_control', 'pythonpath')
[13.285s] INFO:colcon.colcon_core.shell:Creating environment hook '/ros2_ws/install/motion_control/share/motion_control/hook/pythonpath.ps1'
[13.287s] INFO:colcon.colcon_core.shell:Creating environment descriptor '/ros2_ws/install/motion_control/share/motion_control/hook/pythonpath.dsv'
[13.288s] INFO:colcon.colcon_core.shell:Creating environment hook '/ros2_ws/install/motion_control/share/motion_control/hook/pythonpath.sh'
[13.290s] Level 1:colcon.colcon_core.environment:checking '/ros2_ws/install/motion_control/bin'
[13.290s] Level 1:colcon.colcon_core.environment:create_environment_scripts_only(motion_control)
[13.334s] INFO:colcon.colcon_core.shell:Creating package script '/ros2_ws/install/motion_control/share/motion_control/package.ps1'
[13.336s] INFO:colcon.colcon_core.shell:Creating package descriptor '/ros2_ws/install/motion_control/share/motion_control/package.dsv'
[13.338s] INFO:colcon.colcon_core.shell:Creating package script '/ros2_ws/install/motion_control/share/motion_control/package.sh'
[13.340s] INFO:colcon.colcon_core.shell:Creating package script '/ros2_ws/install/motion_control/share/motion_control/package.bash'
[13.341s] INFO:colcon.colcon_core.shell:Creating package script '/ros2_ws/install/motion_control/share/motion_control/package.zsh'
[13.342s] Level 1:colcon.colcon_core.environment:create_file_with_runtime_dependencies(/ros2_ws/install/motion_control/share/colcon-core/packages/motion_control)
[13.343s] Level 1:colcon.colcon_core.shell:create_environment_hook('rtcbot_adapter', 'pythonpath_develop')
[13.349s] DEBUG:colcon.colcon_core.event_handler.log_command:Invoked command in '/ros2_ws/build/rtcbot_adapter' returned '0': PYTHONPATH=/ros2_ws/build/rtcbot_adapter/prefix_override:/ros2_ws/install/rtcbot_adapter/lib/python3.10/site-packages:${PYTHONPATH} /usr/bin/python3 setup.py develop --editable --build-directory /ros2_ws/build/rtcbot_adapter/build --no-deps install_data
[13.391s] INFO:colcon.colcon_core.shell:Creating environment hook '/ros2_ws/build/rtcbot_adapter/share/rtcbot_adapter/hook/pythonpath_develop.ps1'
[13.393s] INFO:colcon.colcon_core.shell:Creating environment descriptor '/ros2_ws/build/rtcbot_adapter/share/rtcbot_adapter/hook/pythonpath_develop.dsv'
[13.394s] INFO:colcon.colcon_core.shell:Creating environment hook '/ros2_ws/build/rtcbot_adapter/share/rtcbot_adapter/hook/pythonpath_develop.sh'
[13.437s] Level 1:colcon.colcon_core.environment:checking '/ros2_ws/install/rtcbot_adapter' for CMake module files
[13.439s] Level 1:colcon.colcon_core.environment:checking '/ros2_ws/install/rtcbot_adapter' for CMake config files
[13.441s] Level 1:colcon.colcon_core.environment:checking '/ros2_ws/install/rtcbot_adapter/lib'
[13.441s] Level 1:colcon.colcon_core.environment:checking '/ros2_ws/install/rtcbot_adapter/bin'
[13.442s] Level 1:colcon.colcon_core.environment:checking '/ros2_ws/install/rtcbot_adapter/lib/pkgconfig/rtcbot_adapter.pc'
[13.443s] Level 1:colcon.colcon_core.environment:checking '/ros2_ws/install/rtcbot_adapter/lib/python3.10/site-packages'
[13.443s] Level 1:colcon.colcon_core.shell:create_environment_hook('rtcbot_adapter', 'pythonpath')
[13.488s] INFO:colcon.colcon_core.shell:Creating environment hook '/ros2_ws/install/rtcbot_adapter/share/rtcbot_adapter/hook/pythonpath.ps1'
[13.490s] INFO:colcon.colcon_core.shell:Creating environment descriptor '/ros2_ws/install/rtcbot_adapter/share/rtcbot_adapter/hook/pythonpath.dsv'
[13.491s] INFO:colcon.colcon_core.shell:Creating environment hook '/ros2_ws/install/rtcbot_adapter/share/rtcbot_adapter/hook/pythonpath.sh'
[13.493s] Level 1:colcon.colcon_core.environment:checking '/ros2_ws/install/rtcbot_adapter/bin'
[13.494s] Level 1:colcon.colcon_core.environment:create_environment_scripts_only(rtcbot_adapter)
[13.537s] INFO:colcon.colcon_core.shell:Creating package script '/ros2_ws/install/rtcbot_adapter/share/rtcbot_adapter/package.ps1'
[13.539s] INFO:colcon.colcon_core.shell:Creating package descriptor '/ros2_ws/install/rtcbot_adapter/share/rtcbot_adapter/package.dsv'
[13.541s] INFO:colcon.colcon_core.shell:Creating package script '/ros2_ws/install/rtcbot_adapter/share/rtcbot_adapter/package.sh'
[13.543s] INFO:colcon.colcon_core.shell:Creating package script '/ros2_ws/install/rtcbot_adapter/share/rtcbot_adapter/package.bash'
[13.544s] INFO:colcon.colcon_core.shell:Creating package script '/ros2_ws/install/rtcbot_adapter/share/rtcbot_adapter/package.zsh'
[13.545s] Level 1:colcon.colcon_core.environment:create_file_with_runtime_dependencies(/ros2_ws/install/rtcbot_adapter/share/colcon-core/packages/rtcbot_adapter)
[13.560s] DEBUG:colcon.colcon_core.event_handler.log_command:Invoking command in '/ros2_ws/build/vision': PYTHONPATH=/ros2_ws/build/vision/prefix_override:/ros2_ws/install/vision/lib/python3.10/site-packages:${PYTHONPATH} /usr/bin/python3 setup.py develop --editable --build-directory /ros2_ws/build/vision/build --no-deps install_data
[14.782s] DEBUG:colcon.colcon_core.event_handler.log_command:Invoking command in '/ros2_ws/build/ws_server': PYTHONPATH=/ros2_ws/build/ws_server/prefix_override:/ros2_ws/install/ws_server/lib/python3.10/site-packages:${PYTHONPATH} /usr/bin/python3 setup.py develop --editable --build-directory /ros2_ws/build/ws_server/build --no-deps install_data
[15.111s] Level 1:colcon.colcon_core.shell:create_environment_hook('vision', 'pythonpath_develop')
[15.113s] DEBUG:colcon.colcon_core.event_handler.log_command:Invoked command in '/ros2_ws/build/vision' returned '0': PYTHONPATH=/ros2_ws/build/vision/prefix_override:/ros2_ws/install/vision/lib/python3.10/site-packages:${PYTHONPATH} /usr/bin/python3 setup.py develop --editable --build-directory /ros2_ws/build/vision/build --no-deps install_data
[15.159s] INFO:colcon.colcon_core.shell:Creating environment hook '/ros2_ws/build/vision/share/vision/hook/pythonpath_develop.ps1'
[15.161s] INFO:colcon.colcon_core.shell:Creating environment descriptor '/ros2_ws/build/vision/share/vision/hook/pythonpath_develop.dsv'
[15.162s] INFO:colcon.colcon_core.shell:Creating environment hook '/ros2_ws/build/vision/share/vision/hook/pythonpath_develop.sh'
[15.210s] Level 1:colcon.colcon_core.environment:checking '/ros2_ws/install/vision' for CMake module files
[15.212s] Level 1:colcon.colcon_core.environment:checking '/ros2_ws/install/vision' for CMake config files
[15.214s] Level 1:colcon.colcon_core.environment:checking '/ros2_ws/install/vision/lib'
[15.214s] Level 1:colcon.colcon_core.environment:checking '/ros2_ws/install/vision/bin'
[15.215s] Level 1:colcon.colcon_core.environment:checking '/ros2_ws/install/vision/lib/pkgconfig/vision.pc'
[15.216s] Level 1:colcon.colcon_core.environment:checking '/ros2_ws/install/vision/lib/python3.10/site-packages'
[15.216s] Level 1:colcon.colcon_core.shell:create_environment_hook('vision', 'pythonpath')
[15.260s] INFO:colcon.colcon_core.shell:Creating environment hook '/ros2_ws/install/vision/share/vision/hook/pythonpath.ps1'
[15.262s] INFO:colcon.colcon_core.shell:Creating environment descriptor '/ros2_ws/install/vision/share/vision/hook/pythonpath.dsv'
[15.263s] INFO:colcon.colcon_core.shell:Creating environment hook '/ros2_ws/install/vision/share/vision/hook/pythonpath.sh'
[15.265s] Level 1:colcon.colcon_core.environment:checking '/ros2_ws/install/vision/bin'
[15.265s] Level 1:colcon.colcon_core.environment:create_environment_scripts_only(vision)
[15.311s] INFO:colcon.colcon_core.shell:Creating package script '/ros2_ws/install/vision/share/vision/package.ps1'
[15.313s] INFO:colcon.colcon_core.shell:Creating package descriptor '/ros2_ws/install/vision/share/vision/package.dsv'
[15.315s] INFO:colcon.colcon_core.shell:Creating package script '/ros2_ws/install/vision/share/vision/package.sh'
[15.317s] INFO:colcon.colcon_core.shell:Creating package script '/ros2_ws/install/vision/share/vision/package.bash'
[15.318s] INFO:colcon.colcon_core.shell:Creating package script '/ros2_ws/install/vision/share/vision/package.zsh'
[15.320s] Level 1:colcon.colcon_core.environment:create_file_with_runtime_dependencies(/ros2_ws/install/vision/share/colcon-core/packages/vision)
[16.302s] Level 1:colcon.colcon_core.shell:create_environment_hook('ws_server', 'pythonpath_develop')
[16.304s] DEBUG:colcon.colcon_core.event_handler.log_command:Invoked command in '/ros2_ws/build/ws_server' returned '0': PYTHONPATH=/ros2_ws/build/ws_server/prefix_override:/ros2_ws/install/ws_server/lib/python3.10/site-packages:${PYTHONPATH} /usr/bin/python3 setup.py develop --editable --build-directory /ros2_ws/build/ws_server/build --no-deps install_data
[16.348s] INFO:colcon.colcon_core.shell:Creating environment hook '/ros2_ws/build/ws_server/share/ws_server/hook/pythonpath_develop.ps1'
[16.351s] INFO:colcon.colcon_core.shell:Creating environment descriptor '/ros2_ws/build/ws_server/share/ws_server/hook/pythonpath_develop.dsv'
[16.353s] INFO:colcon.colcon_core.shell:Creating environment hook '/ros2_ws/build/ws_server/share/ws_server/hook/pythonpath_develop.sh'
[16.399s] Level 1:colcon.colcon_core.environment:checking '/ros2_ws/install/ws_server' for CMake module files
[16.402s] Level 1:colcon.colcon_core.environment:checking '/ros2_ws/install/ws_server' for CMake config files
[16.404s] Level 1:colcon.colcon_core.environment:checking '/ros2_ws/install/ws_server/lib'
[16.404s] Level 1:colcon.colcon_core.environment:checking '/ros2_ws/install/ws_server/bin'
[16.405s] Level 1:colcon.colcon_core.environment:checking '/ros2_ws/install/ws_server/lib/pkgconfig/ws_server.pc'
[16.406s] Level 1:colcon.colcon_core.environment:checking '/ros2_ws/install/ws_server/lib/python3.10/site-packages'
[16.406s] Level 1:colcon.colcon_core.shell:create_environment_hook('ws_server', 'pythonpath')
[16.455s] INFO:colcon.colcon_core.shell:Creating environment hook '/ros2_ws/install/ws_server/share/ws_server/hook/pythonpath.ps1'
[16.458s] INFO:colcon.colcon_core.shell:Creating environment descriptor '/ros2_ws/install/ws_server/share/ws_server/hook/pythonpath.dsv'
[16.460s] INFO:colcon.colcon_core.shell:Creating environment hook '/ros2_ws/install/ws_server/share/ws_server/hook/pythonpath.sh'
[16.463s] Level 1:colcon.colcon_core.environment:checking '/ros2_ws/install/ws_server/bin'
[16.463s] Level 1:colcon.colcon_core.environment:create_environment_scripts_only(ws_server)
[16.516s] INFO:colcon.colcon_core.shell:Creating package script '/ros2_ws/install/ws_server/share/ws_server/package.ps1'
[16.519s] INFO:colcon.colcon_core.shell:Creating package descriptor '/ros2_ws/install/ws_server/share/ws_server/package.dsv'
[16.521s] INFO:colcon.colcon_core.shell:Creating package script '/ros2_ws/install/ws_server/share/ws_server/package.sh'
[16.523s] INFO:colcon.colcon_core.shell:Creating package script '/ros2_ws/install/ws_server/share/ws_server/package.bash'
[16.525s] INFO:colcon.colcon_core.shell:Creating package script '/ros2_ws/install/ws_server/share/ws_server/package.zsh'
[16.526s] Level 1:colcon.colcon_core.environment:create_file_with_runtime_dependencies(/ros2_ws/install/ws_server/share/colcon-core/packages/ws_server)
[16.527s] DEBUG:colcon.colcon_parallel_executor.executor.parallel:closing loop
[16.529s] DEBUG:colcon.colcon_parallel_executor.executor.parallel:loop closed
[16.530s] DEBUG:colcon.colcon_parallel_executor.executor.parallel:run_until_complete finished with '0'
[16.530s] DEBUG:colcon.colcon_core.event_reactor:joining thread
[16.659s] INFO:colcon.colcon_core.plugin_system:Skipping extension 'colcon_notification.desktop_notification.notify_send': Could not find 'notify-send'
[16.659s] INFO:colcon.colcon_core.plugin_system:Skipping extension 'colcon_notification.desktop_notification.terminal_notifier': Not used on non-Darwin systems
[16.660s] INFO:colcon.colcon_core.plugin_system:Skipping extension 'colcon_notification.desktop_notification.win32': Not used on non-Windows systems
[16.660s] INFO:colcon.colcon_notification.desktop_notification:Sending desktop notification using 'notify2'
[16.660s] DEBUG:colcon.colcon_notification.desktop_notification.notify2:Failed to initialize notify2: org.freedesktop.DBus.Error.NotSupported: Unable to autolaunch a dbus-daemon without a $DISPLAY for X11
[16.660s] DEBUG:colcon.colcon_core.event_reactor:joined thread
[16.705s] INFO:colcon.colcon_core.shell:Creating prefix script '/ros2_ws/install/local_setup.ps1'
[16.712s] INFO:colcon.colcon_core.shell:Creating prefix util module '/ros2_ws/install/_local_setup_util_ps1.py'
[16.720s] INFO:colcon.colcon_core.shell:Creating prefix chain script '/ros2_ws/install/setup.ps1'
[16.770s] INFO:colcon.colcon_core.shell:Creating prefix script '/ros2_ws/install/local_setup.sh'
[16.773s] INFO:colcon.colcon_core.shell:Creating prefix util module '/ros2_ws/install/_local_setup_util_sh.py'
[16.775s] INFO:colcon.colcon_core.shell:Creating prefix chain script '/ros2_ws/install/setup.sh'
[16.825s] INFO:colcon.colcon_core.shell:Creating prefix script '/ros2_ws/install/local_setup.bash'
[16.827s] INFO:colcon.colcon_core.shell:Creating prefix chain script '/ros2_ws/install/setup.bash'
[16.875s] INFO:colcon.colcon_core.shell:Creating prefix script '/ros2_ws/install/local_setup.zsh'
[16.878s] INFO:colcon.colcon_core.shell:Creating prefix chain script '/ros2_ws/install/setup.zsh'
