[0.179s] Invoking command in '/ros2_ws/build/sllidar_ros2': CMAKE_PREFIX_PATH=/opt/ros/humble /usr/bin/cmake /ros2_ws/src/sllidar_ros2 -DCMAKE_INSTALL_PREFIX=/ros2_ws/install/sllidar_ros2
[0.245s] -- Found ament_cmake: 1.3.5 (/opt/ros/humble/share/ament_cmake/cmake)
[1.003s] -- Override CMake install command with custom implementation using symlinks instead of copying resources
[1.050s] -- Found rclcpp: 16.0.6 (/opt/ros/humble/share/rclcpp/cmake)
[1.215s] -- Found rosidl_generator_c: 3.1.5 (/opt/ros/humble/share/rosidl_generator_c/cmake)
[1.228s] -- Found rosidl_adapter: 3.1.5 (/opt/ros/humble/share/rosidl_adapter/cmake)
[1.261s] -- Found rosidl_generator_cpp: 3.1.5 (/opt/ros/humble/share/rosidl_generator_cpp/cmake)
[1.338s] -- Using all available rosidl_typesupport_c: rosidl_typesupport_fastrtps_c;rosidl_typesupport_introspection_c
[1.474s] -- Using all available rosidl_typesupport_cpp: rosidl_typesupport_fastrtps_cpp;rosidl_typesupport_introspection_cpp
[1.786s] -- Found rmw_implementation_cmake: 6.1.1 (/opt/ros/humble/share/rmw_implementation_cmake/cmake)
[1.792s] -- Found rmw_fastrtps_cpp: 6.2.4 (/opt/ros/humble/share/rmw_fastrtps_cpp/cmake)
[2.196s] -- Using RMW implementation 'rmw_fastrtps_cpp' as default
[2.936s] -- Found sensor_msgs: 4.2.3 (/opt/ros/humble/share/sensor_msgs/cmake)
[3.550s] -- Found std_srvs: 4.2.3 (/opt/ros/humble/share/std_srvs/cmake)
[3.957s] -- Configuring done
[4.052s] -- Generating done
[4.058s] -- Build files have been written to: /ros2_ws/build/sllidar_ros2
[4.649s] Invoked command in '/ros2_ws/build/sllidar_ros2' returned '0': CMAKE_PREFIX_PATH=/opt/ros/humble /usr/bin/cmake /ros2_ws/src/sllidar_ros2 -DCMAKE_INSTALL_PREFIX=/ros2_ws/install/sllidar_ros2
[4.653s] Invoking command in '/ros2_ws/build/sllidar_ros2': CMAKE_PREFIX_PATH=/opt/ros/humble /usr/bin/cmake --build /ros2_ws/build/sllidar_ros2 -- -j4 -l4
[4.866s] [35m[1mConsolidate compiler generated dependencies of target sllidar_client[0m
[4.902s] [35m[1mConsolidate compiler generated dependencies of target sllidar_node[0m
[5.002s] [ 10%] Built target sllidar_client
[5.083s] [100%] Built target sllidar_node
[5.334s] Invoked command in '/ros2_ws/build/sllidar_ros2' returned '0': CMAKE_PREFIX_PATH=/opt/ros/humble /usr/bin/cmake --build /ros2_ws/build/sllidar_ros2 -- -j4 -l4
[6.045s] Invoking command in '/ros2_ws/build/sllidar_ros2': CMAKE_PREFIX_PATH=/opt/ros/humble /usr/bin/cmake --install /ros2_ws/build/sllidar_ros2
[6.075s] -- Install configuration: ""
[6.077s] -- Execute custom install script
[6.078s] -- Up-to-date symlink: /ros2_ws/install/sllidar_ros2/share/sllidar_ros2/launch/sllidar_a1_launch.py
[6.079s] -- Up-to-date symlink: /ros2_ws/install/sllidar_ros2/share/sllidar_ros2/launch/sllidar_a2m12_launch .py
[6.080s] -- Up-to-date symlink: /ros2_ws/install/sllidar_ros2/share/sllidar_ros2/launch/sllidar_a2m7_launch.py
[6.080s] -- Up-to-date symlink: /ros2_ws/install/sllidar_ros2/share/sllidar_ros2/launch/sllidar_a2m8_launch.py
[6.081s] -- Up-to-date symlink: /ros2_ws/install/sllidar_ros2/share/sllidar_ros2/launch/sllidar_a3_launch.py
[6.081s] -- Up-to-date symlink: /ros2_ws/install/sllidar_ros2/share/sllidar_ros2/launch/sllidar_c1_launch.py
[6.082s] -- Up-to-date symlink: /ros2_ws/install/sllidar_ros2/share/sllidar_ros2/launch/sllidar_s1_launch.py
[6.082s] -- Up-to-date symlink: /ros2_ws/install/sllidar_ros2/share/sllidar_ros2/launch/sllidar_s1_tcp_launch.py
[6.082s] -- Up-to-date symlink: /ros2_ws/install/sllidar_ros2/share/sllidar_ros2/launch/sllidar_s2_launch.py
[6.083s] -- Up-to-date symlink: /ros2_ws/install/sllidar_ros2/share/sllidar_ros2/launch/sllidar_s2e_launch.py
[6.083s] -- Up-to-date symlink: /ros2_ws/install/sllidar_ros2/share/sllidar_ros2/launch/sllidar_s3_launch.py
[6.085s] -- Up-to-date symlink: /ros2_ws/install/sllidar_ros2/share/sllidar_ros2/launch/sllidar_t1_launch.py
[6.086s] -- Up-to-date symlink: /ros2_ws/install/sllidar_ros2/share/sllidar_ros2/launch/view_sllidar_a1_launch.py
[6.092s] -- Up-to-date symlink: /ros2_ws/install/sllidar_ros2/share/sllidar_ros2/launch/view_sllidar_a2m12_launch.py
[6.092s] -- Up-to-date symlink: /ros2_ws/install/sllidar_ros2/share/sllidar_ros2/launch/view_sllidar_a2m7_launch.py
[6.093s] -- Up-to-date symlink: /ros2_ws/install/sllidar_ros2/share/sllidar_ros2/launch/view_sllidar_a2m8_launch.py
[6.093s] -- Up-to-date symlink: /ros2_ws/install/sllidar_ros2/share/sllidar_ros2/launch/view_sllidar_a3_launch.py
[6.094s] -- Up-to-date symlink: /ros2_ws/install/sllidar_ros2/share/sllidar_ros2/launch/view_sllidar_c1_launch.py
[6.094s] -- Up-to-date symlink: /ros2_ws/install/sllidar_ros2/share/sllidar_ros2/launch/view_sllidar_s1_launch.py
[6.095s] -- Up-to-date symlink: /ros2_ws/install/sllidar_ros2/share/sllidar_ros2/launch/view_sllidar_s1_tcp_launch.py
[6.095s] -- Up-to-date symlink: /ros2_ws/install/sllidar_ros2/share/sllidar_ros2/launch/view_sllidar_s2_launch.py
[6.096s] -- Up-to-date symlink: /ros2_ws/install/sllidar_ros2/share/sllidar_ros2/launch/view_sllidar_s2e_launch.py
[6.099s] -- Up-to-date symlink: /ros2_ws/install/sllidar_ros2/share/sllidar_ros2/launch/view_sllidar_s3_launch.py
[6.099s] -- Up-to-date symlink: /ros2_ws/install/sllidar_ros2/share/sllidar_ros2/launch/view_sllidar_t1_launch.py
[6.100s] -- Up-to-date symlink: /ros2_ws/install/sllidar_ros2/share/sllidar_ros2/rviz/sllidar_ros2.rviz
[6.100s] -- Up-to-date symlink: /ros2_ws/install/sllidar_ros2/lib/sllidar_ros2/sllidar_node
[6.101s] -- Up-to-date symlink: /ros2_ws/install/sllidar_ros2/lib/sllidar_ros2/sllidar_client
[6.102s] -- Up-to-date symlink: /ros2_ws/install/sllidar_ros2/share/ament_index/resource_index/package_run_dependencies/sllidar_ros2
[6.102s] -- Up-to-date symlink: /ros2_ws/install/sllidar_ros2/share/ament_index/resource_index/parent_prefix_path/sllidar_ros2
[6.103s] -- Up-to-date symlink: /ros2_ws/install/sllidar_ros2/share/sllidar_ros2/environment/ament_prefix_path.sh
[6.103s] -- Up-to-date symlink: /ros2_ws/install/sllidar_ros2/share/sllidar_ros2/environment/ament_prefix_path.dsv
[6.104s] -- Up-to-date symlink: /ros2_ws/install/sllidar_ros2/share/sllidar_ros2/environment/path.sh
[6.104s] -- Up-to-date symlink: /ros2_ws/install/sllidar_ros2/share/sllidar_ros2/environment/path.dsv
[6.105s] -- Up-to-date symlink: /ros2_ws/install/sllidar_ros2/share/sllidar_ros2/local_setup.bash
[6.105s] -- Up-to-date symlink: /ros2_ws/install/sllidar_ros2/share/sllidar_ros2/local_setup.sh
[6.106s] -- Up-to-date symlink: /ros2_ws/install/sllidar_ros2/share/sllidar_ros2/local_setup.zsh
[6.106s] -- Up-to-date symlink: /ros2_ws/install/sllidar_ros2/share/sllidar_ros2/local_setup.dsv
[6.107s] -- Symlinking: /ros2_ws/install/sllidar_ros2/share/sllidar_ros2/package.dsv
[6.140s] -- Up-to-date symlink: /ros2_ws/install/sllidar_ros2/share/ament_index/resource_index/packages/sllidar_ros2
[6.143s] -- Up-to-date symlink: /ros2_ws/install/sllidar_ros2/share/sllidar_ros2/cmake/ament_cmake_export_dependencies-extras.cmake
[6.145s] -- Up-to-date symlink: /ros2_ws/install/sllidar_ros2/share/sllidar_ros2/cmake/ament_cmake_export_include_directories-extras.cmake
[6.146s] -- Up-to-date symlink: /ros2_ws/install/sllidar_ros2/share/sllidar_ros2/cmake/sllidar_ros2Config.cmake
[6.148s] -- Up-to-date symlink: /ros2_ws/install/sllidar_ros2/share/sllidar_ros2/cmake/sllidar_ros2Config-version.cmake
[6.148s] -- Up-to-date symlink: /ros2_ws/install/sllidar_ros2/share/sllidar_ros2/package.xml
[6.169s] Invoked command in '/ros2_ws/build/sllidar_ros2' returned '0': CMAKE_PREFIX_PATH=/opt/ros/humble /usr/bin/cmake --install /ros2_ws/build/sllidar_ros2
