[2.419s] Invoking command in '/ros2_ws/build/sllidar_ros2': CMAKE_PREFIX_PATH=${CMAKE_PREFIX_PATH}:/ros2_ws/install/ws_server:/ros2_ws/install/vision:/ros2_ws/install/rtcbot_adapter:/ros2_ws/install/motion_control:/opt/ros/humble /usr/bin/cmake --build /ros2_ws/build/sllidar_ros2 -- -j4 -l4
[2.623s] [35m[1mConsolidate compiler generated dependencies of target sllidar_node[0m
[2.805s] [ 10%] Built target sllidar_client
[2.815s] [100%] Built target sllidar_node
[2.976s] Invoked command in '/ros2_ws/build/sllidar_ros2' returned '0': CMAKE_PREFIX_PATH=${CMAKE_PREFIX_PATH}:/ros2_ws/install/ws_server:/ros2_ws/install/vision:/ros2_ws/install/rtcbot_adapter:/ros2_ws/install/motion_control:/opt/ros/humble /usr/bin/cmake --build /ros2_ws/build/sllidar_ros2 -- -j4 -l4
[3.582s] Invoking command in '/ros2_ws/build/sllidar_ros2': CMAKE_PREFIX_PATH=${CMAKE_PREFIX_PATH}:/ros2_ws/install/ws_server:/ros2_ws/install/vision:/ros2_ws/install/rtcbot_adapter:/ros2_ws/install/motion_control:/opt/ros/humble /usr/bin/cmake --install /ros2_ws/build/sllidar_ros2
[3.612s] -- Install configuration: ""
[3.615s] -- Execute custom install script
[3.618s] -- Up-to-date symlink: /ros2_ws/install/sllidar_ros2/share/sllidar_ros2/launch/sllidar_a1_launch.py
[3.618s] -- Up-to-date symlink: /ros2_ws/install/sllidar_ros2/share/sllidar_ros2/launch/sllidar_a2m12_launch .py
[3.619s] -- Up-to-date symlink: /ros2_ws/install/sllidar_ros2/share/sllidar_ros2/launch/sllidar_a2m7_launch.py
[3.619s] -- Up-to-date symlink: /ros2_ws/install/sllidar_ros2/share/sllidar_ros2/launch/sllidar_a2m8_launch.py
[3.620s] -- Up-to-date symlink: /ros2_ws/install/sllidar_ros2/share/sllidar_ros2/launch/sllidar_a3_launch.py
[3.620s] -- Up-to-date symlink: /ros2_ws/install/sllidar_ros2/share/sllidar_ros2/launch/sllidar_c1_launch.py
[3.621s] -- Up-to-date symlink: /ros2_ws/install/sllidar_ros2/share/sllidar_ros2/launch/sllidar_s1_launch.py
[3.621s] -- Up-to-date symlink: /ros2_ws/install/sllidar_ros2/share/sllidar_ros2/launch/sllidar_s1_tcp_launch.py
[3.622s] -- Up-to-date symlink: /ros2_ws/install/sllidar_ros2/share/sllidar_ros2/launch/sllidar_s2_launch.py
[3.622s] -- Up-to-date symlink: /ros2_ws/install/sllidar_ros2/share/sllidar_ros2/launch/sllidar_s2e_launch.py
[3.623s] -- Up-to-date symlink: /ros2_ws/install/sllidar_ros2/share/sllidar_ros2/launch/sllidar_s3_launch.py
[3.624s] -- Up-to-date symlink: /ros2_ws/install/sllidar_ros2/share/sllidar_ros2/launch/sllidar_t1_launch.py
[3.624s] -- Up-to-date symlink: /ros2_ws/install/sllidar_ros2/share/sllidar_ros2/launch/view_sllidar_a1_launch.py
[3.625s] -- Up-to-date symlink: /ros2_ws/install/sllidar_ros2/share/sllidar_ros2/launch/view_sllidar_a2m12_launch.py
[3.625s] -- Up-to-date symlink: /ros2_ws/install/sllidar_ros2/share/sllidar_ros2/launch/view_sllidar_a2m7_launch.py
[3.625s] -- Up-to-date symlink: /ros2_ws/install/sllidar_ros2/share/sllidar_ros2/launch/view_sllidar_a2m8_launch.py
[3.626s] -- Up-to-date symlink: /ros2_ws/install/sllidar_ros2/share/sllidar_ros2/launch/view_sllidar_a3_launch.py
[3.627s] -- Up-to-date symlink: /ros2_ws/install/sllidar_ros2/share/sllidar_ros2/launch/view_sllidar_c1_launch.py
[3.628s] -- Up-to-date symlink: /ros2_ws/install/sllidar_ros2/share/sllidar_ros2/launch/view_sllidar_s1_launch.py
[3.628s] -- Up-to-date symlink: /ros2_ws/install/sllidar_ros2/share/sllidar_ros2/launch/view_sllidar_s1_tcp_launch.py
[3.628s] -- Up-to-date symlink: /ros2_ws/install/sllidar_ros2/share/sllidar_ros2/launch/view_sllidar_s2_launch.py
[3.629s] -- Up-to-date symlink: /ros2_ws/install/sllidar_ros2/share/sllidar_ros2/launch/view_sllidar_s2e_launch.py
[3.631s] -- Up-to-date symlink: /ros2_ws/install/sllidar_ros2/share/sllidar_ros2/launch/view_sllidar_s3_launch.py
[3.632s] -- Up-to-date symlink: /ros2_ws/install/sllidar_ros2/share/sllidar_ros2/launch/view_sllidar_t1_launch.py
[3.632s] -- Up-to-date symlink: /ros2_ws/install/sllidar_ros2/share/sllidar_ros2/rviz/sllidar_ros2.rviz
[3.633s] -- Up-to-date symlink: /ros2_ws/install/sllidar_ros2/lib/sllidar_ros2/sllidar_node
[3.635s] -- Up-to-date symlink: /ros2_ws/install/sllidar_ros2/lib/sllidar_ros2/sllidar_client
[3.636s] -- Up-to-date symlink: /ros2_ws/install/sllidar_ros2/share/ament_index/resource_index/package_run_dependencies/sllidar_ros2
[3.639s] -- Up-to-date symlink: /ros2_ws/install/sllidar_ros2/share/ament_index/resource_index/parent_prefix_path/sllidar_ros2
[3.640s] -- Up-to-date symlink: /ros2_ws/install/sllidar_ros2/share/sllidar_ros2/environment/ament_prefix_path.sh
[3.640s] -- Up-to-date symlink: /ros2_ws/install/sllidar_ros2/share/sllidar_ros2/environment/ament_prefix_path.dsv
[3.640s] -- Up-to-date symlink: /ros2_ws/install/sllidar_ros2/share/sllidar_ros2/environment/path.sh
[3.641s] -- Up-to-date symlink: /ros2_ws/install/sllidar_ros2/share/sllidar_ros2/environment/path.dsv
[3.641s] -- Up-to-date symlink: /ros2_ws/install/sllidar_ros2/share/sllidar_ros2/local_setup.bash
[3.641s] -- Up-to-date symlink: /ros2_ws/install/sllidar_ros2/share/sllidar_ros2/local_setup.sh
[3.642s] -- Up-to-date symlink: /ros2_ws/install/sllidar_ros2/share/sllidar_ros2/local_setup.zsh
[3.642s] -- Up-to-date symlink: /ros2_ws/install/sllidar_ros2/share/sllidar_ros2/local_setup.dsv
[3.642s] -- Symlinking: /ros2_ws/install/sllidar_ros2/share/sllidar_ros2/package.dsv
[3.670s] -- Up-to-date symlink: /ros2_ws/install/sllidar_ros2/share/ament_index/resource_index/packages/sllidar_ros2
[3.671s] -- Up-to-date symlink: /ros2_ws/install/sllidar_ros2/share/sllidar_ros2/cmake/ament_cmake_export_dependencies-extras.cmake
[3.671s] -- Up-to-date symlink: /ros2_ws/install/sllidar_ros2/share/sllidar_ros2/cmake/ament_cmake_export_include_directories-extras.cmake
[3.672s] -- Up-to-date symlink: /ros2_ws/install/sllidar_ros2/share/sllidar_ros2/cmake/sllidar_ros2Config.cmake
[3.673s] -- Up-to-date symlink: /ros2_ws/install/sllidar_ros2/share/sllidar_ros2/cmake/sllidar_ros2Config-version.cmake
[3.673s] -- Up-to-date symlink: /ros2_ws/install/sllidar_ros2/share/sllidar_ros2/package.xml
[4.789s] Invoked command in '/ros2_ws/build/sllidar_ros2' returned '0': CMAKE_PREFIX_PATH=${CMAKE_PREFIX_PATH}:/ros2_ws/install/ws_server:/ros2_ws/install/vision:/ros2_ws/install/rtcbot_adapter:/ros2_ws/install/motion_control:/opt/ros/humble /usr/bin/cmake --install /ros2_ws/build/sllidar_ros2
