[0.250s] Invoking command in '/ros2_ws/build/digipot': CMAKE_PREFIX_PATH=${CMAKE_PREFIX_PATH}:/ros2_ws/install/ws_server:/ros2_ws/install/vision:/ros2_ws/install/rtcbot_adapter:/ros2_ws/install/motion_control:/opt/ros/humble /usr/bin/cmake --build /ros2_ws/build/digipot -- -j4 -l4
[0.353s] -- Found ament_cmake: 1.3.5 (/opt/ros/humble/share/ament_cmake/cmake)
[0.986s] -- Override CMake install command with custom implementation using symlinks instead of copying resources
[1.015s] -- Found rclcpp: 16.0.6 (/opt/ros/humble/share/rclcpp/cmake)
[1.129s] -- Found rosidl_generator_c: 3.1.5 (/opt/ros/humble/share/rosidl_generator_c/cmake)
[1.139s] -- Found rosidl_adapter: 3.1.5 (/opt/ros/humble/share/rosidl_adapter/cmake)
[1.167s] -- Found rosidl_generator_cpp: 3.1.5 (/opt/ros/humble/share/rosidl_generator_cpp/cmake)
[1.222s] -- Using all available rosidl_typesupport_c: rosidl_typesupport_fastrtps_c;rosidl_typesupport_introspection_c
[1.298s] -- Using all available rosidl_typesupport_cpp: rosidl_typesupport_fastrtps_cpp;rosidl_typesupport_introspection_cpp
[1.560s] -- Found rmw_implementation_cmake: 6.1.1 (/opt/ros/humble/share/rmw_implementation_cmake/cmake)
[1.567s] -- Found rmw_fastrtps_cpp: 6.2.4 (/opt/ros/humble/share/rmw_fastrtps_cpp/cmake)
[1.980s] -- Using RMW implementation 'rmw_fastrtps_cpp' as default
[2.712s] -- Found digipot_interfaces: 0.0.0 (/ros2_ws/install/digipot_interfaces/share/digipot_interfaces/cmake)
[2.785s] -- Found ament_lint_auto: 0.12.8 (/opt/ros/humble/share/ament_lint_auto/cmake)
[3.101s] -- Added test 'cppcheck' to perform static code analysis on C / C++ code
[3.101s] -- Configured cppcheck include dirs: $<BUILD_INTERFACE:/ros2_ws/src/digipot/include>
[3.102s] -- Configured cppcheck exclude dirs and/or files: 
[3.104s] -- Added test 'lint_cmake' to check CMake code style
[3.108s] -- Added test 'uncrustify' to check C / C++ code style
[3.109s] -- Configured uncrustify additional arguments: 
[3.110s] -- Added test 'xmllint' to check XML markup files
[3.115s] -- Configuring done
[3.170s] -- Generating done
[3.178s] -- Build files have been written to: /ros2_ws/build/digipot
[3.272s] [35m[1mConsolidate compiler generated dependencies of target digipot[0m
[3.340s] [ 33%] [32mBuilding CXX object CMakeFiles/digipot.dir/src/DigiPot.cpp.o[0m
[3.343s] [ 66%] [32mBuilding CXX object CMakeFiles/digipot.dir/src/digipot.cpp.o[0m
[4.366s] [01m[K/ros2_ws/src/digipot/src/digipot.cpp:13:10:[m[K [01;31m[Kfatal error: [m[Kdigipot/msg/Digipot.hpp: No such file or directory
[4.367s]    13 | #include [01;31m[K"digipot/msg/Digipot.hpp"[m[K
[4.367s]       |          [01;31m[K^~~~~~~~~~~~~~~~~~~~~~~~~[m[K
[4.368s] compilation terminated.
[4.384s] gmake[2]: *** [CMakeFiles/digipot.dir/build.make:76: CMakeFiles/digipot.dir/src/digipot.cpp.o] Error 1
[4.384s] gmake[2]: *** Waiting for unfinished jobs....
[5.251s] [01m[K/ros2_ws/src/digipot/src/DigiPot.cpp:[m[K In member function ‘[01m[Kvoid DigiPot::increase(int)[m[K’:
[5.251s] [01m[K/ros2_ws/src/digipot/src/DigiPot.cpp:37:28:[m[K [01;35m[Kwarning: [m[Kunused parameter ‘[01m[Kamount[m[K’ [[01;35m[K-Wunused-parameter[m[K]
[5.252s]    37 | void DigiPot::increase([01;35m[Kint amount[m[K) {
[5.252s]       |                        [01;35m[K~~~~^~~~~~[m[K
[5.253s] [01m[K/ros2_ws/src/digipot/src/DigiPot.cpp:[m[K In member function ‘[01m[Kvoid DigiPot::decrease(int)[m[K’:
[5.253s] [01m[K/ros2_ws/src/digipot/src/DigiPot.cpp:48:28:[m[K [01;35m[Kwarning: [m[Kunused parameter ‘[01m[Kamount[m[K’ [[01;35m[K-Wunused-parameter[m[K]
[5.253s]    48 | void DigiPot::decrease([01;35m[Kint amount[m[K) {
[5.254s]       |                        [01;35m[K~~~~^~~~~~[m[K
[5.425s] gmake[1]: *** [CMakeFiles/Makefile2:137: CMakeFiles/digipot.dir/all] Error 2
[5.426s] gmake: *** [Makefile:146: all] Error 2
[5.432s] Invoked command in '/ros2_ws/build/digipot' returned '2': CMAKE_PREFIX_PATH=${CMAKE_PREFIX_PATH}:/ros2_ws/install/ws_server:/ros2_ws/install/vision:/ros2_ws/install/rtcbot_adapter:/ros2_ws/install/motion_control:/opt/ros/humble /usr/bin/cmake --build /ros2_ws/build/digipot -- -j4 -l4
