running develop
Removing /ros2_ws/install/vision/lib/python3.10/site-packages/vision.egg-link (link to .)
running egg_info
writing ../../build/vision/vision.egg-info/PKG-INFO
writing dependency_links to ../../build/vision/vision.egg-info/dependency_links.txt
writing entry points to ../../build/vision/vision.egg-info/entry_points.txt
writing requirements to ../../build/vision/vision.egg-info/requires.txt
writing top-level names to ../../build/vision/vision.egg-info/top_level.txt
reading manifest file '../../build/vision/vision.egg-info/SOURCES.txt'
writing manifest file '../../build/vision/vision.egg-info/SOURCES.txt'
running build
running build_py
creating /ros2_ws/build/vision/build
creating /ros2_ws/build/vision/build/lib
creating /ros2_ws/build/vision/build/lib/vision
copying vision/__init__.py -> /ros2_ws/build/vision/build/lib/vision
copying vision/test_vision.py -> /ros2_ws/build/vision/build/lib/vision
copying vision/vision_node.py -> /ros2_ws/build/vision/build/lib/vision
running install
running install_lib
creating /ros2_ws/install/vision/lib/python3.10/site-packages/vision
copying /ros2_ws/build/vision/build/lib/vision/__init__.py -> /ros2_ws/install/vision/lib/python3.10/site-packages/vision
copying /ros2_ws/build/vision/build/lib/vision/test_vision.py -> /ros2_ws/install/vision/lib/python3.10/site-packages/vision
copying /ros2_ws/build/vision/build/lib/vision/vision_node.py -> /ros2_ws/install/vision/lib/python3.10/site-packages/vision
byte-compiling /ros2_ws/install/vision/lib/python3.10/site-packages/vision/__init__.py to __init__.cpython-310.pyc
byte-compiling /ros2_ws/install/vision/lib/python3.10/site-packages/vision/test_vision.py to test_vision.cpython-310.pyc
byte-compiling /ros2_ws/install/vision/lib/python3.10/site-packages/vision/vision_node.py to vision_node.cpython-310.pyc
running install_data
running install_egg_info
Copying ../../build/vision/vision.egg-info to /ros2_ws/install/vision/lib/python3.10/site-packages/vision-0.0.0-py3.10.egg-info
running install_scripts
Installing vision_node script to /ros2_ws/install/vision/lib/vision
writing list of installed files to '/ros2_ws/build/vision/install.log'
