[0.241s] Invoking command in '/ros2_ws/build/digipot': CMAKE_PREFIX_PATH=/ros2_ws/install/digipot_interfaces:/ros2_ws/install/sllidar_ros2:/ros2_ws/install/digipot:/ros2_ws/install/delivery_bot_package:/ros2_ws/install/ws_server:/ros2_ws/install/vision:/ros2_ws/install/rtcbot_adapter:/ros2_ws/install/motion_control:/opt/ros/humble LD_LIBRARY_PATH=/ros2_ws/install/digipot_interfaces/lib:/ros2_ws/install/digipot/lib:/opt/ros/humble/lib/aarch64-linux-gnu:/opt/ros/humble/lib /usr/bin/cmake --build /ros2_ws/build/digipot -- -j4 -l4
[0.393s] [35m[1mConsolidate compiler generated dependencies of target digipot[0m
[0.459s] [ 33%] [32mBuilding CXX object CMakeFiles/digipot.dir/src/digipot.cpp.o[0m
[12.106s] [01m[K/ros2_ws/src/digipot/src/digipot.cpp:[m[K In member function ‘[01m[Kvoid DigipotNode::teleopCallback(geometry_msgs::msg::Twist_<std::allocator<void> >::SharedPtr)[m[K’:
[12.107s] [01m[K/ros2_ws/src/digipot/src/digipot.cpp:87:13:[m[K [01;35m[Kwarning: [m[Kunused variable ‘[01m[Kvalue[m[K’ [[01;35m[K-Wunused-variable[m[K]
[12.107s]    87 |     uint8_t [01;35m[Kvalue[m[K = digipot_.get() + msg->linear.x;
[12.107s]       |             [01;35m[K^~~~~[m[K
[12.120s] [01m[K/ros2_ws/src/digipot/src/digipot.cpp:[m[K In member function ‘[01m[Kvoid DigipotNode::joyCallback(sensor_msgs::msg::Joy_<std::allocator<void> >::SharedPtr)[m[K’:
[12.120s] [01m[K/ros2_ws/src/digipot/src/digipot.cpp:103:11:[m[K [01;35m[Kwarning: [m[Kunused variable ‘[01m[Krl_value[m[K’ [[01;35m[K-Wunused-variable[m[K]
[12.121s]   103 |     float [01;35m[Krl_value[m[K = msg->axes[2];
[12.121s]       |           [01;35m[K^~~~~~~~[m[K
[59.772s] [ 66%] [32m[1mLinking CXX executable digipot[0m
[63.214s] [100%] Built target digipot
[63.245s] Invoked command in '/ros2_ws/build/digipot' returned '0': CMAKE_PREFIX_PATH=/ros2_ws/install/digipot_interfaces:/ros2_ws/install/sllidar_ros2:/ros2_ws/install/digipot:/ros2_ws/install/delivery_bot_package:/ros2_ws/install/ws_server:/ros2_ws/install/vision:/ros2_ws/install/rtcbot_adapter:/ros2_ws/install/motion_control:/opt/ros/humble LD_LIBRARY_PATH=/ros2_ws/install/digipot_interfaces/lib:/ros2_ws/install/digipot/lib:/opt/ros/humble/lib/aarch64-linux-gnu:/opt/ros/humble/lib /usr/bin/cmake --build /ros2_ws/build/digipot -- -j4 -l4
[63.345s] Invoking command in '/ros2_ws/build/digipot': CMAKE_PREFIX_PATH=/ros2_ws/install/digipot_interfaces:/ros2_ws/install/sllidar_ros2:/ros2_ws/install/digipot:/ros2_ws/install/delivery_bot_package:/ros2_ws/install/ws_server:/ros2_ws/install/vision:/ros2_ws/install/rtcbot_adapter:/ros2_ws/install/motion_control:/opt/ros/humble LD_LIBRARY_PATH=/ros2_ws/install/digipot_interfaces/lib:/ros2_ws/install/digipot/lib:/opt/ros/humble/lib/aarch64-linux-gnu:/opt/ros/humble/lib /usr/bin/cmake --install /ros2_ws/build/digipot
[63.374s] -- Install configuration: ""
[63.375s] -- Execute custom install script
[63.375s] -- Up-to-date symlink: /ros2_ws/install/digipot/lib/digipot/digipot
[63.376s] -- Up-to-date symlink: /ros2_ws/install/digipot/share/ament_index/resource_index/package_run_dependencies/digipot
[63.376s] -- Up-to-date symlink: /ros2_ws/install/digipot/share/ament_index/resource_index/parent_prefix_path/digipot
[63.377s] -- Up-to-date symlink: /ros2_ws/install/digipot/share/digipot/environment/ament_prefix_path.sh
[63.377s] -- Up-to-date symlink: /ros2_ws/install/digipot/share/digipot/environment/ament_prefix_path.dsv
[63.378s] -- Up-to-date symlink: /ros2_ws/install/digipot/share/digipot/environment/path.sh
[63.378s] -- Up-to-date symlink: /ros2_ws/install/digipot/share/digipot/environment/path.dsv
[63.378s] -- Up-to-date symlink: /ros2_ws/install/digipot/share/digipot/local_setup.bash
[63.379s] -- Up-to-date symlink: /ros2_ws/install/digipot/share/digipot/local_setup.sh
[63.379s] -- Up-to-date symlink: /ros2_ws/install/digipot/share/digipot/local_setup.zsh
[63.379s] -- Up-to-date symlink: /ros2_ws/install/digipot/share/digipot/local_setup.dsv
[63.380s] -- Symlinking: /ros2_ws/install/digipot/share/digipot/package.dsv
[63.401s] -- Up-to-date symlink: /ros2_ws/install/digipot/share/ament_index/resource_index/packages/digipot
[63.402s] -- Up-to-date symlink: /ros2_ws/install/digipot/share/digipot/cmake/digipotConfig.cmake
[63.402s] -- Up-to-date symlink: /ros2_ws/install/digipot/share/digipot/cmake/digipotConfig-version.cmake
[63.403s] -- Up-to-date symlink: /ros2_ws/install/digipot/share/digipot/package.xml
[63.408s] Invoked command in '/ros2_ws/build/digipot' returned '0': CMAKE_PREFIX_PATH=/ros2_ws/install/digipot_interfaces:/ros2_ws/install/sllidar_ros2:/ros2_ws/install/digipot:/ros2_ws/install/delivery_bot_package:/ros2_ws/install/ws_server:/ros2_ws/install/vision:/ros2_ws/install/rtcbot_adapter:/ros2_ws/install/motion_control:/opt/ros/humble LD_LIBRARY_PATH=/ros2_ws/install/digipot_interfaces/lib:/ros2_ws/install/digipot/lib:/opt/ros/humble/lib/aarch64-linux-gnu:/opt/ros/humble/lib /usr/bin/cmake --install /ros2_ws/build/digipot
