[3.792s] DEBUG:colcon:Command line arguments: ['/usr/bin/colcon', 'build', '--symlink-install']
[3.792s] DEBUG:colcon:Parsed command line arguments: Namespace(log_base=None, log_level=None, verb_name='build', build_base='build', install_base='install', merge_install=False, symlink_install=True, test_result_base=None, continue_on_error=False, executor='parallel', parallel_workers=4, event_handlers=None, ignore_user_meta=False, metas=['./colcon.meta'], base_paths=['.'], packages_ignore=None, packages_ignore_regex=None, paths=None, packages_up_to=None, packages_up_to_regex=None, packages_above=None, packages_above_and_dependencies=None, packages_above_depth=None, packages_select_by_dep=None, packages_skip_by_dep=None, packages_skip_up_to=None, packages_select_build_failed=False, packages_skip_build_finished=False, packages_select_test_failures=False, packages_skip_test_passed=False, packages_select=None, packages_skip=None, packages_select_regex=None, packages_skip_regex=None, packages_start=None, packages_end=None, cmake_args=None, cmake_target=None, cmake_target_skip_unavailable=False, cmake_clean_cache=False, cmake_clean_first=False, cmake_force_configure=False, ament_cmake_args=None, catkin_cmake_args=None, catkin_skip_building_tests=False, mixin_files=None, mixin=None, verb_parser=<colcon_mixin.mixin.mixin_argument.MixinArgumentDecorator object at 0x7f9de91c30>, verb_extension=<colcon_core.verb.build.BuildVerb object at 0x7f9debb190>, main=<bound method BuildVerb.main of <colcon_core.verb.build.BuildVerb object at 0x7f9debb190>>, mixin_verb=('build',))
[4.027s] Level 1:colcon.colcon_core.package_discovery:discover_packages(colcon_meta) check parameters
[4.036s] INFO:colcon.colcon_metadata.package_discovery.colcon_meta:Using configuration from '/root/.colcon/metadata/default/Gazebo.meta'
[4.039s] INFO:colcon.colcon_metadata.package_discovery.colcon_meta:Using configuration from '/root/.colcon/metadata/default/fastrtps.meta'
[4.039s] Level 1:colcon.colcon_core.package_discovery:discover_packages(recursive) check parameters
[4.039s] Level 1:colcon.colcon_core.package_discovery:discover_packages(ignore) check parameters
[4.039s] Level 1:colcon.colcon_core.package_discovery:discover_packages(path) check parameters
[4.039s] Level 1:colcon.colcon_core.package_discovery:discover_packages(colcon_meta) discover
[4.040s] Level 1:colcon.colcon_core.package_discovery:discover_packages(recursive) discover
[4.040s] INFO:colcon.colcon_core.package_discovery:Crawling recursively for packages in '/ros2_ws'
[4.040s] Level 1:colcon.colcon_core.package_identification:_identify(.) by extensions ['ignore', 'ignore_ament_install']
[4.040s] Level 1:colcon.colcon_core.package_identification:_identify(.) by extension 'ignore'
[4.041s] Level 1:colcon.colcon_core.package_identification:_identify(.) by extension 'ignore_ament_install'
[4.042s] Level 1:colcon.colcon_core.package_identification:_identify(.) by extensions ['colcon_pkg']
[4.042s] Level 1:colcon.colcon_core.package_identification:_identify(.) by extension 'colcon_pkg'
[4.042s] Level 1:colcon.colcon_core.package_identification:_identify(.) by extensions ['colcon_meta']
[4.042s] Level 1:colcon.colcon_core.package_identification:_identify(.) by extension 'colcon_meta'
[4.042s] Level 1:colcon.colcon_core.package_identification:_identify(.) by extensions ['ros']
[4.042s] Level 1:colcon.colcon_core.package_identification:_identify(.) by extension 'ros'
[4.101s] Level 1:colcon.colcon_core.package_identification:_identify(.) by extensions ['cmake', 'python']
[4.102s] Level 1:colcon.colcon_core.package_identification:_identify(.) by extension 'cmake'
[4.102s] Level 1:colcon.colcon_core.package_identification:_identify(.) by extension 'python'
[4.102s] Level 1:colcon.colcon_core.package_identification:_identify(.) by extensions ['python_setup_py']
[4.102s] Level 1:colcon.colcon_core.package_identification:_identify(.) by extension 'python_setup_py'
[4.103s] Level 1:colcon.colcon_core.package_identification:_identify(build) by extensions ['ignore', 'ignore_ament_install']
[4.103s] Level 1:colcon.colcon_core.package_identification:_identify(build) by extension 'ignore'
[4.103s] Level 1:colcon.colcon_core.package_identification:_identify(build) ignored
[4.104s] Level 1:colcon.colcon_core.package_identification:_identify(install) by extensions ['ignore', 'ignore_ament_install']
[4.104s] Level 1:colcon.colcon_core.package_identification:_identify(install) by extension 'ignore'
[4.104s] Level 1:colcon.colcon_core.package_identification:_identify(install) ignored
[4.105s] Level 1:colcon.colcon_core.package_identification:_identify(log) by extensions ['ignore', 'ignore_ament_install']
[4.105s] Level 1:colcon.colcon_core.package_identification:_identify(log) by extension 'ignore'
[4.105s] Level 1:colcon.colcon_core.package_identification:_identify(log) ignored
[4.109s] Level 1:colcon.colcon_core.package_identification:_identify(src) by extensions ['ignore', 'ignore_ament_install']
[4.109s] Level 1:colcon.colcon_core.package_identification:_identify(src) by extension 'ignore'
[4.109s] Level 1:colcon.colcon_core.package_identification:_identify(src) by extension 'ignore_ament_install'
[4.110s] Level 1:colcon.colcon_core.package_identification:_identify(src) by extensions ['colcon_pkg']
[4.110s] Level 1:colcon.colcon_core.package_identification:_identify(src) by extension 'colcon_pkg'
[4.110s] Level 1:colcon.colcon_core.package_identification:_identify(src) by extensions ['colcon_meta']
[4.110s] Level 1:colcon.colcon_core.package_identification:_identify(src) by extension 'colcon_meta'
[4.110s] Level 1:colcon.colcon_core.package_identification:_identify(src) by extensions ['ros']
[4.111s] Level 1:colcon.colcon_core.package_identification:_identify(src) by extension 'ros'
[4.111s] Level 1:colcon.colcon_core.package_identification:_identify(src) by extensions ['cmake', 'python']
[4.111s] Level 1:colcon.colcon_core.package_identification:_identify(src) by extension 'cmake'
[4.111s] Level 1:colcon.colcon_core.package_identification:_identify(src) by extension 'python'
[4.111s] Level 1:colcon.colcon_core.package_identification:_identify(src) by extensions ['python_setup_py']
[4.112s] Level 1:colcon.colcon_core.package_identification:_identify(src) by extension 'python_setup_py'
[4.112s] Level 1:colcon.colcon_core.package_identification:_identify(src/delivery_bot_package) by extensions ['ignore', 'ignore_ament_install']
[4.113s] Level 1:colcon.colcon_core.package_identification:_identify(src/delivery_bot_package) by extension 'ignore'
[4.113s] Level 1:colcon.colcon_core.package_identification:_identify(src/delivery_bot_package) by extension 'ignore_ament_install'
[4.113s] Level 1:colcon.colcon_core.package_identification:_identify(src/delivery_bot_package) by extensions ['colcon_pkg']
[4.113s] Level 1:colcon.colcon_core.package_identification:_identify(src/delivery_bot_package) by extension 'colcon_pkg'
[4.114s] Level 1:colcon.colcon_core.package_identification:_identify(src/delivery_bot_package) by extensions ['colcon_meta']
[4.114s] Level 1:colcon.colcon_core.package_identification:_identify(src/delivery_bot_package) by extension 'colcon_meta'
[4.114s] Level 1:colcon.colcon_core.package_identification:_identify(src/delivery_bot_package) by extensions ['ros']
[4.114s] Level 1:colcon.colcon_core.package_identification:_identify(src/delivery_bot_package) by extension 'ros'
[4.128s] DEBUG:colcon.colcon_core.package_identification:Package 'src/delivery_bot_package' with type 'ros.ament_cmake' and name 'delivery_bot_package'
[4.129s] Level 1:colcon.colcon_core.package_identification:_identify(src/motion_control) by extensions ['ignore', 'ignore_ament_install']
[4.129s] Level 1:colcon.colcon_core.package_identification:_identify(src/motion_control) by extension 'ignore'
[4.129s] Level 1:colcon.colcon_core.package_identification:_identify(src/motion_control) by extension 'ignore_ament_install'
[4.130s] Level 1:colcon.colcon_core.package_identification:_identify(src/motion_control) by extensions ['colcon_pkg']
[4.130s] Level 1:colcon.colcon_core.package_identification:_identify(src/motion_control) by extension 'colcon_pkg'
[4.130s] Level 1:colcon.colcon_core.package_identification:_identify(src/motion_control) by extensions ['colcon_meta']
[4.130s] Level 1:colcon.colcon_core.package_identification:_identify(src/motion_control) by extension 'colcon_meta'
[4.130s] Level 1:colcon.colcon_core.package_identification:_identify(src/motion_control) by extensions ['ros']
[4.130s] Level 1:colcon.colcon_core.package_identification:_identify(src/motion_control) by extension 'ros'
[4.133s] DEBUG:colcon.colcon_core.package_identification:Package 'src/motion_control' with type 'ros.ament_python' and name 'motion_control'
[4.134s] Level 1:colcon.colcon_core.package_identification:_identify(src/rtcbot_adapter) by extensions ['ignore', 'ignore_ament_install']
[4.134s] Level 1:colcon.colcon_core.package_identification:_identify(src/rtcbot_adapter) by extension 'ignore'
[4.134s] Level 1:colcon.colcon_core.package_identification:_identify(src/rtcbot_adapter) by extension 'ignore_ament_install'
[4.135s] Level 1:colcon.colcon_core.package_identification:_identify(src/rtcbot_adapter) by extensions ['colcon_pkg']
[4.135s] Level 1:colcon.colcon_core.package_identification:_identify(src/rtcbot_adapter) by extension 'colcon_pkg'
[4.135s] Level 1:colcon.colcon_core.package_identification:_identify(src/rtcbot_adapter) by extensions ['colcon_meta']
[4.135s] Level 1:colcon.colcon_core.package_identification:_identify(src/rtcbot_adapter) by extension 'colcon_meta'
[4.135s] Level 1:colcon.colcon_core.package_identification:_identify(src/rtcbot_adapter) by extensions ['ros']
[4.136s] Level 1:colcon.colcon_core.package_identification:_identify(src/rtcbot_adapter) by extension 'ros'
[4.139s] DEBUG:colcon.colcon_core.package_identification:Package 'src/rtcbot_adapter' with type 'ros.ament_python' and name 'rtcbot_adapter'
[4.141s] Level 1:colcon.colcon_core.package_identification:_identify(src/vision) by extensions ['ignore', 'ignore_ament_install']
[4.141s] Level 1:colcon.colcon_core.package_identification:_identify(src/vision) by extension 'ignore'
[4.141s] Level 1:colcon.colcon_core.package_identification:_identify(src/vision) by extension 'ignore_ament_install'
[4.141s] Level 1:colcon.colcon_core.package_identification:_identify(src/vision) by extensions ['colcon_pkg']
[4.142s] Level 1:colcon.colcon_core.package_identification:_identify(src/vision) by extension 'colcon_pkg'
[4.142s] Level 1:colcon.colcon_core.package_identification:_identify(src/vision) by extensions ['colcon_meta']
[4.142s] Level 1:colcon.colcon_core.package_identification:_identify(src/vision) by extension 'colcon_meta'
[4.142s] Level 1:colcon.colcon_core.package_identification:_identify(src/vision) by extensions ['ros']
[4.142s] Level 1:colcon.colcon_core.package_identification:_identify(src/vision) by extension 'ros'
[4.145s] DEBUG:colcon.colcon_core.package_identification:Package 'src/vision' with type 'ros.ament_python' and name 'vision'
[4.145s] Level 1:colcon.colcon_core.package_identification:_identify(src/ws_server) by extensions ['ignore', 'ignore_ament_install']
[4.146s] Level 1:colcon.colcon_core.package_identification:_identify(src/ws_server) by extension 'ignore'
[4.146s] Level 1:colcon.colcon_core.package_identification:_identify(src/ws_server) by extension 'ignore_ament_install'
[4.146s] Level 1:colcon.colcon_core.package_identification:_identify(src/ws_server) by extensions ['colcon_pkg']
[4.146s] Level 1:colcon.colcon_core.package_identification:_identify(src/ws_server) by extension 'colcon_pkg'
[4.147s] Level 1:colcon.colcon_core.package_identification:_identify(src/ws_server) by extensions ['colcon_meta']
[4.147s] Level 1:colcon.colcon_core.package_identification:_identify(src/ws_server) by extension 'colcon_meta'
[4.147s] Level 1:colcon.colcon_core.package_identification:_identify(src/ws_server) by extensions ['ros']
[4.147s] Level 1:colcon.colcon_core.package_identification:_identify(src/ws_server) by extension 'ros'
[4.149s] DEBUG:colcon.colcon_core.package_identification:Package 'src/ws_server' with type 'ros.ament_python' and name 'ws_server'
[4.149s] Level 1:colcon.colcon_core.package_discovery:discover_packages(recursive) using defaults
[4.150s] Level 1:colcon.colcon_core.package_discovery:discover_packages(ignore) discover
[4.150s] Level 1:colcon.colcon_core.package_discovery:discover_packages(ignore) using defaults
[4.150s] Level 1:colcon.colcon_core.package_discovery:discover_packages(path) discover
[4.150s] Level 1:colcon.colcon_core.package_discovery:discover_packages(path) using defaults
[4.448s] Level 5:colcon.colcon_core.verb:set package 'delivery_bot_package' build argument 'cmake_args' from command line to 'None'
[4.448s] Level 5:colcon.colcon_core.verb:set package 'delivery_bot_package' build argument 'cmake_target' from command line to 'None'
[4.448s] Level 5:colcon.colcon_core.verb:set package 'delivery_bot_package' build argument 'cmake_target_skip_unavailable' from command line to 'False'
[4.448s] Level 5:colcon.colcon_core.verb:set package 'delivery_bot_package' build argument 'cmake_clean_cache' from command line to 'False'
[4.448s] Level 5:colcon.colcon_core.verb:set package 'delivery_bot_package' build argument 'cmake_clean_first' from command line to 'False'
[4.448s] Level 5:colcon.colcon_core.verb:set package 'delivery_bot_package' build argument 'cmake_force_configure' from command line to 'False'
[4.449s] Level 5:colcon.colcon_core.verb:set package 'delivery_bot_package' build argument 'ament_cmake_args' from command line to 'None'
[4.449s] Level 5:colcon.colcon_core.verb:set package 'delivery_bot_package' build argument 'catkin_cmake_args' from command line to 'None'
[4.449s] Level 5:colcon.colcon_core.verb:set package 'delivery_bot_package' build argument 'catkin_skip_building_tests' from command line to 'False'
[4.449s] DEBUG:colcon.colcon_core.verb:Building package 'delivery_bot_package' with the following arguments: {'ament_cmake_args': None, 'build_base': '/ros2_ws/build/delivery_bot_package', 'catkin_cmake_args': None, 'catkin_skip_building_tests': False, 'cmake_args': None, 'cmake_clean_cache': False, 'cmake_clean_first': False, 'cmake_force_configure': False, 'cmake_target': None, 'cmake_target_skip_unavailable': False, 'install_base': '/ros2_ws/install/delivery_bot_package', 'merge_install': False, 'path': '/ros2_ws/src/delivery_bot_package', 'symlink_install': True, 'test_result_base': None}
[4.490s] Level 5:colcon.colcon_core.verb:set package 'motion_control' build argument 'cmake_args' from command line to 'None'
[4.490s] Level 5:colcon.colcon_core.verb:set package 'motion_control' build argument 'cmake_target' from command line to 'None'
[4.490s] Level 5:colcon.colcon_core.verb:set package 'motion_control' build argument 'cmake_target_skip_unavailable' from command line to 'False'
[4.491s] Level 5:colcon.colcon_core.verb:set package 'motion_control' build argument 'cmake_clean_cache' from command line to 'False'
[4.491s] Level 5:colcon.colcon_core.verb:set package 'motion_control' build argument 'cmake_clean_first' from command line to 'False'
[4.491s] Level 5:colcon.colcon_core.verb:set package 'motion_control' build argument 'cmake_force_configure' from command line to 'False'
[4.491s] Level 5:colcon.colcon_core.verb:set package 'motion_control' build argument 'ament_cmake_args' from command line to 'None'
[4.491s] Level 5:colcon.colcon_core.verb:set package 'motion_control' build argument 'catkin_cmake_args' from command line to 'None'
[4.491s] Level 5:colcon.colcon_core.verb:set package 'motion_control' build argument 'catkin_skip_building_tests' from command line to 'False'
[4.491s] DEBUG:colcon.colcon_core.verb:Building package 'motion_control' with the following arguments: {'ament_cmake_args': None, 'build_base': '/ros2_ws/build/motion_control', 'catkin_cmake_args': None, 'catkin_skip_building_tests': False, 'cmake_args': None, 'cmake_clean_cache': False, 'cmake_clean_first': False, 'cmake_force_configure': False, 'cmake_target': None, 'cmake_target_skip_unavailable': False, 'install_base': '/ros2_ws/install/motion_control', 'merge_install': False, 'path': '/ros2_ws/src/motion_control', 'symlink_install': True, 'test_result_base': None}
[4.532s] Level 5:colcon.colcon_core.verb:set package 'rtcbot_adapter' build argument 'cmake_args' from command line to 'None'
[4.532s] Level 5:colcon.colcon_core.verb:set package 'rtcbot_adapter' build argument 'cmake_target' from command line to 'None'
[4.532s] Level 5:colcon.colcon_core.verb:set package 'rtcbot_adapter' build argument 'cmake_target_skip_unavailable' from command line to 'False'
[4.533s] Level 5:colcon.colcon_core.verb:set package 'rtcbot_adapter' build argument 'cmake_clean_cache' from command line to 'False'
[4.533s] Level 5:colcon.colcon_core.verb:set package 'rtcbot_adapter' build argument 'cmake_clean_first' from command line to 'False'
[4.533s] Level 5:colcon.colcon_core.verb:set package 'rtcbot_adapter' build argument 'cmake_force_configure' from command line to 'False'
[4.533s] Level 5:colcon.colcon_core.verb:set package 'rtcbot_adapter' build argument 'ament_cmake_args' from command line to 'None'
[4.533s] Level 5:colcon.colcon_core.verb:set package 'rtcbot_adapter' build argument 'catkin_cmake_args' from command line to 'None'
[4.533s] Level 5:colcon.colcon_core.verb:set package 'rtcbot_adapter' build argument 'catkin_skip_building_tests' from command line to 'False'
[4.533s] DEBUG:colcon.colcon_core.verb:Building package 'rtcbot_adapter' with the following arguments: {'ament_cmake_args': None, 'build_base': '/ros2_ws/build/rtcbot_adapter', 'catkin_cmake_args': None, 'catkin_skip_building_tests': False, 'cmake_args': None, 'cmake_clean_cache': False, 'cmake_clean_first': False, 'cmake_force_configure': False, 'cmake_target': None, 'cmake_target_skip_unavailable': False, 'install_base': '/ros2_ws/install/rtcbot_adapter', 'merge_install': False, 'path': '/ros2_ws/src/rtcbot_adapter', 'symlink_install': True, 'test_result_base': None}
[4.574s] Level 5:colcon.colcon_core.verb:set package 'vision' build argument 'cmake_args' from command line to 'None'
[4.575s] Level 5:colcon.colcon_core.verb:set package 'vision' build argument 'cmake_target' from command line to 'None'
[4.575s] Level 5:colcon.colcon_core.verb:set package 'vision' build argument 'cmake_target_skip_unavailable' from command line to 'False'
[4.575s] Level 5:colcon.colcon_core.verb:set package 'vision' build argument 'cmake_clean_cache' from command line to 'False'
[4.575s] Level 5:colcon.colcon_core.verb:set package 'vision' build argument 'cmake_clean_first' from command line to 'False'
[4.575s] Level 5:colcon.colcon_core.verb:set package 'vision' build argument 'cmake_force_configure' from command line to 'False'
[4.575s] Level 5:colcon.colcon_core.verb:set package 'vision' build argument 'ament_cmake_args' from command line to 'None'
[4.575s] Level 5:colcon.colcon_core.verb:set package 'vision' build argument 'catkin_cmake_args' from command line to 'None'
[4.575s] Level 5:colcon.colcon_core.verb:set package 'vision' build argument 'catkin_skip_building_tests' from command line to 'False'
[4.576s] DEBUG:colcon.colcon_core.verb:Building package 'vision' with the following arguments: {'ament_cmake_args': None, 'build_base': '/ros2_ws/build/vision', 'catkin_cmake_args': None, 'catkin_skip_building_tests': False, 'cmake_args': None, 'cmake_clean_cache': False, 'cmake_clean_first': False, 'cmake_force_configure': False, 'cmake_target': None, 'cmake_target_skip_unavailable': False, 'install_base': '/ros2_ws/install/vision', 'merge_install': False, 'path': '/ros2_ws/src/vision', 'symlink_install': True, 'test_result_base': None}
[4.618s] Level 5:colcon.colcon_core.verb:set package 'ws_server' build argument 'cmake_args' from command line to 'None'
[4.618s] Level 5:colcon.colcon_core.verb:set package 'ws_server' build argument 'cmake_target' from command line to 'None'
[4.618s] Level 5:colcon.colcon_core.verb:set package 'ws_server' build argument 'cmake_target_skip_unavailable' from command line to 'False'
[4.618s] Level 5:colcon.colcon_core.verb:set package 'ws_server' build argument 'cmake_clean_cache' from command line to 'False'
[4.618s] Level 5:colcon.colcon_core.verb:set package 'ws_server' build argument 'cmake_clean_first' from command line to 'False'
[4.618s] Level 5:colcon.colcon_core.verb:set package 'ws_server' build argument 'cmake_force_configure' from command line to 'False'
[4.618s] Level 5:colcon.colcon_core.verb:set package 'ws_server' build argument 'ament_cmake_args' from command line to 'None'
[4.619s] Level 5:colcon.colcon_core.verb:set package 'ws_server' build argument 'catkin_cmake_args' from command line to 'None'
[4.619s] Level 5:colcon.colcon_core.verb:set package 'ws_server' build argument 'catkin_skip_building_tests' from command line to 'False'
[4.619s] DEBUG:colcon.colcon_core.verb:Building package 'ws_server' with the following arguments: {'ament_cmake_args': None, 'build_base': '/ros2_ws/build/ws_server', 'catkin_cmake_args': None, 'catkin_skip_building_tests': False, 'cmake_args': None, 'cmake_clean_cache': False, 'cmake_clean_first': False, 'cmake_force_configure': False, 'cmake_target': None, 'cmake_target_skip_unavailable': False, 'install_base': '/ros2_ws/install/ws_server', 'merge_install': False, 'path': '/ros2_ws/src/ws_server', 'symlink_install': True, 'test_result_base': None}
[4.659s] INFO:colcon.colcon_core.executor:Executing jobs using 'parallel' executor
[4.702s] DEBUG:colcon.colcon_parallel_executor.executor.parallel:run_until_complete
[4.703s] INFO:colcon.colcon_ros.task.ament_cmake.build:Building ROS package in '/ros2_ws/src/delivery_bot_package' with build type 'ament_cmake'
[4.704s] INFO:colcon.colcon_cmake.task.cmake.build:Building CMake package in '/ros2_ws/src/delivery_bot_package'
[4.765s] INFO:colcon.colcon_core.plugin_system:Skipping extension 'colcon_core.shell.bat': Not used on non-Windows systems
[4.766s] INFO:colcon.colcon_core.shell:Skip shell extension 'powershell' for command environment: Not usable outside of PowerShell
[4.766s] DEBUG:colcon.colcon_core.shell:Skip shell extension 'dsv' for command environment
[4.872s] INFO:colcon.colcon_ros.task.ament_python.build:Building ROS package in '/ros2_ws/src/motion_control' with build type 'ament_python'
[4.873s] Level 1:colcon.colcon_core.shell:create_environment_hook('motion_control', 'ament_prefix_path')
[4.917s] INFO:colcon.colcon_core.shell:Creating environment hook '/ros2_ws/install/motion_control/share/motion_control/hook/ament_prefix_path.ps1'
[4.923s] INFO:colcon.colcon_core.shell:Creating environment descriptor '/ros2_ws/install/motion_control/share/motion_control/hook/ament_prefix_path.dsv'
[4.925s] INFO:colcon.colcon_core.shell:Creating environment hook '/ros2_ws/install/motion_control/share/motion_control/hook/ament_prefix_path.sh'
[4.968s] INFO:colcon.colcon_core.shell:Skip shell extension 'powershell' for command environment: Not usable outside of PowerShell
[4.968s] DEBUG:colcon.colcon_core.shell:Skip shell extension 'dsv' for command environment
[5.057s] INFO:colcon.colcon_ros.task.ament_python.build:Building ROS package in '/ros2_ws/src/rtcbot_adapter' with build type 'ament_python'
[5.058s] Level 1:colcon.colcon_core.shell:create_environment_hook('rtcbot_adapter', 'ament_prefix_path')
[5.099s] INFO:colcon.colcon_core.shell:Creating environment hook '/ros2_ws/install/rtcbot_adapter/share/rtcbot_adapter/hook/ament_prefix_path.ps1'
[5.106s] INFO:colcon.colcon_core.shell:Creating environment descriptor '/ros2_ws/install/rtcbot_adapter/share/rtcbot_adapter/hook/ament_prefix_path.dsv'
[5.107s] INFO:colcon.colcon_core.shell:Creating environment hook '/ros2_ws/install/rtcbot_adapter/share/rtcbot_adapter/hook/ament_prefix_path.sh'
[5.150s] INFO:colcon.colcon_core.shell:Skip shell extension 'powershell' for command environment: Not usable outside of PowerShell
[5.150s] DEBUG:colcon.colcon_core.shell:Skip shell extension 'dsv' for command environment
[5.245s] INFO:colcon.colcon_ros.task.ament_python.build:Building ROS package in '/ros2_ws/src/vision' with build type 'ament_python'
[5.246s] Level 1:colcon.colcon_core.shell:create_environment_hook('vision', 'ament_prefix_path')
[5.288s] INFO:colcon.colcon_core.shell:Creating environment hook '/ros2_ws/install/vision/share/vision/hook/ament_prefix_path.ps1'
[5.289s] INFO:colcon.colcon_core.shell:Creating environment descriptor '/ros2_ws/install/vision/share/vision/hook/ament_prefix_path.dsv'
[5.290s] INFO:colcon.colcon_core.shell:Creating environment hook '/ros2_ws/install/vision/share/vision/hook/ament_prefix_path.sh'
[5.333s] INFO:colcon.colcon_core.shell:Skip shell extension 'powershell' for command environment: Not usable outside of PowerShell
[5.333s] DEBUG:colcon.colcon_core.shell:Skip shell extension 'dsv' for command environment
[5.433s] DEBUG:colcon.colcon_core.event_handler.log_command:Invoking command in '/ros2_ws/build/delivery_bot_package': CMAKE_PREFIX_PATH=/opt/ros/humble /usr/bin/cmake /ros2_ws/src/delivery_bot_package -DAMENT_CMAKE_SYMLINK_INSTALL=1 -DCMAKE_INSTALL_PREFIX=/ros2_ws/install/delivery_bot_package
[6.403s] INFO:colcon.colcon_core.task.python.build:Building Python package in '/ros2_ws/src/motion_control'
[6.455s] INFO:colcon.colcon_core.shell:Skip shell extension 'powershell' for command environment: Not usable outside of PowerShell
[6.456s] DEBUG:colcon.colcon_core.shell:Skip shell extension 'dsv' for command environment
[7.484s] INFO:colcon.colcon_core.task.python.build:Building Python package in '/ros2_ws/src/rtcbot_adapter'
[7.534s] INFO:colcon.colcon_core.shell:Skip shell extension 'powershell' for command environment: Not usable outside of PowerShell
[7.535s] DEBUG:colcon.colcon_core.shell:Skip shell extension 'dsv' for command environment
[8.546s] INFO:colcon.colcon_core.task.python.build:Building Python package in '/ros2_ws/src/vision'
[8.591s] INFO:colcon.colcon_core.shell:Skip shell extension 'powershell' for command environment: Not usable outside of PowerShell
[8.592s] DEBUG:colcon.colcon_core.shell:Skip shell extension 'dsv' for command environment
[10.134s] DEBUG:colcon.colcon_core.event_handler.log_command:Invoking command in '/ros2_ws/build/motion_control': PYTHONPATH=/ros2_ws/build/motion_control/prefix_override:/ros2_ws/install/motion_control/lib/python3.10/site-packages:${PYTHONPATH} /usr/bin/python3 setup.py develop --editable --build-directory /ros2_ws/build/motion_control/build --no-deps install_data
[10.144s] DEBUG:colcon.colcon_core.event_handler.log_command:Invoking command in '/ros2_ws/build/rtcbot_adapter': PYTHONPATH=/ros2_ws/build/rtcbot_adapter/prefix_override:/ros2_ws/install/rtcbot_adapter/lib/python3.10/site-packages:${PYTHONPATH} /usr/bin/python3 setup.py develop --editable --build-directory /ros2_ws/build/rtcbot_adapter/build --no-deps install_data
[10.156s] DEBUG:colcon.colcon_core.event_handler.log_command:Invoking command in '/ros2_ws/build/vision': PYTHONPATH=/ros2_ws/build/vision/prefix_override:/ros2_ws/install/vision/lib/python3.10/site-packages:${PYTHONPATH} /usr/bin/python3 setup.py develop --editable --build-directory /ros2_ws/build/vision/build --no-deps install_data
[11.770s] Level 1:colcon.colcon_core.shell:create_environment_hook('motion_control', 'pythonpath_develop')
[11.778s] DEBUG:colcon.colcon_core.event_handler.log_command:Invoked command in '/ros2_ws/build/motion_control' returned '0': PYTHONPATH=/ros2_ws/build/motion_control/prefix_override:/ros2_ws/install/motion_control/lib/python3.10/site-packages:${PYTHONPATH} /usr/bin/python3 setup.py develop --editable --build-directory /ros2_ws/build/motion_control/build --no-deps install_data
[11.828s] INFO:colcon.colcon_core.shell:Creating environment hook '/ros2_ws/build/motion_control/share/motion_control/hook/pythonpath_develop.ps1'
[11.830s] INFO:colcon.colcon_core.shell:Creating environment descriptor '/ros2_ws/build/motion_control/share/motion_control/hook/pythonpath_develop.dsv'
[11.831s] INFO:colcon.colcon_core.shell:Creating environment hook '/ros2_ws/build/motion_control/share/motion_control/hook/pythonpath_develop.sh'
[11.896s] Level 1:colcon.colcon_core.environment:checking '/ros2_ws/install/motion_control' for CMake module files
[11.898s] Level 1:colcon.colcon_core.environment:checking '/ros2_ws/install/motion_control' for CMake config files
[11.900s] Level 1:colcon.colcon_core.environment:checking '/ros2_ws/install/motion_control/lib'
[11.901s] Level 1:colcon.colcon_core.environment:checking '/ros2_ws/install/motion_control/bin'
[11.901s] Level 1:colcon.colcon_core.environment:checking '/ros2_ws/install/motion_control/lib/pkgconfig/motion_control.pc'
[11.902s] Level 1:colcon.colcon_core.environment:checking '/ros2_ws/install/motion_control/lib/python3.10/site-packages'
[11.903s] Level 1:colcon.colcon_core.shell:create_environment_hook('motion_control', 'pythonpath')
[11.946s] INFO:colcon.colcon_core.shell:Creating environment hook '/ros2_ws/install/motion_control/share/motion_control/hook/pythonpath.ps1'
[11.948s] INFO:colcon.colcon_core.shell:Creating environment descriptor '/ros2_ws/install/motion_control/share/motion_control/hook/pythonpath.dsv'
[11.949s] INFO:colcon.colcon_core.shell:Creating environment hook '/ros2_ws/install/motion_control/share/motion_control/hook/pythonpath.sh'
[11.951s] Level 1:colcon.colcon_core.environment:checking '/ros2_ws/install/motion_control/bin'
[11.951s] Level 1:colcon.colcon_core.environment:create_environment_scripts_only(motion_control)
[11.997s] INFO:colcon.colcon_core.shell:Creating package script '/ros2_ws/install/motion_control/share/motion_control/package.ps1'
[12.002s] INFO:colcon.colcon_core.shell:Creating package descriptor '/ros2_ws/install/motion_control/share/motion_control/package.dsv'
[12.006s] INFO:colcon.colcon_core.shell:Creating package script '/ros2_ws/install/motion_control/share/motion_control/package.sh'
[12.009s] INFO:colcon.colcon_core.shell:Creating package script '/ros2_ws/install/motion_control/share/motion_control/package.bash'
[12.013s] INFO:colcon.colcon_core.shell:Creating package script '/ros2_ws/install/motion_control/share/motion_control/package.zsh'
[12.017s] Level 1:colcon.colcon_core.environment:create_file_with_runtime_dependencies(/ros2_ws/install/motion_control/share/colcon-core/packages/motion_control)
[12.019s] INFO:colcon.colcon_ros.task.ament_python.build:Building ROS package in '/ros2_ws/src/ws_server' with build type 'ament_python'
[12.020s] Level 1:colcon.colcon_core.shell:create_environment_hook('ws_server', 'ament_prefix_path')
[12.066s] INFO:colcon.colcon_core.shell:Creating environment hook '/ros2_ws/install/ws_server/share/ws_server/hook/ament_prefix_path.ps1'
[12.068s] INFO:colcon.colcon_core.shell:Creating environment descriptor '/ros2_ws/install/ws_server/share/ws_server/hook/ament_prefix_path.dsv'
[12.069s] INFO:colcon.colcon_core.shell:Creating environment hook '/ros2_ws/install/ws_server/share/ws_server/hook/ament_prefix_path.sh'
[12.113s] INFO:colcon.colcon_core.shell:Skip shell extension 'powershell' for command environment: Not usable outside of PowerShell
[12.114s] DEBUG:colcon.colcon_core.shell:Skip shell extension 'dsv' for command environment
[12.214s] Level 1:colcon.colcon_core.shell:create_environment_hook('vision', 'pythonpath_develop')
[12.216s] DEBUG:colcon.colcon_core.event_handler.log_command:Invoked command in '/ros2_ws/build/vision' returned '0': PYTHONPATH=/ros2_ws/build/vision/prefix_override:/ros2_ws/install/vision/lib/python3.10/site-packages:${PYTHONPATH} /usr/bin/python3 setup.py develop --editable --build-directory /ros2_ws/build/vision/build --no-deps install_data
[12.263s] INFO:colcon.colcon_core.shell:Creating environment hook '/ros2_ws/build/vision/share/vision/hook/pythonpath_develop.ps1'
[12.265s] INFO:colcon.colcon_core.shell:Creating environment descriptor '/ros2_ws/build/vision/share/vision/hook/pythonpath_develop.dsv'
[12.266s] INFO:colcon.colcon_core.shell:Creating environment hook '/ros2_ws/build/vision/share/vision/hook/pythonpath_develop.sh'
[12.314s] Level 1:colcon.colcon_core.environment:checking '/ros2_ws/install/vision' for CMake module files
[12.316s] Level 1:colcon.colcon_core.environment:checking '/ros2_ws/install/vision' for CMake config files
[12.318s] Level 1:colcon.colcon_core.environment:checking '/ros2_ws/install/vision/lib'
[12.318s] Level 1:colcon.colcon_core.environment:checking '/ros2_ws/install/vision/bin'
[12.318s] Level 1:colcon.colcon_core.environment:checking '/ros2_ws/install/vision/lib/pkgconfig/vision.pc'
[12.320s] Level 1:colcon.colcon_core.environment:checking '/ros2_ws/install/vision/lib/python3.10/site-packages'
[12.320s] Level 1:colcon.colcon_core.shell:create_environment_hook('vision', 'pythonpath')
[12.366s] INFO:colcon.colcon_core.shell:Creating environment hook '/ros2_ws/install/vision/share/vision/hook/pythonpath.ps1'
[12.368s] INFO:colcon.colcon_core.shell:Creating environment descriptor '/ros2_ws/install/vision/share/vision/hook/pythonpath.dsv'
[12.369s] INFO:colcon.colcon_core.shell:Creating environment hook '/ros2_ws/install/vision/share/vision/hook/pythonpath.sh'
[12.371s] Level 1:colcon.colcon_core.environment:checking '/ros2_ws/install/vision/bin'
[12.371s] Level 1:colcon.colcon_core.environment:create_environment_scripts_only(vision)
[12.417s] INFO:colcon.colcon_core.shell:Creating package script '/ros2_ws/install/vision/share/vision/package.ps1'
[12.419s] INFO:colcon.colcon_core.shell:Creating package descriptor '/ros2_ws/install/vision/share/vision/package.dsv'
[12.421s] INFO:colcon.colcon_core.shell:Creating package script '/ros2_ws/install/vision/share/vision/package.sh'
[12.423s] INFO:colcon.colcon_core.shell:Creating package script '/ros2_ws/install/vision/share/vision/package.bash'
[12.424s] INFO:colcon.colcon_core.shell:Creating package script '/ros2_ws/install/vision/share/vision/package.zsh'
[12.425s] Level 1:colcon.colcon_core.environment:create_file_with_runtime_dependencies(/ros2_ws/install/vision/share/colcon-core/packages/vision)
[12.426s] Level 1:colcon.colcon_core.shell:create_environment_hook('rtcbot_adapter', 'pythonpath_develop')
[12.434s] DEBUG:colcon.colcon_core.event_handler.log_command:Invoked command in '/ros2_ws/build/rtcbot_adapter' returned '0': PYTHONPATH=/ros2_ws/build/rtcbot_adapter/prefix_override:/ros2_ws/install/rtcbot_adapter/lib/python3.10/site-packages:${PYTHONPATH} /usr/bin/python3 setup.py develop --editable --build-directory /ros2_ws/build/rtcbot_adapter/build --no-deps install_data
[12.480s] INFO:colcon.colcon_core.shell:Creating environment hook '/ros2_ws/build/rtcbot_adapter/share/rtcbot_adapter/hook/pythonpath_develop.ps1'
[12.487s] INFO:colcon.colcon_core.shell:Creating environment descriptor '/ros2_ws/build/rtcbot_adapter/share/rtcbot_adapter/hook/pythonpath_develop.dsv'
[12.488s] INFO:colcon.colcon_core.shell:Creating environment hook '/ros2_ws/build/rtcbot_adapter/share/rtcbot_adapter/hook/pythonpath_develop.sh'
[12.536s] Level 1:colcon.colcon_core.environment:checking '/ros2_ws/install/rtcbot_adapter' for CMake module files
[12.538s] Level 1:colcon.colcon_core.environment:checking '/ros2_ws/install/rtcbot_adapter' for CMake config files
[12.541s] Level 1:colcon.colcon_core.environment:checking '/ros2_ws/install/rtcbot_adapter/lib'
[12.542s] Level 1:colcon.colcon_core.environment:checking '/ros2_ws/install/rtcbot_adapter/bin'
[12.542s] Level 1:colcon.colcon_core.environment:checking '/ros2_ws/install/rtcbot_adapter/lib/pkgconfig/rtcbot_adapter.pc'
[12.543s] Level 1:colcon.colcon_core.environment:checking '/ros2_ws/install/rtcbot_adapter/lib/python3.10/site-packages'
[12.543s] Level 1:colcon.colcon_core.shell:create_environment_hook('rtcbot_adapter', 'pythonpath')
[12.594s] INFO:colcon.colcon_core.shell:Creating environment hook '/ros2_ws/install/rtcbot_adapter/share/rtcbot_adapter/hook/pythonpath.ps1'
[12.595s] INFO:colcon.colcon_core.shell:Creating environment descriptor '/ros2_ws/install/rtcbot_adapter/share/rtcbot_adapter/hook/pythonpath.dsv'
[12.597s] INFO:colcon.colcon_core.shell:Creating environment hook '/ros2_ws/install/rtcbot_adapter/share/rtcbot_adapter/hook/pythonpath.sh'
[12.599s] Level 1:colcon.colcon_core.environment:checking '/ros2_ws/install/rtcbot_adapter/bin'
[12.600s] Level 1:colcon.colcon_core.environment:create_environment_scripts_only(rtcbot_adapter)
[12.642s] INFO:colcon.colcon_core.shell:Creating package script '/ros2_ws/install/rtcbot_adapter/share/rtcbot_adapter/package.ps1'
[12.644s] INFO:colcon.colcon_core.shell:Creating package descriptor '/ros2_ws/install/rtcbot_adapter/share/rtcbot_adapter/package.dsv'
[12.646s] INFO:colcon.colcon_core.shell:Creating package script '/ros2_ws/install/rtcbot_adapter/share/rtcbot_adapter/package.sh'
[12.648s] INFO:colcon.colcon_core.shell:Creating package script '/ros2_ws/install/rtcbot_adapter/share/rtcbot_adapter/package.bash'
[12.649s] INFO:colcon.colcon_core.shell:Creating package script '/ros2_ws/install/rtcbot_adapter/share/rtcbot_adapter/package.zsh'
[12.650s] Level 1:colcon.colcon_core.environment:create_file_with_runtime_dependencies(/ros2_ws/install/rtcbot_adapter/share/colcon-core/packages/rtcbot_adapter)
[12.660s] DEBUG:colcon.colcon_core.event_handler.log_command:Invoked command in '/ros2_ws/build/delivery_bot_package' returned '0': CMAKE_PREFIX_PATH=/opt/ros/humble /usr/bin/cmake /ros2_ws/src/delivery_bot_package -DAMENT_CMAKE_SYMLINK_INSTALL=1 -DCMAKE_INSTALL_PREFIX=/ros2_ws/install/delivery_bot_package
[12.664s] DEBUG:colcon.colcon_core.event_handler.log_command:Invoking command in '/ros2_ws/build/delivery_bot_package': CMAKE_PREFIX_PATH=/opt/ros/humble /usr/bin/cmake --build /ros2_ws/build/delivery_bot_package -- -j4 -l4
[13.586s] INFO:colcon.colcon_core.task.python.build:Building Python package in '/ros2_ws/src/ws_server'
[13.641s] INFO:colcon.colcon_core.shell:Skip shell extension 'powershell' for command environment: Not usable outside of PowerShell
[13.642s] DEBUG:colcon.colcon_core.shell:Skip shell extension 'dsv' for command environment
[15.108s] DEBUG:colcon.colcon_core.event_handler.log_command:Invoking command in '/ros2_ws/build/ws_server': PYTHONPATH=/ros2_ws/build/ws_server/prefix_override:/ros2_ws/install/ws_server/lib/python3.10/site-packages:${PYTHONPATH} /usr/bin/python3 setup.py develop --editable --build-directory /ros2_ws/build/ws_server/build --no-deps install_data
[16.673s] Level 1:colcon.colcon_core.shell:create_environment_hook('ws_server', 'pythonpath_develop')
[16.675s] DEBUG:colcon.colcon_core.event_handler.log_command:Invoked command in '/ros2_ws/build/ws_server' returned '0': PYTHONPATH=/ros2_ws/build/ws_server/prefix_override:/ros2_ws/install/ws_server/lib/python3.10/site-packages:${PYTHONPATH} /usr/bin/python3 setup.py develop --editable --build-directory /ros2_ws/build/ws_server/build --no-deps install_data
[16.724s] INFO:colcon.colcon_core.shell:Creating environment hook '/ros2_ws/build/ws_server/share/ws_server/hook/pythonpath_develop.ps1'
[16.726s] INFO:colcon.colcon_core.shell:Creating environment descriptor '/ros2_ws/build/ws_server/share/ws_server/hook/pythonpath_develop.dsv'
[16.727s] INFO:colcon.colcon_core.shell:Creating environment hook '/ros2_ws/build/ws_server/share/ws_server/hook/pythonpath_develop.sh'
[16.778s] Level 1:colcon.colcon_core.environment:checking '/ros2_ws/install/ws_server' for CMake module files
[16.780s] Level 1:colcon.colcon_core.environment:checking '/ros2_ws/install/ws_server' for CMake config files
[16.782s] Level 1:colcon.colcon_core.environment:checking '/ros2_ws/install/ws_server/lib'
[16.782s] Level 1:colcon.colcon_core.environment:checking '/ros2_ws/install/ws_server/bin'
[16.783s] Level 1:colcon.colcon_core.environment:checking '/ros2_ws/install/ws_server/lib/pkgconfig/ws_server.pc'
[16.784s] Level 1:colcon.colcon_core.environment:checking '/ros2_ws/install/ws_server/lib/python3.10/site-packages'
[16.784s] Level 1:colcon.colcon_core.shell:create_environment_hook('ws_server', 'pythonpath')
[16.834s] INFO:colcon.colcon_core.shell:Creating environment hook '/ros2_ws/install/ws_server/share/ws_server/hook/pythonpath.ps1'
[16.836s] INFO:colcon.colcon_core.shell:Creating environment descriptor '/ros2_ws/install/ws_server/share/ws_server/hook/pythonpath.dsv'
[16.837s] INFO:colcon.colcon_core.shell:Creating environment hook '/ros2_ws/install/ws_server/share/ws_server/hook/pythonpath.sh'
[16.839s] Level 1:colcon.colcon_core.environment:checking '/ros2_ws/install/ws_server/bin'
[16.840s] Level 1:colcon.colcon_core.environment:create_environment_scripts_only(ws_server)
[16.891s] INFO:colcon.colcon_core.shell:Creating package script '/ros2_ws/install/ws_server/share/ws_server/package.ps1'
[16.893s] INFO:colcon.colcon_core.shell:Creating package descriptor '/ros2_ws/install/ws_server/share/ws_server/package.dsv'
[16.896s] INFO:colcon.colcon_core.shell:Creating package script '/ros2_ws/install/ws_server/share/ws_server/package.sh'
[16.897s] INFO:colcon.colcon_core.shell:Creating package script '/ros2_ws/install/ws_server/share/ws_server/package.bash'
[16.899s] INFO:colcon.colcon_core.shell:Creating package script '/ros2_ws/install/ws_server/share/ws_server/package.zsh'
[16.900s] Level 1:colcon.colcon_core.environment:create_file_with_runtime_dependencies(/ros2_ws/install/ws_server/share/colcon-core/packages/ws_server)
[47.629s] DEBUG:colcon.colcon_core.event_handler.log_command:Invoked command in '/ros2_ws/build/delivery_bot_package' returned '0': CMAKE_PREFIX_PATH=/opt/ros/humble /usr/bin/cmake --build /ros2_ws/build/delivery_bot_package -- -j4 -l4
[47.719s] DEBUG:colcon.colcon_core.event_handler.log_command:Invoking command in '/ros2_ws/build/delivery_bot_package': CMAKE_PREFIX_PATH=/opt/ros/humble /usr/bin/cmake --install /ros2_ws/build/delivery_bot_package
[48.129s] Level 1:colcon.colcon_core.environment:create_environment_scripts_only(delivery_bot_package)
[48.130s] DEBUG:colcon.colcon_core.event_handler.log_command:Invoked command in '/ros2_ws/build/delivery_bot_package' returned '0': CMAKE_PREFIX_PATH=/opt/ros/humble /usr/bin/cmake --install /ros2_ws/build/delivery_bot_package
[48.174s] Level 1:colcon.colcon_core.environment:checking '/ros2_ws/install/delivery_bot_package' for CMake module files
[48.176s] Level 1:colcon.colcon_core.environment:checking '/ros2_ws/install/delivery_bot_package' for CMake config files
[48.177s] Level 1:colcon.colcon_core.shell:create_environment_hook('delivery_bot_package', 'cmake_prefix_path')
[48.218s] INFO:colcon.colcon_core.shell:Creating environment hook '/ros2_ws/install/delivery_bot_package/share/delivery_bot_package/hook/cmake_prefix_path.ps1'
[48.219s] INFO:colcon.colcon_core.shell:Creating environment descriptor '/ros2_ws/install/delivery_bot_package/share/delivery_bot_package/hook/cmake_prefix_path.dsv'
[48.220s] INFO:colcon.colcon_core.shell:Creating environment hook '/ros2_ws/install/delivery_bot_package/share/delivery_bot_package/hook/cmake_prefix_path.sh'
[48.222s] Level 1:colcon.colcon_core.environment:checking '/ros2_ws/install/delivery_bot_package/lib'
[48.222s] Level 1:colcon.colcon_core.environment:checking '/ros2_ws/install/delivery_bot_package/bin'
[48.223s] Level 1:colcon.colcon_core.environment:checking '/ros2_ws/install/delivery_bot_package/lib/pkgconfig/delivery_bot_package.pc'
[48.224s] Level 1:colcon.colcon_core.environment:checking '/ros2_ws/install/delivery_bot_package/lib/python3.10/site-packages'
[48.225s] Level 1:colcon.colcon_core.environment:checking '/ros2_ws/install/delivery_bot_package/bin'
[48.268s] INFO:colcon.colcon_core.shell:Creating package script '/ros2_ws/install/delivery_bot_package/share/delivery_bot_package/package.ps1'
[48.269s] INFO:colcon.colcon_core.shell:Creating package descriptor '/ros2_ws/install/delivery_bot_package/share/delivery_bot_package/package.dsv'
[48.271s] INFO:colcon.colcon_core.shell:Creating package script '/ros2_ws/install/delivery_bot_package/share/delivery_bot_package/package.sh'
[48.272s] INFO:colcon.colcon_core.shell:Creating package script '/ros2_ws/install/delivery_bot_package/share/delivery_bot_package/package.bash'
[48.273s] INFO:colcon.colcon_core.shell:Creating package script '/ros2_ws/install/delivery_bot_package/share/delivery_bot_package/package.zsh'
[48.274s] Level 1:colcon.colcon_core.environment:create_file_with_runtime_dependencies(/ros2_ws/install/delivery_bot_package/share/colcon-core/packages/delivery_bot_package)
[48.383s] Level 1:colcon.colcon_core.environment:create_environment_scripts_only(delivery_bot_package)
[48.467s] Level 1:colcon.colcon_core.environment:checking '/ros2_ws/install/delivery_bot_package' for CMake module files
[48.470s] Level 1:colcon.colcon_core.environment:checking '/ros2_ws/install/delivery_bot_package' for CMake config files
[48.471s] Level 1:colcon.colcon_core.shell:create_environment_hook('delivery_bot_package', 'cmake_prefix_path')
[48.513s] INFO:colcon.colcon_core.shell:Creating environment hook '/ros2_ws/install/delivery_bot_package/share/delivery_bot_package/hook/cmake_prefix_path.ps1'
[48.514s] INFO:colcon.colcon_core.shell:Creating environment descriptor '/ros2_ws/install/delivery_bot_package/share/delivery_bot_package/hook/cmake_prefix_path.dsv'
[48.515s] INFO:colcon.colcon_core.shell:Creating environment hook '/ros2_ws/install/delivery_bot_package/share/delivery_bot_package/hook/cmake_prefix_path.sh'
[48.517s] Level 1:colcon.colcon_core.environment:checking '/ros2_ws/install/delivery_bot_package/lib'
[48.517s] Level 1:colcon.colcon_core.environment:checking '/ros2_ws/install/delivery_bot_package/bin'
[48.518s] Level 1:colcon.colcon_core.environment:checking '/ros2_ws/install/delivery_bot_package/lib/pkgconfig/delivery_bot_package.pc'
[48.519s] Level 1:colcon.colcon_core.environment:checking '/ros2_ws/install/delivery_bot_package/lib/python3.10/site-packages'
[48.520s] Level 1:colcon.colcon_core.environment:checking '/ros2_ws/install/delivery_bot_package/bin'
[48.565s] INFO:colcon.colcon_core.shell:Creating package script '/ros2_ws/install/delivery_bot_package/share/delivery_bot_package/package.ps1'
[48.567s] INFO:colcon.colcon_core.shell:Creating package descriptor '/ros2_ws/install/delivery_bot_package/share/delivery_bot_package/package.dsv'
[48.569s] INFO:colcon.colcon_core.shell:Creating package script '/ros2_ws/install/delivery_bot_package/share/delivery_bot_package/package.sh'
[48.570s] INFO:colcon.colcon_core.shell:Creating package script '/ros2_ws/install/delivery_bot_package/share/delivery_bot_package/package.bash'
[48.572s] INFO:colcon.colcon_core.shell:Creating package script '/ros2_ws/install/delivery_bot_package/share/delivery_bot_package/package.zsh'
[48.573s] Level 1:colcon.colcon_core.environment:create_file_with_runtime_dependencies(/ros2_ws/install/delivery_bot_package/share/colcon-core/packages/delivery_bot_package)
[48.574s] DEBUG:colcon.colcon_parallel_executor.executor.parallel:closing loop
[48.575s] DEBUG:colcon.colcon_parallel_executor.executor.parallel:loop closed
[48.575s] DEBUG:colcon.colcon_parallel_executor.executor.parallel:run_until_complete finished with '0'
[48.577s] DEBUG:colcon.colcon_core.event_reactor:joining thread
[48.685s] INFO:colcon.colcon_core.plugin_system:Skipping extension 'colcon_notification.desktop_notification.notify_send': Could not find 'notify-send'
[48.686s] INFO:colcon.colcon_core.plugin_system:Skipping extension 'colcon_notification.desktop_notification.terminal_notifier': Not used on non-Darwin systems
[48.686s] INFO:colcon.colcon_core.plugin_system:Skipping extension 'colcon_notification.desktop_notification.win32': Not used on non-Windows systems
[48.686s] INFO:colcon.colcon_notification.desktop_notification:Sending desktop notification using 'notify2'
[48.686s] DEBUG:colcon.colcon_notification.desktop_notification.notify2:Failed to initialize notify2: org.freedesktop.DBus.Error.NotSupported: Unable to autolaunch a dbus-daemon without a $DISPLAY for X11
[48.687s] DEBUG:colcon.colcon_core.event_reactor:joined thread
[48.729s] INFO:colcon.colcon_core.shell:Creating prefix script '/ros2_ws/install/local_setup.ps1'
[48.736s] INFO:colcon.colcon_core.shell:Creating prefix util module '/ros2_ws/install/_local_setup_util_ps1.py'
[48.744s] INFO:colcon.colcon_core.shell:Creating prefix chain script '/ros2_ws/install/setup.ps1'
[48.792s] INFO:colcon.colcon_core.shell:Creating prefix script '/ros2_ws/install/local_setup.sh'
[48.796s] INFO:colcon.colcon_core.shell:Creating prefix util module '/ros2_ws/install/_local_setup_util_sh.py'
[48.798s] INFO:colcon.colcon_core.shell:Creating prefix chain script '/ros2_ws/install/setup.sh'
[48.845s] INFO:colcon.colcon_core.shell:Creating prefix script '/ros2_ws/install/local_setup.bash'
[48.848s] INFO:colcon.colcon_core.shell:Creating prefix chain script '/ros2_ws/install/setup.bash'
[48.895s] INFO:colcon.colcon_core.shell:Creating prefix script '/ros2_ws/install/local_setup.zsh'
[48.899s] INFO:colcon.colcon_core.shell:Creating prefix chain script '/ros2_ws/install/setup.zsh'
