-- Found ament_cmake: 1.3.5 (/opt/ros/humble/share/ament_cmake/cmake)
-- Override CMake install command with custom implementation using symlinks instead of copying resources
-- Found rclcpp: 16.0.6 (/opt/ros/humble/share/rclcpp/cmake)
-- Found rosidl_generator_c: 3.1.5 (/opt/ros/humble/share/rosidl_generator_c/cmake)
-- Found rosidl_adapter: 3.1.5 (/opt/ros/humble/share/rosidl_adapter/cmake)
-- Found rosidl_generator_cpp: 3.1.5 (/opt/ros/humble/share/rosidl_generator_cpp/cmake)
-- Using all available rosidl_typesupport_c: rosidl_typesupport_fastrtps_c;rosidl_typesupport_introspection_c
-- Using all available rosidl_typesupport_cpp: rosidl_typesupport_fastrtps_cpp;rosidl_typesupport_introspection_cpp
-- Found rmw_implementation_cmake: 6.1.1 (/opt/ros/humble/share/rmw_implementation_cmake/cmake)
-- Found rmw_fastrtps_cpp: 6.2.4 (/opt/ros/humble/share/rmw_fastrtps_cpp/cmake)
-- Using RMW implementation 'rmw_fastrtps_cpp' as default
-- Found rosidl_default_generators: 1.2.0 (/opt/ros/humble/share/rosidl_default_generators/cmake)
-- Found ament_cmake_ros: 0.10.0 (/opt/ros/humble/share/ament_cmake_ros/cmake)
-- Using all available rosidl_typesupport_c: rosidl_typesupport_fastrtps_c;rosidl_typesupport_introspection_c
-- Using all available rosidl_typesupport_cpp: rosidl_typesupport_fastrtps_cpp;rosidl_typesupport_introspection_cpp
-- Found PythonInterp: /usr/bin/python3 (found suitable version "3.10.12", minimum required is "3.6") 
-- Found python_cmake_module: 0.10.0 (/opt/ros/humble/share/python_cmake_module/cmake)
-- Found PythonLibs: /usr/lib/aarch64-linux-gnu/libpython3.10.so (found suitable version "3.10.12", minimum required is "3.5") 
-- Using PYTHON_EXECUTABLE: /usr/bin/python3
-- Using PYTHON_INCLUDE_DIRS: /usr/include/python3.10
-- Using PYTHON_LIBRARIES: /usr/lib/aarch64-linux-gnu/libpython3.10.so
-- Found PythonExtra: .so  
[31mCMake Error at CMakeLists.txt:19 (add_executable):
  add_executable cannot create target "digipot" because another target with
  the same name already exists.  The existing target is a custom target
  created in source directory "/ros2_ws/src/digipot".  See documentation for
  policy CMP0002 for more details.

[0m
[31mCMake Error at CMakeLists.txt:20 (target_include_directories):
  target_include_directories called with non-compilable target type

[0m
[31mCMake Error at CMakeLists.txt:23 (target_compile_features):
  target_compile_features called with non-compilable target type

[0m
[31mCMake Error at /opt/ros/humble/share/ament_cmake_target_dependencies/cmake/ament_target_dependencies.cmake:128 (target_compile_definitions):
  target_compile_definitions called with non-compilable target type
Call Stack (most recent call first):
  CMakeLists.txt:24 (ament_target_dependencies)

[0m
[31mCMake Error at /opt/ros/humble/share/ament_cmake_target_dependencies/cmake/ament_target_dependencies.cmake:141 (target_include_directories):
  target_include_directories called with non-compilable target type
Call Stack (most recent call first):
  CMakeLists.txt:24 (ament_target_dependencies)

[0m
[31mCMake Error at /opt/ros/humble/share/ament_cmake_target_dependencies/cmake/ament_target_dependencies.cmake:145 (target_link_libraries):
  Utility target "digipot" must not be used as the target of a
  target_link_libraries call.
Call Stack (most recent call first):
  CMakeLists.txt:24 (ament_target_dependencies)

[0m
[31mCMake Error at /opt/ros/humble/share/ament_cmake_target_dependencies/cmake/ament_target_dependencies.cmake:147 (target_include_directories):
  target_include_directories called with non-compilable target type
Call Stack (most recent call first):
  CMakeLists.txt:24 (ament_target_dependencies)

[0m
[31mCMake Error at /opt/ros/humble/share/ament_cmake_target_dependencies/cmake/ament_target_dependencies.cmake:151 (target_link_libraries):
  Utility target "digipot" must not be used as the target of a
  target_link_libraries call.
Call Stack (most recent call first):
  CMakeLists.txt:24 (ament_target_dependencies)

[0m
[31mCMake Error at CMakeLists.txt:29 (target_link_libraries):
  Utility target "digipot" must not be used as the target of a
  target_link_libraries call.

[0m
-- Found ament_lint_auto: 0.12.8 (/opt/ros/humble/share/ament_lint_auto/cmake)
-- Added test 'cppcheck' to perform static code analysis on C / C++ code
-- Configured cppcheck include dirs: 
-- Configured cppcheck exclude dirs and/or files: 
-- Added test 'lint_cmake' to check CMake code style
-- Added test 'uncrustify' to check C / C++ code style
-- Configured uncrustify additional arguments: 
-- Added test 'xmllint' to check XML markup files
-- Configuring incomplete, errors occurred!
See also "/ros2_ws/build/digipot/CMakeFiles/CMakeOutput.log".
gmake: *** [Makefile:294: cmake_check_build_system] Error 1
