[0.275s] Invoking command in '/ros2_ws/build/digipot': CMAKE_PREFIX_PATH=${CMAKE_PREFIX_PATH}:/ros2_ws/install/ws_server:/ros2_ws/install/vision:/ros2_ws/install/rtcbot_adapter:/ros2_ws/install/motion_control:/opt/ros/humble /usr/bin/cmake --build /ros2_ws/build/digipot -- -j4 -l4
[0.842s] -- Found ament_cmake: 1.3.5 (/opt/ros/humble/share/ament_cmake/cmake)
[1.445s] -- Override CMake install command with custom implementation using symlinks instead of copying resources
[1.501s] -- Found rclcpp: 16.0.6 (/opt/ros/humble/share/rclcpp/cmake)
[1.655s] -- Found rosidl_generator_c: 3.1.5 (/opt/ros/humble/share/rosidl_generator_c/cmake)
[1.670s] -- Found rosidl_adapter: 3.1.5 (/opt/ros/humble/share/rosidl_adapter/cmake)
[1.703s] -- Found rosidl_generator_cpp: 3.1.5 (/opt/ros/humble/share/rosidl_generator_cpp/cmake)
[1.769s] -- Using all available rosidl_typesupport_c: rosidl_typesupport_fastrtps_c;rosidl_typesupport_introspection_c
[1.860s] -- Using all available rosidl_typesupport_cpp: rosidl_typesupport_fastrtps_cpp;rosidl_typesupport_introspection_cpp
[2.161s] -- Found rmw_implementation_cmake: 6.1.1 (/opt/ros/humble/share/rmw_implementation_cmake/cmake)
[2.170s] -- Found rmw_fastrtps_cpp: 6.2.4 (/opt/ros/humble/share/rmw_fastrtps_cpp/cmake)
[2.648s] -- Using RMW implementation 'rmw_fastrtps_cpp' as default
[3.479s] -- Found rosidl_default_generators: 1.2.0 (/opt/ros/humble/share/rosidl_default_generators/cmake)
[4.660s] -- Found ament_cmake_ros: 0.10.0 (/opt/ros/humble/share/ament_cmake_ros/cmake)
[5.797s] -- Using all available rosidl_typesupport_c: rosidl_typesupport_fastrtps_c;rosidl_typesupport_introspection_c
[6.225s] -- Using all available rosidl_typesupport_cpp: rosidl_typesupport_fastrtps_cpp;rosidl_typesupport_introspection_cpp
[6.307s] -- Found PythonInterp: /usr/bin/python3 (found suitable version "3.10.12", minimum required is "3.6") 
[6.321s] -- Found python_cmake_module: 0.10.0 (/opt/ros/humble/share/python_cmake_module/cmake)
[6.418s] -- Found PythonLibs: /usr/lib/aarch64-linux-gnu/libpython3.10.so (found suitable version "3.10.12", minimum required is "3.5") 
[6.419s] -- Using PYTHON_EXECUTABLE: /usr/bin/python3
[6.419s] -- Using PYTHON_INCLUDE_DIRS: /usr/include/python3.10
[6.420s] -- Using PYTHON_LIBRARIES: /usr/lib/aarch64-linux-gnu/libpython3.10.so
[6.493s] -- Found PythonExtra: .so  
[6.637s] [31mCMake Error at CMakeLists.txt:19 (add_executable):
[6.637s]   add_executable cannot create target "digipot" because another target with
[6.638s]   the same name already exists.  The existing target is a custom target
[6.638s]   created in source directory "/ros2_ws/src/digipot".  See documentation for
[6.639s]   policy CMP0002 for more details.
[6.639s] 
[6.639s] [0m
[6.640s] [31mCMake Error at CMakeLists.txt:20 (target_include_directories):
[6.640s]   target_include_directories called with non-compilable target type
[6.642s] 
[6.644s] [0m
[6.644s] [31mCMake Error at CMakeLists.txt:23 (target_compile_features):
[6.645s]   target_compile_features called with non-compilable target type
[6.645s] 
[6.645s] [0m
[6.647s] [31mCMake Error at /opt/ros/humble/share/ament_cmake_target_dependencies/cmake/ament_target_dependencies.cmake:128 (target_compile_definitions):
[6.648s]   target_compile_definitions called with non-compilable target type
[6.648s] Call Stack (most recent call first):
[6.648s]   CMakeLists.txt:24 (ament_target_dependencies)
[6.649s] 
[6.649s] [0m
[6.650s] [31mCMake Error at /opt/ros/humble/share/ament_cmake_target_dependencies/cmake/ament_target_dependencies.cmake:141 (target_include_directories):
[6.650s]   target_include_directories called with non-compilable target type
[6.650s] Call Stack (most recent call first):
[6.651s]   CMakeLists.txt:24 (ament_target_dependencies)
[6.651s] 
[6.651s] [0m
[6.652s] [31mCMake Error at /opt/ros/humble/share/ament_cmake_target_dependencies/cmake/ament_target_dependencies.cmake:145 (target_link_libraries):
[6.652s]   Utility target "digipot" must not be used as the target of a
[6.652s]   target_link_libraries call.
[6.653s] Call Stack (most recent call first):
[6.653s]   CMakeLists.txt:24 (ament_target_dependencies)
[6.653s] 
[6.654s] [0m
[6.655s] [31mCMake Error at /opt/ros/humble/share/ament_cmake_target_dependencies/cmake/ament_target_dependencies.cmake:147 (target_include_directories):
[6.655s]   target_include_directories called with non-compilable target type
[6.656s] Call Stack (most recent call first):
[6.656s]   CMakeLists.txt:24 (ament_target_dependencies)
[6.657s] 
[6.658s] [0m
[6.658s] [31mCMake Error at /opt/ros/humble/share/ament_cmake_target_dependencies/cmake/ament_target_dependencies.cmake:151 (target_link_libraries):
[6.659s]   Utility target "digipot" must not be used as the target of a
[6.659s]   target_link_libraries call.
[6.660s] Call Stack (most recent call first):
[6.660s]   CMakeLists.txt:24 (ament_target_dependencies)
[6.661s] 
[6.661s] [0m
[6.662s] [31mCMake Error at CMakeLists.txt:29 (target_link_libraries):
[6.663s]   Utility target "digipot" must not be used as the target of a
[6.663s]   target_link_libraries call.
[6.664s] 
[6.664s] [0m
[6.665s] -- Found ament_lint_auto: 0.12.8 (/opt/ros/humble/share/ament_lint_auto/cmake)
[6.728s] -- Added test 'cppcheck' to perform static code analysis on C / C++ code
[6.730s] -- Configured cppcheck include dirs: 
[6.731s] -- Configured cppcheck exclude dirs and/or files: 
[6.736s] -- Added test 'lint_cmake' to check CMake code style
[6.742s] -- Added test 'uncrustify' to check C / C++ code style
[6.743s] -- Configured uncrustify additional arguments: 
[6.744s] -- Added test 'xmllint' to check XML markup files
[6.763s] -- Configuring incomplete, errors occurred!
[6.764s] See also "/ros2_ws/build/digipot/CMakeFiles/CMakeOutput.log".
[6.795s] gmake: *** [Makefile:294: cmake_check_build_system] Error 1
[6.800s] Invoked command in '/ros2_ws/build/digipot' returned '2': CMAKE_PREFIX_PATH=${CMAKE_PREFIX_PATH}:/ros2_ws/install/ws_server:/ros2_ws/install/vision:/ros2_ws/install/rtcbot_adapter:/ros2_ws/install/motion_control:/opt/ros/humble /usr/bin/cmake --build /ros2_ws/build/digipot -- -j4 -l4
