/usr/lib/python3/dist-packages/setuptools/dist.py:723: UserWarning: Usage of dash-separated 'script-dir' will not be supported in future versions. Please use the underscore name 'script_dir' instead
  warnings.warn(
running develop
/usr/lib/python3/dist-packages/setuptools/command/easy_install.py:158: EasyInstallDeprecationWarning: easy_install command is deprecated. Use build and pip and other standards-based tools.
  warnings.warn(
/usr/lib/python3/dist-packages/setuptools/command/install.py:34: SetuptoolsDeprecationWarning: setup.py install is deprecated. Use build and pip and other standards-based tools.
  warnings.warn(
running egg_info
creating ws_server.egg-info
writing ws_server.egg-info/PKG-INFO
writing dependency_links to ws_server.egg-info/dependency_links.txt
writing entry points to ws_server.egg-info/entry_points.txt
writing requirements to ws_server.egg-info/requires.txt
writing top-level names to ws_server.egg-info/top_level.txt
writing manifest file 'ws_server.egg-info/SOURCES.txt'
reading manifest file 'ws_server.egg-info/SOURCES.txt'
writing manifest file 'ws_server.egg-info/SOURCES.txt'
running build_ext
Creating /ros2_ws/install/ws_server/lib/python3.10/site-packages/ws-server.egg-link (link to .)
Installing ws_server_node script to /ros2_ws/install/ws_server/lib/ws_server

Installed /ros2_ws/build/ws_server
running install_data
creating /ros2_ws/install/ws_server/share/ament_index
creating /ros2_ws/install/ws_server/share/ament_index/resource_index
creating /ros2_ws/install/ws_server/share/ament_index/resource_index/packages
copying resource/ws_server -> /ros2_ws/install/ws_server/share/ament_index/resource_index/packages
copying package.xml -> /ros2_ws/install/ws_server/share/ws_server
