[0.546s] Invoking command in '/ros2_ws/build/digipot': CMAKE_PREFIX_PATH=/ros2_ws/install/digipot_interfaces:/ros2_ws/install/sllidar_ros2:/ros2_ws/install/digipot:/ros2_ws/install/delivery_bot_package:/ros2_ws/install/ws_server:/ros2_ws/install/vision:/ros2_ws/install/rtcbot_adapter:/ros2_ws/install/motion_control:/opt/ros/humble LD_LIBRARY_PATH=/ros2_ws/install/digipot_interfaces/lib:/ros2_ws/install/digipot/lib:/opt/ros/humble/lib/aarch64-linux-gnu:/opt/ros/humble/lib /usr/bin/cmake --build /ros2_ws/build/digipot -- -j4 -l4
[1.034s] [35m[1mConsolidate compiler generated dependencies of target digipot[0m
[1.113s] [ 33%] [32mBuilding CXX object CMakeFiles/digipot.dir/src/digipot.cpp.o[0m
[19.398s] [01m[K/ros2_ws/src/digipot/src/digipot.cpp:[m[K In member function ‘[01m[Kvoid DigipotNode::teleopCallback(geometry_msgs::msg::Twist_<std::allocator<void> >::SharedPtr)[m[K’:
[19.399s] [01m[K/ros2_ws/src/digipot/src/digipot.cpp:159:13:[m[K [01;35m[Kwarning: [m[Kunused variable ‘[01m[Kvalue[m[K’ [[01;35m[K-Wunused-variable[m[K]
[19.400s]   159 |     uint8_t [01;35m[Kvalue[m[K = digipot_.get() + msg->linear.x;
[19.400s]       |             [01;35m[K^~~~~[m[K
[84.809s] [ 66%] [32m[1mLinking CXX executable digipot[0m
[89.108s] [100%] Built target digipot
[89.158s] Invoked command in '/ros2_ws/build/digipot' returned '0': CMAKE_PREFIX_PATH=/ros2_ws/install/digipot_interfaces:/ros2_ws/install/sllidar_ros2:/ros2_ws/install/digipot:/ros2_ws/install/delivery_bot_package:/ros2_ws/install/ws_server:/ros2_ws/install/vision:/ros2_ws/install/rtcbot_adapter:/ros2_ws/install/motion_control:/opt/ros/humble LD_LIBRARY_PATH=/ros2_ws/install/digipot_interfaces/lib:/ros2_ws/install/digipot/lib:/opt/ros/humble/lib/aarch64-linux-gnu:/opt/ros/humble/lib /usr/bin/cmake --build /ros2_ws/build/digipot -- -j4 -l4
[89.328s] Invoking command in '/ros2_ws/build/digipot': CMAKE_PREFIX_PATH=/ros2_ws/install/digipot_interfaces:/ros2_ws/install/sllidar_ros2:/ros2_ws/install/digipot:/ros2_ws/install/delivery_bot_package:/ros2_ws/install/ws_server:/ros2_ws/install/vision:/ros2_ws/install/rtcbot_adapter:/ros2_ws/install/motion_control:/opt/ros/humble LD_LIBRARY_PATH=/ros2_ws/install/digipot_interfaces/lib:/ros2_ws/install/digipot/lib:/opt/ros/humble/lib/aarch64-linux-gnu:/opt/ros/humble/lib /usr/bin/cmake --install /ros2_ws/build/digipot
[89.357s] -- Install configuration: ""
[89.361s] -- Execute custom install script
[89.363s] -- Up-to-date symlink: /ros2_ws/install/digipot/lib/digipot/digipot
[89.369s] -- Up-to-date symlink: /ros2_ws/install/digipot/share/ament_index/resource_index/package_run_dependencies/digipot
[89.374s] -- Up-to-date symlink: /ros2_ws/install/digipot/share/ament_index/resource_index/parent_prefix_path/digipot
[89.376s] -- Up-to-date symlink: /ros2_ws/install/digipot/share/digipot/environment/ament_prefix_path.sh
[89.380s] -- Up-to-date symlink: /ros2_ws/install/digipot/share/digipot/environment/ament_prefix_path.dsv
[89.380s] -- Up-to-date symlink: /ros2_ws/install/digipot/share/digipot/environment/path.sh
[89.381s] -- Up-to-date symlink: /ros2_ws/install/digipot/share/digipot/environment/path.dsv
[89.381s] -- Up-to-date symlink: /ros2_ws/install/digipot/share/digipot/local_setup.bash
[89.383s] -- Up-to-date symlink: /ros2_ws/install/digipot/share/digipot/local_setup.sh
[89.384s] -- Up-to-date symlink: /ros2_ws/install/digipot/share/digipot/local_setup.zsh
[89.385s] -- Up-to-date symlink: /ros2_ws/install/digipot/share/digipot/local_setup.dsv
[89.388s] -- Symlinking: /ros2_ws/install/digipot/share/digipot/package.dsv
[89.421s] -- Up-to-date symlink: /ros2_ws/install/digipot/share/ament_index/resource_index/packages/digipot
[89.423s] -- Up-to-date symlink: /ros2_ws/install/digipot/share/digipot/cmake/digipotConfig.cmake
[89.424s] -- Up-to-date symlink: /ros2_ws/install/digipot/share/digipot/cmake/digipotConfig-version.cmake
[89.430s] -- Up-to-date symlink: /ros2_ws/install/digipot/share/digipot/package.xml
[89.436s] Invoked command in '/ros2_ws/build/digipot' returned '0': CMAKE_PREFIX_PATH=/ros2_ws/install/digipot_interfaces:/ros2_ws/install/sllidar_ros2:/ros2_ws/install/digipot:/ros2_ws/install/delivery_bot_package:/ros2_ws/install/ws_server:/ros2_ws/install/vision:/ros2_ws/install/rtcbot_adapter:/ros2_ws/install/motion_control:/opt/ros/humble LD_LIBRARY_PATH=/ros2_ws/install/digipot_interfaces/lib:/ros2_ws/install/digipot/lib:/opt/ros/humble/lib/aarch64-linux-gnu:/opt/ros/humble/lib /usr/bin/cmake --install /ros2_ws/build/digipot
