[0.363s] Invoking command in '/ros2_ws/build/digipot': CMAKE_PREFIX_PATH=/ros2_ws/install/digipot_interfaces:/ros2_ws/install/sllidar_ros2:/ros2_ws/install/digipot:/ros2_ws/install/delivery_bot_package:/ros2_ws/install/ws_server:/ros2_ws/install/vision:/ros2_ws/install/rtcbot_adapter:/ros2_ws/install/motion_control:/opt/ros/humble LD_LIBRARY_PATH=/ros2_ws/install/digipot_interfaces/lib:/ros2_ws/install/digipot/lib:/opt/ros/humble/lib/aarch64-linux-gnu:/opt/ros/humble/lib /usr/bin/cmake --build /ros2_ws/build/digipot -- -j4 -l4
[0.563s] [35m[1mConsolidate compiler generated dependencies of target digipot[0m
[0.682s] [ 33%] [32mBuilding CXX object CMakeFiles/digipot.dir/src/digipot.cpp.o[0m
[14.068s] [01m[K/ros2_ws/src/digipot/src/digipot.cpp:[m[K In member function ‘[01m[Kvoid DigipotNode::teleopCallback(geometry_msgs::msg::Twist_<std::allocator<void> >::SharedPtr)[m[K’:
[14.068s] [01m[K/ros2_ws/src/digipot/src/digipot.cpp:159:13:[m[K [01;35m[Kwarning: [m[Kunused variable ‘[01m[Kvalue[m[K’ [[01;35m[K-Wunused-variable[m[K]
[14.069s]   159 |     uint8_t [01;35m[Kvalue[m[K = digipot_.get() + msg->linear.x;
[14.069s]       |             [01;35m[K^~~~~[m[K
[79.796s] [ 66%] [32m[1mLinking CXX executable digipot[0m
[84.206s] [100%] Built target digipot
[84.251s] Invoked command in '/ros2_ws/build/digipot' returned '0': CMAKE_PREFIX_PATH=/ros2_ws/install/digipot_interfaces:/ros2_ws/install/sllidar_ros2:/ros2_ws/install/digipot:/ros2_ws/install/delivery_bot_package:/ros2_ws/install/ws_server:/ros2_ws/install/vision:/ros2_ws/install/rtcbot_adapter:/ros2_ws/install/motion_control:/opt/ros/humble LD_LIBRARY_PATH=/ros2_ws/install/digipot_interfaces/lib:/ros2_ws/install/digipot/lib:/opt/ros/humble/lib/aarch64-linux-gnu:/opt/ros/humble/lib /usr/bin/cmake --build /ros2_ws/build/digipot -- -j4 -l4
[84.481s] Invoking command in '/ros2_ws/build/digipot': CMAKE_PREFIX_PATH=/ros2_ws/install/digipot_interfaces:/ros2_ws/install/sllidar_ros2:/ros2_ws/install/digipot:/ros2_ws/install/delivery_bot_package:/ros2_ws/install/ws_server:/ros2_ws/install/vision:/ros2_ws/install/rtcbot_adapter:/ros2_ws/install/motion_control:/opt/ros/humble LD_LIBRARY_PATH=/ros2_ws/install/digipot_interfaces/lib:/ros2_ws/install/digipot/lib:/opt/ros/humble/lib/aarch64-linux-gnu:/opt/ros/humble/lib /usr/bin/cmake --install /ros2_ws/build/digipot
[84.516s] -- Install configuration: ""
[84.528s] -- Execute custom install script
[84.529s] -- Up-to-date symlink: /ros2_ws/install/digipot/lib/digipot/digipot
[84.532s] -- Up-to-date symlink: /ros2_ws/install/digipot/share/ament_index/resource_index/package_run_dependencies/digipot
[84.533s] -- Up-to-date symlink: /ros2_ws/install/digipot/share/ament_index/resource_index/parent_prefix_path/digipot
[84.537s] -- Up-to-date symlink: /ros2_ws/install/digipot/share/digipot/environment/ament_prefix_path.sh
[84.537s] -- Up-to-date symlink: /ros2_ws/install/digipot/share/digipot/environment/ament_prefix_path.dsv
[84.538s] -- Up-to-date symlink: /ros2_ws/install/digipot/share/digipot/environment/path.sh
[84.539s] -- Up-to-date symlink: /ros2_ws/install/digipot/share/digipot/environment/path.dsv
[84.540s] -- Up-to-date symlink: /ros2_ws/install/digipot/share/digipot/local_setup.bash
[84.541s] -- Up-to-date symlink: /ros2_ws/install/digipot/share/digipot/local_setup.sh
[84.542s] -- Up-to-date symlink: /ros2_ws/install/digipot/share/digipot/local_setup.zsh
[84.543s] -- Up-to-date symlink: /ros2_ws/install/digipot/share/digipot/local_setup.dsv
[84.544s] -- Symlinking: /ros2_ws/install/digipot/share/digipot/package.dsv
[84.575s] -- Up-to-date symlink: /ros2_ws/install/digipot/share/ament_index/resource_index/packages/digipot
[84.576s] -- Up-to-date symlink: /ros2_ws/install/digipot/share/digipot/cmake/digipotConfig.cmake
[84.577s] -- Up-to-date symlink: /ros2_ws/install/digipot/share/digipot/cmake/digipotConfig-version.cmake
[84.578s] -- Up-to-date symlink: /ros2_ws/install/digipot/share/digipot/package.xml
[84.585s] Invoked command in '/ros2_ws/build/digipot' returned '0': CMAKE_PREFIX_PATH=/ros2_ws/install/digipot_interfaces:/ros2_ws/install/sllidar_ros2:/ros2_ws/install/digipot:/ros2_ws/install/delivery_bot_package:/ros2_ws/install/ws_server:/ros2_ws/install/vision:/ros2_ws/install/rtcbot_adapter:/ros2_ws/install/motion_control:/opt/ros/humble LD_LIBRARY_PATH=/ros2_ws/install/digipot_interfaces/lib:/ros2_ws/install/digipot/lib:/opt/ros/humble/lib/aarch64-linux-gnu:/opt/ros/humble/lib /usr/bin/cmake --install /ros2_ws/build/digipot
