[5.333s] DEBUG:colcon:Command line arguments: ['/usr/bin/colcon', 'build', '--symlink-install', '--packages-select', 'digipot']
[5.334s] DEBUG:colcon:Parsed command line arguments: Namespace(log_base=None, log_level=None, verb_name='build', build_base='build', install_base='install', merge_install=False, symlink_install=True, test_result_base=None, continue_on_error=False, executor='parallel', parallel_workers=4, event_handlers=None, ignore_user_meta=False, metas=['./colcon.meta'], base_paths=['.'], packages_ignore=None, packages_ignore_regex=None, paths=None, packages_up_to=None, packages_up_to_regex=None, packages_above=None, packages_above_and_dependencies=None, packages_above_depth=None, packages_select_by_dep=None, packages_skip_by_dep=None, packages_skip_up_to=None, packages_select_build_failed=False, packages_skip_build_finished=False, packages_select_test_failures=False, packages_skip_test_passed=False, packages_select=['digipot'], packages_skip=None, packages_select_regex=None, packages_skip_regex=None, packages_start=None, packages_end=None, cmake_args=None, cmake_target=None, cmake_target_skip_unavailable=False, cmake_clean_cache=False, cmake_clean_first=False, cmake_force_configure=False, ament_cmake_args=None, catkin_cmake_args=None, catkin_skip_building_tests=False, mixin_files=None, mixin=None, verb_parser=<colcon_mixin.mixin.mixin_argument.MixinArgumentDecorator object at 0x7fa1160610>, verb_extension=<colcon_core.verb.build.BuildVerb object at 0x7fa1160b80>, main=<bound method BuildVerb.main of <colcon_core.verb.build.BuildVerb object at 0x7fa1160b80>>, mixin_verb=('build',))
[5.550s] Level 1:colcon.colcon_core.package_discovery:discover_packages(colcon_meta) check parameters
[5.554s] INFO:colcon.colcon_metadata.package_discovery.colcon_meta:Using configuration from '/root/.colcon/metadata/default/Gazebo.meta'
[5.558s] INFO:colcon.colcon_metadata.package_discovery.colcon_meta:Using configuration from '/root/.colcon/metadata/default/fastrtps.meta'
[5.559s] Level 1:colcon.colcon_core.package_discovery:discover_packages(recursive) check parameters
[5.559s] Level 1:colcon.colcon_core.package_discovery:discover_packages(ignore) check parameters
[5.560s] Level 1:colcon.colcon_core.package_discovery:discover_packages(path) check parameters
[5.560s] Level 1:colcon.colcon_core.package_discovery:discover_packages(colcon_meta) discover
[5.561s] Level 1:colcon.colcon_core.package_discovery:discover_packages(recursive) discover
[5.562s] INFO:colcon.colcon_core.package_discovery:Crawling recursively for packages in '/ros2_ws'
[5.562s] Level 1:colcon.colcon_core.package_identification:_identify(.) by extensions ['ignore', 'ignore_ament_install']
[5.563s] Level 1:colcon.colcon_core.package_identification:_identify(.) by extension 'ignore'
[5.564s] Level 1:colcon.colcon_core.package_identification:_identify(.) by extension 'ignore_ament_install'
[5.565s] Level 1:colcon.colcon_core.package_identification:_identify(.) by extensions ['colcon_pkg']
[5.565s] Level 1:colcon.colcon_core.package_identification:_identify(.) by extension 'colcon_pkg'
[5.566s] Level 1:colcon.colcon_core.package_identification:_identify(.) by extensions ['colcon_meta']
[5.566s] Level 1:colcon.colcon_core.package_identification:_identify(.) by extension 'colcon_meta'
[5.567s] Level 1:colcon.colcon_core.package_identification:_identify(.) by extensions ['ros']
[5.568s] Level 1:colcon.colcon_core.package_identification:_identify(.) by extension 'ros'
[5.631s] Level 1:colcon.colcon_core.package_identification:_identify(.) by extensions ['cmake', 'python']
[5.631s] Level 1:colcon.colcon_core.package_identification:_identify(.) by extension 'cmake'
[5.632s] Level 1:colcon.colcon_core.package_identification:_identify(.) by extension 'python'
[5.632s] Level 1:colcon.colcon_core.package_identification:_identify(.) by extensions ['python_setup_py']
[5.633s] Level 1:colcon.colcon_core.package_identification:_identify(.) by extension 'python_setup_py'
[5.634s] Level 1:colcon.colcon_core.package_identification:_identify(build) by extensions ['ignore', 'ignore_ament_install']
[5.635s] Level 1:colcon.colcon_core.package_identification:_identify(build) by extension 'ignore'
[5.635s] Level 1:colcon.colcon_core.package_identification:_identify(build) ignored
[5.636s] Level 1:colcon.colcon_core.package_identification:_identify(install) by extensions ['ignore', 'ignore_ament_install']
[5.637s] Level 1:colcon.colcon_core.package_identification:_identify(install) by extension 'ignore'
[5.638s] Level 1:colcon.colcon_core.package_identification:_identify(install) ignored
[5.639s] Level 1:colcon.colcon_core.package_identification:_identify(log) by extensions ['ignore', 'ignore_ament_install']
[5.640s] Level 1:colcon.colcon_core.package_identification:_identify(log) by extension 'ignore'
[5.641s] Level 1:colcon.colcon_core.package_identification:_identify(log) ignored
[5.642s] Level 1:colcon.colcon_core.package_identification:_identify(src) by extensions ['ignore', 'ignore_ament_install']
[5.642s] Level 1:colcon.colcon_core.package_identification:_identify(src) by extension 'ignore'
[5.643s] Level 1:colcon.colcon_core.package_identification:_identify(src) by extension 'ignore_ament_install'
[5.643s] Level 1:colcon.colcon_core.package_identification:_identify(src) by extensions ['colcon_pkg']
[5.644s] Level 1:colcon.colcon_core.package_identification:_identify(src) by extension 'colcon_pkg'
[5.644s] Level 1:colcon.colcon_core.package_identification:_identify(src) by extensions ['colcon_meta']
[5.644s] Level 1:colcon.colcon_core.package_identification:_identify(src) by extension 'colcon_meta'
[5.644s] Level 1:colcon.colcon_core.package_identification:_identify(src) by extensions ['ros']
[5.645s] Level 1:colcon.colcon_core.package_identification:_identify(src) by extension 'ros'
[5.645s] Level 1:colcon.colcon_core.package_identification:_identify(src) by extensions ['cmake', 'python']
[5.645s] Level 1:colcon.colcon_core.package_identification:_identify(src) by extension 'cmake'
[5.646s] Level 1:colcon.colcon_core.package_identification:_identify(src) by extension 'python'
[5.646s] Level 1:colcon.colcon_core.package_identification:_identify(src) by extensions ['python_setup_py']
[5.646s] Level 1:colcon.colcon_core.package_identification:_identify(src) by extension 'python_setup_py'
[5.647s] Level 1:colcon.colcon_core.package_identification:_identify(src/delivery_bot_package) by extensions ['ignore', 'ignore_ament_install']
[5.647s] Level 1:colcon.colcon_core.package_identification:_identify(src/delivery_bot_package) by extension 'ignore'
[5.647s] Level 1:colcon.colcon_core.package_identification:_identify(src/delivery_bot_package) by extension 'ignore_ament_install'
[5.648s] Level 1:colcon.colcon_core.package_identification:_identify(src/delivery_bot_package) by extensions ['colcon_pkg']
[5.648s] Level 1:colcon.colcon_core.package_identification:_identify(src/delivery_bot_package) by extension 'colcon_pkg'
[5.648s] Level 1:colcon.colcon_core.package_identification:_identify(src/delivery_bot_package) by extensions ['colcon_meta']
[5.648s] Level 1:colcon.colcon_core.package_identification:_identify(src/delivery_bot_package) by extension 'colcon_meta'
[5.648s] Level 1:colcon.colcon_core.package_identification:_identify(src/delivery_bot_package) by extensions ['ros']
[5.649s] Level 1:colcon.colcon_core.package_identification:_identify(src/delivery_bot_package) by extension 'ros'
[5.661s] DEBUG:colcon.colcon_core.package_identification:Package 'src/delivery_bot_package' with type 'ros.ament_cmake' and name 'delivery_bot_package'
[5.662s] Level 1:colcon.colcon_core.package_identification:_identify(src/digipot) by extensions ['ignore', 'ignore_ament_install']
[5.663s] Level 1:colcon.colcon_core.package_identification:_identify(src/digipot) by extension 'ignore'
[5.663s] Level 1:colcon.colcon_core.package_identification:_identify(src/digipot) by extension 'ignore_ament_install'
[5.664s] Level 1:colcon.colcon_core.package_identification:_identify(src/digipot) by extensions ['colcon_pkg']
[5.664s] Level 1:colcon.colcon_core.package_identification:_identify(src/digipot) by extension 'colcon_pkg'
[5.664s] Level 1:colcon.colcon_core.package_identification:_identify(src/digipot) by extensions ['colcon_meta']
[5.664s] Level 1:colcon.colcon_core.package_identification:_identify(src/digipot) by extension 'colcon_meta'
[5.664s] Level 1:colcon.colcon_core.package_identification:_identify(src/digipot) by extensions ['ros']
[5.665s] Level 1:colcon.colcon_core.package_identification:_identify(src/digipot) by extension 'ros'
[5.669s] DEBUG:colcon.colcon_core.package_identification:Package 'src/digipot' with type 'ros.ament_cmake' and name 'digipot'
[5.669s] Level 1:colcon.colcon_core.package_identification:_identify(src/digipot_interfaces) by extensions ['ignore', 'ignore_ament_install']
[5.670s] Level 1:colcon.colcon_core.package_identification:_identify(src/digipot_interfaces) by extension 'ignore'
[5.670s] Level 1:colcon.colcon_core.package_identification:_identify(src/digipot_interfaces) by extension 'ignore_ament_install'
[5.670s] Level 1:colcon.colcon_core.package_identification:_identify(src/digipot_interfaces) by extensions ['colcon_pkg']
[5.671s] Level 1:colcon.colcon_core.package_identification:_identify(src/digipot_interfaces) by extension 'colcon_pkg'
[5.671s] Level 1:colcon.colcon_core.package_identification:_identify(src/digipot_interfaces) by extensions ['colcon_meta']
[5.671s] Level 1:colcon.colcon_core.package_identification:_identify(src/digipot_interfaces) by extension 'colcon_meta'
[5.671s] Level 1:colcon.colcon_core.package_identification:_identify(src/digipot_interfaces) by extensions ['ros']
[5.671s] Level 1:colcon.colcon_core.package_identification:_identify(src/digipot_interfaces) by extension 'ros'
[5.678s] DEBUG:colcon.colcon_core.package_identification:Package 'src/digipot_interfaces' with type 'ros.ament_cmake' and name 'digipot_interfaces'
[5.678s] Level 1:colcon.colcon_core.package_identification:_identify(src/motion_control) by extensions ['ignore', 'ignore_ament_install']
[5.679s] Level 1:colcon.colcon_core.package_identification:_identify(src/motion_control) by extension 'ignore'
[5.679s] Level 1:colcon.colcon_core.package_identification:_identify(src/motion_control) by extension 'ignore_ament_install'
[5.679s] Level 1:colcon.colcon_core.package_identification:_identify(src/motion_control) by extensions ['colcon_pkg']
[5.680s] Level 1:colcon.colcon_core.package_identification:_identify(src/motion_control) by extension 'colcon_pkg'
[5.680s] Level 1:colcon.colcon_core.package_identification:_identify(src/motion_control) by extensions ['colcon_meta']
[5.680s] Level 1:colcon.colcon_core.package_identification:_identify(src/motion_control) by extension 'colcon_meta'
[5.680s] Level 1:colcon.colcon_core.package_identification:_identify(src/motion_control) by extensions ['ros']
[5.680s] Level 1:colcon.colcon_core.package_identification:_identify(src/motion_control) by extension 'ros'
[5.683s] DEBUG:colcon.colcon_core.package_identification:Package 'src/motion_control' with type 'ros.ament_python' and name 'motion_control'
[5.684s] Level 1:colcon.colcon_core.package_identification:_identify(src/rtcbot_adapter) by extensions ['ignore', 'ignore_ament_install']
[5.684s] Level 1:colcon.colcon_core.package_identification:_identify(src/rtcbot_adapter) by extension 'ignore'
[5.685s] Level 1:colcon.colcon_core.package_identification:_identify(src/rtcbot_adapter) by extension 'ignore_ament_install'
[5.685s] Level 1:colcon.colcon_core.package_identification:_identify(src/rtcbot_adapter) by extensions ['colcon_pkg']
[5.685s] Level 1:colcon.colcon_core.package_identification:_identify(src/rtcbot_adapter) by extension 'colcon_pkg'
[5.686s] Level 1:colcon.colcon_core.package_identification:_identify(src/rtcbot_adapter) by extensions ['colcon_meta']
[5.686s] Level 1:colcon.colcon_core.package_identification:_identify(src/rtcbot_adapter) by extension 'colcon_meta'
[5.686s] Level 1:colcon.colcon_core.package_identification:_identify(src/rtcbot_adapter) by extensions ['ros']
[5.686s] Level 1:colcon.colcon_core.package_identification:_identify(src/rtcbot_adapter) by extension 'ros'
[5.690s] DEBUG:colcon.colcon_core.package_identification:Package 'src/rtcbot_adapter' with type 'ros.ament_python' and name 'rtcbot_adapter'
[5.690s] Level 1:colcon.colcon_core.package_identification:_identify(src/sllidar_ros2) by extensions ['ignore', 'ignore_ament_install']
[5.691s] Level 1:colcon.colcon_core.package_identification:_identify(src/sllidar_ros2) by extension 'ignore'
[5.691s] Level 1:colcon.colcon_core.package_identification:_identify(src/sllidar_ros2) by extension 'ignore_ament_install'
[5.692s] Level 1:colcon.colcon_core.package_identification:_identify(src/sllidar_ros2) by extensions ['colcon_pkg']
[5.692s] Level 1:colcon.colcon_core.package_identification:_identify(src/sllidar_ros2) by extension 'colcon_pkg'
[5.692s] Level 1:colcon.colcon_core.package_identification:_identify(src/sllidar_ros2) by extensions ['colcon_meta']
[5.692s] Level 1:colcon.colcon_core.package_identification:_identify(src/sllidar_ros2) by extension 'colcon_meta'
[5.692s] Level 1:colcon.colcon_core.package_identification:_identify(src/sllidar_ros2) by extensions ['ros']
[5.693s] Level 1:colcon.colcon_core.package_identification:_identify(src/sllidar_ros2) by extension 'ros'
[5.707s] DEBUG:colcon.colcon_core.package_identification:Package 'src/sllidar_ros2' with type 'ros.ament_cmake' and name 'sllidar_ros2'
[5.708s] Level 1:colcon.colcon_core.package_identification:_identify(src/vision) by extensions ['ignore', 'ignore_ament_install']
[5.709s] Level 1:colcon.colcon_core.package_identification:_identify(src/vision) by extension 'ignore'
[5.709s] Level 1:colcon.colcon_core.package_identification:_identify(src/vision) by extension 'ignore_ament_install'
[5.710s] Level 1:colcon.colcon_core.package_identification:_identify(src/vision) by extensions ['colcon_pkg']
[5.710s] Level 1:colcon.colcon_core.package_identification:_identify(src/vision) by extension 'colcon_pkg'
[5.710s] Level 1:colcon.colcon_core.package_identification:_identify(src/vision) by extensions ['colcon_meta']
[5.710s] Level 1:colcon.colcon_core.package_identification:_identify(src/vision) by extension 'colcon_meta'
[5.711s] Level 1:colcon.colcon_core.package_identification:_identify(src/vision) by extensions ['ros']
[5.711s] Level 1:colcon.colcon_core.package_identification:_identify(src/vision) by extension 'ros'
[5.716s] DEBUG:colcon.colcon_core.package_identification:Package 'src/vision' with type 'ros.ament_python' and name 'vision'
[5.717s] Level 1:colcon.colcon_core.package_identification:_identify(src/ws_server) by extensions ['ignore', 'ignore_ament_install']
[5.717s] Level 1:colcon.colcon_core.package_identification:_identify(src/ws_server) by extension 'ignore'
[5.718s] Level 1:colcon.colcon_core.package_identification:_identify(src/ws_server) by extension 'ignore_ament_install'
[5.718s] Level 1:colcon.colcon_core.package_identification:_identify(src/ws_server) by extensions ['colcon_pkg']
[5.718s] Level 1:colcon.colcon_core.package_identification:_identify(src/ws_server) by extension 'colcon_pkg'
[5.718s] Level 1:colcon.colcon_core.package_identification:_identify(src/ws_server) by extensions ['colcon_meta']
[5.719s] Level 1:colcon.colcon_core.package_identification:_identify(src/ws_server) by extension 'colcon_meta'
[5.719s] Level 1:colcon.colcon_core.package_identification:_identify(src/ws_server) by extensions ['ros']
[5.720s] Level 1:colcon.colcon_core.package_identification:_identify(src/ws_server) by extension 'ros'
[5.723s] DEBUG:colcon.colcon_core.package_identification:Package 'src/ws_server' with type 'ros.ament_python' and name 'ws_server'
[5.723s] Level 1:colcon.colcon_core.package_discovery:discover_packages(recursive) using defaults
[5.724s] Level 1:colcon.colcon_core.package_discovery:discover_packages(ignore) discover
[5.724s] Level 1:colcon.colcon_core.package_discovery:discover_packages(ignore) using defaults
[5.724s] Level 1:colcon.colcon_core.package_discovery:discover_packages(path) discover
[5.724s] Level 1:colcon.colcon_core.package_discovery:discover_packages(path) using defaults
[6.025s] INFO:colcon.colcon_core.package_selection:Skipping not selected package 'delivery_bot_package' in 'src/delivery_bot_package'
[6.025s] INFO:colcon.colcon_core.package_selection:Skipping not selected package 'digipot_interfaces' in 'src/digipot_interfaces'
[6.026s] INFO:colcon.colcon_core.package_selection:Skipping not selected package 'motion_control' in 'src/motion_control'
[6.026s] INFO:colcon.colcon_core.package_selection:Skipping not selected package 'rtcbot_adapter' in 'src/rtcbot_adapter'
[6.026s] INFO:colcon.colcon_core.package_selection:Skipping not selected package 'sllidar_ros2' in 'src/sllidar_ros2'
[6.026s] INFO:colcon.colcon_core.package_selection:Skipping not selected package 'vision' in 'src/vision'
[6.026s] INFO:colcon.colcon_core.package_selection:Skipping not selected package 'ws_server' in 'src/ws_server'
[6.086s] Level 5:colcon.colcon_core.verb:set package 'digipot' build argument 'cmake_args' from command line to 'None'
[6.087s] Level 5:colcon.colcon_core.verb:set package 'digipot' build argument 'cmake_target' from command line to 'None'
[6.087s] Level 5:colcon.colcon_core.verb:set package 'digipot' build argument 'cmake_target_skip_unavailable' from command line to 'False'
[6.087s] Level 5:colcon.colcon_core.verb:set package 'digipot' build argument 'cmake_clean_cache' from command line to 'False'
[6.087s] Level 5:colcon.colcon_core.verb:set package 'digipot' build argument 'cmake_clean_first' from command line to 'False'
[6.087s] Level 5:colcon.colcon_core.verb:set package 'digipot' build argument 'cmake_force_configure' from command line to 'False'
[6.088s] Level 5:colcon.colcon_core.verb:set package 'digipot' build argument 'ament_cmake_args' from command line to 'None'
[6.088s] Level 5:colcon.colcon_core.verb:set package 'digipot' build argument 'catkin_cmake_args' from command line to 'None'
[6.088s] Level 5:colcon.colcon_core.verb:set package 'digipot' build argument 'catkin_skip_building_tests' from command line to 'False'
[6.088s] DEBUG:colcon.colcon_core.verb:Building package 'digipot' with the following arguments: {'ament_cmake_args': None, 'build_base': '/ros2_ws/build/digipot', 'catkin_cmake_args': None, 'catkin_skip_building_tests': False, 'cmake_args': None, 'cmake_clean_cache': False, 'cmake_clean_first': False, 'cmake_force_configure': False, 'cmake_target': None, 'cmake_target_skip_unavailable': False, 'install_base': '/ros2_ws/install/digipot', 'merge_install': False, 'path': '/ros2_ws/src/digipot', 'symlink_install': True, 'test_result_base': None}
[6.133s] INFO:colcon.colcon_core.executor:Executing jobs using 'parallel' executor
[6.194s] DEBUG:colcon.colcon_parallel_executor.executor.parallel:run_until_complete
[6.196s] INFO:colcon.colcon_ros.task.ament_cmake.build:Building ROS package in '/ros2_ws/src/digipot' with build type 'ament_cmake'
[6.197s] INFO:colcon.colcon_cmake.task.cmake.build:Building CMake package in '/ros2_ws/src/digipot'
[6.272s] INFO:colcon.colcon_core.plugin_system:Skipping extension 'colcon_core.shell.bat': Not used on non-Windows systems
[6.274s] INFO:colcon.colcon_core.shell:Skip shell extension 'powershell' for command environment: Not usable outside of PowerShell
[6.274s] DEBUG:colcon.colcon_core.shell:Skip shell extension 'dsv' for command environment
[6.609s] DEBUG:colcon.colcon_core.event_handler.log_command:Invoking command in '/ros2_ws/build/digipot': CMAKE_PREFIX_PATH=/ros2_ws/install/digipot_interfaces:/ros2_ws/install/sllidar_ros2:/ros2_ws/install/digipot:/ros2_ws/install/delivery_bot_package:/ros2_ws/install/ws_server:/ros2_ws/install/vision:/ros2_ws/install/rtcbot_adapter:/ros2_ws/install/motion_control:/opt/ros/humble LD_LIBRARY_PATH=/ros2_ws/install/digipot_interfaces/lib:/ros2_ws/install/digipot/lib:/opt/ros/humble/lib/aarch64-linux-gnu:/opt/ros/humble/lib /usr/bin/cmake --build /ros2_ws/build/digipot -- -j4 -l4
[78.121s] DEBUG:colcon.colcon_core.event_handler.log_command:Invoked command in '/ros2_ws/build/digipot' returned '0': CMAKE_PREFIX_PATH=/ros2_ws/install/digipot_interfaces:/ros2_ws/install/sllidar_ros2:/ros2_ws/install/digipot:/ros2_ws/install/delivery_bot_package:/ros2_ws/install/ws_server:/ros2_ws/install/vision:/ros2_ws/install/rtcbot_adapter:/ros2_ws/install/motion_control:/opt/ros/humble LD_LIBRARY_PATH=/ros2_ws/install/digipot_interfaces/lib:/ros2_ws/install/digipot/lib:/opt/ros/humble/lib/aarch64-linux-gnu:/opt/ros/humble/lib /usr/bin/cmake --build /ros2_ws/build/digipot -- -j4 -l4
[78.248s] DEBUG:colcon.colcon_core.event_handler.log_command:Invoking command in '/ros2_ws/build/digipot': CMAKE_PREFIX_PATH=/ros2_ws/install/digipot_interfaces:/ros2_ws/install/sllidar_ros2:/ros2_ws/install/digipot:/ros2_ws/install/delivery_bot_package:/ros2_ws/install/ws_server:/ros2_ws/install/vision:/ros2_ws/install/rtcbot_adapter:/ros2_ws/install/motion_control:/opt/ros/humble LD_LIBRARY_PATH=/ros2_ws/install/digipot_interfaces/lib:/ros2_ws/install/digipot/lib:/opt/ros/humble/lib/aarch64-linux-gnu:/opt/ros/humble/lib /usr/bin/cmake --install /ros2_ws/build/digipot
[78.373s] Level 1:colcon.colcon_core.environment:create_environment_scripts_only(digipot)
[78.374s] DEBUG:colcon.colcon_core.event_handler.log_command:Invoked command in '/ros2_ws/build/digipot' returned '0': CMAKE_PREFIX_PATH=/ros2_ws/install/digipot_interfaces:/ros2_ws/install/sllidar_ros2:/ros2_ws/install/digipot:/ros2_ws/install/delivery_bot_package:/ros2_ws/install/ws_server:/ros2_ws/install/vision:/ros2_ws/install/rtcbot_adapter:/ros2_ws/install/motion_control:/opt/ros/humble LD_LIBRARY_PATH=/ros2_ws/install/digipot_interfaces/lib:/ros2_ws/install/digipot/lib:/opt/ros/humble/lib/aarch64-linux-gnu:/opt/ros/humble/lib /usr/bin/cmake --install /ros2_ws/build/digipot
[78.452s] Level 1:colcon.colcon_core.environment:checking '/ros2_ws/install/digipot' for CMake module files
[78.456s] Level 1:colcon.colcon_core.environment:checking '/ros2_ws/install/digipot' for CMake config files
[78.459s] Level 1:colcon.colcon_core.shell:create_environment_hook('digipot', 'cmake_prefix_path')
[78.528s] INFO:colcon.colcon_core.shell:Creating environment hook '/ros2_ws/install/digipot/share/digipot/hook/cmake_prefix_path.ps1'
[78.532s] INFO:colcon.colcon_core.shell:Creating environment descriptor '/ros2_ws/install/digipot/share/digipot/hook/cmake_prefix_path.dsv'
[78.534s] INFO:colcon.colcon_core.shell:Creating environment hook '/ros2_ws/install/digipot/share/digipot/hook/cmake_prefix_path.sh'
[78.537s] Level 1:colcon.colcon_core.environment:checking '/ros2_ws/install/digipot/lib'
[78.538s] Level 1:colcon.colcon_core.shell:create_environment_hook('digipot', 'ld_library_path_lib')
[78.598s] INFO:colcon.colcon_core.shell:Creating environment hook '/ros2_ws/install/digipot/share/digipot/hook/ld_library_path_lib.ps1'
[78.600s] INFO:colcon.colcon_core.shell:Creating environment descriptor '/ros2_ws/install/digipot/share/digipot/hook/ld_library_path_lib.dsv'
[78.602s] INFO:colcon.colcon_core.shell:Creating environment hook '/ros2_ws/install/digipot/share/digipot/hook/ld_library_path_lib.sh'
[78.603s] Level 1:colcon.colcon_core.environment:checking '/ros2_ws/install/digipot/bin'
[78.605s] Level 1:colcon.colcon_core.environment:checking '/ros2_ws/install/digipot/lib/pkgconfig/digipot.pc'
[78.613s] Level 1:colcon.colcon_core.environment:checking '/ros2_ws/install/digipot/lib/python3.10/site-packages'
[78.615s] Level 1:colcon.colcon_core.environment:checking '/ros2_ws/install/digipot/bin'
[78.688s] INFO:colcon.colcon_core.shell:Creating package script '/ros2_ws/install/digipot/share/digipot/package.ps1'
[78.694s] INFO:colcon.colcon_core.shell:Creating package descriptor '/ros2_ws/install/digipot/share/digipot/package.dsv'
[78.699s] INFO:colcon.colcon_core.shell:Creating package script '/ros2_ws/install/digipot/share/digipot/package.sh'
[78.706s] INFO:colcon.colcon_core.shell:Creating package script '/ros2_ws/install/digipot/share/digipot/package.bash'
[78.710s] INFO:colcon.colcon_core.shell:Creating package script '/ros2_ws/install/digipot/share/digipot/package.zsh'
[78.713s] Level 1:colcon.colcon_core.environment:create_file_with_runtime_dependencies(/ros2_ws/install/digipot/share/colcon-core/packages/digipot)
[78.849s] Level 1:colcon.colcon_core.environment:create_environment_scripts_only(digipot)
[78.901s] Level 1:colcon.colcon_core.environment:checking '/ros2_ws/install/digipot' for CMake module files
[78.905s] Level 1:colcon.colcon_core.environment:checking '/ros2_ws/install/digipot' for CMake config files
[78.909s] Level 1:colcon.colcon_core.shell:create_environment_hook('digipot', 'cmake_prefix_path')
[78.966s] INFO:colcon.colcon_core.shell:Creating environment hook '/ros2_ws/install/digipot/share/digipot/hook/cmake_prefix_path.ps1'
[78.967s] INFO:colcon.colcon_core.shell:Creating environment descriptor '/ros2_ws/install/digipot/share/digipot/hook/cmake_prefix_path.dsv'
[78.968s] INFO:colcon.colcon_core.shell:Creating environment hook '/ros2_ws/install/digipot/share/digipot/hook/cmake_prefix_path.sh'
[78.970s] Level 1:colcon.colcon_core.environment:checking '/ros2_ws/install/digipot/lib'
[78.971s] Level 1:colcon.colcon_core.shell:create_environment_hook('digipot', 'ld_library_path_lib')
[79.021s] INFO:colcon.colcon_core.shell:Creating environment hook '/ros2_ws/install/digipot/share/digipot/hook/ld_library_path_lib.ps1'
[79.023s] INFO:colcon.colcon_core.shell:Creating environment descriptor '/ros2_ws/install/digipot/share/digipot/hook/ld_library_path_lib.dsv'
[79.025s] INFO:colcon.colcon_core.shell:Creating environment hook '/ros2_ws/install/digipot/share/digipot/hook/ld_library_path_lib.sh'
[79.027s] Level 1:colcon.colcon_core.environment:checking '/ros2_ws/install/digipot/bin'
[79.027s] Level 1:colcon.colcon_core.environment:checking '/ros2_ws/install/digipot/lib/pkgconfig/digipot.pc'
[79.028s] Level 1:colcon.colcon_core.environment:checking '/ros2_ws/install/digipot/lib/python3.10/site-packages'
[79.029s] Level 1:colcon.colcon_core.environment:checking '/ros2_ws/install/digipot/bin'
[79.079s] INFO:colcon.colcon_core.shell:Creating package script '/ros2_ws/install/digipot/share/digipot/package.ps1'
[79.082s] INFO:colcon.colcon_core.shell:Creating package descriptor '/ros2_ws/install/digipot/share/digipot/package.dsv'
[79.085s] INFO:colcon.colcon_core.shell:Creating package script '/ros2_ws/install/digipot/share/digipot/package.sh'
[79.087s] INFO:colcon.colcon_core.shell:Creating package script '/ros2_ws/install/digipot/share/digipot/package.bash'
[79.089s] INFO:colcon.colcon_core.shell:Creating package script '/ros2_ws/install/digipot/share/digipot/package.zsh'
[79.091s] Level 1:colcon.colcon_core.environment:create_file_with_runtime_dependencies(/ros2_ws/install/digipot/share/colcon-core/packages/digipot)
[79.092s] DEBUG:colcon.colcon_parallel_executor.executor.parallel:closing loop
[79.093s] DEBUG:colcon.colcon_parallel_executor.executor.parallel:loop closed
[79.093s] DEBUG:colcon.colcon_parallel_executor.executor.parallel:run_until_complete finished with '0'
[79.094s] DEBUG:colcon.colcon_core.event_reactor:joining thread
[79.196s] INFO:colcon.colcon_core.plugin_system:Skipping extension 'colcon_notification.desktop_notification.notify_send': Could not find 'notify-send'
[79.196s] INFO:colcon.colcon_core.plugin_system:Skipping extension 'colcon_notification.desktop_notification.terminal_notifier': Not used on non-Darwin systems
[79.197s] INFO:colcon.colcon_core.plugin_system:Skipping extension 'colcon_notification.desktop_notification.win32': Not used on non-Windows systems
[79.197s] INFO:colcon.colcon_notification.desktop_notification:Sending desktop notification using 'notify2'
[79.197s] DEBUG:colcon.colcon_notification.desktop_notification.notify2:Failed to initialize notify2: org.freedesktop.DBus.Error.NotSupported: Unable to autolaunch a dbus-daemon without a $DISPLAY for X11
[79.198s] DEBUG:colcon.colcon_core.event_reactor:joined thread
[79.264s] INFO:colcon.colcon_core.shell:Creating prefix script '/ros2_ws/install/local_setup.ps1'
[79.270s] INFO:colcon.colcon_core.shell:Creating prefix util module '/ros2_ws/install/_local_setup_util_ps1.py'
[79.278s] INFO:colcon.colcon_core.shell:Creating prefix chain script '/ros2_ws/install/setup.ps1'
[79.345s] INFO:colcon.colcon_core.shell:Creating prefix script '/ros2_ws/install/local_setup.sh'
[79.348s] INFO:colcon.colcon_core.shell:Creating prefix util module '/ros2_ws/install/_local_setup_util_sh.py'
[79.350s] INFO:colcon.colcon_core.shell:Creating prefix chain script '/ros2_ws/install/setup.sh'
[79.420s] INFO:colcon.colcon_core.shell:Creating prefix script '/ros2_ws/install/local_setup.bash'
[79.423s] INFO:colcon.colcon_core.shell:Creating prefix chain script '/ros2_ws/install/setup.bash'
[79.498s] INFO:colcon.colcon_core.shell:Creating prefix script '/ros2_ws/install/local_setup.zsh'
[79.502s] INFO:colcon.colcon_core.shell:Creating prefix chain script '/ros2_ws/install/setup.zsh'
