/usr/lib/python3/dist-packages/setuptools/dist.py:723: UserWarning: Usage of dash-separated 'script-dir' will not be supported in future versions. Please use the underscore name 'script_dir' instead
  warnings.warn(
running develop
/usr/lib/python3/dist-packages/setuptools/command/easy_install.py:158: EasyInstallDeprecationWarning: easy_install command is deprecated. Use build and pip and other standards-based tools.
  warnings.warn(
/usr/lib/python3/dist-packages/setuptools/command/install.py:34: SetuptoolsDeprecationWarning: setup.py install is deprecated. Use build and pip and other standards-based tools.
  warnings.warn(
running egg_info
creating motion_control.egg-info
writing motion_control.egg-info/PKG-INFO
writing dependency_links to motion_control.egg-info/dependency_links.txt
writing entry points to motion_control.egg-info/entry_points.txt
writing requirements to motion_control.egg-info/requires.txt
writing top-level names to motion_control.egg-info/top_level.txt
writing manifest file 'motion_control.egg-info/SOURCES.txt'
reading manifest file 'motion_control.egg-info/SOURCES.txt'
writing manifest file 'motion_control.egg-info/SOURCES.txt'
running build_ext
Creating /ros2_ws/install/motion_control/lib/python3.10/site-packages/motion-control.egg-link (link to .)
Installing speed_control_node script to /ros2_ws/install/motion_control/lib/motion_control

Installed /ros2_ws/build/motion_control
running install_data
creating /ros2_ws/install/motion_control/share/ament_index
creating /ros2_ws/install/motion_control/share/ament_index/resource_index
creating /ros2_ws/install/motion_control/share/ament_index/resource_index/packages
copying resource/motion_control -> /ros2_ws/install/motion_control/share/ament_index/resource_index/packages
copying package.xml -> /ros2_ws/install/motion_control/share/motion_control
copying launch/jetbot_launch.py -> /ros2_ws/install/motion_control/share/motion_control
