[4.094s] Invoking command in '/ros2_ws/build/motion_control': PYTHONPATH=/ros2_ws/build/motion_control/prefix_override:/ros2_ws/install/motion_control/lib/python3.10/site-packages:${PYTHONPATH} /usr/bin/python3 setup.py develop --editable --build-directory /ros2_ws/build/motion_control/build --no-deps install_data
[4.944s] /usr/lib/python3/dist-packages/setuptools/dist.py:723: UserWarning: Usage of dash-separated 'script-dir' will not be supported in future versions. Please use the underscore name 'script_dir' instead
[4.944s]   warnings.warn(
[5.068s] running develop
[5.069s] /usr/lib/python3/dist-packages/setuptools/command/easy_install.py:158: EasyInstallDeprecationWarning: easy_install command is deprecated. Use build and pip and other standards-based tools.
[5.070s]   warnings.warn(
[5.075s] /usr/lib/python3/dist-packages/setuptools/command/install.py:34: SetuptoolsDeprecationWarning: setup.py install is deprecated. Use build and pip and other standards-based tools.
[5.075s]   warnings.warn(
[5.549s] running egg_info
[5.550s] creating motion_control.egg-info
[5.551s] writing motion_control.egg-info/PKG-INFO
[5.552s] writing dependency_links to motion_control.egg-info/dependency_links.txt
[5.552s] writing entry points to motion_control.egg-info/entry_points.txt
[5.553s] writing requirements to motion_control.egg-info/requires.txt
[5.554s] writing top-level names to motion_control.egg-info/top_level.txt
[5.554s] writing manifest file 'motion_control.egg-info/SOURCES.txt'
[5.565s] reading manifest file 'motion_control.egg-info/SOURCES.txt'
[5.568s] writing manifest file 'motion_control.egg-info/SOURCES.txt'
[5.576s] running build_ext
[5.577s] Creating /ros2_ws/install/motion_control/lib/python3.10/site-packages/motion-control.egg-link (link to .)
[5.582s] Installing speed_control_node script to /ros2_ws/install/motion_control/lib/motion_control
[5.583s] 
[5.584s] Installed /ros2_ws/build/motion_control
[5.585s] running install_data
[5.585s] creating /ros2_ws/install/motion_control/share/ament_index
[5.586s] creating /ros2_ws/install/motion_control/share/ament_index/resource_index
[5.587s] creating /ros2_ws/install/motion_control/share/ament_index/resource_index/packages
[5.587s] copying resource/motion_control -> /ros2_ws/install/motion_control/share/ament_index/resource_index/packages
[5.588s] copying package.xml -> /ros2_ws/install/motion_control/share/motion_control
[5.588s] copying launch/jetbot_launch.py -> /ros2_ws/install/motion_control/share/motion_control
[6.170s] Invoked command in '/ros2_ws/build/motion_control' returned '0': PYTHONPATH=/ros2_ws/build/motion_control/prefix_override:/ros2_ws/install/motion_control/lib/python3.10/site-packages:${PYTHONPATH} /usr/bin/python3 setup.py develop --editable --build-directory /ros2_ws/build/motion_control/build --no-deps install_data
