[0.257s] Invoking command in '/ros2_ws/build/digipot': CMAKE_PREFIX_PATH=${CMAKE_PREFIX_PATH}:/ros2_ws/install/ws_server:/ros2_ws/install/vision:/ros2_ws/install/rtcbot_adapter:/ros2_ws/install/motion_control:/opt/ros/humble /usr/bin/cmake --build /ros2_ws/build/digipot -- -j4 -l4
[0.454s] [ 33%] [32mBuilding CXX object CMakeFiles/digipot.dir/src/digipot.cpp.o[0m
[37.294s] [ 66%] [32m[1mLinking CXX executable digipot[0m
[39.333s] [100%] Built target digipot
[39.373s] Invoked command in '/ros2_ws/build/digipot' returned '0': CMAKE_PREFIX_PATH=${CMAKE_PREFIX_PATH}:/ros2_ws/install/ws_server:/ros2_ws/install/vision:/ros2_ws/install/rtcbot_adapter:/ros2_ws/install/motion_control:/opt/ros/humble /usr/bin/cmake --build /ros2_ws/build/digipot -- -j4 -l4
[39.473s] Invoking command in '/ros2_ws/build/digipot': CMAKE_PREFIX_PATH=${CMAKE_PREFIX_PATH}:/ros2_ws/install/ws_server:/ros2_ws/install/vision:/ros2_ws/install/rtcbot_adapter:/ros2_ws/install/motion_control:/opt/ros/humble /usr/bin/cmake --install /ros2_ws/build/digipot
[39.497s] -- Install configuration: ""
[39.500s] -- Execute custom install script
[39.501s] -- Up-to-date symlink: /ros2_ws/install/digipot/lib/digipot/digipot
[39.503s] -- Up-to-date symlink: /ros2_ws/install/digipot/share/ament_index/resource_index/package_run_dependencies/digipot
[39.503s] -- Up-to-date symlink: /ros2_ws/install/digipot/share/ament_index/resource_index/parent_prefix_path/digipot
[39.505s] -- Up-to-date symlink: /ros2_ws/install/digipot/share/digipot/environment/ament_prefix_path.sh
[39.505s] -- Up-to-date symlink: /ros2_ws/install/digipot/share/digipot/environment/ament_prefix_path.dsv
[39.506s] -- Up-to-date symlink: /ros2_ws/install/digipot/share/digipot/environment/path.sh
[39.507s] -- Up-to-date symlink: /ros2_ws/install/digipot/share/digipot/environment/path.dsv
[39.508s] -- Up-to-date symlink: /ros2_ws/install/digipot/share/digipot/local_setup.bash
[39.509s] -- Up-to-date symlink: /ros2_ws/install/digipot/share/digipot/local_setup.sh
[39.510s] -- Up-to-date symlink: /ros2_ws/install/digipot/share/digipot/local_setup.zsh
[39.511s] -- Up-to-date symlink: /ros2_ws/install/digipot/share/digipot/local_setup.dsv
[39.511s] -- Symlinking: /ros2_ws/install/digipot/share/digipot/package.dsv
[39.536s] -- Up-to-date symlink: /ros2_ws/install/digipot/share/ament_index/resource_index/packages/digipot
[39.537s] -- Up-to-date symlink: /ros2_ws/install/digipot/share/digipot/cmake/digipotConfig.cmake
[39.540s] -- Up-to-date symlink: /ros2_ws/install/digipot/share/digipot/cmake/digipotConfig-version.cmake
[39.540s] -- Up-to-date symlink: /ros2_ws/install/digipot/share/digipot/package.xml
[39.546s] Invoked command in '/ros2_ws/build/digipot' returned '0': CMAKE_PREFIX_PATH=${CMAKE_PREFIX_PATH}:/ros2_ws/install/ws_server:/ros2_ws/install/vision:/ros2_ws/install/rtcbot_adapter:/ros2_ws/install/motion_control:/opt/ros/humble /usr/bin/cmake --install /ros2_ws/build/digipot
