[0.567s] Invoking command in '/ros2_ws/build/digipot': CMAKE_PREFIX_PATH=${CMAKE_PREFIX_PATH}:/ros2_ws/install/ws_server:/ros2_ws/install/vision:/ros2_ws/install/rtcbot_adapter:/ros2_ws/install/motion_control:/opt/ros/humble /usr/bin/cmake --build /ros2_ws/build/digipot -- -j4 -l4
[0.782s] [35m[1mConsolidate compiler generated dependencies of target digipot[0m
[0.855s] [100%] Built target digipot
[0.906s] Invoked command in '/ros2_ws/build/digipot' returned '0': CMAKE_PREFIX_PATH=${CMAKE_PREFIX_PATH}:/ros2_ws/install/ws_server:/ros2_ws/install/vision:/ros2_ws/install/rtcbot_adapter:/ros2_ws/install/motion_control:/opt/ros/humble /usr/bin/cmake --build /ros2_ws/build/digipot -- -j4 -l4
[1.026s] Invoking command in '/ros2_ws/build/digipot': CMAKE_PREFIX_PATH=${CMAKE_PREFIX_PATH}:/ros2_ws/install/ws_server:/ros2_ws/install/vision:/ros2_ws/install/rtcbot_adapter:/ros2_ws/install/motion_control:/opt/ros/humble /usr/bin/cmake --install /ros2_ws/build/digipot
[1.050s] -- Install configuration: ""
[1.055s] -- Execute custom install script
[1.055s] -- Up-to-date symlink: /ros2_ws/install/digipot/lib/digipot/digipot
[1.056s] -- Up-to-date symlink: /ros2_ws/install/digipot/share/ament_index/resource_index/package_run_dependencies/digipot
[1.057s] -- Up-to-date symlink: /ros2_ws/install/digipot/share/ament_index/resource_index/parent_prefix_path/digipot
[1.057s] -- Up-to-date symlink: /ros2_ws/install/digipot/share/digipot/environment/ament_prefix_path.sh
[1.058s] -- Up-to-date symlink: /ros2_ws/install/digipot/share/digipot/environment/ament_prefix_path.dsv
[1.058s] -- Up-to-date symlink: /ros2_ws/install/digipot/share/digipot/environment/path.sh
[1.059s] -- Up-to-date symlink: /ros2_ws/install/digipot/share/digipot/environment/path.dsv
[1.060s] -- Up-to-date symlink: /ros2_ws/install/digipot/share/digipot/local_setup.bash
[1.060s] -- Up-to-date symlink: /ros2_ws/install/digipot/share/digipot/local_setup.sh
[1.061s] -- Up-to-date symlink: /ros2_ws/install/digipot/share/digipot/local_setup.zsh
[1.061s] -- Up-to-date symlink: /ros2_ws/install/digipot/share/digipot/local_setup.dsv
[1.062s] -- Symlinking: /ros2_ws/install/digipot/share/digipot/package.dsv
[1.088s] -- Up-to-date symlink: /ros2_ws/install/digipot/share/ament_index/resource_index/packages/digipot
[1.089s] -- Up-to-date symlink: /ros2_ws/install/digipot/share/digipot/cmake/digipotConfig.cmake
[1.089s] -- Up-to-date symlink: /ros2_ws/install/digipot/share/digipot/cmake/digipotConfig-version.cmake
[1.090s] -- Up-to-date symlink: /ros2_ws/install/digipot/share/digipot/package.xml
[1.095s] Invoked command in '/ros2_ws/build/digipot' returned '0': CMAKE_PREFIX_PATH=${CMAKE_PREFIX_PATH}:/ros2_ws/install/ws_server:/ros2_ws/install/vision:/ros2_ws/install/rtcbot_adapter:/ros2_ws/install/motion_control:/opt/ros/humble /usr/bin/cmake --install /ros2_ws/build/digipot
