[0.301s] Invoking command in '/ros2_ws/build/digipot': CMAKE_PREFIX_PATH=${CMAKE_PREFIX_PATH}:/ros2_ws/install/ws_server:/ros2_ws/install/vision:/ros2_ws/install/rtcbot_adapter:/ros2_ws/install/motion_control:/opt/ros/humble /usr/bin/cmake --build /ros2_ws/build/digipot -- -j4 -l4
[0.511s] [ 33%] [32mBuilding CXX object CMakeFiles/digipot.dir/src/digipot.cpp.o[0m
[12.047s] [01m[K/ros2_ws/src/digipot/src/digipot.cpp:[m[K In member function ‘[01m[Kvoid DigipotNode::teleopCallback(geometry_msgs::msg::Twist_<std::allocator<void> >::SharedPtr)[m[K’:
[12.048s] [01m[K/ros2_ws/src/digipot/src/digipot.cpp:83:13:[m[K [01;35m[Kwarning: [m[Kunused variable ‘[01m[Kvalue[m[K’ [[01;35m[K-Wunused-variable[m[K]
[12.049s]    83 |     uint8_t [01;35m[Kvalue[m[K = digipot_.get() + msg->linear.x;
[12.049s]       |             [01;35m[K^~~~~[m[K
[62.239s] [ 66%] [32m[1mLinking CXX executable digipot[0m
[65.919s] [100%] Built target digipot
[65.992s] Invoked command in '/ros2_ws/build/digipot' returned '0': CMAKE_PREFIX_PATH=${CMAKE_PREFIX_PATH}:/ros2_ws/install/ws_server:/ros2_ws/install/vision:/ros2_ws/install/rtcbot_adapter:/ros2_ws/install/motion_control:/opt/ros/humble /usr/bin/cmake --build /ros2_ws/build/digipot -- -j4 -l4
[66.253s] Invoking command in '/ros2_ws/build/digipot': CMAKE_PREFIX_PATH=${CMAKE_PREFIX_PATH}:/ros2_ws/install/ws_server:/ros2_ws/install/vision:/ros2_ws/install/rtcbot_adapter:/ros2_ws/install/motion_control:/opt/ros/humble /usr/bin/cmake --install /ros2_ws/build/digipot
[66.276s] -- Install configuration: ""
[66.277s] -- Execute custom install script
[66.278s] -- Up-to-date symlink: /ros2_ws/install/digipot/lib/digipot/digipot
[66.279s] -- Up-to-date symlink: /ros2_ws/install/digipot/share/ament_index/resource_index/package_run_dependencies/digipot
[66.279s] -- Up-to-date symlink: /ros2_ws/install/digipot/share/ament_index/resource_index/parent_prefix_path/digipot
[66.280s] -- Up-to-date symlink: /ros2_ws/install/digipot/share/digipot/environment/ament_prefix_path.sh
[66.281s] -- Up-to-date symlink: /ros2_ws/install/digipot/share/digipot/environment/ament_prefix_path.dsv
[66.281s] -- Up-to-date symlink: /ros2_ws/install/digipot/share/digipot/environment/path.sh
[66.282s] -- Up-to-date symlink: /ros2_ws/install/digipot/share/digipot/environment/path.dsv
[66.282s] -- Up-to-date symlink: /ros2_ws/install/digipot/share/digipot/local_setup.bash
[66.283s] -- Up-to-date symlink: /ros2_ws/install/digipot/share/digipot/local_setup.sh
[66.284s] -- Up-to-date symlink: /ros2_ws/install/digipot/share/digipot/local_setup.zsh
[66.284s] -- Up-to-date symlink: /ros2_ws/install/digipot/share/digipot/local_setup.dsv
[66.285s] -- Symlinking: /ros2_ws/install/digipot/share/digipot/package.dsv
[66.313s] -- Up-to-date symlink: /ros2_ws/install/digipot/share/ament_index/resource_index/packages/digipot
[66.315s] -- Up-to-date symlink: /ros2_ws/install/digipot/share/digipot/cmake/digipotConfig.cmake
[66.316s] -- Up-to-date symlink: /ros2_ws/install/digipot/share/digipot/cmake/digipotConfig-version.cmake
[66.316s] -- Up-to-date symlink: /ros2_ws/install/digipot/share/digipot/package.xml
[66.322s] Invoked command in '/ros2_ws/build/digipot' returned '0': CMAKE_PREFIX_PATH=${CMAKE_PREFIX_PATH}:/ros2_ws/install/ws_server:/ros2_ws/install/vision:/ros2_ws/install/rtcbot_adapter:/ros2_ws/install/motion_control:/opt/ros/humble /usr/bin/cmake --install /ros2_ws/build/digipot
