-- Found ament_cmake: 1.3.5 (/opt/ros/humble/share/ament_cmake/cmake)
-- Override CMake install command with custom implementation using symlinks instead of copying resources
-- Found rclcpp: 16.0.6 (/opt/ros/humble/share/rclcpp/cmake)
-- Found rosidl_generator_c: 3.1.5 (/opt/ros/humble/share/rosidl_generator_c/cmake)
-- Found rosidl_adapter: 3.1.5 (/opt/ros/humble/share/rosidl_adapter/cmake)
-- Found rosidl_generator_cpp: 3.1.5 (/opt/ros/humble/share/rosidl_generator_cpp/cmake)
-- Using all available rosidl_typesupport_c: rosidl_typesupport_fastrtps_c;rosidl_typesupport_introspection_c
-- Using all available rosidl_typesupport_cpp: rosidl_typesupport_fastrtps_cpp;rosidl_typesupport_introspection_cpp
-- Found rmw_implementation_cmake: 6.1.1 (/opt/ros/humble/share/rmw_implementation_cmake/cmake)
-- Found rmw_fastrtps_cpp: 6.2.4 (/opt/ros/humble/share/rmw_fastrtps_cpp/cmake)
-- Using RMW implementation 'rmw_fastrtps_cpp' as default
-- Found ament_lint_auto: 0.12.8 (/opt/ros/humble/share/ament_lint_auto/cmake)
-- Added test 'cppcheck' to perform static code analysis on C / C++ code
-- Configured cppcheck include dirs: $<BUILD_INTERFACE:/ros2_ws/src/digipot/include>
-- Configured cppcheck exclude dirs and/or files: 
-- Added test 'lint_cmake' to check CMake code style
-- Added test 'uncrustify' to check C / C++ code style
-- Configured uncrustify additional arguments: 
-- Added test 'xmllint' to check XML markup files
-- Configuring done
-- Generating done
-- Build files have been written to: /ros2_ws/build/digipot
[35m[1mConsolidate compiler generated dependencies of target digipot[0m
[ 33%] [32mBuilding CXX object CMakeFiles/digipot.dir/src/digipot.cpp.o[0m
[ 66%] [32m[1mLinking CXX executable digipot[0m
/usr/bin/ld: CMakeFiles/digipot.dir/src/DigiPot.cpp.o: in function `DigiPot::DigiPot(int, int, int)':
DigiPot.cpp:(.text+0x4c): undefined reference to `GPIO::setmode(GPIO::NumberingModes)'
/usr/bin/ld: DigiPot.cpp:(.text+0x60): undefined reference to `GPIO::setup(int, GPIO::Directions, int)'
/usr/bin/ld: DigiPot.cpp:(.text+0x74): undefined reference to `GPIO::setup(int, GPIO::Directions, int)'
/usr/bin/ld: DigiPot.cpp:(.text+0x88): undefined reference to `GPIO::setup(int, GPIO::Directions, int)'
/usr/bin/ld: CMakeFiles/digipot.dir/src/DigiPot.cpp.o: in function `DigiPot::change(unsigned char, int)':
DigiPot.cpp:(.text+0x320): undefined reference to `GPIO::output(int, int)'
/usr/bin/ld: DigiPot.cpp:(.text+0x330): undefined reference to `GPIO::output(int, int)'
/usr/bin/ld: DigiPot.cpp:(.text+0x340): undefined reference to `GPIO::output(int, int)'
/usr/bin/ld: DigiPot.cpp:(.text+0x358): undefined reference to `GPIO::output(int, int)'
/usr/bin/ld: DigiPot.cpp:(.text+0x370): undefined reference to `GPIO::output(int, int)'
/usr/bin/ld: CMakeFiles/digipot.dir/src/DigiPot.cpp.o:DigiPot.cpp:(.text+0x41c): more undefined references to `GPIO::output(int, int)' follow
collect2: error: ld returned 1 exit status
gmake[2]: *** [CMakeFiles/digipot.dir/build.make:175: digipot] Error 1
gmake[1]: *** [CMakeFiles/Makefile2:137: CMakeFiles/digipot.dir/all] Error 2
gmake: *** [Makefile:146: all] Error 2
