[0.208s] Invoking command in '/ros2_ws/build/digipot': CMAKE_PREFIX_PATH=${CMAKE_PREFIX_PATH}:/ros2_ws/install/ws_server:/ros2_ws/install/vision:/ros2_ws/install/rtcbot_adapter:/ros2_ws/install/motion_control:/opt/ros/humble /usr/bin/cmake --build /ros2_ws/build/digipot -- -j4 -l4
[0.282s] -- Found ament_cmake: 1.3.5 (/opt/ros/humble/share/ament_cmake/cmake)
[0.762s] -- Override CMake install command with custom implementation using symlinks instead of copying resources
[0.789s] -- Found rclcpp: 16.0.6 (/opt/ros/humble/share/rclcpp/cmake)
[0.888s] -- Found rosidl_generator_c: 3.1.5 (/opt/ros/humble/share/rosidl_generator_c/cmake)
[0.899s] -- Found rosidl_adapter: 3.1.5 (/opt/ros/humble/share/rosidl_adapter/cmake)
[0.925s] -- Found rosidl_generator_cpp: 3.1.5 (/opt/ros/humble/share/rosidl_generator_cpp/cmake)
[0.973s] -- Using all available rosidl_typesupport_c: rosidl_typesupport_fastrtps_c;rosidl_typesupport_introspection_c
[1.041s] -- Using all available rosidl_typesupport_cpp: rosidl_typesupport_fastrtps_cpp;rosidl_typesupport_introspection_cpp
[1.294s] -- Found rmw_implementation_cmake: 6.1.1 (/opt/ros/humble/share/rmw_implementation_cmake/cmake)
[1.300s] -- Found rmw_fastrtps_cpp: 6.2.4 (/opt/ros/humble/share/rmw_fastrtps_cpp/cmake)
[1.675s] -- Using RMW implementation 'rmw_fastrtps_cpp' as default
[2.384s] -- Found ament_lint_auto: 0.12.8 (/opt/ros/humble/share/ament_lint_auto/cmake)
[2.671s] -- Added test 'cppcheck' to perform static code analysis on C / C++ code
[2.671s] -- Configured cppcheck include dirs: $<BUILD_INTERFACE:/ros2_ws/src/digipot/include>
[2.672s] -- Configured cppcheck exclude dirs and/or files: 
[2.674s] -- Added test 'lint_cmake' to check CMake code style
[2.678s] -- Added test 'uncrustify' to check C / C++ code style
[2.678s] -- Configured uncrustify additional arguments: 
[2.679s] -- Added test 'xmllint' to check XML markup files
[2.683s] -- Configuring done
[2.721s] -- Generating done
[2.727s] -- Build files have been written to: /ros2_ws/build/digipot
[2.798s] [35m[1mConsolidate compiler generated dependencies of target digipot[0m
[2.860s] [ 33%] [32mBuilding CXX object CMakeFiles/digipot.dir/src/digipot.cpp.o[0m
[34.756s] [ 66%] [32m[1mLinking CXX executable digipot[0m
[36.358s] /usr/bin/ld: CMakeFiles/digipot.dir/src/DigiPot.cpp.o: in function `DigiPot::DigiPot(int, int, int)':
[36.359s] DigiPot.cpp:(.text+0x4c): undefined reference to `GPIO::setmode(GPIO::NumberingModes)'
[36.359s] /usr/bin/ld: DigiPot.cpp:(.text+0x60): undefined reference to `GPIO::setup(int, GPIO::Directions, int)'
[36.359s] /usr/bin/ld: DigiPot.cpp:(.text+0x74): undefined reference to `GPIO::setup(int, GPIO::Directions, int)'
[36.360s] /usr/bin/ld: DigiPot.cpp:(.text+0x88): undefined reference to `GPIO::setup(int, GPIO::Directions, int)'
[36.360s] /usr/bin/ld: CMakeFiles/digipot.dir/src/DigiPot.cpp.o: in function `DigiPot::change(unsigned char, int)':
[36.361s] DigiPot.cpp:(.text+0x320): undefined reference to `GPIO::output(int, int)'
[36.361s] /usr/bin/ld: DigiPot.cpp:(.text+0x330): undefined reference to `GPIO::output(int, int)'
[36.362s] /usr/bin/ld: DigiPot.cpp:(.text+0x340): undefined reference to `GPIO::output(int, int)'
[36.362s] /usr/bin/ld: DigiPot.cpp:(.text+0x358): undefined reference to `GPIO::output(int, int)'
[36.363s] /usr/bin/ld: DigiPot.cpp:(.text+0x370): undefined reference to `GPIO::output(int, int)'
[36.363s] /usr/bin/ld: CMakeFiles/digipot.dir/src/DigiPot.cpp.o:DigiPot.cpp:(.text+0x41c): more undefined references to `GPIO::output(int, int)' follow
[36.431s] collect2: error: ld returned 1 exit status
[36.435s] gmake[2]: *** [CMakeFiles/digipot.dir/build.make:175: digipot] Error 1
[36.436s] gmake[1]: *** [CMakeFiles/Makefile2:137: CMakeFiles/digipot.dir/all] Error 2
[36.436s] gmake: *** [Makefile:146: all] Error 2
[36.441s] Invoked command in '/ros2_ws/build/digipot' returned '2': CMAKE_PREFIX_PATH=${CMAKE_PREFIX_PATH}:/ros2_ws/install/ws_server:/ros2_ws/install/vision:/ros2_ws/install/rtcbot_adapter:/ros2_ws/install/motion_control:/opt/ros/humble /usr/bin/cmake --build /ros2_ws/build/digipot -- -j4 -l4
