[35m[1mConsolidate compiler generated dependencies of target digipot[0m
[ 33%] [32mBuilding CXX object CMakeFiles/digipot.dir/src/digipot.cpp.o[0m
[01m[K/ros2_ws/src/digipot/src/digipot.cpp:[m[K In member function ‘[01m[Kvoid DigipotNode::write_reg(uint8_t, uint16_t)[m[K’:
[01m[K/ros2_ws/src/digipot/src/digipot.cpp:121:37:[m[K [01;35m[Kwarning: [m[Knarrowing conversion of ‘[01m[K(int)(data >> 8)[m[K’ from ‘[01m[Kint[m[K’ to ‘[01m[Kuint8_t[m[K’ {aka ‘[01m[Kunsigned char[m[K’} [[01;35m[K-Wnarrowing[m[K]
  121 |         uint8_t buf[3] = {reg, [01;35m[Kdata >> 8[m[K, data & 0xFF};
      |                                [01;35m[K~~~~~^~~~[m[K
[01m[K/ros2_ws/src/digipot/src/digipot.cpp:121:48:[m[K [01;35m[Kwarning: [m[Knarrowing conversion of ‘[01m[K(int)(((short unsigned int)((int)data)) & 255)[m[K’ from ‘[01m[Kint[m[K’ to ‘[01m[Kuint8_t[m[K’ {aka ‘[01m[Kunsigned char[m[K’} [[01;35m[K-Wnarrowing[m[K]
  121 |         uint8_t buf[3] = {reg, data >> 8, [01;35m[Kdata & 0xFF[m[K};
      |                                           [01;35m[K~~~~~^~~~~~[m[K
[ 66%] [32m[1mLinking CXX executable digipot[0m
[100%] Built target digipot
-- Install configuration: ""
-- Execute custom install script
-- Up-to-date symlink: /ros2_ws/install/digipot/lib/digipot/digipot
-- Up-to-date symlink: /ros2_ws/install/digipot/share/ament_index/resource_index/package_run_dependencies/digipot
-- Up-to-date symlink: /ros2_ws/install/digipot/share/ament_index/resource_index/parent_prefix_path/digipot
-- Up-to-date symlink: /ros2_ws/install/digipot/share/digipot/environment/ament_prefix_path.sh
-- Up-to-date symlink: /ros2_ws/install/digipot/share/digipot/environment/ament_prefix_path.dsv
-- Up-to-date symlink: /ros2_ws/install/digipot/share/digipot/environment/path.sh
-- Up-to-date symlink: /ros2_ws/install/digipot/share/digipot/environment/path.dsv
-- Up-to-date symlink: /ros2_ws/install/digipot/share/digipot/local_setup.bash
-- Up-to-date symlink: /ros2_ws/install/digipot/share/digipot/local_setup.sh
-- Up-to-date symlink: /ros2_ws/install/digipot/share/digipot/local_setup.zsh
-- Up-to-date symlink: /ros2_ws/install/digipot/share/digipot/local_setup.dsv
-- Symlinking: /ros2_ws/install/digipot/share/digipot/package.dsv
-- Up-to-date symlink: /ros2_ws/install/digipot/share/ament_index/resource_index/packages/digipot
-- Up-to-date symlink: /ros2_ws/install/digipot/share/digipot/cmake/digipotConfig.cmake
-- Up-to-date symlink: /ros2_ws/install/digipot/share/digipot/cmake/digipotConfig-version.cmake
-- Up-to-date symlink: /ros2_ws/install/digipot/share/digipot/package.xml
