[0.204s] Invoking command in '/ros2_ws/build/digipot': CMAKE_PREFIX_PATH=${CMAKE_PREFIX_PATH}:/ros2_ws/install/ws_server:/ros2_ws/install/vision:/ros2_ws/install/rtcbot_adapter:/ros2_ws/install/motion_control:/opt/ros/humble /usr/bin/cmake --build /ros2_ws/build/digipot -- -j4 -l4
[0.332s] [35m[1mConsolidate compiler generated dependencies of target digipot[0m
[0.395s] [ 33%] [32mBuilding CXX object CMakeFiles/digipot.dir/src/digipot.cpp.o[0m
[10.173s] [01m[K/ros2_ws/src/digipot/src/digipot.cpp:[m[K In member function ‘[01m[Kvoid DigipotNode::write_reg(uint8_t, uint16_t)[m[K’:
[10.173s] [01m[K/ros2_ws/src/digipot/src/digipot.cpp:121:37:[m[K [01;35m[Kwarning: [m[Knarrowing conversion of ‘[01m[K(int)(data >> 8)[m[K’ from ‘[01m[Kint[m[K’ to ‘[01m[Kuint8_t[m[K’ {aka ‘[01m[Kunsigned char[m[K’} [[01;35m[K-Wnarrowing[m[K]
[10.174s]   121 |         uint8_t buf[3] = {reg, [01;35m[Kdata >> 8[m[K, data & 0xFF};
[10.174s]       |                                [01;35m[K~~~~~^~~~[m[K
[10.175s] [01m[K/ros2_ws/src/digipot/src/digipot.cpp:121:48:[m[K [01;35m[Kwarning: [m[Knarrowing conversion of ‘[01m[K(int)(((short unsigned int)((int)data)) & 255)[m[K’ from ‘[01m[Kint[m[K’ to ‘[01m[Kuint8_t[m[K’ {aka ‘[01m[Kunsigned char[m[K’} [[01;35m[K-Wnarrowing[m[K]
[10.175s]   121 |         uint8_t buf[3] = {reg, data >> 8, [01;35m[Kdata & 0xFF[m[K};
[10.175s]       |                                           [01;35m[K~~~~~^~~~~~[m[K
[34.348s] [ 66%] [32m[1mLinking CXX executable digipot[0m
[36.161s] [100%] Built target digipot
[36.190s] Invoked command in '/ros2_ws/build/digipot' returned '0': CMAKE_PREFIX_PATH=${CMAKE_PREFIX_PATH}:/ros2_ws/install/ws_server:/ros2_ws/install/vision:/ros2_ws/install/rtcbot_adapter:/ros2_ws/install/motion_control:/opt/ros/humble /usr/bin/cmake --build /ros2_ws/build/digipot -- -j4 -l4
[36.286s] Invoking command in '/ros2_ws/build/digipot': CMAKE_PREFIX_PATH=${CMAKE_PREFIX_PATH}:/ros2_ws/install/ws_server:/ros2_ws/install/vision:/ros2_ws/install/rtcbot_adapter:/ros2_ws/install/motion_control:/opt/ros/humble /usr/bin/cmake --install /ros2_ws/build/digipot
[36.306s] -- Install configuration: ""
[36.308s] -- Execute custom install script
[36.308s] -- Up-to-date symlink: /ros2_ws/install/digipot/lib/digipot/digipot
[36.309s] -- Up-to-date symlink: /ros2_ws/install/digipot/share/ament_index/resource_index/package_run_dependencies/digipot
[36.310s] -- Up-to-date symlink: /ros2_ws/install/digipot/share/ament_index/resource_index/parent_prefix_path/digipot
[36.310s] -- Up-to-date symlink: /ros2_ws/install/digipot/share/digipot/environment/ament_prefix_path.sh
[36.311s] -- Up-to-date symlink: /ros2_ws/install/digipot/share/digipot/environment/ament_prefix_path.dsv
[36.311s] -- Up-to-date symlink: /ros2_ws/install/digipot/share/digipot/environment/path.sh
[36.312s] -- Up-to-date symlink: /ros2_ws/install/digipot/share/digipot/environment/path.dsv
[36.313s] -- Up-to-date symlink: /ros2_ws/install/digipot/share/digipot/local_setup.bash
[36.313s] -- Up-to-date symlink: /ros2_ws/install/digipot/share/digipot/local_setup.sh
[36.314s] -- Up-to-date symlink: /ros2_ws/install/digipot/share/digipot/local_setup.zsh
[36.314s] -- Up-to-date symlink: /ros2_ws/install/digipot/share/digipot/local_setup.dsv
[36.315s] -- Symlinking: /ros2_ws/install/digipot/share/digipot/package.dsv
[36.339s] -- Up-to-date symlink: /ros2_ws/install/digipot/share/ament_index/resource_index/packages/digipot
[36.339s] -- Up-to-date symlink: /ros2_ws/install/digipot/share/digipot/cmake/digipotConfig.cmake
[36.339s] -- Up-to-date symlink: /ros2_ws/install/digipot/share/digipot/cmake/digipotConfig-version.cmake
[36.340s] -- Up-to-date symlink: /ros2_ws/install/digipot/share/digipot/package.xml
[36.346s] Invoked command in '/ros2_ws/build/digipot' returned '0': CMAKE_PREFIX_PATH=${CMAKE_PREFIX_PATH}:/ros2_ws/install/ws_server:/ros2_ws/install/vision:/ros2_ws/install/rtcbot_adapter:/ros2_ws/install/motion_control:/opt/ros/humble /usr/bin/cmake --install /ros2_ws/build/digipot
