[0.356s] Invoking command in '/ros2_ws/build/digipot': CMAKE_PREFIX_PATH=${CMAKE_PREFIX_PATH}:/ros2_ws/install/ws_server:/ros2_ws/install/vision:/ros2_ws/install/rtcbot_adapter:/ros2_ws/install/motion_control:/opt/ros/humble /usr/bin/cmake --build /ros2_ws/build/digipot -- -j4 -l4
[0.447s] -- Found ament_cmake: 1.3.5 (/opt/ros/humble/share/ament_cmake/cmake)
[1.160s] -- Override CMake install command with custom implementation using symlinks instead of copying resources
[1.187s] -- Found rclcpp: 16.0.6 (/opt/ros/humble/share/rclcpp/cmake)
[1.304s] -- Found rosidl_generator_c: 3.1.5 (/opt/ros/humble/share/rosidl_generator_c/cmake)
[1.317s] -- Found rosidl_adapter: 3.1.5 (/opt/ros/humble/share/rosidl_adapter/cmake)
[1.344s] -- Found rosidl_generator_cpp: 3.1.5 (/opt/ros/humble/share/rosidl_generator_cpp/cmake)
[1.400s] -- Using all available rosidl_typesupport_c: rosidl_typesupport_fastrtps_c;rosidl_typesupport_introspection_c
[1.476s] -- Using all available rosidl_typesupport_cpp: rosidl_typesupport_fastrtps_cpp;rosidl_typesupport_introspection_cpp
[1.745s] -- Found rmw_implementation_cmake: 6.1.1 (/opt/ros/humble/share/rmw_implementation_cmake/cmake)
[1.751s] -- Found rmw_fastrtps_cpp: 6.2.4 (/opt/ros/humble/share/rmw_fastrtps_cpp/cmake)
[2.268s] -- Using RMW implementation 'rmw_fastrtps_cpp' as default
[3.014s] -- Found geometry_msgs: 4.2.3 (/opt/ros/humble/share/geometry_msgs/cmake)
[3.232s] -- Found digipot_interfaces: 0.0.0 (/ros2_ws/install/digipot_interfaces/share/digipot_interfaces/cmake)
[3.311s] -- Found ament_lint_auto: 0.12.8 (/opt/ros/humble/share/ament_lint_auto/cmake)
[3.687s] -- Added test 'cppcheck' to perform static code analysis on C / C++ code
[3.688s] -- Configured cppcheck include dirs: $<BUILD_INTERFACE:/ros2_ws/src/digipot/include>
[3.689s] -- Configured cppcheck exclude dirs and/or files: 
[3.690s] -- Added test 'lint_cmake' to check CMake code style
[3.695s] -- Added test 'uncrustify' to check C / C++ code style
[3.695s] -- Configured uncrustify additional arguments: 
[3.696s] -- Added test 'xmllint' to check XML markup files
[3.701s] -- Configuring done
[3.749s] -- Generating done
[3.755s] -- Build files have been written to: /ros2_ws/build/digipot
[3.843s] [35m[1mConsolidate compiler generated dependencies of target digipot[0m
[3.916s] [ 33%] [32mBuilding CXX object CMakeFiles/digipot.dir/src/DigiPot.cpp.o[0m
[3.919s] [ 66%] [32mBuilding CXX object CMakeFiles/digipot.dir/src/digipot.cpp.o[0m
[5.934s] [01m[K/ros2_ws/src/digipot/src/DigiPot.cpp:[m[K In member function ‘[01m[Kvoid DigiPot::increase(int)[m[K’:
[5.935s] [01m[K/ros2_ws/src/digipot/src/DigiPot.cpp:37:28:[m[K [01;35m[Kwarning: [m[Kunused parameter ‘[01m[Kamount[m[K’ [[01;35m[K-Wunused-parameter[m[K]
[5.935s]    37 | void DigiPot::increase([01;35m[Kint amount[m[K) {
[5.936s]       |                        [01;35m[K~~~~^~~~~~[m[K
[5.936s] [01m[K/ros2_ws/src/digipot/src/DigiPot.cpp:[m[K In member function ‘[01m[Kvoid DigiPot::decrease(int)[m[K’:
[5.936s] [01m[K/ros2_ws/src/digipot/src/DigiPot.cpp:48:28:[m[K [01;35m[Kwarning: [m[Kunused parameter ‘[01m[Kamount[m[K’ [[01;35m[K-Wunused-parameter[m[K]
[5.937s]    48 | void DigiPot::decrease([01;35m[Kint amount[m[K) {
[5.937s]       |                        [01;35m[K~~~~^~~~~~[m[K
[15.637s] [01m[K/ros2_ws/src/digipot/src/digipot.cpp:[m[K In member function ‘[01m[Kvoid DigipotNode::teleopCallback(geometry_msgs::msg::Twist_<std::allocator<void> >::SharedPtr)[m[K’:
[15.637s] [01m[K/ros2_ws/src/digipot/src/digipot.cpp:82:13:[m[K [01;31m[Kerror: [m[Kexpected unqualified-id before ‘[01m[K=[m[K’ token
[15.638s]    82 |     uint8_t [01;31m[K=[m[K digipot_.get() + msg->linear.x;
[15.638s]       |             [01;31m[K^[m[K
[15.661s] [01m[K/ros2_ws/src/digipot/src/digipot.cpp:83:18:[m[K [01;31m[Kerror: [m[K‘[01m[Kvalue[m[K’ was not declared in this scope
[15.662s]    83 |     digipot_.set([01;31m[Kvalue[m[K);
[15.662s]       |                  [01;31m[K^~~~~[m[K
[15.663s] [01m[K/ros2_ws/src/digipot/src/digipot.cpp:80:66:[m[K [01;35m[Kwarning: [m[Kunused parameter ‘[01m[Kmsg[m[K’ [[01;35m[K-Wunused-parameter[m[K]
[15.663s]    80 |   void teleopCallback([01;35m[Kconst geometry_msgs::msg::Twist::SharedPtr msg[m[K)
[15.664s]       |                       [01;35m[K~~~~~~~~~~~~~~~~~~~~~~~~~~~~~~~~~~~~~~~~~~~^~~[m[K
[31.320s] gmake[2]: *** [CMakeFiles/digipot.dir/build.make:76: CMakeFiles/digipot.dir/src/digipot.cpp.o] Error 1
[31.320s] gmake[1]: *** [CMakeFiles/Makefile2:137: CMakeFiles/digipot.dir/all] Error 2
[31.321s] gmake: *** [Makefile:146: all] Error 2
[31.329s] Invoked command in '/ros2_ws/build/digipot' returned '2': CMAKE_PREFIX_PATH=${CMAKE_PREFIX_PATH}:/ros2_ws/install/ws_server:/ros2_ws/install/vision:/ros2_ws/install/rtcbot_adapter:/ros2_ws/install/motion_control:/opt/ros/humble /usr/bin/cmake --build /ros2_ws/build/digipot -- -j4 -l4
