[0.695s] Invoking command in '/ros2_ws/build/delivery_bot_package': CMAKE_PREFIX_PATH=/opt/ros/humble /usr/bin/cmake /ros2_ws/src/delivery_bot_package -DAMENT_CMAKE_SYMLINK_INSTALL=1 -DCMAKE_INSTALL_PREFIX=/ros2_ws/install/delivery_bot_package
[2.916s] -- The C compiler identification is GNU 11.4.0
[2.920s] -- The CXX compiler identification is GNU 11.4.0
[2.921s] -- Detecting C compiler ABI info
[2.922s] -- Detecting C compiler ABI info - done
[2.924s] -- Check for working C compiler: /usr/bin/cc - skipped
[2.924s] -- Detecting C compile features
[2.926s] -- Detecting C compile features - done
[2.927s] -- Detecting CXX compiler ABI info
[2.928s] -- Detecting CXX compiler ABI info - done
[2.930s] -- Check for working CXX compiler: /usr/bin/c++ - skipped
[2.931s] -- Detecting CXX compile features
[2.932s] -- Detecting CXX compile features - done
[2.932s] -- Found ament_cmake: 1.3.5 (/opt/ros/humble/share/ament_cmake/cmake)
[3.571s] -- Found Python3: /usr/bin/python3.10 (found version "3.10.12") found components: Interpreter 
[3.904s] -- Override CMake install command with custom implementation using symlinks instead of copying resources
[4.091s] -- Found rclcpp: 16.0.6 (/opt/ros/humble/share/rclcpp/cmake)
[4.386s] -- Found rosidl_generator_c: 3.1.5 (/opt/ros/humble/share/rosidl_generator_c/cmake)
[4.424s] -- Found rosidl_adapter: 3.1.5 (/opt/ros/humble/share/rosidl_adapter/cmake)
[4.474s] -- Found rosidl_generator_cpp: 3.1.5 (/opt/ros/humble/share/rosidl_generator_cpp/cmake)
[4.561s] -- Using all available rosidl_typesupport_c: rosidl_typesupport_fastrtps_c;rosidl_typesupport_introspection_c
[4.681s] -- Using all available rosidl_typesupport_cpp: rosidl_typesupport_fastrtps_cpp;rosidl_typesupport_introspection_cpp
[5.082s] -- Found rmw_implementation_cmake: 6.1.1 (/opt/ros/humble/share/rmw_implementation_cmake/cmake)
[5.098s] -- Found rmw_fastrtps_cpp: 6.2.4 (/opt/ros/humble/share/rmw_fastrtps_cpp/cmake)
[5.572s] -- Found OpenSSL: /usr/lib/aarch64-linux-gnu/libcrypto.so (found version "3.0.2")  
[5.649s] -- Found FastRTPS: /opt/ros/humble/include  
[5.817s] -- Using RMW implementation 'rmw_fastrtps_cpp' as default
[5.885s] -- Looking for pthread.h
[6.163s] -- Looking for pthread.h - found
[6.164s] -- Performing Test CMAKE_HAVE_LIBC_PTHREAD
[6.412s] -- Performing Test CMAKE_HAVE_LIBC_PTHREAD - Success
[6.416s] -- Found Threads: TRUE  
[7.288s] -- Found geometry_msgs: 4.2.3 (/opt/ros/humble/share/geometry_msgs/cmake)
[7.843s] -- Configuring done
[7.896s] -- Generating done
[7.902s] -- Build files have been written to: /ros2_ws/build/delivery_bot_package
[8.097s] Invoked command in '/ros2_ws/build/delivery_bot_package' returned '0': CMAKE_PREFIX_PATH=/opt/ros/humble /usr/bin/cmake /ros2_ws/src/delivery_bot_package -DAMENT_CMAKE_SYMLINK_INSTALL=1 -DCMAKE_INSTALL_PREFIX=/ros2_ws/install/delivery_bot_package
[8.102s] Invoking command in '/ros2_ws/build/delivery_bot_package': CMAKE_PREFIX_PATH=/opt/ros/humble /usr/bin/cmake --build /ros2_ws/build/delivery_bot_package -- -j4 -l4
[9.369s] [ 33%] [32mBuilding CXX object CMakeFiles/delivery_bot.dir/src/delivery_bot.cpp.o[0m
[9.370s] [ 66%] [32mBuilding CXX object CMakeFiles/delivery_bot.dir/src/DigiPot.cpp.o[0m
[42.874s] [100%] [32m[1mLinking CXX executable delivery_bot[0m
[44.685s] [100%] Built target delivery_bot
[44.718s] Invoked command in '/ros2_ws/build/delivery_bot_package' returned '0': CMAKE_PREFIX_PATH=/opt/ros/humble /usr/bin/cmake --build /ros2_ws/build/delivery_bot_package -- -j4 -l4
[44.781s] Invoking command in '/ros2_ws/build/delivery_bot_package': CMAKE_PREFIX_PATH=/opt/ros/humble /usr/bin/cmake --install /ros2_ws/build/delivery_bot_package
[44.800s] -- Install configuration: ""
[44.802s] -- Execute custom install script
[44.803s] -- Symlinking: /ros2_ws/install/delivery_bot_package/lib/delivery_bot_package/delivery_bot
[44.826s] -- Symlinking: /ros2_ws/install/delivery_bot_package/share/ament_index/resource_index/package_run_dependencies/delivery_bot_package
[44.850s] -- Symlinking: /ros2_ws/install/delivery_bot_package/share/ament_index/resource_index/parent_prefix_path/delivery_bot_package
[44.872s] -- Symlinking: /ros2_ws/install/delivery_bot_package/share/delivery_bot_package/environment/ament_prefix_path.sh
[44.895s] -- Symlinking: /ros2_ws/install/delivery_bot_package/share/delivery_bot_package/environment/ament_prefix_path.dsv
[44.918s] -- Symlinking: /ros2_ws/install/delivery_bot_package/share/delivery_bot_package/environment/path.sh
[44.940s] -- Symlinking: /ros2_ws/install/delivery_bot_package/share/delivery_bot_package/environment/path.dsv
[44.963s] -- Symlinking: /ros2_ws/install/delivery_bot_package/share/delivery_bot_package/local_setup.bash
[44.988s] -- Symlinking: /ros2_ws/install/delivery_bot_package/share/delivery_bot_package/local_setup.sh
[45.010s] -- Symlinking: /ros2_ws/install/delivery_bot_package/share/delivery_bot_package/local_setup.zsh
[45.034s] -- Symlinking: /ros2_ws/install/delivery_bot_package/share/delivery_bot_package/local_setup.dsv
[45.056s] -- Symlinking: /ros2_ws/install/delivery_bot_package/share/delivery_bot_package/package.dsv
[45.079s] -- Symlinking: /ros2_ws/install/delivery_bot_package/share/ament_index/resource_index/packages/delivery_bot_package
[45.102s] -- Symlinking: /ros2_ws/install/delivery_bot_package/share/delivery_bot_package/cmake/delivery_bot_packageConfig.cmake
[45.126s] -- Symlinking: /ros2_ws/install/delivery_bot_package/share/delivery_bot_package/cmake/delivery_bot_packageConfig-version.cmake
[45.148s] -- Symlinking: /ros2_ws/install/delivery_bot_package/share/delivery_bot_package/package.xml
[45.175s] Invoked command in '/ros2_ws/build/delivery_bot_package' returned '0': CMAKE_PREFIX_PATH=/opt/ros/humble /usr/bin/cmake --install /ros2_ws/build/delivery_bot_package
