[0.155s] Invoking command in '/ros2_ws/build/digipot': CMAKE_PREFIX_PATH=/opt/ros/humble /usr/bin/cmake --build /ros2_ws/build/digipot -- -j4 -l4
[0.280s] [35m[1mConsolidate compiler generated dependencies of target digipot[0m
[0.342s] [ 33%] [32mBuilding CXX object CMakeFiles/digipot.dir/src/digipot.cpp.o[0m
[10.065s] [01m[K/ros2_ws/src/digipot/src/digipot.cpp:[m[K In member function ‘[01m[Kvoid DigipotNode::write_reg(uint8_t, uint16_t)[m[K’:
[10.065s] [01m[K/ros2_ws/src/digipot/src/digipot.cpp:121:37:[m[K [01;35m[Kwarning: [m[Knarrowing conversion of ‘[01m[K(int)(data >> 8)[m[K’ from ‘[01m[Kint[m[K’ to ‘[01m[Kuint8_t[m[K’ {aka ‘[01m[Kunsigned char[m[K’} [[01;35m[K-Wnarrowing[m[K]
[10.066s]   121 |         uint8_t buf[3] = {reg, [01;35m[Kdata >> 8[m[K, data & 0xFF};
[10.066s]       |                                [01;35m[K~~~~~^~~~[m[K
[10.066s] [01m[K/ros2_ws/src/digipot/src/digipot.cpp:121:48:[m[K [01;35m[Kwarning: [m[Knarrowing conversion of ‘[01m[K(int)(((short unsigned int)((int)data)) & 255)[m[K’ from ‘[01m[Kint[m[K’ to ‘[01m[Kuint8_t[m[K’ {aka ‘[01m[Kunsigned char[m[K’} [[01;35m[K-Wnarrowing[m[K]
[10.067s]   121 |         uint8_t buf[3] = {reg, data >> 8, [01;35m[Kdata & 0xFF[m[K};
[10.067s]       |                                           [01;35m[K~~~~~^~~~~~[m[K
[34.199s] [ 66%] [32m[1mLinking CXX executable digipot[0m
[36.002s] [100%] Built target digipot
[36.033s] Invoked command in '/ros2_ws/build/digipot' returned '0': CMAKE_PREFIX_PATH=/opt/ros/humble /usr/bin/cmake --build /ros2_ws/build/digipot -- -j4 -l4
[36.120s] Invoking command in '/ros2_ws/build/digipot': CMAKE_PREFIX_PATH=/opt/ros/humble /usr/bin/cmake --install /ros2_ws/build/digipot
[36.141s] -- Install configuration: ""
[36.142s] -- Execute custom install script
[36.143s] -- Up-to-date symlink: /ros2_ws/install/digipot/lib/digipot/digipot
[36.143s] -- Up-to-date symlink: /ros2_ws/install/digipot/share/ament_index/resource_index/package_run_dependencies/digipot
[36.144s] -- Up-to-date symlink: /ros2_ws/install/digipot/share/ament_index/resource_index/parent_prefix_path/digipot
[36.145s] -- Up-to-date symlink: /ros2_ws/install/digipot/share/digipot/environment/ament_prefix_path.sh
[36.145s] -- Up-to-date symlink: /ros2_ws/install/digipot/share/digipot/environment/ament_prefix_path.dsv
[36.146s] -- Up-to-date symlink: /ros2_ws/install/digipot/share/digipot/environment/path.sh
[36.146s] -- Up-to-date symlink: /ros2_ws/install/digipot/share/digipot/environment/path.dsv
[36.147s] -- Up-to-date symlink: /ros2_ws/install/digipot/share/digipot/local_setup.bash
[36.147s] -- Up-to-date symlink: /ros2_ws/install/digipot/share/digipot/local_setup.sh
[36.148s] -- Up-to-date symlink: /ros2_ws/install/digipot/share/digipot/local_setup.zsh
[36.148s] -- Up-to-date symlink: /ros2_ws/install/digipot/share/digipot/local_setup.dsv
[36.149s] -- Symlinking: /ros2_ws/install/digipot/share/digipot/package.dsv
[36.173s] -- Up-to-date symlink: /ros2_ws/install/digipot/share/ament_index/resource_index/packages/digipot
[36.175s] -- Up-to-date symlink: /ros2_ws/install/digipot/share/digipot/cmake/digipotConfig.cmake
[36.175s] -- Up-to-date symlink: /ros2_ws/install/digipot/share/digipot/cmake/digipotConfig-version.cmake
[36.175s] -- Up-to-date symlink: /ros2_ws/install/digipot/share/digipot/package.xml
[36.180s] Invoked command in '/ros2_ws/build/digipot' returned '0': CMAKE_PREFIX_PATH=/opt/ros/humble /usr/bin/cmake --install /ros2_ws/build/digipot
