[6.818s] DEBUG:colcon:Command line arguments: ['/usr/bin/colcon', 'build', '--symlink-install', '--packages-select', 'digipot']
[6.818s] DEBUG:colcon:Parsed command line arguments: Namespace(log_base=None, log_level=None, verb_name='build', build_base='build', install_base='install', merge_install=False, symlink_install=True, test_result_base=None, continue_on_error=False, executor='parallel', parallel_workers=4, event_handlers=None, ignore_user_meta=False, metas=['./colcon.meta'], base_paths=['.'], packages_ignore=None, packages_ignore_regex=None, paths=None, packages_up_to=None, packages_up_to_regex=None, packages_above=None, packages_above_and_dependencies=None, packages_above_depth=None, packages_select_by_dep=None, packages_skip_by_dep=None, packages_skip_up_to=None, packages_select_build_failed=False, packages_skip_build_finished=False, packages_select_test_failures=False, packages_skip_test_passed=False, packages_select=['digipot'], packages_skip=None, packages_select_regex=None, packages_skip_regex=None, packages_start=None, packages_end=None, cmake_args=None, cmake_target=None, cmake_target_skip_unavailable=False, cmake_clean_cache=False, cmake_clean_first=False, cmake_force_configure=False, ament_cmake_args=None, catkin_cmake_args=None, catkin_skip_building_tests=False, mixin_files=None, mixin=None, verb_parser=<colcon_mixin.mixin.mixin_argument.MixinArgumentDecorator object at 0x7f785b7580>, verb_extension=<colcon_core.verb.build.BuildVerb object at 0x7f785b7fd0>, main=<bound method BuildVerb.main of <colcon_core.verb.build.BuildVerb object at 0x7f785b7fd0>>, mixin_verb=('build',))
[7.070s] Level 1:colcon.colcon_core.package_discovery:discover_packages(colcon_meta) check parameters
[7.074s] INFO:colcon.colcon_metadata.package_discovery.colcon_meta:Using configuration from '/root/.colcon/metadata/default/Gazebo.meta'
[7.077s] INFO:colcon.colcon_metadata.package_discovery.colcon_meta:Using configuration from '/root/.colcon/metadata/default/fastrtps.meta'
[7.077s] Level 1:colcon.colcon_core.package_discovery:discover_packages(recursive) check parameters
[7.077s] Level 1:colcon.colcon_core.package_discovery:discover_packages(ignore) check parameters
[7.078s] Level 1:colcon.colcon_core.package_discovery:discover_packages(path) check parameters
[7.078s] Level 1:colcon.colcon_core.package_discovery:discover_packages(colcon_meta) discover
[7.078s] Level 1:colcon.colcon_core.package_discovery:discover_packages(recursive) discover
[7.078s] INFO:colcon.colcon_core.package_discovery:Crawling recursively for packages in '/ros2_ws'
[7.079s] Level 1:colcon.colcon_core.package_identification:_identify(.) by extensions ['ignore', 'ignore_ament_install']
[7.079s] Level 1:colcon.colcon_core.package_identification:_identify(.) by extension 'ignore'
[7.080s] Level 1:colcon.colcon_core.package_identification:_identify(.) by extension 'ignore_ament_install'
[7.080s] Level 1:colcon.colcon_core.package_identification:_identify(.) by extensions ['colcon_pkg']
[7.080s] Level 1:colcon.colcon_core.package_identification:_identify(.) by extension 'colcon_pkg'
[7.080s] Level 1:colcon.colcon_core.package_identification:_identify(.) by extensions ['colcon_meta']
[7.081s] Level 1:colcon.colcon_core.package_identification:_identify(.) by extension 'colcon_meta'
[7.081s] Level 1:colcon.colcon_core.package_identification:_identify(.) by extensions ['ros']
[7.081s] Level 1:colcon.colcon_core.package_identification:_identify(.) by extension 'ros'
[7.150s] Level 1:colcon.colcon_core.package_identification:_identify(.) by extensions ['cmake', 'python']
[7.150s] Level 1:colcon.colcon_core.package_identification:_identify(.) by extension 'cmake'
[7.151s] Level 1:colcon.colcon_core.package_identification:_identify(.) by extension 'python'
[7.151s] Level 1:colcon.colcon_core.package_identification:_identify(.) by extensions ['python_setup_py']
[7.151s] Level 1:colcon.colcon_core.package_identification:_identify(.) by extension 'python_setup_py'
[7.152s] Level 1:colcon.colcon_core.package_identification:_identify(build) by extensions ['ignore', 'ignore_ament_install']
[7.153s] Level 1:colcon.colcon_core.package_identification:_identify(build) by extension 'ignore'
[7.153s] Level 1:colcon.colcon_core.package_identification:_identify(build) ignored
[7.154s] Level 1:colcon.colcon_core.package_identification:_identify(install) by extensions ['ignore', 'ignore_ament_install']
[7.155s] Level 1:colcon.colcon_core.package_identification:_identify(install) by extension 'ignore'
[7.155s] Level 1:colcon.colcon_core.package_identification:_identify(install) ignored
[7.156s] Level 1:colcon.colcon_core.package_identification:_identify(log) by extensions ['ignore', 'ignore_ament_install']
[7.157s] Level 1:colcon.colcon_core.package_identification:_identify(log) by extension 'ignore'
[7.157s] Level 1:colcon.colcon_core.package_identification:_identify(log) ignored
[7.157s] Level 1:colcon.colcon_core.package_identification:_identify(src) by extensions ['ignore', 'ignore_ament_install']
[7.158s] Level 1:colcon.colcon_core.package_identification:_identify(src) by extension 'ignore'
[7.158s] Level 1:colcon.colcon_core.package_identification:_identify(src) by extension 'ignore_ament_install'
[7.159s] Level 1:colcon.colcon_core.package_identification:_identify(src) by extensions ['colcon_pkg']
[7.159s] Level 1:colcon.colcon_core.package_identification:_identify(src) by extension 'colcon_pkg'
[7.159s] Level 1:colcon.colcon_core.package_identification:_identify(src) by extensions ['colcon_meta']
[7.160s] Level 1:colcon.colcon_core.package_identification:_identify(src) by extension 'colcon_meta'
[7.160s] Level 1:colcon.colcon_core.package_identification:_identify(src) by extensions ['ros']
[7.160s] Level 1:colcon.colcon_core.package_identification:_identify(src) by extension 'ros'
[7.161s] Level 1:colcon.colcon_core.package_identification:_identify(src) by extensions ['cmake', 'python']
[7.161s] Level 1:colcon.colcon_core.package_identification:_identify(src) by extension 'cmake'
[7.161s] Level 1:colcon.colcon_core.package_identification:_identify(src) by extension 'python'
[7.162s] Level 1:colcon.colcon_core.package_identification:_identify(src) by extensions ['python_setup_py']
[7.162s] Level 1:colcon.colcon_core.package_identification:_identify(src) by extension 'python_setup_py'
[7.163s] Level 1:colcon.colcon_core.package_identification:_identify(src/delivery_bot_package) by extensions ['ignore', 'ignore_ament_install']
[7.163s] Level 1:colcon.colcon_core.package_identification:_identify(src/delivery_bot_package) by extension 'ignore'
[7.164s] Level 1:colcon.colcon_core.package_identification:_identify(src/delivery_bot_package) by extension 'ignore_ament_install'
[7.164s] Level 1:colcon.colcon_core.package_identification:_identify(src/delivery_bot_package) by extensions ['colcon_pkg']
[7.165s] Level 1:colcon.colcon_core.package_identification:_identify(src/delivery_bot_package) by extension 'colcon_pkg'
[7.165s] Level 1:colcon.colcon_core.package_identification:_identify(src/delivery_bot_package) by extensions ['colcon_meta']
[7.165s] Level 1:colcon.colcon_core.package_identification:_identify(src/delivery_bot_package) by extension 'colcon_meta'
[7.166s] Level 1:colcon.colcon_core.package_identification:_identify(src/delivery_bot_package) by extensions ['ros']
[7.166s] Level 1:colcon.colcon_core.package_identification:_identify(src/delivery_bot_package) by extension 'ros'
[7.181s] DEBUG:colcon.colcon_core.package_identification:Package 'src/delivery_bot_package' with type 'ros.ament_cmake' and name 'delivery_bot_package'
[7.182s] Level 1:colcon.colcon_core.package_identification:_identify(src/digipot) by extensions ['ignore', 'ignore_ament_install']
[7.183s] Level 1:colcon.colcon_core.package_identification:_identify(src/digipot) by extension 'ignore'
[7.183s] Level 1:colcon.colcon_core.package_identification:_identify(src/digipot) by extension 'ignore_ament_install'
[7.183s] Level 1:colcon.colcon_core.package_identification:_identify(src/digipot) by extensions ['colcon_pkg']
[7.184s] Level 1:colcon.colcon_core.package_identification:_identify(src/digipot) by extension 'colcon_pkg'
[7.184s] Level 1:colcon.colcon_core.package_identification:_identify(src/digipot) by extensions ['colcon_meta']
[7.184s] Level 1:colcon.colcon_core.package_identification:_identify(src/digipot) by extension 'colcon_meta'
[7.184s] Level 1:colcon.colcon_core.package_identification:_identify(src/digipot) by extensions ['ros']
[7.185s] Level 1:colcon.colcon_core.package_identification:_identify(src/digipot) by extension 'ros'
[7.189s] DEBUG:colcon.colcon_core.package_identification:Package 'src/digipot' with type 'ros.ament_cmake' and name 'digipot'
[7.190s] Level 1:colcon.colcon_core.package_identification:_identify(src/digipot_interfaces) by extensions ['ignore', 'ignore_ament_install']
[7.191s] Level 1:colcon.colcon_core.package_identification:_identify(src/digipot_interfaces) by extension 'ignore'
[7.191s] Level 1:colcon.colcon_core.package_identification:_identify(src/digipot_interfaces) by extension 'ignore_ament_install'
[7.191s] Level 1:colcon.colcon_core.package_identification:_identify(src/digipot_interfaces) by extensions ['colcon_pkg']
[7.192s] Level 1:colcon.colcon_core.package_identification:_identify(src/digipot_interfaces) by extension 'colcon_pkg'
[7.192s] Level 1:colcon.colcon_core.package_identification:_identify(src/digipot_interfaces) by extensions ['colcon_meta']
[7.192s] Level 1:colcon.colcon_core.package_identification:_identify(src/digipot_interfaces) by extension 'colcon_meta'
[7.193s] Level 1:colcon.colcon_core.package_identification:_identify(src/digipot_interfaces) by extensions ['ros']
[7.193s] Level 1:colcon.colcon_core.package_identification:_identify(src/digipot_interfaces) by extension 'ros'
[7.196s] DEBUG:colcon.colcon_core.package_identification:Package 'src/digipot_interfaces' with type 'ros.ament_cmake' and name 'digipot_interfaces'
[7.197s] Level 1:colcon.colcon_core.package_identification:_identify(src/motion_control) by extensions ['ignore', 'ignore_ament_install']
[7.198s] Level 1:colcon.colcon_core.package_identification:_identify(src/motion_control) by extension 'ignore'
[7.199s] Level 1:colcon.colcon_core.package_identification:_identify(src/motion_control) by extension 'ignore_ament_install'
[7.199s] Level 1:colcon.colcon_core.package_identification:_identify(src/motion_control) by extensions ['colcon_pkg']
[7.199s] Level 1:colcon.colcon_core.package_identification:_identify(src/motion_control) by extension 'colcon_pkg'
[7.200s] Level 1:colcon.colcon_core.package_identification:_identify(src/motion_control) by extensions ['colcon_meta']
[7.200s] Level 1:colcon.colcon_core.package_identification:_identify(src/motion_control) by extension 'colcon_meta'
[7.201s] Level 1:colcon.colcon_core.package_identification:_identify(src/motion_control) by extensions ['ros']
[7.201s] Level 1:colcon.colcon_core.package_identification:_identify(src/motion_control) by extension 'ros'
[7.204s] DEBUG:colcon.colcon_core.package_identification:Package 'src/motion_control' with type 'ros.ament_python' and name 'motion_control'
[7.205s] Level 1:colcon.colcon_core.package_identification:_identify(src/rtcbot_adapter) by extensions ['ignore', 'ignore_ament_install']
[7.206s] Level 1:colcon.colcon_core.package_identification:_identify(src/rtcbot_adapter) by extension 'ignore'
[7.206s] Level 1:colcon.colcon_core.package_identification:_identify(src/rtcbot_adapter) by extension 'ignore_ament_install'
[7.210s] Level 1:colcon.colcon_core.package_identification:_identify(src/rtcbot_adapter) by extensions ['colcon_pkg']
[7.211s] Level 1:colcon.colcon_core.package_identification:_identify(src/rtcbot_adapter) by extension 'colcon_pkg'
[7.212s] Level 1:colcon.colcon_core.package_identification:_identify(src/rtcbot_adapter) by extensions ['colcon_meta']
[7.212s] Level 1:colcon.colcon_core.package_identification:_identify(src/rtcbot_adapter) by extension 'colcon_meta'
[7.213s] Level 1:colcon.colcon_core.package_identification:_identify(src/rtcbot_adapter) by extensions ['ros']
[7.213s] Level 1:colcon.colcon_core.package_identification:_identify(src/rtcbot_adapter) by extension 'ros'
[7.216s] DEBUG:colcon.colcon_core.package_identification:Package 'src/rtcbot_adapter' with type 'ros.ament_python' and name 'rtcbot_adapter'
[7.217s] Level 1:colcon.colcon_core.package_identification:_identify(src/sllidar_ros2) by extensions ['ignore', 'ignore_ament_install']
[7.219s] Level 1:colcon.colcon_core.package_identification:_identify(src/sllidar_ros2) by extension 'ignore'
[7.219s] Level 1:colcon.colcon_core.package_identification:_identify(src/sllidar_ros2) by extension 'ignore_ament_install'
[7.221s] Level 1:colcon.colcon_core.package_identification:_identify(src/sllidar_ros2) by extensions ['colcon_pkg']
[7.222s] Level 1:colcon.colcon_core.package_identification:_identify(src/sllidar_ros2) by extension 'colcon_pkg'
[7.222s] Level 1:colcon.colcon_core.package_identification:_identify(src/sllidar_ros2) by extensions ['colcon_meta']
[7.222s] Level 1:colcon.colcon_core.package_identification:_identify(src/sllidar_ros2) by extension 'colcon_meta'
[7.223s] Level 1:colcon.colcon_core.package_identification:_identify(src/sllidar_ros2) by extensions ['ros']
[7.223s] Level 1:colcon.colcon_core.package_identification:_identify(src/sllidar_ros2) by extension 'ros'
[7.228s] DEBUG:colcon.colcon_core.package_identification:Package 'src/sllidar_ros2' with type 'ros.ament_cmake' and name 'sllidar_ros2'
[7.229s] Level 1:colcon.colcon_core.package_identification:_identify(src/vision) by extensions ['ignore', 'ignore_ament_install']
[7.229s] Level 1:colcon.colcon_core.package_identification:_identify(src/vision) by extension 'ignore'
[7.230s] Level 1:colcon.colcon_core.package_identification:_identify(src/vision) by extension 'ignore_ament_install'
[7.230s] Level 1:colcon.colcon_core.package_identification:_identify(src/vision) by extensions ['colcon_pkg']
[7.231s] Level 1:colcon.colcon_core.package_identification:_identify(src/vision) by extension 'colcon_pkg'
[7.231s] Level 1:colcon.colcon_core.package_identification:_identify(src/vision) by extensions ['colcon_meta']
[7.231s] Level 1:colcon.colcon_core.package_identification:_identify(src/vision) by extension 'colcon_meta'
[7.232s] Level 1:colcon.colcon_core.package_identification:_identify(src/vision) by extensions ['ros']
[7.232s] Level 1:colcon.colcon_core.package_identification:_identify(src/vision) by extension 'ros'
[7.235s] DEBUG:colcon.colcon_core.package_identification:Package 'src/vision' with type 'ros.ament_python' and name 'vision'
[7.236s] Level 1:colcon.colcon_core.package_identification:_identify(src/ws_server) by extensions ['ignore', 'ignore_ament_install']
[7.236s] Level 1:colcon.colcon_core.package_identification:_identify(src/ws_server) by extension 'ignore'
[7.236s] Level 1:colcon.colcon_core.package_identification:_identify(src/ws_server) by extension 'ignore_ament_install'
[7.237s] Level 1:colcon.colcon_core.package_identification:_identify(src/ws_server) by extensions ['colcon_pkg']
[7.237s] Level 1:colcon.colcon_core.package_identification:_identify(src/ws_server) by extension 'colcon_pkg'
[7.238s] Level 1:colcon.colcon_core.package_identification:_identify(src/ws_server) by extensions ['colcon_meta']
[7.238s] Level 1:colcon.colcon_core.package_identification:_identify(src/ws_server) by extension 'colcon_meta'
[7.238s] Level 1:colcon.colcon_core.package_identification:_identify(src/ws_server) by extensions ['ros']
[7.239s] Level 1:colcon.colcon_core.package_identification:_identify(src/ws_server) by extension 'ros'
[7.241s] DEBUG:colcon.colcon_core.package_identification:Package 'src/ws_server' with type 'ros.ament_python' and name 'ws_server'
[7.242s] Level 1:colcon.colcon_core.package_discovery:discover_packages(recursive) using defaults
[7.242s] Level 1:colcon.colcon_core.package_discovery:discover_packages(ignore) discover
[7.242s] Level 1:colcon.colcon_core.package_discovery:discover_packages(ignore) using defaults
[7.242s] Level 1:colcon.colcon_core.package_discovery:discover_packages(path) discover
[7.243s] Level 1:colcon.colcon_core.package_discovery:discover_packages(path) using defaults
[7.719s] INFO:colcon.colcon_core.package_selection:Skipping not selected package 'delivery_bot_package' in 'src/delivery_bot_package'
[7.720s] INFO:colcon.colcon_core.package_selection:Skipping not selected package 'digipot_interfaces' in 'src/digipot_interfaces'
[7.721s] INFO:colcon.colcon_core.package_selection:Skipping not selected package 'motion_control' in 'src/motion_control'
[7.724s] INFO:colcon.colcon_core.package_selection:Skipping not selected package 'rtcbot_adapter' in 'src/rtcbot_adapter'
[7.725s] INFO:colcon.colcon_core.package_selection:Skipping not selected package 'sllidar_ros2' in 'src/sllidar_ros2'
[7.725s] INFO:colcon.colcon_core.package_selection:Skipping not selected package 'vision' in 'src/vision'
[7.726s] INFO:colcon.colcon_core.package_selection:Skipping not selected package 'ws_server' in 'src/ws_server'
[7.876s] Level 5:colcon.colcon_core.verb:set package 'digipot' build argument 'cmake_args' from command line to 'None'
[7.879s] Level 5:colcon.colcon_core.verb:set package 'digipot' build argument 'cmake_target' from command line to 'None'
[7.880s] Level 5:colcon.colcon_core.verb:set package 'digipot' build argument 'cmake_target_skip_unavailable' from command line to 'False'
[7.881s] Level 5:colcon.colcon_core.verb:set package 'digipot' build argument 'cmake_clean_cache' from command line to 'False'
[7.882s] Level 5:colcon.colcon_core.verb:set package 'digipot' build argument 'cmake_clean_first' from command line to 'False'
[7.882s] Level 5:colcon.colcon_core.verb:set package 'digipot' build argument 'cmake_force_configure' from command line to 'False'
[7.883s] Level 5:colcon.colcon_core.verb:set package 'digipot' build argument 'ament_cmake_args' from command line to 'None'
[7.920s] Level 5:colcon.colcon_core.verb:set package 'digipot' build argument 'catkin_cmake_args' from command line to 'None'
[7.920s] Level 5:colcon.colcon_core.verb:set package 'digipot' build argument 'catkin_skip_building_tests' from command line to 'False'
[7.920s] DEBUG:colcon.colcon_core.verb:Building package 'digipot' with the following arguments: {'ament_cmake_args': None, 'build_base': '/ros2_ws/build/digipot', 'catkin_cmake_args': None, 'catkin_skip_building_tests': False, 'cmake_args': None, 'cmake_clean_cache': False, 'cmake_clean_first': False, 'cmake_force_configure': False, 'cmake_target': None, 'cmake_target_skip_unavailable': False, 'install_base': '/ros2_ws/install/digipot', 'merge_install': False, 'path': '/ros2_ws/src/digipot', 'symlink_install': True, 'test_result_base': None}
[8.123s] INFO:colcon.colcon_core.executor:Executing jobs using 'parallel' executor
[8.229s] DEBUG:colcon.colcon_parallel_executor.executor.parallel:run_until_complete
[8.230s] INFO:colcon.colcon_ros.task.ament_cmake.build:Building ROS package in '/ros2_ws/src/digipot' with build type 'ament_cmake'
[8.231s] INFO:colcon.colcon_cmake.task.cmake.build:Building CMake package in '/ros2_ws/src/digipot'
[8.350s] INFO:colcon.colcon_core.plugin_system:Skipping extension 'colcon_core.shell.bat': Not used on non-Windows systems
[8.351s] INFO:colcon.colcon_core.shell:Skip shell extension 'powershell' for command environment: Not usable outside of PowerShell
[8.351s] DEBUG:colcon.colcon_core.shell:Skip shell extension 'dsv' for command environment
[8.720s] DEBUG:colcon.colcon_core.event_handler.log_command:Invoking command in '/ros2_ws/build/digipot': CMAKE_PREFIX_PATH=${CMAKE_PREFIX_PATH}:/ros2_ws/install/ws_server:/ros2_ws/install/vision:/ros2_ws/install/rtcbot_adapter:/ros2_ws/install/motion_control:/opt/ros/humble /usr/bin/cmake --build /ros2_ws/build/digipot -- -j4 -l4
[47.223s] DEBUG:colcon.colcon_core.event_handler.log_command:Invoked command in '/ros2_ws/build/digipot' returned '2': CMAKE_PREFIX_PATH=${CMAKE_PREFIX_PATH}:/ros2_ws/install/ws_server:/ros2_ws/install/vision:/ros2_ws/install/rtcbot_adapter:/ros2_ws/install/motion_control:/opt/ros/humble /usr/bin/cmake --build /ros2_ws/build/digipot -- -j4 -l4
[47.525s] Level 1:colcon.colcon_core.environment:create_environment_scripts_only(digipot)
[47.611s] Level 1:colcon.colcon_core.environment:checking '/ros2_ws/install/digipot' for CMake module files
[47.621s] Level 1:colcon.colcon_core.environment:checking '/ros2_ws/install/digipot' for CMake config files
[47.644s] Level 1:colcon.colcon_core.shell:create_environment_hook('digipot', 'cmake_prefix_path')
[47.720s] INFO:colcon.colcon_core.shell:Creating environment hook '/ros2_ws/install/digipot/share/digipot/hook/cmake_prefix_path.ps1'
[47.724s] INFO:colcon.colcon_core.shell:Creating environment descriptor '/ros2_ws/install/digipot/share/digipot/hook/cmake_prefix_path.dsv'
[47.727s] INFO:colcon.colcon_core.shell:Creating environment hook '/ros2_ws/install/digipot/share/digipot/hook/cmake_prefix_path.sh'
[47.736s] Level 1:colcon.colcon_core.environment:checking '/ros2_ws/install/digipot/lib'
[47.737s] Level 1:colcon.colcon_core.shell:create_environment_hook('digipot', 'ld_library_path_lib')
[47.807s] INFO:colcon.colcon_core.shell:Creating environment hook '/ros2_ws/install/digipot/share/digipot/hook/ld_library_path_lib.ps1'
[47.810s] INFO:colcon.colcon_core.shell:Creating environment descriptor '/ros2_ws/install/digipot/share/digipot/hook/ld_library_path_lib.dsv'
[47.812s] INFO:colcon.colcon_core.shell:Creating environment hook '/ros2_ws/install/digipot/share/digipot/hook/ld_library_path_lib.sh'
[47.813s] Level 1:colcon.colcon_core.environment:checking '/ros2_ws/install/digipot/bin'
[47.814s] Level 1:colcon.colcon_core.environment:checking '/ros2_ws/install/digipot/lib/pkgconfig/digipot.pc'
[47.823s] Level 1:colcon.colcon_core.environment:checking '/ros2_ws/install/digipot/lib/python3.10/site-packages'
[47.824s] Level 1:colcon.colcon_core.environment:checking '/ros2_ws/install/digipot/bin'
[47.900s] INFO:colcon.colcon_core.shell:Creating package script '/ros2_ws/install/digipot/share/digipot/package.ps1'
[47.905s] INFO:colcon.colcon_core.shell:Creating package descriptor '/ros2_ws/install/digipot/share/digipot/package.dsv'
[47.922s] INFO:colcon.colcon_core.shell:Creating package script '/ros2_ws/install/digipot/share/digipot/package.sh'
[47.928s] INFO:colcon.colcon_core.shell:Creating package script '/ros2_ws/install/digipot/share/digipot/package.bash'
[47.933s] INFO:colcon.colcon_core.shell:Creating package script '/ros2_ws/install/digipot/share/digipot/package.zsh'
[47.937s] Level 1:colcon.colcon_core.environment:create_file_with_runtime_dependencies(/ros2_ws/install/digipot/share/colcon-core/packages/digipot)
[47.948s] DEBUG:colcon.colcon_parallel_executor.executor.parallel:closing loop
[47.949s] DEBUG:colcon.colcon_parallel_executor.executor.parallel:loop closed
[47.951s] DEBUG:colcon.colcon_parallel_executor.executor.parallel:run_until_complete finished with '2'
[47.951s] DEBUG:colcon.colcon_core.event_reactor:joining thread
[48.112s] INFO:colcon.colcon_core.plugin_system:Skipping extension 'colcon_notification.desktop_notification.notify_send': Could not find 'notify-send'
[48.113s] INFO:colcon.colcon_core.plugin_system:Skipping extension 'colcon_notification.desktop_notification.terminal_notifier': Not used on non-Darwin systems
[48.113s] INFO:colcon.colcon_core.plugin_system:Skipping extension 'colcon_notification.desktop_notification.win32': Not used on non-Windows systems
[48.114s] INFO:colcon.colcon_notification.desktop_notification:Sending desktop notification using 'notify2'
[48.114s] DEBUG:colcon.colcon_notification.desktop_notification.notify2:Failed to initialize notify2: org.freedesktop.DBus.Error.NotSupported: Unable to autolaunch a dbus-daemon without a $DISPLAY for X11
[48.115s] DEBUG:colcon.colcon_core.event_reactor:joined thread
[48.252s] INFO:colcon.colcon_core.shell:Creating prefix script '/ros2_ws/install/local_setup.ps1'
[48.260s] INFO:colcon.colcon_core.shell:Creating prefix util module '/ros2_ws/install/_local_setup_util_ps1.py'
[48.267s] INFO:colcon.colcon_core.shell:Creating prefix chain script '/ros2_ws/install/setup.ps1'
[48.333s] INFO:colcon.colcon_core.shell:Creating prefix script '/ros2_ws/install/local_setup.sh'
[48.336s] INFO:colcon.colcon_core.shell:Creating prefix util module '/ros2_ws/install/_local_setup_util_sh.py'
[48.337s] INFO:colcon.colcon_core.shell:Creating prefix chain script '/ros2_ws/install/setup.sh'
[48.405s] INFO:colcon.colcon_core.shell:Creating prefix script '/ros2_ws/install/local_setup.bash'
[48.408s] INFO:colcon.colcon_core.shell:Creating prefix chain script '/ros2_ws/install/setup.bash'
[48.475s] INFO:colcon.colcon_core.shell:Creating prefix script '/ros2_ws/install/local_setup.zsh'
[48.478s] INFO:colcon.colcon_core.shell:Creating prefix chain script '/ros2_ws/install/setup.zsh'
