[0.200s] Invoking command in '/ros2_ws/build/digipot': CMAKE_PREFIX_PATH=${CMAKE_PREFIX_PATH}:/ros2_ws/install/ws_server:/ros2_ws/install/vision:/ros2_ws/install/rtcbot_adapter:/ros2_ws/install/motion_control:/opt/ros/humble /usr/bin/cmake /ros2_ws/src/digipot -DAMENT_CMAKE_SYMLINK_INSTALL=1 -DCMAKE_INSTALL_PREFIX=/ros2_ws/install/digipot
[0.376s] -- The C compiler identification is GNU 11.4.0
[0.585s] -- The CXX compiler identification is GNU 11.4.0
[0.607s] -- Detecting C compiler ABI info
[0.825s] -- Detecting C compiler ABI info - done
[0.860s] -- Check for working C compiler: /usr/bin/cc - skipped
[0.861s] -- Detecting C compile features
[0.863s] -- Detecting C compile features - done
[0.874s] -- Detecting CXX compiler ABI info
[1.121s] -- Detecting CXX compiler ABI info - done
[1.153s] -- Check for working CXX compiler: /usr/bin/c++ - skipped
[1.154s] -- Detecting CXX compile features
[1.156s] -- Detecting CXX compile features - done
[1.166s] -- Found ament_cmake: 1.3.5 (/opt/ros/humble/share/ament_cmake/cmake)
[1.715s] -- Found Python3: /usr/bin/python3.10 (found version "3.10.12") found components: Interpreter 
[1.966s] -- Override CMake install command with custom implementation using symlinks instead of copying resources
[2.072s] -- Found rclcpp: 16.0.6 (/opt/ros/humble/share/rclcpp/cmake)
[2.232s] -- Found rosidl_generator_c: 3.1.5 (/opt/ros/humble/share/rosidl_generator_c/cmake)
[2.253s] -- Found rosidl_adapter: 3.1.5 (/opt/ros/humble/share/rosidl_adapter/cmake)
[2.289s] -- Found rosidl_generator_cpp: 3.1.5 (/opt/ros/humble/share/rosidl_generator_cpp/cmake)
[2.349s] -- Using all available rosidl_typesupport_c: rosidl_typesupport_fastrtps_c;rosidl_typesupport_introspection_c
[2.439s] -- Using all available rosidl_typesupport_cpp: rosidl_typesupport_fastrtps_cpp;rosidl_typesupport_introspection_cpp
[2.752s] -- Found rmw_implementation_cmake: 6.1.1 (/opt/ros/humble/share/rmw_implementation_cmake/cmake)
[2.763s] -- Found rmw_fastrtps_cpp: 6.2.4 (/opt/ros/humble/share/rmw_fastrtps_cpp/cmake)
[3.071s] -- Found OpenSSL: /usr/lib/aarch64-linux-gnu/libcrypto.so (found version "3.0.2")  
[3.136s] -- Found FastRTPS: /opt/ros/humble/include  
[3.276s] -- Using RMW implementation 'rmw_fastrtps_cpp' as default
[3.316s] -- Looking for pthread.h
[3.545s] -- Looking for pthread.h - found
[3.547s] -- Performing Test CMAKE_HAVE_LIBC_PTHREAD
[3.771s] -- Performing Test CMAKE_HAVE_LIBC_PTHREAD - Success
[3.774s] -- Found Threads: TRUE  
[4.531s] -- Found ament_lint_auto: 0.12.8 (/opt/ros/humble/share/ament_lint_auto/cmake)
[4.852s] -- Added test 'cppcheck' to perform static code analysis on C / C++ code
[4.853s] -- Configured cppcheck include dirs: $<BUILD_INTERFACE:/ros2_ws/src/digipot/include>
[4.854s] -- Configured cppcheck exclude dirs and/or files: 
[4.858s] -- Added test 'lint_cmake' to check CMake code style
[4.862s] -- Added test 'uncrustify' to check C / C++ code style
[4.862s] -- Configured uncrustify additional arguments: 
[4.864s] -- Added test 'xmllint' to check XML markup files
[4.870s] -- Configuring done
[4.906s] -- Generating done
[4.911s] -- Build files have been written to: /ros2_ws/build/digipot
[4.938s] Invoked command in '/ros2_ws/build/digipot' returned '0': CMAKE_PREFIX_PATH=${CMAKE_PREFIX_PATH}:/ros2_ws/install/ws_server:/ros2_ws/install/vision:/ros2_ws/install/rtcbot_adapter:/ros2_ws/install/motion_control:/opt/ros/humble /usr/bin/cmake /ros2_ws/src/digipot -DAMENT_CMAKE_SYMLINK_INSTALL=1 -DCMAKE_INSTALL_PREFIX=/ros2_ws/install/digipot
[4.944s] Invoking command in '/ros2_ws/build/digipot': CMAKE_PREFIX_PATH=${CMAKE_PREFIX_PATH}:/ros2_ws/install/ws_server:/ros2_ws/install/vision:/ros2_ws/install/rtcbot_adapter:/ros2_ws/install/motion_control:/opt/ros/humble /usr/bin/cmake --build /ros2_ws/build/digipot -- -j4 -l4
[5.082s] [ 66%] [32mBuilding CXX object CMakeFiles/digipot.dir/src/digipot.cpp.o[0m
[5.082s] [ 66%] [32mBuilding CXX object CMakeFiles/digipot.dir/src/DigiPot.cpp.o[0m
[36.845s] [100%] [32m[1mLinking CXX executable digipot[0m
[38.470s] /usr/bin/ld: CMakeFiles/digipot.dir/src/DigiPot.cpp.o: in function `DigiPot::DigiPot(int, int, int)':
[38.470s] DigiPot.cpp:(.text+0x4c): undefined reference to `GPIO::setmode(GPIO::NumberingModes)'
[38.470s] /usr/bin/ld: DigiPot.cpp:(.text+0x60): undefined reference to `GPIO::setup(int, GPIO::Directions, int)'
[38.471s] /usr/bin/ld: DigiPot.cpp:(.text+0x74): undefined reference to `GPIO::setup(int, GPIO::Directions, int)'
[38.471s] /usr/bin/ld: DigiPot.cpp:(.text+0x88): undefined reference to `GPIO::setup(int, GPIO::Directions, int)'
[38.472s] /usr/bin/ld: CMakeFiles/digipot.dir/src/DigiPot.cpp.o: in function `DigiPot::change(unsigned char, int)':
[38.472s] DigiPot.cpp:(.text+0x320): undefined reference to `GPIO::output(int, int)'
[38.472s] /usr/bin/ld: DigiPot.cpp:(.text+0x330): undefined reference to `GPIO::output(int, int)'
[38.473s] /usr/bin/ld: DigiPot.cpp:(.text+0x340): undefined reference to `GPIO::output(int, int)'
[38.473s] /usr/bin/ld: DigiPot.cpp:(.text+0x358): undefined reference to `GPIO::output(int, int)'
[38.474s] /usr/bin/ld: DigiPot.cpp:(.text+0x370): undefined reference to `GPIO::output(int, int)'
[38.474s] /usr/bin/ld: CMakeFiles/digipot.dir/src/DigiPot.cpp.o:DigiPot.cpp:(.text+0x41c): more undefined references to `GPIO::output(int, int)' follow
[38.540s] collect2: error: ld returned 1 exit status
[38.543s] gmake[2]: *** [CMakeFiles/digipot.dir/build.make:175: digipot] Error 1
[38.544s] gmake[1]: *** [CMakeFiles/Makefile2:137: CMakeFiles/digipot.dir/all] Error 2
[38.544s] gmake: *** [Makefile:146: all] Error 2
[38.549s] Invoked command in '/ros2_ws/build/digipot' returned '2': CMAKE_PREFIX_PATH=${CMAKE_PREFIX_PATH}:/ros2_ws/install/ws_server:/ros2_ws/install/vision:/ros2_ws/install/rtcbot_adapter:/ros2_ws/install/motion_control:/opt/ros/humble /usr/bin/cmake --build /ros2_ws/build/digipot -- -j4 -l4
