[0.375s] Invoking command in '/ros2_ws/build/digipot': CMAKE_PREFIX_PATH=/ros2_ws/install/digipot_interfaces:/ros2_ws/install/sllidar_ros2:/ros2_ws/install/digipot:/ros2_ws/install/delivery_bot_package:/ros2_ws/install/ws_server:/ros2_ws/install/vision:/ros2_ws/install/rtcbot_adapter:/ros2_ws/install/motion_control:/opt/ros/humble LD_LIBRARY_PATH=/ros2_ws/install/digipot_interfaces/lib:/ros2_ws/install/digipot/lib:/opt/ros/humble/lib/aarch64-linux-gnu:/opt/ros/humble/lib /usr/bin/cmake --build /ros2_ws/build/digipot -- -j4 -l4
[0.792s] -- Found ament_cmake: 1.3.5 (/opt/ros/humble/share/ament_cmake/cmake)
[1.642s] -- Override CMake install command with custom implementation using symlinks instead of copying resources
[1.762s] -- Found rclcpp: 16.0.6 (/opt/ros/humble/share/rclcpp/cmake)
[1.951s] -- Found rosidl_generator_c: 3.1.5 (/opt/ros/humble/share/rosidl_generator_c/cmake)
[1.974s] -- Found rosidl_adapter: 3.1.5 (/opt/ros/humble/share/rosidl_adapter/cmake)
[2.016s] -- Found rosidl_generator_cpp: 3.1.5 (/opt/ros/humble/share/rosidl_generator_cpp/cmake)
[2.094s] -- Using all available rosidl_typesupport_c: rosidl_typesupport_fastrtps_c;rosidl_typesupport_introspection_c
[2.224s] -- Using all available rosidl_typesupport_cpp: rosidl_typesupport_fastrtps_cpp;rosidl_typesupport_introspection_cpp
[2.628s] -- Found rmw_implementation_cmake: 6.1.1 (/opt/ros/humble/share/rmw_implementation_cmake/cmake)
[2.650s] -- Found rmw_fastrtps_cpp: 6.2.4 (/opt/ros/humble/share/rmw_fastrtps_cpp/cmake)
[3.563s] -- Using RMW implementation 'rmw_fastrtps_cpp' as default
[4.831s] -- Found geometry_msgs: 4.2.3 (/opt/ros/humble/share/geometry_msgs/cmake)
[5.214s] [31mCMake Error at CMakeLists.txt:13 (find_package):
[5.218s]   By not providing "Findsersor_msgs.cmake" in CMAKE_MODULE_PATH this project
[5.220s]   has asked CMake to find a package configuration file provided by
[5.223s]   "sersor_msgs", but CMake did not find one.
[5.225s] 
[5.228s]   Could not find a package configuration file provided by "sersor_msgs" with
[5.230s]   any of the following names:
[5.235s] 
[5.242s]     sersor_msgsConfig.cmake
[5.243s]     sersor_msgs-config.cmake
[5.243s] 
[5.248s]   Add the installation prefix of "sersor_msgs" to CMAKE_PREFIX_PATH or set
[5.249s]   "sersor_msgs_DIR" to a directory containing one of the above files.  If
[5.249s]   "sersor_msgs" provides a separate development package or SDK, be sure it
[5.249s]   has been installed.
[5.250s] 
[5.250s] [0m
[5.251s] -- Configuring incomplete, errors occurred!
[5.251s] See also "/ros2_ws/build/digipot/CMakeFiles/CMakeOutput.log".
[5.251s] gmake: *** [Makefile:294: cmake_check_build_system] Error 1
[5.252s] Invoked command in '/ros2_ws/build/digipot' returned '2': CMAKE_PREFIX_PATH=/ros2_ws/install/digipot_interfaces:/ros2_ws/install/sllidar_ros2:/ros2_ws/install/digipot:/ros2_ws/install/delivery_bot_package:/ros2_ws/install/ws_server:/ros2_ws/install/vision:/ros2_ws/install/rtcbot_adapter:/ros2_ws/install/motion_control:/opt/ros/humble LD_LIBRARY_PATH=/ros2_ws/install/digipot_interfaces/lib:/ros2_ws/install/digipot/lib:/opt/ros/humble/lib/aarch64-linux-gnu:/opt/ros/humble/lib /usr/bin/cmake --build /ros2_ws/build/digipot -- -j4 -l4
