[0.204s] Invoking command in '/ros2_ws/build/digipot': CMAKE_PREFIX_PATH=${CMAKE_PREFIX_PATH}:/ros2_ws/install/ws_server:/ros2_ws/install/vision:/ros2_ws/install/rtcbot_adapter:/ros2_ws/install/motion_control:/opt/ros/humble /usr/bin/cmake --build /ros2_ws/build/digipot -- -j4 -l4
[0.325s] [35m[1mConsolidate compiler generated dependencies of target digipot[0m
[0.382s] [ 33%] [32mBuilding CXX object CMakeFiles/digipot.dir/src/DigiPot.cpp.o[0m
[2.082s] [ 66%] [32m[1mLinking CXX executable digipot[0m
[3.781s] [100%] Built target digipot
[3.810s] Invoked command in '/ros2_ws/build/digipot' returned '0': CMAKE_PREFIX_PATH=${CMAKE_PREFIX_PATH}:/ros2_ws/install/ws_server:/ros2_ws/install/vision:/ros2_ws/install/rtcbot_adapter:/ros2_ws/install/motion_control:/opt/ros/humble /usr/bin/cmake --build /ros2_ws/build/digipot -- -j4 -l4
[3.901s] Invoking command in '/ros2_ws/build/digipot': CMAKE_PREFIX_PATH=${CMAKE_PREFIX_PATH}:/ros2_ws/install/ws_server:/ros2_ws/install/vision:/ros2_ws/install/rtcbot_adapter:/ros2_ws/install/motion_control:/opt/ros/humble /usr/bin/cmake --install /ros2_ws/build/digipot
[3.921s] -- Install configuration: ""
[3.922s] -- Execute custom install script
[3.923s] -- Up-to-date symlink: /ros2_ws/install/digipot/lib/digipot/digipot
[3.923s] -- Up-to-date symlink: /ros2_ws/install/digipot/share/ament_index/resource_index/package_run_dependencies/digipot
[3.924s] -- Up-to-date symlink: /ros2_ws/install/digipot/share/ament_index/resource_index/parent_prefix_path/digipot
[3.925s] -- Up-to-date symlink: /ros2_ws/install/digipot/share/digipot/environment/ament_prefix_path.sh
[3.925s] -- Up-to-date symlink: /ros2_ws/install/digipot/share/digipot/environment/ament_prefix_path.dsv
[3.926s] -- Up-to-date symlink: /ros2_ws/install/digipot/share/digipot/environment/path.sh
[3.926s] -- Up-to-date symlink: /ros2_ws/install/digipot/share/digipot/environment/path.dsv
[3.927s] -- Up-to-date symlink: /ros2_ws/install/digipot/share/digipot/local_setup.bash
[3.927s] -- Up-to-date symlink: /ros2_ws/install/digipot/share/digipot/local_setup.sh
[3.928s] -- Up-to-date symlink: /ros2_ws/install/digipot/share/digipot/local_setup.zsh
[3.929s] -- Up-to-date symlink: /ros2_ws/install/digipot/share/digipot/local_setup.dsv
[3.929s] -- Symlinking: /ros2_ws/install/digipot/share/digipot/package.dsv
[3.952s] -- Up-to-date symlink: /ros2_ws/install/digipot/share/ament_index/resource_index/packages/digipot
[3.953s] -- Up-to-date symlink: /ros2_ws/install/digipot/share/digipot/cmake/digipotConfig.cmake
[3.953s] -- Up-to-date symlink: /ros2_ws/install/digipot/share/digipot/cmake/digipotConfig-version.cmake
[3.954s] -- Up-to-date symlink: /ros2_ws/install/digipot/share/digipot/package.xml
[3.959s] Invoked command in '/ros2_ws/build/digipot' returned '0': CMAKE_PREFIX_PATH=${CMAKE_PREFIX_PATH}:/ros2_ws/install/ws_server:/ros2_ws/install/vision:/ros2_ws/install/rtcbot_adapter:/ros2_ws/install/motion_control:/opt/ros/humble /usr/bin/cmake --install /ros2_ws/build/digipot
