[3.796s] DEBUG:colcon:Command line arguments: ['/usr/bin/colcon', 'build', '--symlink-install', '--packages-select', 'digipot']
[3.797s] DEBUG:colcon:Parsed command line arguments: Namespace(log_base=None, log_level=None, verb_name='build', build_base='build', install_base='install', merge_install=False, symlink_install=True, test_result_base=None, continue_on_error=False, executor='parallel', parallel_workers=4, event_handlers=None, ignore_user_meta=False, metas=['./colcon.meta'], base_paths=['.'], packages_ignore=None, packages_ignore_regex=None, paths=None, packages_up_to=None, packages_up_to_regex=None, packages_above=None, packages_above_and_dependencies=None, packages_above_depth=None, packages_select_by_dep=None, packages_skip_by_dep=None, packages_skip_up_to=None, packages_select_build_failed=False, packages_skip_build_finished=False, packages_select_test_failures=False, packages_skip_test_passed=False, packages_select=['digipot'], packages_skip=None, packages_select_regex=None, packages_skip_regex=None, packages_start=None, packages_end=None, cmake_args=None, cmake_target=None, cmake_target_skip_unavailable=False, cmake_clean_cache=False, cmake_clean_first=False, cmake_force_configure=False, ament_cmake_args=None, catkin_cmake_args=None, catkin_skip_building_tests=False, mixin_files=None, mixin=None, verb_parser=<colcon_mixin.mixin.mixin_argument.MixinArgumentDecorator object at 0x7f7ca28220>, verb_extension=<colcon_core.verb.build.BuildVerb object at 0x7f7ca24a90>, main=<bound method BuildVerb.main of <colcon_core.verb.build.BuildVerb object at 0x7f7ca24a90>>, mixin_verb=('build',))
[3.954s] Level 1:colcon.colcon_core.package_discovery:discover_packages(colcon_meta) check parameters
[3.957s] INFO:colcon.colcon_metadata.package_discovery.colcon_meta:Using configuration from '/root/.colcon/metadata/default/Gazebo.meta'
[3.959s] INFO:colcon.colcon_metadata.package_discovery.colcon_meta:Using configuration from '/root/.colcon/metadata/default/fastrtps.meta'
[3.959s] Level 1:colcon.colcon_core.package_discovery:discover_packages(recursive) check parameters
[3.959s] Level 1:colcon.colcon_core.package_discovery:discover_packages(ignore) check parameters
[3.959s] Level 1:colcon.colcon_core.package_discovery:discover_packages(path) check parameters
[3.960s] Level 1:colcon.colcon_core.package_discovery:discover_packages(colcon_meta) discover
[3.960s] Level 1:colcon.colcon_core.package_discovery:discover_packages(recursive) discover
[3.960s] INFO:colcon.colcon_core.package_discovery:Crawling recursively for packages in '/ros2_ws'
[3.960s] Level 1:colcon.colcon_core.package_identification:_identify(.) by extensions ['ignore', 'ignore_ament_install']
[3.961s] Level 1:colcon.colcon_core.package_identification:_identify(.) by extension 'ignore'
[3.961s] Level 1:colcon.colcon_core.package_identification:_identify(.) by extension 'ignore_ament_install'
[3.961s] Level 1:colcon.colcon_core.package_identification:_identify(.) by extensions ['colcon_pkg']
[3.961s] Level 1:colcon.colcon_core.package_identification:_identify(.) by extension 'colcon_pkg'
[3.962s] Level 1:colcon.colcon_core.package_identification:_identify(.) by extensions ['colcon_meta']
[3.962s] Level 1:colcon.colcon_core.package_identification:_identify(.) by extension 'colcon_meta'
[3.962s] Level 1:colcon.colcon_core.package_identification:_identify(.) by extensions ['ros']
[3.962s] Level 1:colcon.colcon_core.package_identification:_identify(.) by extension 'ros'
[4.008s] Level 1:colcon.colcon_core.package_identification:_identify(.) by extensions ['cmake', 'python']
[4.008s] Level 1:colcon.colcon_core.package_identification:_identify(.) by extension 'cmake'
[4.009s] Level 1:colcon.colcon_core.package_identification:_identify(.) by extension 'python'
[4.009s] Level 1:colcon.colcon_core.package_identification:_identify(.) by extensions ['python_setup_py']
[4.009s] Level 1:colcon.colcon_core.package_identification:_identify(.) by extension 'python_setup_py'
[4.009s] Level 1:colcon.colcon_core.package_identification:_identify(build) by extensions ['ignore', 'ignore_ament_install']
[4.010s] Level 1:colcon.colcon_core.package_identification:_identify(build) by extension 'ignore'
[4.010s] Level 1:colcon.colcon_core.package_identification:_identify(build) ignored
[4.011s] Level 1:colcon.colcon_core.package_identification:_identify(install) by extensions ['ignore', 'ignore_ament_install']
[4.011s] Level 1:colcon.colcon_core.package_identification:_identify(install) by extension 'ignore'
[4.011s] Level 1:colcon.colcon_core.package_identification:_identify(install) ignored
[4.012s] Level 1:colcon.colcon_core.package_identification:_identify(log) by extensions ['ignore', 'ignore_ament_install']
[4.012s] Level 1:colcon.colcon_core.package_identification:_identify(log) by extension 'ignore'
[4.012s] Level 1:colcon.colcon_core.package_identification:_identify(log) ignored
[4.012s] Level 1:colcon.colcon_core.package_identification:_identify(src) by extensions ['ignore', 'ignore_ament_install']
[4.013s] Level 1:colcon.colcon_core.package_identification:_identify(src) by extension 'ignore'
[4.013s] Level 1:colcon.colcon_core.package_identification:_identify(src) by extension 'ignore_ament_install'
[4.013s] Level 1:colcon.colcon_core.package_identification:_identify(src) by extensions ['colcon_pkg']
[4.013s] Level 1:colcon.colcon_core.package_identification:_identify(src) by extension 'colcon_pkg'
[4.013s] Level 1:colcon.colcon_core.package_identification:_identify(src) by extensions ['colcon_meta']
[4.014s] Level 1:colcon.colcon_core.package_identification:_identify(src) by extension 'colcon_meta'
[4.014s] Level 1:colcon.colcon_core.package_identification:_identify(src) by extensions ['ros']
[4.014s] Level 1:colcon.colcon_core.package_identification:_identify(src) by extension 'ros'
[4.014s] Level 1:colcon.colcon_core.package_identification:_identify(src) by extensions ['cmake', 'python']
[4.014s] Level 1:colcon.colcon_core.package_identification:_identify(src) by extension 'cmake'
[4.015s] Level 1:colcon.colcon_core.package_identification:_identify(src) by extension 'python'
[4.015s] Level 1:colcon.colcon_core.package_identification:_identify(src) by extensions ['python_setup_py']
[4.015s] Level 1:colcon.colcon_core.package_identification:_identify(src) by extension 'python_setup_py'
[4.015s] Level 1:colcon.colcon_core.package_identification:_identify(src/delivery_bot_package) by extensions ['ignore', 'ignore_ament_install']
[4.016s] Level 1:colcon.colcon_core.package_identification:_identify(src/delivery_bot_package) by extension 'ignore'
[4.016s] Level 1:colcon.colcon_core.package_identification:_identify(src/delivery_bot_package) by extension 'ignore_ament_install'
[4.016s] Level 1:colcon.colcon_core.package_identification:_identify(src/delivery_bot_package) by extensions ['colcon_pkg']
[4.016s] Level 1:colcon.colcon_core.package_identification:_identify(src/delivery_bot_package) by extension 'colcon_pkg'
[4.016s] Level 1:colcon.colcon_core.package_identification:_identify(src/delivery_bot_package) by extensions ['colcon_meta']
[4.016s] Level 1:colcon.colcon_core.package_identification:_identify(src/delivery_bot_package) by extension 'colcon_meta'
[4.017s] Level 1:colcon.colcon_core.package_identification:_identify(src/delivery_bot_package) by extensions ['ros']
[4.017s] Level 1:colcon.colcon_core.package_identification:_identify(src/delivery_bot_package) by extension 'ros'
[4.027s] DEBUG:colcon.colcon_core.package_identification:Package 'src/delivery_bot_package' with type 'ros.ament_cmake' and name 'delivery_bot_package'
[4.027s] Level 1:colcon.colcon_core.package_identification:_identify(src/digipot) by extensions ['ignore', 'ignore_ament_install']
[4.028s] Level 1:colcon.colcon_core.package_identification:_identify(src/digipot) by extension 'ignore'
[4.028s] Level 1:colcon.colcon_core.package_identification:_identify(src/digipot) by extension 'ignore_ament_install'
[4.028s] Level 1:colcon.colcon_core.package_identification:_identify(src/digipot) by extensions ['colcon_pkg']
[4.028s] Level 1:colcon.colcon_core.package_identification:_identify(src/digipot) by extension 'colcon_pkg'
[4.029s] Level 1:colcon.colcon_core.package_identification:_identify(src/digipot) by extensions ['colcon_meta']
[4.029s] Level 1:colcon.colcon_core.package_identification:_identify(src/digipot) by extension 'colcon_meta'
[4.029s] Level 1:colcon.colcon_core.package_identification:_identify(src/digipot) by extensions ['ros']
[4.029s] Level 1:colcon.colcon_core.package_identification:_identify(src/digipot) by extension 'ros'
[4.032s] DEBUG:colcon.colcon_core.package_identification:Package 'src/digipot' with type 'ros.ament_cmake' and name 'digipot'
[4.032s] Level 1:colcon.colcon_core.package_identification:_identify(src/motion_control) by extensions ['ignore', 'ignore_ament_install']
[4.032s] Level 1:colcon.colcon_core.package_identification:_identify(src/motion_control) by extension 'ignore'
[4.033s] Level 1:colcon.colcon_core.package_identification:_identify(src/motion_control) by extension 'ignore_ament_install'
[4.033s] Level 1:colcon.colcon_core.package_identification:_identify(src/motion_control) by extensions ['colcon_pkg']
[4.033s] Level 1:colcon.colcon_core.package_identification:_identify(src/motion_control) by extension 'colcon_pkg'
[4.033s] Level 1:colcon.colcon_core.package_identification:_identify(src/motion_control) by extensions ['colcon_meta']
[4.033s] Level 1:colcon.colcon_core.package_identification:_identify(src/motion_control) by extension 'colcon_meta'
[4.034s] Level 1:colcon.colcon_core.package_identification:_identify(src/motion_control) by extensions ['ros']
[4.034s] Level 1:colcon.colcon_core.package_identification:_identify(src/motion_control) by extension 'ros'
[4.035s] DEBUG:colcon.colcon_core.package_identification:Package 'src/motion_control' with type 'ros.ament_python' and name 'motion_control'
[4.036s] Level 1:colcon.colcon_core.package_identification:_identify(src/rtcbot_adapter) by extensions ['ignore', 'ignore_ament_install']
[4.036s] Level 1:colcon.colcon_core.package_identification:_identify(src/rtcbot_adapter) by extension 'ignore'
[4.036s] Level 1:colcon.colcon_core.package_identification:_identify(src/rtcbot_adapter) by extension 'ignore_ament_install'
[4.037s] Level 1:colcon.colcon_core.package_identification:_identify(src/rtcbot_adapter) by extensions ['colcon_pkg']
[4.037s] Level 1:colcon.colcon_core.package_identification:_identify(src/rtcbot_adapter) by extension 'colcon_pkg'
[4.037s] Level 1:colcon.colcon_core.package_identification:_identify(src/rtcbot_adapter) by extensions ['colcon_meta']
[4.037s] Level 1:colcon.colcon_core.package_identification:_identify(src/rtcbot_adapter) by extension 'colcon_meta'
[4.037s] Level 1:colcon.colcon_core.package_identification:_identify(src/rtcbot_adapter) by extensions ['ros']
[4.037s] Level 1:colcon.colcon_core.package_identification:_identify(src/rtcbot_adapter) by extension 'ros'
[4.039s] DEBUG:colcon.colcon_core.package_identification:Package 'src/rtcbot_adapter' with type 'ros.ament_python' and name 'rtcbot_adapter'
[4.040s] Level 1:colcon.colcon_core.package_identification:_identify(src/sllidar_ros2) by extensions ['ignore', 'ignore_ament_install']
[4.040s] Level 1:colcon.colcon_core.package_identification:_identify(src/sllidar_ros2) by extension 'ignore'
[4.040s] Level 1:colcon.colcon_core.package_identification:_identify(src/sllidar_ros2) by extension 'ignore_ament_install'
[4.040s] Level 1:colcon.colcon_core.package_identification:_identify(src/sllidar_ros2) by extensions ['colcon_pkg']
[4.040s] Level 1:colcon.colcon_core.package_identification:_identify(src/sllidar_ros2) by extension 'colcon_pkg'
[4.041s] Level 1:colcon.colcon_core.package_identification:_identify(src/sllidar_ros2) by extensions ['colcon_meta']
[4.041s] Level 1:colcon.colcon_core.package_identification:_identify(src/sllidar_ros2) by extension 'colcon_meta'
[4.041s] Level 1:colcon.colcon_core.package_identification:_identify(src/sllidar_ros2) by extensions ['ros']
[4.041s] Level 1:colcon.colcon_core.package_identification:_identify(src/sllidar_ros2) by extension 'ros'
[4.044s] DEBUG:colcon.colcon_core.package_identification:Package 'src/sllidar_ros2' with type 'ros.ament_cmake' and name 'sllidar_ros2'
[4.044s] Level 1:colcon.colcon_core.package_identification:_identify(src/vision) by extensions ['ignore', 'ignore_ament_install']
[4.044s] Level 1:colcon.colcon_core.package_identification:_identify(src/vision) by extension 'ignore'
[4.045s] Level 1:colcon.colcon_core.package_identification:_identify(src/vision) by extension 'ignore_ament_install'
[4.045s] Level 1:colcon.colcon_core.package_identification:_identify(src/vision) by extensions ['colcon_pkg']
[4.045s] Level 1:colcon.colcon_core.package_identification:_identify(src/vision) by extension 'colcon_pkg'
[4.045s] Level 1:colcon.colcon_core.package_identification:_identify(src/vision) by extensions ['colcon_meta']
[4.045s] Level 1:colcon.colcon_core.package_identification:_identify(src/vision) by extension 'colcon_meta'
[4.045s] Level 1:colcon.colcon_core.package_identification:_identify(src/vision) by extensions ['ros']
[4.046s] Level 1:colcon.colcon_core.package_identification:_identify(src/vision) by extension 'ros'
[4.051s] DEBUG:colcon.colcon_core.package_identification:Package 'src/vision' with type 'ros.ament_python' and name 'vision'
[4.051s] Level 1:colcon.colcon_core.package_identification:_identify(src/ws_server) by extensions ['ignore', 'ignore_ament_install']
[4.052s] Level 1:colcon.colcon_core.package_identification:_identify(src/ws_server) by extension 'ignore'
[4.052s] Level 1:colcon.colcon_core.package_identification:_identify(src/ws_server) by extension 'ignore_ament_install'
[4.053s] Level 1:colcon.colcon_core.package_identification:_identify(src/ws_server) by extensions ['colcon_pkg']
[4.053s] Level 1:colcon.colcon_core.package_identification:_identify(src/ws_server) by extension 'colcon_pkg'
[4.053s] Level 1:colcon.colcon_core.package_identification:_identify(src/ws_server) by extensions ['colcon_meta']
[4.053s] Level 1:colcon.colcon_core.package_identification:_identify(src/ws_server) by extension 'colcon_meta'
[4.053s] Level 1:colcon.colcon_core.package_identification:_identify(src/ws_server) by extensions ['ros']
[4.054s] Level 1:colcon.colcon_core.package_identification:_identify(src/ws_server) by extension 'ros'
[4.055s] DEBUG:colcon.colcon_core.package_identification:Package 'src/ws_server' with type 'ros.ament_python' and name 'ws_server'
[4.056s] Level 1:colcon.colcon_core.package_discovery:discover_packages(recursive) using defaults
[4.056s] Level 1:colcon.colcon_core.package_discovery:discover_packages(ignore) discover
[4.056s] Level 1:colcon.colcon_core.package_discovery:discover_packages(ignore) using defaults
[4.056s] Level 1:colcon.colcon_core.package_discovery:discover_packages(path) discover
[4.056s] Level 1:colcon.colcon_core.package_discovery:discover_packages(path) using defaults
[4.266s] INFO:colcon.colcon_core.package_selection:Skipping not selected package 'delivery_bot_package' in 'src/delivery_bot_package'
[4.266s] INFO:colcon.colcon_core.package_selection:Skipping not selected package 'motion_control' in 'src/motion_control'
[4.266s] INFO:colcon.colcon_core.package_selection:Skipping not selected package 'rtcbot_adapter' in 'src/rtcbot_adapter'
[4.266s] INFO:colcon.colcon_core.package_selection:Skipping not selected package 'sllidar_ros2' in 'src/sllidar_ros2'
[4.266s] INFO:colcon.colcon_core.package_selection:Skipping not selected package 'vision' in 'src/vision'
[4.266s] INFO:colcon.colcon_core.package_selection:Skipping not selected package 'ws_server' in 'src/ws_server'
[4.309s] Level 5:colcon.colcon_core.verb:set package 'digipot' build argument 'cmake_args' from command line to 'None'
[4.309s] Level 5:colcon.colcon_core.verb:set package 'digipot' build argument 'cmake_target' from command line to 'None'
[4.309s] Level 5:colcon.colcon_core.verb:set package 'digipot' build argument 'cmake_target_skip_unavailable' from command line to 'False'
[4.310s] Level 5:colcon.colcon_core.verb:set package 'digipot' build argument 'cmake_clean_cache' from command line to 'False'
[4.310s] Level 5:colcon.colcon_core.verb:set package 'digipot' build argument 'cmake_clean_first' from command line to 'False'
[4.310s] Level 5:colcon.colcon_core.verb:set package 'digipot' build argument 'cmake_force_configure' from command line to 'False'
[4.310s] Level 5:colcon.colcon_core.verb:set package 'digipot' build argument 'ament_cmake_args' from command line to 'None'
[4.310s] Level 5:colcon.colcon_core.verb:set package 'digipot' build argument 'catkin_cmake_args' from command line to 'None'
[4.310s] Level 5:colcon.colcon_core.verb:set package 'digipot' build argument 'catkin_skip_building_tests' from command line to 'False'
[4.310s] DEBUG:colcon.colcon_core.verb:Building package 'digipot' with the following arguments: {'ament_cmake_args': None, 'build_base': '/ros2_ws/build/digipot', 'catkin_cmake_args': None, 'catkin_skip_building_tests': False, 'cmake_args': None, 'cmake_clean_cache': False, 'cmake_clean_first': False, 'cmake_force_configure': False, 'cmake_target': None, 'cmake_target_skip_unavailable': False, 'install_base': '/ros2_ws/install/digipot', 'merge_install': False, 'path': '/ros2_ws/src/digipot', 'symlink_install': True, 'test_result_base': None}
[4.352s] INFO:colcon.colcon_core.executor:Executing jobs using 'parallel' executor
[4.396s] DEBUG:colcon.colcon_parallel_executor.executor.parallel:run_until_complete
[4.397s] INFO:colcon.colcon_ros.task.ament_cmake.build:Building ROS package in '/ros2_ws/src/digipot' with build type 'ament_cmake'
[4.398s] INFO:colcon.colcon_cmake.task.cmake.build:Building CMake package in '/ros2_ws/src/digipot'
[4.449s] INFO:colcon.colcon_core.plugin_system:Skipping extension 'colcon_core.shell.bat': Not used on non-Windows systems
[4.449s] INFO:colcon.colcon_core.shell:Skip shell extension 'powershell' for command environment: Not usable outside of PowerShell
[4.449s] DEBUG:colcon.colcon_core.shell:Skip shell extension 'dsv' for command environment
[4.606s] DEBUG:colcon.colcon_core.event_handler.log_command:Invoking command in '/ros2_ws/build/digipot': CMAKE_PREFIX_PATH=${CMAKE_PREFIX_PATH}:/ros2_ws/install/ws_server:/ros2_ws/install/vision:/ros2_ws/install/rtcbot_adapter:/ros2_ws/install/motion_control:/opt/ros/humble /usr/bin/cmake --build /ros2_ws/build/digipot -- -j4 -l4
[8.292s] DEBUG:colcon.colcon_core.event_handler.log_command:Invoked command in '/ros2_ws/build/digipot' returned '0': CMAKE_PREFIX_PATH=${CMAKE_PREFIX_PATH}:/ros2_ws/install/ws_server:/ros2_ws/install/vision:/ros2_ws/install/rtcbot_adapter:/ros2_ws/install/motion_control:/opt/ros/humble /usr/bin/cmake --build /ros2_ws/build/digipot -- -j4 -l4
[8.381s] DEBUG:colcon.colcon_core.event_handler.log_command:Invoking command in '/ros2_ws/build/digipot': CMAKE_PREFIX_PATH=${CMAKE_PREFIX_PATH}:/ros2_ws/install/ws_server:/ros2_ws/install/vision:/ros2_ws/install/rtcbot_adapter:/ros2_ws/install/motion_control:/opt/ros/humble /usr/bin/cmake --install /ros2_ws/build/digipot
[8.437s] Level 1:colcon.colcon_core.environment:create_environment_scripts_only(digipot)
[8.438s] DEBUG:colcon.colcon_core.event_handler.log_command:Invoked command in '/ros2_ws/build/digipot' returned '0': CMAKE_PREFIX_PATH=${CMAKE_PREFIX_PATH}:/ros2_ws/install/ws_server:/ros2_ws/install/vision:/ros2_ws/install/rtcbot_adapter:/ros2_ws/install/motion_control:/opt/ros/humble /usr/bin/cmake --install /ros2_ws/build/digipot
[8.489s] Level 1:colcon.colcon_core.environment:checking '/ros2_ws/install/digipot' for CMake module files
[8.492s] Level 1:colcon.colcon_core.environment:checking '/ros2_ws/install/digipot' for CMake config files
[8.493s] Level 1:colcon.colcon_core.shell:create_environment_hook('digipot', 'cmake_prefix_path')
[8.536s] INFO:colcon.colcon_core.shell:Creating environment hook '/ros2_ws/install/digipot/share/digipot/hook/cmake_prefix_path.ps1'
[8.538s] INFO:colcon.colcon_core.shell:Creating environment descriptor '/ros2_ws/install/digipot/share/digipot/hook/cmake_prefix_path.dsv'
[8.540s] INFO:colcon.colcon_core.shell:Creating environment hook '/ros2_ws/install/digipot/share/digipot/hook/cmake_prefix_path.sh'
[8.543s] Level 1:colcon.colcon_core.environment:checking '/ros2_ws/install/digipot/lib'
[8.544s] Level 1:colcon.colcon_core.environment:checking '/ros2_ws/install/digipot/bin'
[8.544s] Level 1:colcon.colcon_core.environment:checking '/ros2_ws/install/digipot/lib/pkgconfig/digipot.pc'
[8.550s] Level 1:colcon.colcon_core.environment:checking '/ros2_ws/install/digipot/lib/python3.10/site-packages'
[8.551s] Level 1:colcon.colcon_core.environment:checking '/ros2_ws/install/digipot/bin'
[8.594s] INFO:colcon.colcon_core.shell:Creating package script '/ros2_ws/install/digipot/share/digipot/package.ps1'
[8.598s] INFO:colcon.colcon_core.shell:Creating package descriptor '/ros2_ws/install/digipot/share/digipot/package.dsv'
[8.600s] INFO:colcon.colcon_core.shell:Creating package script '/ros2_ws/install/digipot/share/digipot/package.sh'
[8.603s] INFO:colcon.colcon_core.shell:Creating package script '/ros2_ws/install/digipot/share/digipot/package.bash'
[8.606s] INFO:colcon.colcon_core.shell:Creating package script '/ros2_ws/install/digipot/share/digipot/package.zsh'
[8.609s] Level 1:colcon.colcon_core.environment:create_file_with_runtime_dependencies(/ros2_ws/install/digipot/share/colcon-core/packages/digipot)
[8.714s] Level 1:colcon.colcon_core.environment:create_environment_scripts_only(digipot)
[8.756s] Level 1:colcon.colcon_core.environment:checking '/ros2_ws/install/digipot' for CMake module files
[8.759s] Level 1:colcon.colcon_core.environment:checking '/ros2_ws/install/digipot' for CMake config files
[8.760s] Level 1:colcon.colcon_core.shell:create_environment_hook('digipot', 'cmake_prefix_path')
[8.801s] INFO:colcon.colcon_core.shell:Creating environment hook '/ros2_ws/install/digipot/share/digipot/hook/cmake_prefix_path.ps1'
[8.809s] INFO:colcon.colcon_core.shell:Creating environment descriptor '/ros2_ws/install/digipot/share/digipot/hook/cmake_prefix_path.dsv'
[8.810s] INFO:colcon.colcon_core.shell:Creating environment hook '/ros2_ws/install/digipot/share/digipot/hook/cmake_prefix_path.sh'
[8.811s] Level 1:colcon.colcon_core.environment:checking '/ros2_ws/install/digipot/lib'
[8.812s] Level 1:colcon.colcon_core.environment:checking '/ros2_ws/install/digipot/bin'
[8.812s] Level 1:colcon.colcon_core.environment:checking '/ros2_ws/install/digipot/lib/pkgconfig/digipot.pc'
[8.813s] Level 1:colcon.colcon_core.environment:checking '/ros2_ws/install/digipot/lib/python3.10/site-packages'
[8.814s] Level 1:colcon.colcon_core.environment:checking '/ros2_ws/install/digipot/bin'
[8.857s] INFO:colcon.colcon_core.shell:Creating package script '/ros2_ws/install/digipot/share/digipot/package.ps1'
[8.859s] INFO:colcon.colcon_core.shell:Creating package descriptor '/ros2_ws/install/digipot/share/digipot/package.dsv'
[8.861s] INFO:colcon.colcon_core.shell:Creating package script '/ros2_ws/install/digipot/share/digipot/package.sh'
[8.863s] INFO:colcon.colcon_core.shell:Creating package script '/ros2_ws/install/digipot/share/digipot/package.bash'
[8.864s] INFO:colcon.colcon_core.shell:Creating package script '/ros2_ws/install/digipot/share/digipot/package.zsh'
[8.865s] Level 1:colcon.colcon_core.environment:create_file_with_runtime_dependencies(/ros2_ws/install/digipot/share/colcon-core/packages/digipot)
[8.866s] DEBUG:colcon.colcon_parallel_executor.executor.parallel:closing loop
[8.867s] DEBUG:colcon.colcon_parallel_executor.executor.parallel:loop closed
[8.867s] DEBUG:colcon.colcon_parallel_executor.executor.parallel:run_until_complete finished with '0'
[8.868s] DEBUG:colcon.colcon_core.event_reactor:joining thread
[8.927s] INFO:colcon.colcon_core.plugin_system:Skipping extension 'colcon_notification.desktop_notification.notify_send': Could not find 'notify-send'
[8.928s] INFO:colcon.colcon_core.plugin_system:Skipping extension 'colcon_notification.desktop_notification.terminal_notifier': Not used on non-Darwin systems
[8.928s] INFO:colcon.colcon_core.plugin_system:Skipping extension 'colcon_notification.desktop_notification.win32': Not used on non-Windows systems
[8.928s] INFO:colcon.colcon_notification.desktop_notification:Sending desktop notification using 'notify2'
[8.928s] DEBUG:colcon.colcon_notification.desktop_notification.notify2:Failed to initialize notify2: org.freedesktop.DBus.Error.NotSupported: Unable to autolaunch a dbus-daemon without a $DISPLAY for X11
[8.929s] DEBUG:colcon.colcon_core.event_reactor:joined thread
[8.971s] INFO:colcon.colcon_core.shell:Creating prefix script '/ros2_ws/install/local_setup.ps1'
[8.974s] INFO:colcon.colcon_core.shell:Creating prefix util module '/ros2_ws/install/_local_setup_util_ps1.py'
[8.980s] INFO:colcon.colcon_core.shell:Creating prefix chain script '/ros2_ws/install/setup.ps1'
[9.025s] INFO:colcon.colcon_core.shell:Creating prefix script '/ros2_ws/install/local_setup.sh'
[9.027s] INFO:colcon.colcon_core.shell:Creating prefix util module '/ros2_ws/install/_local_setup_util_sh.py'
[9.029s] INFO:colcon.colcon_core.shell:Creating prefix chain script '/ros2_ws/install/setup.sh'
[9.076s] INFO:colcon.colcon_core.shell:Creating prefix script '/ros2_ws/install/local_setup.bash'
[9.078s] INFO:colcon.colcon_core.shell:Creating prefix chain script '/ros2_ws/install/setup.bash'
[9.123s] INFO:colcon.colcon_core.shell:Creating prefix script '/ros2_ws/install/local_setup.zsh'
[9.125s] INFO:colcon.colcon_core.shell:Creating prefix chain script '/ros2_ws/install/setup.zsh'
