[0.412s] Invoking command in '/ros2_ws/build/digipot': CMAKE_PREFIX_PATH=${CMAKE_PREFIX_PATH}:/ros2_ws/install/ws_server:/ros2_ws/install/vision:/ros2_ws/install/rtcbot_adapter:/ros2_ws/install/motion_control:/opt/ros/humble /usr/bin/cmake --build /ros2_ws/build/digipot -- -j4 -l4
[0.631s] [35m[1mConsolidate compiler generated dependencies of target digipot[0m
[0.720s] [ 33%] [32mBuilding CXX object CMakeFiles/digipot.dir/src/digipot.cpp.o[0m
[65.655s] [ 66%] [32m[1mLinking CXX executable digipot[0m
[69.637s] [100%] Built target digipot
[69.673s] Invoked command in '/ros2_ws/build/digipot' returned '0': CMAKE_PREFIX_PATH=${CMAKE_PREFIX_PATH}:/ros2_ws/install/ws_server:/ros2_ws/install/vision:/ros2_ws/install/rtcbot_adapter:/ros2_ws/install/motion_control:/opt/ros/humble /usr/bin/cmake --build /ros2_ws/build/digipot -- -j4 -l4
[69.790s] Invoking command in '/ros2_ws/build/digipot': CMAKE_PREFIX_PATH=${CMAKE_PREFIX_PATH}:/ros2_ws/install/ws_server:/ros2_ws/install/vision:/ros2_ws/install/rtcbot_adapter:/ros2_ws/install/motion_control:/opt/ros/humble /usr/bin/cmake --install /ros2_ws/build/digipot
[69.822s] -- Install configuration: ""
[69.831s] -- Execute custom install script
[69.838s] -- Up-to-date symlink: /ros2_ws/install/digipot/lib/digipot/digipot
[69.842s] -- Up-to-date symlink: /ros2_ws/install/digipot/share/ament_index/resource_index/package_run_dependencies/digipot
[69.846s] -- Up-to-date symlink: /ros2_ws/install/digipot/share/ament_index/resource_index/parent_prefix_path/digipot
[69.864s] -- Up-to-date symlink: /ros2_ws/install/digipot/share/digipot/environment/ament_prefix_path.sh
[69.865s] -- Up-to-date symlink: /ros2_ws/install/digipot/share/digipot/environment/ament_prefix_path.dsv
[69.868s] -- Up-to-date symlink: /ros2_ws/install/digipot/share/digipot/environment/path.sh
[69.870s] -- Up-to-date symlink: /ros2_ws/install/digipot/share/digipot/environment/path.dsv
[69.872s] -- Up-to-date symlink: /ros2_ws/install/digipot/share/digipot/local_setup.bash
[69.874s] -- Up-to-date symlink: /ros2_ws/install/digipot/share/digipot/local_setup.sh
[69.876s] -- Up-to-date symlink: /ros2_ws/install/digipot/share/digipot/local_setup.zsh
[69.878s] -- Up-to-date symlink: /ros2_ws/install/digipot/share/digipot/local_setup.dsv
[69.887s] -- Symlinking: /ros2_ws/install/digipot/share/digipot/package.dsv
[69.914s] -- Up-to-date symlink: /ros2_ws/install/digipot/share/ament_index/resource_index/packages/digipot
[69.917s] -- Up-to-date symlink: /ros2_ws/install/digipot/share/digipot/cmake/digipotConfig.cmake
[69.920s] -- Up-to-date symlink: /ros2_ws/install/digipot/share/digipot/cmake/digipotConfig-version.cmake
[69.924s] -- Up-to-date symlink: /ros2_ws/install/digipot/share/digipot/package.xml
[69.938s] Invoked command in '/ros2_ws/build/digipot' returned '0': CMAKE_PREFIX_PATH=${CMAKE_PREFIX_PATH}:/ros2_ws/install/ws_server:/ros2_ws/install/vision:/ros2_ws/install/rtcbot_adapter:/ros2_ws/install/motion_control:/opt/ros/humble /usr/bin/cmake --install /ros2_ws/build/digipot
