[3.268s] Invoking command in '/ros2_ws/build/rtcbot_adapter': PYTHONPATH=/ros2_ws/build/rtcbot_adapter/prefix_override:/ros2_ws/install/rtcbot_adapter/lib/python3.10/site-packages:${PYTHONPATH} /usr/bin/python3 setup.py develop --editable --build-directory /ros2_ws/build/rtcbot_adapter/build --no-deps install_data
[4.384s] running develop
[4.391s] /usr/lib/python3/dist-packages/setuptools/command/easy_install.py:158: EasyInstallDeprecationWarning: easy_install command is deprecated. Use build and pip and other standards-based tools.
[4.391s]   warnings.warn(
[4.399s] /usr/lib/python3/dist-packages/setuptools/command/install.py:34: SetuptoolsDeprecationWarning: setup.py install is deprecated. Use build and pip and other standards-based tools.
[4.399s]   warnings.warn(
[5.136s] running egg_info
[5.137s] creating rtcbot_adapter.egg-info
[5.138s] writing rtcbot_adapter.egg-info/PKG-INFO
[5.139s] writing dependency_links to rtcbot_adapter.egg-info/dependency_links.txt
[5.141s] writing entry points to rtcbot_adapter.egg-info/entry_points.txt
[5.141s] writing requirements to rtcbot_adapter.egg-info/requires.txt
[5.147s] writing top-level names to rtcbot_adapter.egg-info/top_level.txt
[5.148s] writing manifest file 'rtcbot_adapter.egg-info/SOURCES.txt'
[5.149s] reading manifest file 'rtcbot_adapter.egg-info/SOURCES.txt'
[5.152s] writing manifest file 'rtcbot_adapter.egg-info/SOURCES.txt'
[5.161s] running build_ext
[5.162s] Creating /ros2_ws/install/rtcbot_adapter/lib/python3.10/site-packages/rtcbot-adapter.egg-link (link to .)
[5.167s] Installing rtcbot_adpter script to /ros2_ws/install/rtcbot_adapter/lib/rtcbot_adapter
[5.168s] 
[5.169s] Installed /ros2_ws/build/rtcbot_adapter
[5.170s] running install_data
[5.173s] creating /ros2_ws/install/rtcbot_adapter/share/ament_index
[5.174s] creating /ros2_ws/install/rtcbot_adapter/share/ament_index/resource_index
[5.176s] creating /ros2_ws/install/rtcbot_adapter/share/ament_index/resource_index/packages
[5.176s] copying resource/rtcbot_adapter -> /ros2_ws/install/rtcbot_adapter/share/ament_index/resource_index/packages
[5.177s] copying package.xml -> /ros2_ws/install/rtcbot_adapter/share/rtcbot_adapter
[5.328s] Invoked command in '/ros2_ws/build/rtcbot_adapter' returned '0': PYTHONPATH=/ros2_ws/build/rtcbot_adapter/prefix_override:/ros2_ws/install/rtcbot_adapter/lib/python3.10/site-packages:${PYTHONPATH} /usr/bin/python3 setup.py develop --editable --build-directory /ros2_ws/build/rtcbot_adapter/build --no-deps install_data
