[0.201s] Invoking command in '/ros2_ws/build/digipot': CMAKE_PREFIX_PATH=${CMAKE_PREFIX_PATH}:/ros2_ws/install/ws_server:/ros2_ws/install/vision:/ros2_ws/install/rtcbot_adapter:/ros2_ws/install/motion_control:/opt/ros/humble /usr/bin/cmake --build /ros2_ws/build/digipot -- -j4 -l4
[0.274s] -- Found ament_cmake: 1.3.5 (/opt/ros/humble/share/ament_cmake/cmake)
[0.817s] -- Override CMake install command with custom implementation using symlinks instead of copying resources
[0.850s] -- Found rclcpp: 16.0.6 (/opt/ros/humble/share/rclcpp/cmake)
[1.035s] -- Found rosidl_generator_c: 3.1.5 (/opt/ros/humble/share/rosidl_generator_c/cmake)
[1.061s] -- Found rosidl_adapter: 3.1.5 (/opt/ros/humble/share/rosidl_adapter/cmake)
[1.101s] -- Found rosidl_generator_cpp: 3.1.5 (/opt/ros/humble/share/rosidl_generator_cpp/cmake)
[1.166s] -- Using all available rosidl_typesupport_c: rosidl_typesupport_fastrtps_c;rosidl_typesupport_introspection_c
[1.258s] -- Using all available rosidl_typesupport_cpp: rosidl_typesupport_fastrtps_cpp;rosidl_typesupport_introspection_cpp
[1.584s] -- Found rmw_implementation_cmake: 6.1.1 (/opt/ros/humble/share/rmw_implementation_cmake/cmake)
[1.598s] -- Found rmw_fastrtps_cpp: 6.2.4 (/opt/ros/humble/share/rmw_fastrtps_cpp/cmake)
[1.919s] -- Found OpenSSL: /usr/lib/aarch64-linux-gnu/libcrypto.so (found version "3.0.2")  
[1.986s] -- Found FastRTPS: /opt/ros/humble/include  
[2.130s] -- Using RMW implementation 'rmw_fastrtps_cpp' as default
[2.177s] -- Looking for pthread.h
[2.398s] -- Looking for pthread.h - found
[2.399s] -- Performing Test CMAKE_HAVE_LIBC_PTHREAD
[2.633s] -- Performing Test CMAKE_HAVE_LIBC_PTHREAD - Success
[2.640s] -- Found Threads: TRUE  
[3.375s] -- Found ament_lint_auto: 0.12.8 (/opt/ros/humble/share/ament_lint_auto/cmake)
[3.673s] -- Added test 'cppcheck' to perform static code analysis on C / C++ code
[3.674s] -- Configured cppcheck include dirs: $<BUILD_INTERFACE:/ros2_ws/src/digipot/include>
[3.674s] -- Configured cppcheck exclude dirs and/or files: 
[3.677s] -- Added test 'lint_cmake' to check CMake code style
[3.679s] -- Added test 'uncrustify' to check C / C++ code style
[3.680s] -- Configured uncrustify additional arguments: 
[3.681s] -- Added test 'xmllint' to check XML markup files
[3.684s] -- Configuring done
[3.707s] -- Generating done
[3.712s] -- Build files have been written to: /ros2_ws/build/digipot
[3.807s] [ 50%] [32mBuilding CXX object CMakeFiles/digipot.dir/src/node.cpp.o[0m
[3.840s] [01m[K/ros2_ws/src/digipot/src/node.cpp:1:10:[m[K [01;31m[Kfatal error: [m[Krclcpp/rclcpp.hpp: No such file or directory
[3.841s]     1 | #include [01;31m[K"rclcpp/rclcpp.hpp"[m[K
[3.842s]       |          [01;31m[K^~~~~~~~~~~~~~~~~~~[m[K
[3.843s] compilation terminated.
[3.847s] gmake[2]: *** [CMakeFiles/digipot.dir/build.make:76: CMakeFiles/digipot.dir/src/node.cpp.o] Error 1
[3.848s] gmake[1]: *** [CMakeFiles/Makefile2:137: CMakeFiles/digipot.dir/all] Error 2
[3.848s] gmake: *** [Makefile:146: all] Error 2
[3.852s] Invoked command in '/ros2_ws/build/digipot' returned '2': CMAKE_PREFIX_PATH=${CMAKE_PREFIX_PATH}:/ros2_ws/install/ws_server:/ros2_ws/install/vision:/ros2_ws/install/rtcbot_adapter:/ros2_ws/install/motion_control:/opt/ros/humble /usr/bin/cmake --build /ros2_ws/build/digipot -- -j4 -l4
