[0.295s] Invoking command in '/ros2_ws/build/digipot': CMAKE_PREFIX_PATH=${CMAKE_PREFIX_PATH}:/ros2_ws/install/ws_server:/ros2_ws/install/vision:/ros2_ws/install/rtcbot_adapter:/ros2_ws/install/motion_control:/opt/ros/humble /usr/bin/cmake --build /ros2_ws/build/digipot -- -j4 -l4
[0.441s] [35m[1mConsolidate compiler generated dependencies of target digipot[0m
[0.513s] [ 33%] [32mBuilding CXX object CMakeFiles/digipot.dir/src/digipot.cpp.o[0m
[51.948s] [ 66%] [32m[1mLinking CXX executable digipot[0m
[54.828s] [100%] Built target digipot
[54.867s] Invoked command in '/ros2_ws/build/digipot' returned '0': CMAKE_PREFIX_PATH=${CMAKE_PREFIX_PATH}:/ros2_ws/install/ws_server:/ros2_ws/install/vision:/ros2_ws/install/rtcbot_adapter:/ros2_ws/install/motion_control:/opt/ros/humble /usr/bin/cmake --build /ros2_ws/build/digipot -- -j4 -l4
[54.983s] Invoking command in '/ros2_ws/build/digipot': CMAKE_PREFIX_PATH=${CMAKE_PREFIX_PATH}:/ros2_ws/install/ws_server:/ros2_ws/install/vision:/ros2_ws/install/rtcbot_adapter:/ros2_ws/install/motion_control:/opt/ros/humble /usr/bin/cmake --install /ros2_ws/build/digipot
[55.010s] -- Install configuration: ""
[55.012s] -- Execute custom install script
[55.015s] -- Up-to-date symlink: /ros2_ws/install/digipot/lib/digipot/digipot
[55.017s] -- Up-to-date symlink: /ros2_ws/install/digipot/share/ament_index/resource_index/package_run_dependencies/digipot
[55.017s] -- Up-to-date symlink: /ros2_ws/install/digipot/share/ament_index/resource_index/parent_prefix_path/digipot
[55.018s] -- Up-to-date symlink: /ros2_ws/install/digipot/share/digipot/environment/ament_prefix_path.sh
[55.019s] -- Up-to-date symlink: /ros2_ws/install/digipot/share/digipot/environment/ament_prefix_path.dsv
[55.020s] -- Up-to-date symlink: /ros2_ws/install/digipot/share/digipot/environment/path.sh
[55.021s] -- Up-to-date symlink: /ros2_ws/install/digipot/share/digipot/environment/path.dsv
[55.022s] -- Up-to-date symlink: /ros2_ws/install/digipot/share/digipot/local_setup.bash
[55.024s] -- Up-to-date symlink: /ros2_ws/install/digipot/share/digipot/local_setup.sh
[55.025s] -- Up-to-date symlink: /ros2_ws/install/digipot/share/digipot/local_setup.zsh
[55.026s] -- Up-to-date symlink: /ros2_ws/install/digipot/share/digipot/local_setup.dsv
[55.028s] -- Symlinking: /ros2_ws/install/digipot/share/digipot/package.dsv
[55.063s] -- Up-to-date symlink: /ros2_ws/install/digipot/share/ament_index/resource_index/packages/digipot
[55.063s] -- Up-to-date symlink: /ros2_ws/install/digipot/share/digipot/cmake/digipotConfig.cmake
[55.065s] -- Up-to-date symlink: /ros2_ws/install/digipot/share/digipot/cmake/digipotConfig-version.cmake
[55.067s] -- Up-to-date symlink: /ros2_ws/install/digipot/share/digipot/package.xml
[55.073s] Invoked command in '/ros2_ws/build/digipot' returned '0': CMAKE_PREFIX_PATH=${CMAKE_PREFIX_PATH}:/ros2_ws/install/ws_server:/ros2_ws/install/vision:/ros2_ws/install/rtcbot_adapter:/ros2_ws/install/motion_control:/opt/ros/humble /usr/bin/cmake --install /ros2_ws/build/digipot
